2025-05-29 10:35:58,658 [INFO] Activator:176 - 


2025-05-29 10:35:58,658 [INFO] Activator:177 - !SESSION log4j initialized
2025-05-29 10:36:04,115 [INFO] LogOutputStream:77 - [STDOUT_REDIRECT] 
2025-05-29 10:36:07,487 [INFO] ApplicationProperties:184 - Using Application install path: C:\ST\STM32CubeIDE_1.18.0\STM32CubeIDE\plugins\com.st.stm32cube.common.mx_6.14.0.202502271554
2025-05-29 10:36:07,506 [INFO] DbMcusXml:78 - Set database path to: C:\ST\STM32CubeIDE_1.18.0\STM32CubeIDE\plugins\com.st.stm32cube.common.mx_6.14.0.202502271554\\db\/mcu/
2025-05-29 10:36:07,506 [INFO] ApiDb:274 - Set plugin database path to: C:\ST\STM32CubeIDE_1.18.0\STM32CubeIDE\plugins\com.st.stm32cube.common.mx_6.14.0.202502271554\\db\/plugins/boardmanager/
2025-05-29 10:36:07,507 [WARN] ApiDb:259 - Overriding images path with different value:  => C:\ST\STM32CubeIDE_1.18.0\STM32CubeIDE\plugins\com.st.stm32cube.common.mx_6.14.0.202502271554\\db\/plugins/mcufinder/images/
2025-05-29 10:36:07,514 [INFO] ApiDb:250 - Set database path to: C:\Users\Admin\.stmcufinder\plugins\mcufinder//mcu/
2025-05-29 10:36:07,515 [INFO] DbMcusAds:125 - Set database path to: C:\Users\Admin\.stmcufinder\plugins\mcufinder//mcu/
2025-05-29 10:36:07,518 [INFO] CrossReferenceDbSqlite:203 - Set database path to: C:\Users\Admin\.stmcufinder\plugins\mcufinder//mcu/cs/
2025-05-29 10:36:07,632 [INFO] RulesReader:64 - Compatibility file has been processed (301 Rules)
2025-05-29 10:36:07,714 [INFO] DbMcusXml:78 - Set database path to: C:\ST\STM32CubeIDE_1.18.0\STM32CubeIDE\plugins\com.st.stm32cube.common.mx_6.14.0.202502271554\\db\/mcu/
2025-05-29 10:36:07,714 [INFO] ApiDb:274 - Set plugin database path to: C:\ST\STM32CubeIDE_1.18.0\STM32CubeIDE\plugins\com.st.stm32cube.common.mx_6.14.0.202502271554\\db\/plugins/boardmanager/
2025-05-29 10:36:07,715 [INFO] ApiDb:261 - Set plugin images path to: C:\ST\STM32CubeIDE_1.18.0\STM32CubeIDE\plugins\com.st.stm32cube.common.mx_6.14.0.202502271554\\db\/plugins/mcufinder/images/
2025-05-29 10:36:07,715 [WARN] DbFile:41 - Overriding database path with different value: C:\Users\Admin\.stmcufinder\plugins\mcufinder/ => C:\Users\Admin\.stmcufinder\plugins\mcufinder
2025-05-29 10:36:07,715 [INFO] ApiDb:250 - Set database path to: C:\Users\Admin\.stmcufinder\plugins\mcufinder//mcu/
2025-05-29 10:36:07,715 [WARN] DbFile:41 - Overriding database path with different value: C:\Users\Admin\.stmcufinder\plugins\mcufinder/ => C:\Users\Admin\.stmcufinder\plugins\mcufinder
2025-05-29 10:36:07,715 [INFO] DbMcusAds:125 - Set database path to: C:\Users\Admin\.stmcufinder\plugins\mcufinder//mcu/
2025-05-29 10:36:07,715 [WARN] DbFile:41 - Overriding database path with different value: C:\Users\Admin\.stmcufinder\plugins\mcufinder/ => C:\Users\Admin\.stmcufinder\plugins\mcufinder
2025-05-29 10:36:07,715 [WARN] DbFile:41 - Overriding database path with different value: C:\Users\Admin\.stmcufinder\plugins\mcufinder/ => C:\Users\Admin\.stmcufinder\plugins\mcufinder
2025-05-29 10:36:07,715 [INFO] CrossReferenceDbSqlite:203 - Set database path to: C:\Users\Admin\.stmcufinder\plugins\mcufinder//mcu/cs/
2025-05-29 10:36:07,793 [INFO] MainPanel:272 - HeapMemory: 268435456
2025-05-29 10:36:07,901 [INFO] DbMcusXml:78 - Set database path to: C:\ST\STM32CubeIDE_1.18.0\STM32CubeIDE\plugins\com.st.stm32cube.common.mx_6.14.0.202502271554\\db\/mcu/
2025-05-29 10:36:07,902 [INFO] ApiDb:274 - Set plugin database path to: C:\ST\STM32CubeIDE_1.18.0\STM32CubeIDE\plugins\com.st.stm32cube.common.mx_6.14.0.202502271554\\db\/plugins/boardmanager/
2025-05-29 10:36:07,902 [INFO] ApiDb:261 - Set plugin images path to: C:\ST\STM32CubeIDE_1.18.0\STM32CubeIDE\plugins\com.st.stm32cube.common.mx_6.14.0.202502271554\\db\/plugins/mcufinder/images/
2025-05-29 10:36:07,902 [WARN] DbFile:41 - Overriding database path with different value: C:\Users\Admin\.stmcufinder\plugins\mcufinder/ => C:\Users\Admin\.stmcufinder\plugins\mcufinder
2025-05-29 10:36:07,902 [INFO] ApiDb:250 - Set database path to: C:\Users\Admin\.stmcufinder\plugins\mcufinder//mcu/
2025-05-29 10:36:07,902 [WARN] DbFile:41 - Overriding database path with different value: C:\Users\Admin\.stmcufinder\plugins\mcufinder/ => C:\Users\Admin\.stmcufinder\plugins\mcufinder
2025-05-29 10:36:07,902 [INFO] DbMcusAds:125 - Set database path to: C:\Users\Admin\.stmcufinder\plugins\mcufinder//mcu/
2025-05-29 10:36:07,902 [WARN] DbFile:41 - Overriding database path with different value: C:\Users\Admin\.stmcufinder\plugins\mcufinder/ => C:\Users\Admin\.stmcufinder\plugins\mcufinder
2025-05-29 10:36:07,902 [WARN] DbFile:41 - Overriding database path with different value: C:\Users\Admin\.stmcufinder\plugins\mcufinder/ => C:\Users\Admin\.stmcufinder\plugins\mcufinder
2025-05-29 10:36:07,903 [INFO] CrossReferenceDbSqlite:203 - Set database path to: C:\Users\Admin\.stmcufinder\plugins\mcufinder//mcu/cs/
2025-05-29 10:36:07,919 [INFO] ApplicationProperties:184 - Using Application install path: C:\ST\STM32CubeIDE_1.18.0\STM32CubeIDE\plugins\com.st.stm32cube.common.mx_6.14.0.202502271554
2025-05-29 10:36:07,920 [INFO] PluginManage:196 - Search for loadable plugins [exclusion list=, ]
2025-05-29 10:36:07,921 [INFO] PluginManage:310 - Check plugin analytics
2025-05-29 10:36:08,069 [INFO] AnalyticsPlugin:253 - Accepted Software Licenses: 
2025-05-29 10:36:08,070 [INFO] AnalyticsPlugin:255 - Accepted CMSIS Pack Licenses: 
2025-05-29 10:36:08,070 [INFO] AnalyticsPlugin:257 - Accepted Firmware Licenses: FW.F4.1.28.0
2025-05-29 10:36:08,072 [INFO] PluginManage:359 - Loaded plugin analytics (category:tool,tabindex:-1)
2025-05-29 10:36:08,072 [INFO] PluginManage:310 - Check plugin cadmodel
2025-05-29 10:36:08,089 [INFO] CADModel:105 - Init CAD model plugin
2025-05-29 10:36:08,089 [INFO] PluginManage:359 - Loaded plugin cadmodel (category:power,tabindex:5)
2025-05-29 10:36:08,090 [INFO] PluginManage:310 - Check plugin clock
2025-05-29 10:36:08,109 [INFO] PluginManage:359 - Loaded plugin clock (category:base,tabindex:2)
2025-05-29 10:36:08,109 [INFO] PluginManage:310 - Check plugin ddr
2025-05-29 10:36:08,111 [INFO] PluginManage:359 - Loaded plugin ddr (category:tool,tabindex:6)
2025-05-29 10:36:08,111 [INFO] PluginManage:310 - Check plugin filemanager
2025-05-29 10:36:08,235 [INFO] PluginManage:359 - Loaded plugin filemanager (category:base,tabindex:10)
2025-05-29 10:36:08,235 [INFO] PluginManage:310 - Check plugin ipmanager
2025-05-29 10:36:08,242 [INFO] PluginManage:359 - Loaded plugin ipmanager (category:base,tabindex:5)
2025-05-29 10:36:08,242 [INFO] PluginManage:310 - Check plugin lpbam
2025-05-29 10:36:08,260 [INFO] PluginManage:359 - Loaded plugin lpbam (category:base,tabindex:0)
2025-05-29 10:36:08,260 [INFO] PluginManage:310 - Check plugin memorymap
2025-05-29 10:36:08,285 [INFO] PluginManage:359 - Loaded plugin memorymap (category:base,tabindex:4)
2025-05-29 10:36:08,285 [INFO] PluginManage:310 - Check plugin pinoutandconfiguration
2025-05-29 10:36:08,303 [INFO] PluginManage:359 - Loaded plugin pinoutandconfiguration (category:base,tabindex:1)
2025-05-29 10:36:08,303 [INFO] PluginManage:310 - Check plugin pinoutconfig
2025-05-29 10:36:08,393 [WARN] SupportedApi:132 - Cannot load RTOS API schema: s4s-elt-must-match.1: The content of 'definitions' must match (annotation?, (simpleType | complexType)?, (unique | key | keyref)*)). A problem was found starting at: attribute.
2025-05-29 10:36:08,519 [INFO] PluginManage:359 - Loaded plugin pinoutconfig (category:base,tabindex:0)
2025-05-29 10:36:08,519 [INFO] PluginManage:310 - Check plugin power
2025-05-29 10:36:08,542 [INFO] PluginManage:359 - Loaded plugin power (category:power,tabindex:4)
2025-05-29 10:36:08,542 [INFO] PluginManage:310 - Check plugin projectmanager
2025-05-29 10:36:08,556 [INFO] PluginManage:359 - Loaded plugin projectmanager (category:projectmanager,tabindex:4)
2025-05-29 10:36:08,556 [INFO] PluginManage:310 - Check plugin rif
2025-05-29 10:36:08,575 [INFO] PluginManage:359 - Loaded plugin rif (category:base,tabindex:3)
2025-05-29 10:36:08,575 [INFO] PluginManage:310 - Check plugin thirdparty
2025-05-29 10:36:08,856 [WARN] IntegrityCheckThread:84 - waiting for thirdparty lock release [integrity check]
2025-05-29 10:36:08,856 [INFO] PluginManage:359 - Loaded plugin thirdparty (category:base,tabindex:-1)
2025-05-29 10:36:08,856 [INFO] IntegrityCheckThread:86 - entering critical section [integrity check]
2025-05-29 10:36:08,856 [INFO] PluginManage:310 - Check plugin tools
2025-05-29 10:36:08,856 [INFO] ThirdPartyUpdaterWithRetryManager:70 - Updater plugin not ready yet. [1/15]
2025-05-29 10:36:08,893 [INFO] PluginManage:359 - Loaded plugin tools (category:base,tabindex:7)
2025-05-29 10:36:08,893 [INFO] PluginManage:310 - Check plugin tutovideos
2025-05-29 10:36:09,082 [INFO] PluginManage:359 - Loaded plugin tutovideos (category:base,tabindex:-1)
2025-05-29 10:36:09,082 [INFO] PluginManage:310 - Check plugin updater
2025-05-29 10:36:09,101 [INFO] PluginManage:359 - Loaded plugin updater (category:base,tabindex:12)
2025-05-29 10:36:09,102 [INFO] PluginManage:310 - Check plugin userauth
2025-05-29 10:36:09,105 [INFO] UserAuth:118 - Init User Auth plugin
2025-05-29 10:36:09,106 [INFO] PluginManage:359 - Loaded plugin userauth (category:base,tabindex:14)
2025-05-29 10:36:09,106 [INFO] PluginManage:283 - PluginManage : Loaded plugins [18]
2025-05-29 10:36:09,295 [INFO] PinOutPanel:1589 - setPackage(No Configuration,No Configuration)
2025-05-29 10:36:09,369 [INFO] CADModel:165 - CPN selected for project level
2025-05-29 10:36:09,370 [INFO] CADModel:114 - Register for checkConnection events
2025-05-29 10:36:09,397 [INFO] IPUIPlugin:80 - create IPUIPlugin
2025-05-29 10:36:09,397 [INFO] PluginManager:220 - loadIPPluginJar : add adc
2025-05-29 10:36:09,439 [INFO] IPUIPlugin:80 - create IPUIPlugin
2025-05-29 10:36:09,439 [INFO] PluginManager:220 - loadIPPluginJar : add aes
2025-05-29 10:36:09,486 [INFO] IPUIPlugin:80 - create IPUIPlugin
2025-05-29 10:36:09,486 [INFO] PluginManager:220 - loadIPPluginJar : add can
2025-05-29 10:36:09,515 [INFO] IPUIPlugin:80 - create IPUIPlugin
2025-05-29 10:36:09,515 [INFO] PluginManager:220 - loadIPPluginJar : add comp
2025-05-29 10:36:09,550 [INFO] IPUIPlugin:80 - create IPUIPlugin
2025-05-29 10:36:09,550 [INFO] PluginManager:220 - loadIPPluginJar : add cryp
2025-05-29 10:36:09,563 [INFO] IPUIPlugin:80 - create IPUIPlugin
2025-05-29 10:36:09,563 [INFO] PluginManager:220 - loadIPPluginJar : add ddr_ctrl_phy
2025-05-29 10:36:09,594 [INFO] IPUIPlugin:80 - create IPUIPlugin
2025-05-29 10:36:09,594 [INFO] PluginManager:220 - loadIPPluginJar : add dfsdm
2025-05-29 10:36:09,608 [INFO] IPUIPlugin:80 - create IPUIPlugin
2025-05-29 10:36:09,608 [INFO] PluginManager:220 - loadIPPluginJar : add dma
2025-05-29 10:36:09,647 [INFO] IPUIPlugin:80 - create IPUIPlugin
2025-05-29 10:36:09,648 [INFO] PluginManager:220 - loadIPPluginJar : add dma3
2025-05-29 10:36:09,691 [INFO] IPUIPlugin:80 - create IPUIPlugin
2025-05-29 10:36:09,691 [INFO] PluginManager:220 - loadIPPluginJar : add extmemmanager
2025-05-29 10:36:09,712 [INFO] IPUIPlugin:80 - create IPUIPlugin
2025-05-29 10:36:09,712 [INFO] PluginManager:220 - loadIPPluginJar : add fatfs
2025-05-29 10:36:09,759 [INFO] IPUIPlugin:80 - create IPUIPlugin
2025-05-29 10:36:09,760 [INFO] PluginManager:220 - loadIPPluginJar : add fmc
2025-05-29 10:36:09,776 [INFO] IPUIPlugin:80 - create IPUIPlugin
2025-05-29 10:36:09,776 [INFO] PluginManager:220 - loadIPPluginJar : add freertos
2025-05-29 10:36:09,800 [INFO] IPUIPlugin:80 - create IPUIPlugin
2025-05-29 10:36:09,800 [INFO] PluginManager:220 - loadIPPluginJar : add genericplugin
2025-05-29 10:36:09,893 [INFO] IPUIPlugin:80 - create IPUIPlugin
2025-05-29 10:36:09,893 [INFO] PluginManager:220 - loadIPPluginJar : add gfxmmu
2025-05-29 10:36:10,024 [INFO] IPUIPlugin:80 - create IPUIPlugin
2025-05-29 10:36:10,024 [INFO] PluginManager:220 - loadIPPluginJar : add gic
2025-05-29 10:36:10,039 [INFO] IPUIPlugin:80 - create IPUIPlugin
2025-05-29 10:36:10,039 [INFO] PluginManager:220 - loadIPPluginJar : add gpio
2025-05-29 10:36:10,133 [INFO] IPUIPlugin:80 - create IPUIPlugin
2025-05-29 10:36:10,133 [INFO] PluginManager:220 - loadIPPluginJar : add gtzc
2025-05-29 10:36:10,166 [INFO] IPUIPlugin:80 - create IPUIPlugin
2025-05-29 10:36:10,166 [INFO] PluginManager:220 - loadIPPluginJar : add hash
2025-05-29 10:36:10,218 [INFO] IPUIPlugin:80 - create IPUIPlugin
2025-05-29 10:36:10,218 [INFO] PluginManager:220 - loadIPPluginJar : add i2c
2025-05-29 10:36:10,258 [INFO] IPUIPlugin:80 - create IPUIPlugin
2025-05-29 10:36:10,259 [INFO] PluginManager:220 - loadIPPluginJar : add i2s
2025-05-29 10:36:10,302 [INFO] IPUIPlugin:80 - create IPUIPlugin
2025-05-29 10:36:10,302 [INFO] PluginManager:220 - loadIPPluginJar : add i3c
2025-05-29 10:36:10,403 [INFO] IPUIPlugin:80 - create IPUIPlugin
2025-05-29 10:36:10,403 [INFO] PluginManager:220 - loadIPPluginJar : add ipddr
2025-05-29 10:36:10,497 [INFO] IPUIPlugin:80 - create IPUIPlugin
2025-05-29 10:36:10,497 [INFO] PluginManager:220 - loadIPPluginJar : add linkedlist
2025-05-29 10:36:10,534 [INFO] IPUIPlugin:80 - create IPUIPlugin
2025-05-29 10:36:10,534 [INFO] PluginManager:220 - loadIPPluginJar : add lorawan
2025-05-29 10:36:10,574 [INFO] IPUIPlugin:80 - create IPUIPlugin
2025-05-29 10:36:10,574 [INFO] PluginManager:220 - loadIPPluginJar : add ltdc
2025-05-29 10:36:10,588 [INFO] IPUIPlugin:80 - create IPUIPlugin
2025-05-29 10:36:10,589 [INFO] PluginManager:220 - loadIPPluginJar : add mdma
2025-05-29 10:36:10,601 [INFO] IPUIPlugin:80 - create IPUIPlugin
2025-05-29 10:36:10,601 [INFO] PluginManager:220 - loadIPPluginJar : add nvic
2025-05-29 10:36:10,638 [INFO] IPUIPlugin:80 - create IPUIPlugin
2025-05-29 10:36:10,638 [INFO] PluginManager:220 - loadIPPluginJar : add opamp
2025-05-29 10:36:10,700 [INFO] IPUIPlugin:80 - create IPUIPlugin
2025-05-29 10:36:10,700 [INFO] PluginManager:220 - loadIPPluginJar : add openamp
2025-05-29 10:36:10,743 [INFO] IPUIPlugin:80 - create IPUIPlugin
2025-05-29 10:36:10,744 [INFO] PluginManager:220 - loadIPPluginJar : add pdm2pcm
2025-05-29 10:36:10,757 [INFO] IPUIPlugin:80 - create IPUIPlugin
2025-05-29 10:36:10,759 [INFO] PluginManager:220 - loadIPPluginJar : add plateformsettings
2025-05-29 10:36:10,783 [INFO] IPUIPlugin:80 - create IPUIPlugin
2025-05-29 10:36:10,783 [INFO] PluginManager:220 - loadIPPluginJar : add quadspi
2025-05-29 10:36:10,810 [INFO] IPUIPlugin:80 - create IPUIPlugin
2025-05-29 10:36:10,810 [INFO] PluginManager:220 - loadIPPluginJar : add radio
2025-05-29 10:36:10,824 [INFO] IPUIPlugin:80 - create IPUIPlugin
2025-05-29 10:36:10,824 [INFO] PluginManager:220 - loadIPPluginJar : add resmgrutility
2025-05-29 10:36:10,870 [INFO] IPUIPlugin:80 - create IPUIPlugin
2025-05-29 10:36:10,870 [INFO] PluginManager:220 - loadIPPluginJar : add sai
2025-05-29 10:36:10,908 [INFO] IPUIPlugin:80 - create IPUIPlugin
2025-05-29 10:36:10,908 [INFO] PluginManager:220 - loadIPPluginJar : add spi
2025-05-29 10:36:10,986 [INFO] IPUIPlugin:80 - create IPUIPlugin
2025-05-29 10:36:10,986 [INFO] PluginManager:220 - loadIPPluginJar : add stm32_wpan
2025-05-29 10:36:11,011 [INFO] IPUIPlugin:80 - create IPUIPlugin
2025-05-29 10:36:11,011 [INFO] PluginManager:220 - loadIPPluginJar : add tim
2025-05-29 10:36:11,071 [INFO] IPUIPlugin:80 - create IPUIPlugin
2025-05-29 10:36:11,071 [INFO] PluginManager:220 - loadIPPluginJar : add touchsensing
2025-05-29 10:36:11,094 [INFO] IPUIPlugin:80 - create IPUIPlugin
2025-05-29 10:36:11,094 [INFO] PluginManager:220 - loadIPPluginJar : add tracer_emb
2025-05-29 10:36:11,119 [INFO] IPUIPlugin:80 - create IPUIPlugin
2025-05-29 10:36:11,120 [INFO] PluginManager:220 - loadIPPluginJar : add ts
2025-05-29 10:36:11,144 [INFO] IPUIPlugin:80 - create IPUIPlugin
2025-05-29 10:36:11,144 [INFO] PluginManager:220 - loadIPPluginJar : add tsc
2025-05-29 10:36:11,167 [INFO] IPUIPlugin:80 - create IPUIPlugin
2025-05-29 10:36:11,167 [INFO] PluginManager:220 - loadIPPluginJar : add ucpd
2025-05-29 10:36:11,210 [INFO] IPUIPlugin:80 - create IPUIPlugin
2025-05-29 10:36:11,210 [INFO] PluginManager:220 - loadIPPluginJar : add usart
2025-05-29 10:36:11,254 [INFO] IPUIPlugin:80 - create IPUIPlugin
2025-05-29 10:36:11,254 [INFO] PluginManager:220 - loadIPPluginJar : add usbx
2025-05-29 10:36:11,377 [FATAL] Updater:351 - Updater called before beeing initialized
2025-05-29 10:36:11,417 [INFO] RulesReader:64 - Compatibility file has been processed (301 Rules)
2025-05-29 10:36:11,427 [INFO] RulesReader:64 - Compatibility file has been processed (301 Rules)
2025-05-29 10:36:11,434 [INFO] CADModel:165 - CPN selected for project level
2025-05-29 10:36:11,434 [INFO] CADModel:114 - Register for checkConnection events
2025-05-29 10:36:11,434 [FATAL] Updater:351 - Updater called before beeing initialized
2025-05-29 10:36:11,434 [ERROR] CADModel:125 - Updater not yet initialized, retry later 
2025-05-29 10:36:11,563 [FATAL] Updater:351 - Updater called before beeing initialized
2025-05-29 10:36:11,565 [INFO] CADModel:165 - CPN selected for project level
2025-05-29 10:36:11,565 [INFO] CADModel:114 - Register for checkConnection events
2025-05-29 10:36:11,565 [FATAL] Updater:351 - Updater called before beeing initialized
2025-05-29 10:36:11,565 [ERROR] CADModel:125 - Updater not yet initialized, retry later 
2025-05-29 10:36:11,568 [FATAL] Updater:351 - Updater called before beeing initialized
2025-05-29 10:36:11,671 [FATAL] Updater:351 - Updater called before beeing initialized
2025-05-29 10:36:11,680 [INFO] DbMcusAds:53 - JSON generation date=Wed May 07 14:37:55 IST 2025 (1746608875638)
2025-05-29 10:36:11,681 [FATAL] Updater:351 - Updater called before beeing initialized
2025-05-29 10:36:11,718 [WARN] DetailPanel:346 - Failed to get advertising image, set to default
2025-05-29 10:36:11,859 [INFO] ThirdPartyUpdaterWithRetryManager:70 - Updater plugin not ready yet. [2/15]
2025-05-29 10:36:11,957 [FATAL] Updater:351 - Updater called before beeing initialized
2025-05-29 10:36:11,959 [FATAL] Updater:351 - Updater called before beeing initialized
2025-05-29 10:36:11,959 [FATAL] Updater:351 - Updater called before beeing initialized
2025-05-29 10:36:11,959 [WARN] DetailPanel:346 - Failed to get advertising image, set to default
2025-05-29 10:36:11,960 [FATAL] Updater:351 - Updater called before beeing initialized
2025-05-29 10:36:12,016 [ERROR] Updater:1198 - MainUpdater not yet initialized. External WinMGr cannot be set.
2025-05-29 10:36:12,026 [INFO] Updater:1134 - Updater Version found : 6.14.0
2025-05-29 10:36:12,047 [INFO] ApplicationProperties:184 - Using Application install path: C:\ST\STM32CubeIDE_1.18.0\STM32CubeIDE\plugins\com.st.stm32cube.common.mx_6.14.0.202502271554
2025-05-29 10:36:13,626 [ERROR] LogOutputStream:75 - [STDERR_REDIRECT] May 29, 2025 10:36:13 AM java.util.prefs.WindowsPreferences <init>
2025-05-29 10:36:13,627 [ERROR] LogOutputStream:75 - [STDERR_REDIRECT] WARNING: Could not open/create prefs root node Software\JavaSoft\Prefs at root 0xffffffff80000002. Windows RegCreateKeyEx(...) returned error code 5.
2025-05-29 10:36:13,627 [ERROR] LogOutputStream:75 - [STDERR_REDIRECT] 
2025-05-29 10:36:13,886 [INFO] MainUpdater:2872 - connection check result : 10
2025-05-29 10:36:13,887 [INFO] MainUpdater:289 - Updater Check For Update Now.
2025-05-29 10:36:13,887 [INFO] MicroXplorer:498 - Change Database Version : DB.6.0.140
2025-05-29 10:36:13,906 [INFO] McuFinderGlobals:63 - Set McuFinder mode to 2 (CubeIDE integrated)
2025-05-29 10:36:13,906 [INFO] UserAuth:171 - activating auth plugin
2025-05-29 10:36:13,909 [INFO] UserAuth:486 - Internet connection configuration mode: 1
2025-05-29 10:36:13,948 [INFO] JxBrowserEngine:152 - Initiate JxBrowser Engine with user profile folder
2025-05-29 10:36:14,098 [INFO] CheckServerUpdateThread:120 - End of CheckServer Thread
2025-05-29 10:36:15,137 [WARN] PackLoader:240 - Cannot read IP mode file for STMicroelectronics.FP-SNS-MOTENVWB1.1.4.0
2025-05-29 10:36:15,170 [WARN] PackLoader:240 - Cannot read IP mode file for STMicroelectronics.X-CUBE-SMBUS.2.1.0
2025-05-29 10:36:15,192 [WARN] PackLoader:240 - Cannot read IP mode file for STMicroelectronics.X-CUBE-ST60.1.0.0
2025-05-29 10:36:15,250 [WARN] PackLoader:240 - Cannot read IP mode file for STMicroelectronics.X-CUBE-AZRTOS-F7.1.1.0
2025-05-29 10:36:15,296 [WARN] PackLoader:240 - Cannot read IP mode file for Infineon.AIROC-Wi-Fi-Bluetooth-STM32.1.7.0
2025-05-29 10:36:15,322 [WARN] PackLoader:240 - Cannot read IP mode file for STMicroelectronics.X-CUBE-DISPLAY.3.0.0
2025-05-29 10:36:15,346 [WARN] PackLoader:240 - Cannot read IP mode file for STMicroelectronics.X-CUBE-NFC10.1.0.0
2025-05-29 10:36:15,373 [WARN] PackLoader:240 - Cannot read IP mode file for STMicroelectronics.X-CUBE-BLEMGR.4.0.0
2025-05-29 10:36:15,394 [WARN] PackLoader:240 - Cannot read IP mode file for emotas.I-CUBE-CANOPEN.1.3.0
2025-05-29 10:36:15,412 [WARN] ConditionMgr:438 - getConditionDescription Invalid condition id : Cortex-A Device cause : null
2025-05-29 10:36:15,413 [INFO] WebApp:169 - Instantiating new browser for Auth
2025-05-29 10:36:15,443 [WARN] ConditionMgr:1044 - genDependencies : Invalid condition id : Cortex-A Device cause : null
2025-05-29 10:36:15,443 [WARN] ConditionMgr:1044 - genDependencies : Invalid condition id : Cortex-A Device cause : null
2025-05-29 10:36:15,443 [WARN] ConditionMgr:1044 - genDependencies : Invalid condition id : Cortex-A Device cause : null
2025-05-29 10:36:15,468 [WARN] PackLoader:240 - Cannot read IP mode file for STMicroelectronics.X-CUBE-AI.10.0.0
2025-05-29 10:36:15,496 [WARN] PackLoader:240 - Cannot read IP mode file for STMicroelectronics.FP-SNS-SMARTAG2.1.2.0
2025-05-29 10:36:15,530 [INFO] LogOutputStream:77 - [STDOUT_REDIRECT] 1 : Invalid condition id : UX_CORESTACK_Condition cause : null
2025-05-29 10:36:15,531 [INFO] LogOutputStream:77 - [STDOUT_REDIRECT] 1 : Invalid condition id : UX_CORESTACK_Condition cause : null
2025-05-29 10:36:15,532 [INFO] LogOutputStream:77 - [STDOUT_REDIRECT] 1 : Invalid condition id : UX_CORESTACK_Condition cause : null
2025-05-29 10:36:15,534 [INFO] LogOutputStream:77 - [STDOUT_REDIRECT] 1 : Invalid condition id : UX_CORESTACK_Condition cause : null
2025-05-29 10:36:15,536 [INFO] LogOutputStream:77 - [STDOUT_REDIRECT] 1 : Invalid condition id : UX_CORESTACK_Condition cause : null
2025-05-29 10:36:15,539 [WARN] PackLoader:240 - Cannot read IP mode file for STMicroelectronics.X-CUBE-AZRTOS-WL.2.0.0
2025-05-29 10:36:15,561 [WARN] PackLoader:240 - Cannot read IP mode file for STMicroelectronics.FP-SNS-MOTENV1.5.0.0
2025-05-29 10:36:15,586 [WARN] PackLoader:240 - Cannot read IP mode file for WES.I-CUBE-Cesium.1.3.0
2025-05-29 10:36:15,612 [WARN] PackLoader:240 - Cannot read IP mode file for STMicroelectronics.X-CUBE-BLE2.3.3.0
2025-05-29 10:36:15,634 [WARN] PackLoader:240 - Cannot read IP mode file for STMicroelectronics.X-CUBE-NFC9.1.0.0
2025-05-29 10:36:15,656 [WARN] PackLoader:240 - Cannot read IP mode file for wolfSSL.I-CUBE-wolfSSL.5.8.0
2025-05-29 10:36:15,670 [WARN] PackLoader:240 - Cannot read IP mode file for wolfSSL.I-CUBE-wolfMQTT.1.19.2
2025-05-29 10:36:15,702 [WARN] PackLoader:240 - Cannot read IP mode file for STMicroelectronics.X-CUBE-AZRTOS-G0.1.1.0
2025-05-29 10:36:15,720 [WARN] PackLoader:240 - Cannot read IP mode file for STMicroelectronics.X-CUBE-SAFEA1.1.2.2
2025-05-29 10:36:15,737 [WARN] PackLoader:240 - Cannot read IP mode file for STMicroelectronics.X-CUBE-NFC4.3.0.0
2025-05-29 10:36:15,762 [WARN] PackLoader:240 - Cannot read IP mode file for EmbeddedOffice.I-CUBE-FS-RTOS.1.0.1
2025-05-29 10:36:15,779 [WARN] PackLoader:240 - Cannot read IP mode file for STMicroelectronics.X-CUBE-WB05N.2.0.0
2025-05-29 10:36:15,796 [WARN] PackLoader:240 - Cannot read IP mode file for wolfSSL.I-CUBE-wolfTPM.3.8.0
2025-05-29 10:36:15,815 [WARN] PackLoader:240 - Cannot read IP mode file for STMicroelectronics.X-CUBE-TCPP.4.2.0
2025-05-29 10:36:15,836 [WARN] PackLoader:240 - Cannot read IP mode file for RealThread.X-CUBE-RT-Thread_Nano.4.1.1
2025-05-29 10:36:15,854 [WARN] PackLoader:240 - Cannot read IP mode file for STMicroelectronics.FP-ATR-SIGFOX1.3.2.0
2025-05-29 10:36:15,870 [WARN] PackLoader:240 - Cannot read IP mode file for STMicroelectronics.X-CUBE-EEPRMA1.5.1.0
2025-05-29 10:36:15,891 [WARN] PackLoader:240 - Cannot read IP mode file for ITTIA_DB.I-CUBE-ITTIADB.8.9.0
2025-05-29 10:36:15,939 [WARN] PackLoader:240 - Cannot read IP mode file for SEGGER.I-CUBE-embOS.1.3.1
2025-05-29 10:36:15,995 [WARN] PackLoader:240 - Cannot read IP mode file for STMicroelectronics.X-CUBE-ALGOBUILD.1.4.0
2025-05-29 10:36:16,033 [WARN] PackLoader:240 - Cannot read IP mode file for STMicroelectronics.X-CUBE-AZRTOS-F4.1.1.0
2025-05-29 10:36:16,052 [WARN] PackLoader:240 - Cannot read IP mode file for STMicroelectronics.X-CUBE-ISPU.2.1.0
2025-05-29 10:36:16,090 [WARN] PackLoader:240 - Cannot read IP mode file for STMicroelectronics.X-CUBE-AZRTOS-L5.2.0.0
2025-05-29 10:36:16,113 [WARN] PackLoader:240 - Cannot read IP mode file for STMicroelectronics.X-CUBE-NFC6.3.1.0
2025-05-29 10:36:16,158 [WARN] ConditionMgr:438 - getConditionDescription Invalid condition id : LAN8742 Phy interface Condition cause : null
2025-05-29 10:36:16,159 [WARN] PackLoader:240 - Cannot read IP mode file for STMicroelectronics.X-CUBE-AZRTOS-L4.2.0.0
2025-05-29 10:36:16,160 [WARN] ConditionMgr:1044 - genDependencies : Invalid condition id : LAN8742 Phy interface Condition cause : null
2025-05-29 10:36:16,160 [WARN] ConditionMgr:1044 - genDependencies : Invalid condition id : LAN8742 Phy interface Condition cause : null
2025-05-29 10:36:16,161 [WARN] ConditionMgr:1044 - genDependencies : Invalid condition id : LAN8742 Phy interface Condition cause : null
2025-05-29 10:36:16,183 [WARN] PackLoader:240 - Cannot read IP mode file for STMicroelectronics.X-CUBE-SFXS2LP1.4.0.0
2025-05-29 10:36:16,229 [WARN] PackLoader:240 - Cannot read IP mode file for STMicroelectronics.X-CUBE-AZRTOS-H7.3.3.0
2025-05-29 10:36:16,281 [WARN] ConditionMgr:438 - getConditionDescription Invalid condition id : UX DEVICE CLASS RTOS Condition cause : null
2025-05-29 10:36:16,281 [WARN] ConditionMgr:438 - getConditionDescription Invalid condition id : UX DEVICE CLASS RTOS Condition cause : null
2025-05-29 10:36:16,284 [WARN] PackLoader:240 - Cannot read IP mode file for STMicroelectronics.X-CUBE-AZRTOS-WB.2.0.0
2025-05-29 10:36:16,284 [WARN] ConditionMgr:1044 - genDependencies : Invalid condition id : UX DEVICE CLASS RTOS Condition cause : null
2025-05-29 10:36:16,285 [WARN] ConditionMgr:1044 - genDependencies : Invalid condition id : UX DEVICE CLASS RTOS Condition cause : null
2025-05-29 10:36:16,285 [WARN] ConditionMgr:1044 - genDependencies : Invalid condition id : UX DEVICE CLASS RTOS Condition cause : null
2025-05-29 10:36:16,285 [WARN] ConditionMgr:1044 - genDependencies : Invalid condition id : UX DEVICE CLASS RTOS Condition cause : null
2025-05-29 10:36:16,285 [WARN] ConditionMgr:1044 - genDependencies : Invalid condition id : UX DEVICE CLASS RTOS Condition cause : null
2025-05-29 10:36:16,305 [WARN] PackLoader:240 - Cannot read IP mode file for STMicroelectronics.X-CUBE-GNSS1.7.0.1
2025-05-29 10:36:16,326 [WARN] PackLoader:240 - Cannot read IP mode file for STMicroelectronics.FP-SNS-STBOX1.2.0.0
2025-05-29 10:36:16,357 [WARN] PackLoader:240 - Cannot read IP mode file for STMicroelectronics.X-CUBE-SUBG2.5.0.0
2025-05-29 10:36:16,412 [WARN] PackLoader:240 - Cannot read IP mode file for STMicroelectronics.X-CUBE-AZRTOS-H7RS.1.1.0
2025-05-29 10:36:16,434 [WARN] PackLoader:240 - Cannot read IP mode file for Cesanta.I-CUBE-Mongoose.7.13.0
2025-05-29 10:36:16,475 [WARN] PackLoader:240 - Cannot read IP mode file for STMicroelectronics.X-CUBE-AZRTOS-G4.2.0.0
2025-05-29 10:36:16,501 [WARN] PackLoader:240 - Cannot read IP mode file for wolfSSL.I-CUBE-wolfSSH.1.4.20
2025-05-29 10:36:16,526 [INFO] WebApp:463 - Apply proxy settings
2025-05-29 10:36:16,527 [INFO] WebApp:548 - Chromium requires no authentication
2025-05-29 10:36:16,532 [WARN] PackLoader:240 - Cannot read IP mode file for STMicroelectronics.X-CUBE-IPS.3.1.0
2025-05-29 10:36:16,543 [INFO] WebApp:491 - Direct internet connection detected
2025-05-29 10:36:16,555 [WARN] PackLoader:240 - Cannot read IP mode file for STMicroelectronics.X-CUBE-ALS.1.0.2
2025-05-29 10:36:16,573 [WARN] PackLoader:240 - Cannot read IP mode file for portGmbH.I-Cube-SoM-uGOAL.1.1.0
2025-05-29 10:36:16,574 [INFO] ThirdParty:978 - Integrity check success = true
2025-05-29 10:36:16,574 [INFO] IntegrityCheckThread:100 - exiting critical section [integrity check]
2025-05-29 10:36:16,575 [INFO] IntegrityCheckThread:103 - End integrity checks thread
2025-05-29 10:36:16,580 [INFO] WebApp:894 - Register for checkConnection events
2025-05-29 10:36:16,580 [INFO] WebApp:463 - Apply proxy settings
2025-05-29 10:36:16,581 [INFO] WebApp:548 - Chromium requires no authentication
2025-05-29 10:36:16,581 [INFO] WebApp:491 - Direct internet connection detected
2025-05-29 10:36:16,773 [INFO] WebApp:225 - Starting web application
2025-05-29 10:36:16,773 [INFO] WebApp:593 - Web application path used C:\ST\STM32CubeIDE_1.18.0\STM32CubeIDE\plugins\com.st.stm32cube.common.mx_6.14.0.202502271554\db\plugins\mcufinder\reactClient1\index.html
2025-05-29 10:36:16,899 [INFO] WebApp:191 - Connection restablished
2025-05-29 11:01:38,245 [INFO] WebApp:194 - Connection lost
2025-05-29 13:28:57,653 [INFO] Activator:176 - 


2025-05-29 13:28:57,653 [INFO] Activator:177 - !SESSION log4j initialized
2025-05-29 13:29:04,255 [INFO] LogOutputStream:77 - [STDOUT_REDIRECT] 
2025-05-29 13:29:07,688 [INFO] ApplicationProperties:184 - Using Application install path: C:\ST\STM32CubeIDE_1.18.0\STM32CubeIDE\plugins\com.st.stm32cube.common.mx_6.14.0.202502271554
2025-05-29 13:29:07,708 [INFO] DbMcusXml:78 - Set database path to: C:\ST\STM32CubeIDE_1.18.0\STM32CubeIDE\plugins\com.st.stm32cube.common.mx_6.14.0.202502271554\\db\/mcu/
2025-05-29 13:29:07,708 [INFO] ApiDb:274 - Set plugin database path to: C:\ST\STM32CubeIDE_1.18.0\STM32CubeIDE\plugins\com.st.stm32cube.common.mx_6.14.0.202502271554\\db\/plugins/boardmanager/
2025-05-29 13:29:07,708 [WARN] ApiDb:259 - Overriding images path with different value:  => C:\ST\STM32CubeIDE_1.18.0\STM32CubeIDE\plugins\com.st.stm32cube.common.mx_6.14.0.202502271554\\db\/plugins/mcufinder/images/
2025-05-29 13:29:07,718 [INFO] ApiDb:250 - Set database path to: C:\Users\Admin\.stmcufinder\plugins\mcufinder//mcu/
2025-05-29 13:29:07,719 [INFO] DbMcusAds:125 - Set database path to: C:\Users\Admin\.stmcufinder\plugins\mcufinder//mcu/
2025-05-29 13:29:07,722 [INFO] CrossReferenceDbSqlite:203 - Set database path to: C:\Users\Admin\.stmcufinder\plugins\mcufinder//mcu/cs/
2025-05-29 13:29:07,842 [INFO] RulesReader:64 - Compatibility file has been processed (301 Rules)
2025-05-29 13:29:07,923 [INFO] DbMcusXml:78 - Set database path to: C:\ST\STM32CubeIDE_1.18.0\STM32CubeIDE\plugins\com.st.stm32cube.common.mx_6.14.0.202502271554\\db\/mcu/
2025-05-29 13:29:07,923 [INFO] ApiDb:274 - Set plugin database path to: C:\ST\STM32CubeIDE_1.18.0\STM32CubeIDE\plugins\com.st.stm32cube.common.mx_6.14.0.202502271554\\db\/plugins/boardmanager/
2025-05-29 13:29:07,923 [INFO] ApiDb:261 - Set plugin images path to: C:\ST\STM32CubeIDE_1.18.0\STM32CubeIDE\plugins\com.st.stm32cube.common.mx_6.14.0.202502271554\\db\/plugins/mcufinder/images/
2025-05-29 13:29:07,923 [WARN] DbFile:41 - Overriding database path with different value: C:\Users\Admin\.stmcufinder\plugins\mcufinder/ => C:\Users\Admin\.stmcufinder\plugins\mcufinder
2025-05-29 13:29:07,923 [INFO] ApiDb:250 - Set database path to: C:\Users\Admin\.stmcufinder\plugins\mcufinder//mcu/
2025-05-29 13:29:07,923 [WARN] DbFile:41 - Overriding database path with different value: C:\Users\Admin\.stmcufinder\plugins\mcufinder/ => C:\Users\Admin\.stmcufinder\plugins\mcufinder
2025-05-29 13:29:07,923 [INFO] DbMcusAds:125 - Set database path to: C:\Users\Admin\.stmcufinder\plugins\mcufinder//mcu/
2025-05-29 13:29:07,923 [WARN] DbFile:41 - Overriding database path with different value: C:\Users\Admin\.stmcufinder\plugins\mcufinder/ => C:\Users\Admin\.stmcufinder\plugins\mcufinder
2025-05-29 13:29:07,924 [WARN] DbFile:41 - Overriding database path with different value: C:\Users\Admin\.stmcufinder\plugins\mcufinder/ => C:\Users\Admin\.stmcufinder\plugins\mcufinder
2025-05-29 13:29:07,924 [INFO] CrossReferenceDbSqlite:203 - Set database path to: C:\Users\Admin\.stmcufinder\plugins\mcufinder//mcu/cs/
2025-05-29 13:29:07,997 [INFO] MainPanel:272 - HeapMemory: 268435456
2025-05-29 13:29:08,109 [INFO] DbMcusXml:78 - Set database path to: C:\ST\STM32CubeIDE_1.18.0\STM32CubeIDE\plugins\com.st.stm32cube.common.mx_6.14.0.202502271554\\db\/mcu/
2025-05-29 13:29:08,109 [INFO] ApiDb:274 - Set plugin database path to: C:\ST\STM32CubeIDE_1.18.0\STM32CubeIDE\plugins\com.st.stm32cube.common.mx_6.14.0.202502271554\\db\/plugins/boardmanager/
2025-05-29 13:29:08,109 [INFO] ApiDb:261 - Set plugin images path to: C:\ST\STM32CubeIDE_1.18.0\STM32CubeIDE\plugins\com.st.stm32cube.common.mx_6.14.0.202502271554\\db\/plugins/mcufinder/images/
2025-05-29 13:29:08,110 [WARN] DbFile:41 - Overriding database path with different value: C:\Users\Admin\.stmcufinder\plugins\mcufinder/ => C:\Users\Admin\.stmcufinder\plugins\mcufinder
2025-05-29 13:29:08,110 [INFO] ApiDb:250 - Set database path to: C:\Users\Admin\.stmcufinder\plugins\mcufinder//mcu/
2025-05-29 13:29:08,110 [WARN] DbFile:41 - Overriding database path with different value: C:\Users\Admin\.stmcufinder\plugins\mcufinder/ => C:\Users\Admin\.stmcufinder\plugins\mcufinder
2025-05-29 13:29:08,110 [INFO] DbMcusAds:125 - Set database path to: C:\Users\Admin\.stmcufinder\plugins\mcufinder//mcu/
2025-05-29 13:29:08,110 [WARN] DbFile:41 - Overriding database path with different value: C:\Users\Admin\.stmcufinder\plugins\mcufinder/ => C:\Users\Admin\.stmcufinder\plugins\mcufinder
2025-05-29 13:29:08,110 [WARN] DbFile:41 - Overriding database path with different value: C:\Users\Admin\.stmcufinder\plugins\mcufinder/ => C:\Users\Admin\.stmcufinder\plugins\mcufinder
2025-05-29 13:29:08,110 [INFO] CrossReferenceDbSqlite:203 - Set database path to: C:\Users\Admin\.stmcufinder\plugins\mcufinder//mcu/cs/
2025-05-29 13:29:08,130 [INFO] ApplicationProperties:184 - Using Application install path: C:\ST\STM32CubeIDE_1.18.0\STM32CubeIDE\plugins\com.st.stm32cube.common.mx_6.14.0.202502271554
2025-05-29 13:29:08,131 [INFO] PluginManage:196 - Search for loadable plugins [exclusion list=, ]
2025-05-29 13:29:08,133 [INFO] PluginManage:310 - Check plugin analytics
2025-05-29 13:29:08,288 [INFO] AnalyticsPlugin:253 - Accepted Software Licenses: 
2025-05-29 13:29:08,288 [INFO] AnalyticsPlugin:255 - Accepted CMSIS Pack Licenses: 
2025-05-29 13:29:08,289 [INFO] AnalyticsPlugin:257 - Accepted Firmware Licenses: FW.F4.1.28.0
2025-05-29 13:29:08,291 [INFO] PluginManage:359 - Loaded plugin analytics (category:tool,tabindex:-1)
2025-05-29 13:29:08,291 [INFO] PluginManage:310 - Check plugin cadmodel
2025-05-29 13:29:08,309 [INFO] CADModel:105 - Init CAD model plugin
2025-05-29 13:29:08,309 [INFO] PluginManage:359 - Loaded plugin cadmodel (category:power,tabindex:5)
2025-05-29 13:29:08,310 [INFO] PluginManage:310 - Check plugin clock
2025-05-29 13:29:08,329 [INFO] PluginManage:359 - Loaded plugin clock (category:base,tabindex:2)
2025-05-29 13:29:08,329 [INFO] PluginManage:310 - Check plugin ddr
2025-05-29 13:29:08,331 [INFO] PluginManage:359 - Loaded plugin ddr (category:tool,tabindex:6)
2025-05-29 13:29:08,332 [INFO] PluginManage:310 - Check plugin filemanager
2025-05-29 13:29:08,458 [INFO] PluginManage:359 - Loaded plugin filemanager (category:base,tabindex:10)
2025-05-29 13:29:08,459 [INFO] PluginManage:310 - Check plugin ipmanager
2025-05-29 13:29:08,465 [INFO] PluginManage:359 - Loaded plugin ipmanager (category:base,tabindex:5)
2025-05-29 13:29:08,466 [INFO] PluginManage:310 - Check plugin lpbam
2025-05-29 13:29:08,485 [INFO] PluginManage:359 - Loaded plugin lpbam (category:base,tabindex:0)
2025-05-29 13:29:08,485 [INFO] PluginManage:310 - Check plugin memorymap
2025-05-29 13:29:08,508 [INFO] PluginManage:359 - Loaded plugin memorymap (category:base,tabindex:4)
2025-05-29 13:29:08,509 [INFO] PluginManage:310 - Check plugin pinoutandconfiguration
2025-05-29 13:29:08,527 [INFO] PluginManage:359 - Loaded plugin pinoutandconfiguration (category:base,tabindex:1)
2025-05-29 13:29:08,527 [INFO] PluginManage:310 - Check plugin pinoutconfig
2025-05-29 13:29:08,621 [WARN] SupportedApi:132 - Cannot load RTOS API schema: s4s-elt-must-match.1: The content of 'definitions' must match (annotation?, (simpleType | complexType)?, (unique | key | keyref)*)). A problem was found starting at: attribute.
2025-05-29 13:29:08,743 [INFO] PluginManage:359 - Loaded plugin pinoutconfig (category:base,tabindex:0)
2025-05-29 13:29:08,743 [INFO] PluginManage:310 - Check plugin power
2025-05-29 13:29:08,765 [INFO] PluginManage:359 - Loaded plugin power (category:power,tabindex:4)
2025-05-29 13:29:08,765 [INFO] PluginManage:310 - Check plugin projectmanager
2025-05-29 13:29:08,778 [INFO] PluginManage:359 - Loaded plugin projectmanager (category:projectmanager,tabindex:4)
2025-05-29 13:29:08,778 [INFO] PluginManage:310 - Check plugin rif
2025-05-29 13:29:08,796 [INFO] PluginManage:359 - Loaded plugin rif (category:base,tabindex:3)
2025-05-29 13:29:08,796 [INFO] PluginManage:310 - Check plugin thirdparty
2025-05-29 13:29:09,078 [INFO] PluginManage:359 - Loaded plugin thirdparty (category:base,tabindex:-1)
2025-05-29 13:29:09,078 [WARN] IntegrityCheckThread:84 - waiting for thirdparty lock release [integrity check]
2025-05-29 13:29:09,078 [INFO] PluginManage:310 - Check plugin tools
2025-05-29 13:29:09,078 [INFO] IntegrityCheckThread:86 - entering critical section [integrity check]
2025-05-29 13:29:09,079 [INFO] ThirdPartyUpdaterWithRetryManager:70 - Updater plugin not ready yet. [1/15]
2025-05-29 13:29:09,118 [INFO] PluginManage:359 - Loaded plugin tools (category:base,tabindex:7)
2025-05-29 13:29:09,119 [INFO] PluginManage:310 - Check plugin tutovideos
2025-05-29 13:29:09,336 [INFO] PluginManage:359 - Loaded plugin tutovideos (category:base,tabindex:-1)
2025-05-29 13:29:09,336 [INFO] PluginManage:310 - Check plugin updater
2025-05-29 13:29:09,361 [INFO] PluginManage:359 - Loaded plugin updater (category:base,tabindex:12)
2025-05-29 13:29:09,361 [INFO] PluginManage:310 - Check plugin userauth
2025-05-29 13:29:09,368 [INFO] UserAuth:118 - Init User Auth plugin
2025-05-29 13:29:09,369 [INFO] PluginManage:359 - Loaded plugin userauth (category:base,tabindex:14)
2025-05-29 13:29:09,369 [INFO] PluginManage:283 - PluginManage : Loaded plugins [18]
2025-05-29 13:29:09,612 [INFO] PinOutPanel:1589 - setPackage(No Configuration,No Configuration)
2025-05-29 13:29:09,695 [INFO] CADModel:165 - CPN selected for project level
2025-05-29 13:29:09,695 [INFO] CADModel:114 - Register for checkConnection events
2025-05-29 13:29:09,723 [INFO] IPUIPlugin:80 - create IPUIPlugin
2025-05-29 13:29:09,723 [INFO] PluginManager:220 - loadIPPluginJar : add adc
2025-05-29 13:29:09,765 [INFO] IPUIPlugin:80 - create IPUIPlugin
2025-05-29 13:29:09,765 [INFO] PluginManager:220 - loadIPPluginJar : add aes
2025-05-29 13:29:09,813 [INFO] IPUIPlugin:80 - create IPUIPlugin
2025-05-29 13:29:09,813 [INFO] PluginManager:220 - loadIPPluginJar : add can
2025-05-29 13:29:09,839 [INFO] IPUIPlugin:80 - create IPUIPlugin
2025-05-29 13:29:09,839 [INFO] PluginManager:220 - loadIPPluginJar : add comp
2025-05-29 13:29:09,875 [INFO] IPUIPlugin:80 - create IPUIPlugin
2025-05-29 13:29:09,875 [INFO] PluginManager:220 - loadIPPluginJar : add cryp
2025-05-29 13:29:09,888 [INFO] IPUIPlugin:80 - create IPUIPlugin
2025-05-29 13:29:09,888 [INFO] PluginManager:220 - loadIPPluginJar : add ddr_ctrl_phy
2025-05-29 13:29:09,921 [INFO] IPUIPlugin:80 - create IPUIPlugin
2025-05-29 13:29:09,921 [INFO] PluginManager:220 - loadIPPluginJar : add dfsdm
2025-05-29 13:29:09,935 [INFO] IPUIPlugin:80 - create IPUIPlugin
2025-05-29 13:29:09,935 [INFO] PluginManager:220 - loadIPPluginJar : add dma
2025-05-29 13:29:09,977 [INFO] IPUIPlugin:80 - create IPUIPlugin
2025-05-29 13:29:09,977 [INFO] PluginManager:220 - loadIPPluginJar : add dma3
2025-05-29 13:29:10,023 [INFO] IPUIPlugin:80 - create IPUIPlugin
2025-05-29 13:29:10,024 [INFO] PluginManager:220 - loadIPPluginJar : add extmemmanager
2025-05-29 13:29:10,046 [INFO] IPUIPlugin:80 - create IPUIPlugin
2025-05-29 13:29:10,047 [INFO] PluginManager:220 - loadIPPluginJar : add fatfs
2025-05-29 13:29:10,098 [INFO] IPUIPlugin:80 - create IPUIPlugin
2025-05-29 13:29:10,098 [INFO] PluginManager:220 - loadIPPluginJar : add fmc
2025-05-29 13:29:10,115 [INFO] IPUIPlugin:80 - create IPUIPlugin
2025-05-29 13:29:10,115 [INFO] PluginManager:220 - loadIPPluginJar : add freertos
2025-05-29 13:29:10,137 [INFO] IPUIPlugin:80 - create IPUIPlugin
2025-05-29 13:29:10,137 [INFO] PluginManager:220 - loadIPPluginJar : add genericplugin
2025-05-29 13:29:10,233 [INFO] IPUIPlugin:80 - create IPUIPlugin
2025-05-29 13:29:10,233 [INFO] PluginManager:220 - loadIPPluginJar : add gfxmmu
2025-05-29 13:29:10,373 [INFO] IPUIPlugin:80 - create IPUIPlugin
2025-05-29 13:29:10,373 [INFO] PluginManager:220 - loadIPPluginJar : add gic
2025-05-29 13:29:10,387 [INFO] IPUIPlugin:80 - create IPUIPlugin
2025-05-29 13:29:10,387 [INFO] PluginManager:220 - loadIPPluginJar : add gpio
2025-05-29 13:29:10,481 [INFO] IPUIPlugin:80 - create IPUIPlugin
2025-05-29 13:29:10,481 [INFO] PluginManager:220 - loadIPPluginJar : add gtzc
2025-05-29 13:29:10,517 [INFO] IPUIPlugin:80 - create IPUIPlugin
2025-05-29 13:29:10,517 [INFO] PluginManager:220 - loadIPPluginJar : add hash
2025-05-29 13:29:10,572 [INFO] IPUIPlugin:80 - create IPUIPlugin
2025-05-29 13:29:10,573 [INFO] PluginManager:220 - loadIPPluginJar : add i2c
2025-05-29 13:29:10,614 [INFO] IPUIPlugin:80 - create IPUIPlugin
2025-05-29 13:29:10,614 [INFO] PluginManager:220 - loadIPPluginJar : add i2s
2025-05-29 13:29:10,658 [INFO] IPUIPlugin:80 - create IPUIPlugin
2025-05-29 13:29:10,658 [INFO] PluginManager:220 - loadIPPluginJar : add i3c
2025-05-29 13:29:10,772 [INFO] IPUIPlugin:80 - create IPUIPlugin
2025-05-29 13:29:10,772 [INFO] PluginManager:220 - loadIPPluginJar : add ipddr
2025-05-29 13:29:10,885 [INFO] IPUIPlugin:80 - create IPUIPlugin
2025-05-29 13:29:10,885 [INFO] PluginManager:220 - loadIPPluginJar : add linkedlist
2025-05-29 13:29:10,929 [INFO] IPUIPlugin:80 - create IPUIPlugin
2025-05-29 13:29:10,929 [INFO] PluginManager:220 - loadIPPluginJar : add lorawan
2025-05-29 13:29:10,973 [INFO] IPUIPlugin:80 - create IPUIPlugin
2025-05-29 13:29:10,973 [INFO] PluginManager:220 - loadIPPluginJar : add ltdc
2025-05-29 13:29:10,988 [INFO] IPUIPlugin:80 - create IPUIPlugin
2025-05-29 13:29:10,988 [INFO] PluginManager:220 - loadIPPluginJar : add mdma
2025-05-29 13:29:11,001 [INFO] IPUIPlugin:80 - create IPUIPlugin
2025-05-29 13:29:11,001 [INFO] PluginManager:220 - loadIPPluginJar : add nvic
2025-05-29 13:29:11,042 [INFO] IPUIPlugin:80 - create IPUIPlugin
2025-05-29 13:29:11,042 [INFO] PluginManager:220 - loadIPPluginJar : add opamp
2025-05-29 13:29:11,108 [INFO] IPUIPlugin:80 - create IPUIPlugin
2025-05-29 13:29:11,108 [INFO] PluginManager:220 - loadIPPluginJar : add openamp
2025-05-29 13:29:11,156 [INFO] IPUIPlugin:80 - create IPUIPlugin
2025-05-29 13:29:11,156 [INFO] PluginManager:220 - loadIPPluginJar : add pdm2pcm
2025-05-29 13:29:11,171 [INFO] IPUIPlugin:80 - create IPUIPlugin
2025-05-29 13:29:11,172 [INFO] PluginManager:220 - loadIPPluginJar : add plateformsettings
2025-05-29 13:29:11,198 [INFO] IPUIPlugin:80 - create IPUIPlugin
2025-05-29 13:29:11,198 [INFO] PluginManager:220 - loadIPPluginJar : add quadspi
2025-05-29 13:29:11,226 [INFO] IPUIPlugin:80 - create IPUIPlugin
2025-05-29 13:29:11,227 [INFO] PluginManager:220 - loadIPPluginJar : add radio
2025-05-29 13:29:11,241 [INFO] IPUIPlugin:80 - create IPUIPlugin
2025-05-29 13:29:11,241 [INFO] PluginManager:220 - loadIPPluginJar : add resmgrutility
2025-05-29 13:29:11,291 [INFO] IPUIPlugin:80 - create IPUIPlugin
2025-05-29 13:29:11,291 [INFO] PluginManager:220 - loadIPPluginJar : add sai
2025-05-29 13:29:11,330 [INFO] IPUIPlugin:80 - create IPUIPlugin
2025-05-29 13:29:11,331 [INFO] PluginManager:220 - loadIPPluginJar : add spi
2025-05-29 13:29:11,410 [INFO] IPUIPlugin:80 - create IPUIPlugin
2025-05-29 13:29:11,410 [INFO] PluginManager:220 - loadIPPluginJar : add stm32_wpan
2025-05-29 13:29:11,438 [INFO] IPUIPlugin:80 - create IPUIPlugin
2025-05-29 13:29:11,438 [INFO] PluginManager:220 - loadIPPluginJar : add tim
2025-05-29 13:29:11,501 [INFO] IPUIPlugin:80 - create IPUIPlugin
2025-05-29 13:29:11,502 [INFO] PluginManager:220 - loadIPPluginJar : add touchsensing
2025-05-29 13:29:11,526 [INFO] IPUIPlugin:80 - create IPUIPlugin
2025-05-29 13:29:11,526 [INFO] PluginManager:220 - loadIPPluginJar : add tracer_emb
2025-05-29 13:29:11,553 [INFO] IPUIPlugin:80 - create IPUIPlugin
2025-05-29 13:29:11,553 [INFO] PluginManager:220 - loadIPPluginJar : add ts
2025-05-29 13:29:11,578 [INFO] IPUIPlugin:80 - create IPUIPlugin
2025-05-29 13:29:11,578 [INFO] PluginManager:220 - loadIPPluginJar : add tsc
2025-05-29 13:29:11,603 [INFO] IPUIPlugin:80 - create IPUIPlugin
2025-05-29 13:29:11,603 [INFO] PluginManager:220 - loadIPPluginJar : add ucpd
2025-05-29 13:29:11,649 [INFO] IPUIPlugin:80 - create IPUIPlugin
2025-05-29 13:29:11,649 [INFO] PluginManager:220 - loadIPPluginJar : add usart
2025-05-29 13:29:11,696 [INFO] IPUIPlugin:80 - create IPUIPlugin
2025-05-29 13:29:11,696 [INFO] PluginManager:220 - loadIPPluginJar : add usbx
2025-05-29 13:29:11,818 [FATAL] Updater:351 - Updater called before beeing initialized
2025-05-29 13:29:11,848 [INFO] RulesReader:64 - Compatibility file has been processed (301 Rules)
2025-05-29 13:29:11,857 [INFO] RulesReader:64 - Compatibility file has been processed (301 Rules)
2025-05-29 13:29:11,865 [INFO] CADModel:165 - CPN selected for project level
2025-05-29 13:29:11,865 [INFO] CADModel:114 - Register for checkConnection events
2025-05-29 13:29:11,865 [FATAL] Updater:351 - Updater called before beeing initialized
2025-05-29 13:29:11,865 [ERROR] CADModel:125 - Updater not yet initialized, retry later 
2025-05-29 13:29:11,996 [FATAL] Updater:351 - Updater called before beeing initialized
2025-05-29 13:29:11,998 [INFO] CADModel:165 - CPN selected for project level
2025-05-29 13:29:11,998 [INFO] CADModel:114 - Register for checkConnection events
2025-05-29 13:29:11,998 [FATAL] Updater:351 - Updater called before beeing initialized
2025-05-29 13:29:11,998 [ERROR] CADModel:125 - Updater not yet initialized, retry later 
2025-05-29 13:29:12,000 [FATAL] Updater:351 - Updater called before beeing initialized
2025-05-29 13:29:12,080 [INFO] ThirdPartyUpdaterWithRetryManager:70 - Updater plugin not ready yet. [2/15]
2025-05-29 13:29:12,104 [FATAL] Updater:351 - Updater called before beeing initialized
2025-05-29 13:29:12,116 [INFO] DbMcusAds:53 - JSON generation date=Wed May 07 14:37:55 IST 2025 (1746608875638)
2025-05-29 13:29:12,116 [FATAL] Updater:351 - Updater called before beeing initialized
2025-05-29 13:29:12,152 [WARN] DetailPanel:346 - Failed to get advertising image, set to default
2025-05-29 13:29:12,389 [FATAL] Updater:351 - Updater called before beeing initialized
2025-05-29 13:29:12,391 [FATAL] Updater:351 - Updater called before beeing initialized
2025-05-29 13:29:12,391 [FATAL] Updater:351 - Updater called before beeing initialized
2025-05-29 13:29:12,391 [WARN] DetailPanel:346 - Failed to get advertising image, set to default
2025-05-29 13:29:12,392 [FATAL] Updater:351 - Updater called before beeing initialized
2025-05-29 13:29:12,450 [ERROR] Updater:1198 - MainUpdater not yet initialized. External WinMGr cannot be set.
2025-05-29 13:29:12,461 [INFO] Updater:1134 - Updater Version found : 6.14.0
2025-05-29 13:29:12,479 [INFO] ApplicationProperties:184 - Using Application install path: C:\ST\STM32CubeIDE_1.18.0\STM32CubeIDE\plugins\com.st.stm32cube.common.mx_6.14.0.202502271554
2025-05-29 13:29:14,062 [ERROR] LogOutputStream:75 - [STDERR_REDIRECT] May 29, 2025 1:29:14 PM java.util.prefs.WindowsPreferences <init>
2025-05-29 13:29:14,063 [ERROR] LogOutputStream:75 - [STDERR_REDIRECT] WARNING: Could not open/create prefs root node Software\JavaSoft\Prefs at root 0xffffffff80000002. Windows RegCreateKeyEx(...) returned error code 5.
2025-05-29 13:29:14,063 [ERROR] LogOutputStream:75 - [STDERR_REDIRECT] 
2025-05-29 13:29:14,312 [INFO] MainUpdater:2872 - connection check result : 10
2025-05-29 13:29:14,313 [INFO] MainUpdater:289 - Updater Check For Update Now.
2025-05-29 13:29:14,313 [INFO] MicroXplorer:498 - Change Database Version : DB.6.0.140
2025-05-29 13:29:14,331 [INFO] McuFinderGlobals:63 - Set McuFinder mode to 2 (CubeIDE integrated)
2025-05-29 13:29:14,332 [INFO] UserAuth:171 - activating auth plugin
2025-05-29 13:29:14,334 [INFO] UserAuth:486 - Internet connection configuration mode: 1
2025-05-29 13:29:14,374 [INFO] JxBrowserEngine:152 - Initiate JxBrowser Engine with user profile folder
2025-05-29 13:29:14,528 [INFO] CheckServerUpdateThread:120 - End of CheckServer Thread
2025-05-29 13:29:15,461 [WARN] PackLoader:240 - Cannot read IP mode file for STMicroelectronics.FP-SNS-MOTENVWB1.1.4.0
2025-05-29 13:29:15,495 [WARN] PackLoader:240 - Cannot read IP mode file for STMicroelectronics.X-CUBE-SMBUS.2.1.0
2025-05-29 13:29:15,518 [WARN] PackLoader:240 - Cannot read IP mode file for STMicroelectronics.X-CUBE-ST60.1.0.0
2025-05-29 13:29:15,591 [WARN] PackLoader:240 - Cannot read IP mode file for STMicroelectronics.X-CUBE-AZRTOS-F7.1.1.0
2025-05-29 13:29:15,655 [WARN] PackLoader:240 - Cannot read IP mode file for Infineon.AIROC-Wi-Fi-Bluetooth-STM32.1.7.0
2025-05-29 13:29:15,696 [WARN] PackLoader:240 - Cannot read IP mode file for STMicroelectronics.X-CUBE-DISPLAY.3.0.0
2025-05-29 13:29:15,730 [WARN] PackLoader:240 - Cannot read IP mode file for STMicroelectronics.X-CUBE-NFC10.1.0.0
2025-05-29 13:29:15,761 [WARN] PackLoader:240 - Cannot read IP mode file for STMicroelectronics.X-CUBE-BLEMGR.4.0.0
2025-05-29 13:29:15,780 [WARN] PackLoader:240 - Cannot read IP mode file for emotas.I-CUBE-CANOPEN.1.3.0
2025-05-29 13:29:15,796 [WARN] ConditionMgr:438 - getConditionDescription Invalid condition id : Cortex-A Device cause : null
2025-05-29 13:29:15,825 [WARN] ConditionMgr:1044 - genDependencies : Invalid condition id : Cortex-A Device cause : null
2025-05-29 13:29:15,825 [WARN] ConditionMgr:1044 - genDependencies : Invalid condition id : Cortex-A Device cause : null
2025-05-29 13:29:15,825 [WARN] ConditionMgr:1044 - genDependencies : Invalid condition id : Cortex-A Device cause : null
2025-05-29 13:29:15,842 [WARN] PackLoader:240 - Cannot read IP mode file for STMicroelectronics.X-CUBE-AI.10.0.0
2025-05-29 13:29:15,858 [WARN] PackLoader:240 - Cannot read IP mode file for STMicroelectronics.FP-SNS-SMARTAG2.1.2.0
2025-05-29 13:29:15,885 [INFO] LogOutputStream:77 - [STDOUT_REDIRECT] 1 : Invalid condition id : UX_CORESTACK_Condition cause : null
2025-05-29 13:29:15,886 [INFO] LogOutputStream:77 - [STDOUT_REDIRECT] 1 : Invalid condition id : UX_CORESTACK_Condition cause : null
2025-05-29 13:29:15,887 [INFO] LogOutputStream:77 - [STDOUT_REDIRECT] 1 : Invalid condition id : UX_CORESTACK_Condition cause : null
2025-05-29 13:29:15,888 [INFO] LogOutputStream:77 - [STDOUT_REDIRECT] 1 : Invalid condition id : UX_CORESTACK_Condition cause : null
2025-05-29 13:29:15,890 [INFO] LogOutputStream:77 - [STDOUT_REDIRECT] 1 : Invalid condition id : UX_CORESTACK_Condition cause : null
2025-05-29 13:29:15,903 [WARN] PackLoader:240 - Cannot read IP mode file for STMicroelectronics.X-CUBE-AZRTOS-WL.2.0.0
2025-05-29 13:29:15,921 [INFO] WebApp:169 - Instantiating new browser for Auth
2025-05-29 13:29:15,922 [WARN] PackLoader:240 - Cannot read IP mode file for STMicroelectronics.FP-SNS-MOTENV1.5.0.0
2025-05-29 13:29:15,954 [WARN] PackLoader:240 - Cannot read IP mode file for WES.I-CUBE-Cesium.1.3.0
2025-05-29 13:29:15,977 [WARN] PackLoader:240 - Cannot read IP mode file for STMicroelectronics.X-CUBE-BLE2.3.3.0
2025-05-29 13:29:16,000 [WARN] PackLoader:240 - Cannot read IP mode file for STMicroelectronics.X-CUBE-NFC9.1.0.0
2025-05-29 13:29:16,021 [WARN] PackLoader:240 - Cannot read IP mode file for wolfSSL.I-CUBE-wolfSSL.5.8.0
2025-05-29 13:29:16,037 [WARN] PackLoader:240 - Cannot read IP mode file for wolfSSL.I-CUBE-wolfMQTT.1.19.2
2025-05-29 13:29:16,083 [WARN] PackLoader:240 - Cannot read IP mode file for STMicroelectronics.X-CUBE-AZRTOS-G0.1.1.0
2025-05-29 13:29:16,108 [WARN] PackLoader:240 - Cannot read IP mode file for STMicroelectronics.X-CUBE-SAFEA1.1.2.2
2025-05-29 13:29:16,131 [WARN] PackLoader:240 - Cannot read IP mode file for STMicroelectronics.X-CUBE-NFC4.3.0.0
2025-05-29 13:29:16,152 [WARN] PackLoader:240 - Cannot read IP mode file for EmbeddedOffice.I-CUBE-FS-RTOS.1.0.1
2025-05-29 13:29:16,169 [WARN] PackLoader:240 - Cannot read IP mode file for STMicroelectronics.X-CUBE-WB05N.2.0.0
2025-05-29 13:29:16,185 [WARN] PackLoader:240 - Cannot read IP mode file for wolfSSL.I-CUBE-wolfTPM.3.8.0
2025-05-29 13:29:16,200 [WARN] PackLoader:240 - Cannot read IP mode file for STMicroelectronics.X-CUBE-TCPP.4.2.0
2025-05-29 13:29:16,219 [WARN] PackLoader:240 - Cannot read IP mode file for RealThread.X-CUBE-RT-Thread_Nano.4.1.1
2025-05-29 13:29:16,238 [WARN] PackLoader:240 - Cannot read IP mode file for STMicroelectronics.FP-ATR-SIGFOX1.3.2.0
2025-05-29 13:29:16,257 [WARN] PackLoader:240 - Cannot read IP mode file for STMicroelectronics.X-CUBE-EEPRMA1.5.1.0
2025-05-29 13:29:16,275 [WARN] PackLoader:240 - Cannot read IP mode file for ITTIA_DB.I-CUBE-ITTIADB.8.9.0
2025-05-29 13:29:16,315 [WARN] PackLoader:240 - Cannot read IP mode file for SEGGER.I-CUBE-embOS.1.3.1
2025-05-29 13:29:16,372 [WARN] PackLoader:240 - Cannot read IP mode file for STMicroelectronics.X-CUBE-ALGOBUILD.1.4.0
2025-05-29 13:29:16,413 [WARN] PackLoader:240 - Cannot read IP mode file for STMicroelectronics.X-CUBE-AZRTOS-F4.1.1.0
2025-05-29 13:29:16,429 [WARN] PackLoader:240 - Cannot read IP mode file for STMicroelectronics.X-CUBE-ISPU.2.1.0
2025-05-29 13:29:16,465 [WARN] PackLoader:240 - Cannot read IP mode file for STMicroelectronics.X-CUBE-AZRTOS-L5.2.0.0
2025-05-29 13:29:16,485 [WARN] PackLoader:240 - Cannot read IP mode file for STMicroelectronics.X-CUBE-NFC6.3.1.0
2025-05-29 13:29:16,543 [WARN] ConditionMgr:438 - getConditionDescription Invalid condition id : LAN8742 Phy interface Condition cause : null
2025-05-29 13:29:16,544 [WARN] PackLoader:240 - Cannot read IP mode file for STMicroelectronics.X-CUBE-AZRTOS-L4.2.0.0
2025-05-29 13:29:16,546 [WARN] ConditionMgr:1044 - genDependencies : Invalid condition id : LAN8742 Phy interface Condition cause : null
2025-05-29 13:29:16,546 [WARN] ConditionMgr:1044 - genDependencies : Invalid condition id : LAN8742 Phy interface Condition cause : null
2025-05-29 13:29:16,547 [WARN] ConditionMgr:1044 - genDependencies : Invalid condition id : LAN8742 Phy interface Condition cause : null
2025-05-29 13:29:16,570 [WARN] PackLoader:240 - Cannot read IP mode file for STMicroelectronics.X-CUBE-SFXS2LP1.4.0.0
2025-05-29 13:29:16,630 [WARN] PackLoader:240 - Cannot read IP mode file for STMicroelectronics.X-CUBE-AZRTOS-H7.3.3.0
2025-05-29 13:29:16,668 [WARN] ConditionMgr:438 - getConditionDescription Invalid condition id : UX DEVICE CLASS RTOS Condition cause : null
2025-05-29 13:29:16,668 [WARN] ConditionMgr:438 - getConditionDescription Invalid condition id : UX DEVICE CLASS RTOS Condition cause : null
2025-05-29 13:29:16,670 [WARN] PackLoader:240 - Cannot read IP mode file for STMicroelectronics.X-CUBE-AZRTOS-WB.2.0.0
2025-05-29 13:29:16,671 [WARN] ConditionMgr:1044 - genDependencies : Invalid condition id : UX DEVICE CLASS RTOS Condition cause : null
2025-05-29 13:29:16,671 [WARN] ConditionMgr:1044 - genDependencies : Invalid condition id : UX DEVICE CLASS RTOS Condition cause : null
2025-05-29 13:29:16,671 [WARN] ConditionMgr:1044 - genDependencies : Invalid condition id : UX DEVICE CLASS RTOS Condition cause : null
2025-05-29 13:29:16,671 [WARN] ConditionMgr:1044 - genDependencies : Invalid condition id : UX DEVICE CLASS RTOS Condition cause : null
2025-05-29 13:29:16,671 [WARN] ConditionMgr:1044 - genDependencies : Invalid condition id : UX DEVICE CLASS RTOS Condition cause : null
2025-05-29 13:29:16,687 [WARN] PackLoader:240 - Cannot read IP mode file for STMicroelectronics.X-CUBE-GNSS1.7.0.1
2025-05-29 13:29:16,703 [WARN] PackLoader:240 - Cannot read IP mode file for STMicroelectronics.FP-SNS-STBOX1.2.0.0
2025-05-29 13:29:16,723 [WARN] PackLoader:240 - Cannot read IP mode file for STMicroelectronics.X-CUBE-SUBG2.5.0.0
2025-05-29 13:29:16,756 [WARN] PackLoader:240 - Cannot read IP mode file for STMicroelectronics.X-CUBE-AZRTOS-H7RS.1.1.0
2025-05-29 13:29:16,770 [WARN] PackLoader:240 - Cannot read IP mode file for Cesanta.I-CUBE-Mongoose.7.13.0
2025-05-29 13:29:16,796 [WARN] PackLoader:240 - Cannot read IP mode file for STMicroelectronics.X-CUBE-AZRTOS-G4.2.0.0
2025-05-29 13:29:16,810 [WARN] PackLoader:240 - Cannot read IP mode file for wolfSSL.I-CUBE-wolfSSH.1.4.20
2025-05-29 13:29:16,830 [WARN] PackLoader:240 - Cannot read IP mode file for STMicroelectronics.X-CUBE-IPS.3.1.0
2025-05-29 13:29:16,846 [WARN] PackLoader:240 - Cannot read IP mode file for STMicroelectronics.X-CUBE-ALS.1.0.2
2025-05-29 13:29:16,863 [WARN] PackLoader:240 - Cannot read IP mode file for portGmbH.I-Cube-SoM-uGOAL.1.1.0
2025-05-29 13:29:16,864 [INFO] ThirdParty:978 - Integrity check success = true
2025-05-29 13:29:16,864 [INFO] IntegrityCheckThread:100 - exiting critical section [integrity check]
2025-05-29 13:29:16,864 [INFO] IntegrityCheckThread:103 - End integrity checks thread
2025-05-29 13:29:17,043 [INFO] WebApp:463 - Apply proxy settings
2025-05-29 13:29:17,043 [INFO] WebApp:548 - Chromium requires no authentication
2025-05-29 13:29:17,055 [INFO] WebApp:491 - Direct internet connection detected
2025-05-29 13:29:17,093 [INFO] WebApp:894 - Register for checkConnection events
2025-05-29 13:29:17,093 [INFO] WebApp:463 - Apply proxy settings
2025-05-29 13:29:17,093 [INFO] WebApp:548 - Chromium requires no authentication
2025-05-29 13:29:17,094 [INFO] WebApp:491 - Direct internet connection detected
2025-05-29 13:29:17,295 [INFO] WebApp:225 - Starting web application
2025-05-29 13:29:17,295 [INFO] WebApp:593 - Web application path used C:\ST\STM32CubeIDE_1.18.0\STM32CubeIDE\plugins\com.st.stm32cube.common.mx_6.14.0.202502271554\db\plugins\mcufinder\reactClient1\index.html
2025-05-29 13:29:17,410 [INFO] WebApp:191 - Connection restablished
2025-05-29 15:07:05,714 [INFO] WebApp:194 - Connection lost
2025-05-29 15:07:10,323 [INFO] WebApp:191 - Connection restablished
2025-05-29 15:07:12,387 [INFO] WebApp:194 - Connection lost
2025-05-29 15:07:12,632 [INFO] WebApp:191 - Connection restablished
2025-05-29 17:48:59,168 [INFO] WebApp:194 - Connection lost
