2025-05-20 10:39:20,743 [INFO] Activator:176 - 


2025-05-20 10:39:20,743 [INFO] Activator:177 - !SESSION log4j initialized
2025-05-20 10:39:29,032 [INFO] LogOutputStream:77 - [STDOUT_REDIRECT] 
2025-05-20 10:39:33,321 [INFO] ApplicationProperties:184 - Using Application install path: C:\ST\STM32CubeIDE_1.18.0\STM32CubeIDE\plugins\com.st.stm32cube.common.mx_6.14.0.202502271554
2025-05-20 10:39:33,377 [INFO] DbMcusXml:78 - Set database path to: C:\ST\STM32CubeIDE_1.18.0\STM32CubeIDE\plugins\com.st.stm32cube.common.mx_6.14.0.202502271554\\db\/mcu/
2025-05-20 10:39:33,378 [INFO] ApiDb:274 - Set plugin database path to: C:\ST\STM32CubeIDE_1.18.0\STM32CubeIDE\plugins\com.st.stm32cube.common.mx_6.14.0.202502271554\\db\/plugins/boardmanager/
2025-05-20 10:39:33,378 [WARN] ApiDb:259 - Overriding images path with different value:  => C:\ST\STM32CubeIDE_1.18.0\STM32CubeIDE\plugins\com.st.stm32cube.common.mx_6.14.0.202502271554\\db\/plugins/mcufinder/images/
2025-05-20 10:39:33,391 [INFO] ApiDb:250 - Set database path to: C:\Users\Admin\.stmcufinder\plugins\mcufinder//mcu/
2025-05-20 10:39:33,393 [INFO] DbMcusAds:125 - Set database path to: C:\Users\Admin\.stmcufinder\plugins\mcufinder//mcu/
2025-05-20 10:39:33,398 [INFO] CrossReferenceDbSqlite:203 - Set database path to: C:\Users\Admin\.stmcufinder\plugins\mcufinder//mcu/cs/
2025-05-20 10:39:33,593 [INFO] RulesReader:64 - Compatibility file has been processed (301 Rules)
2025-05-20 10:39:33,770 [INFO] DbMcusXml:78 - Set database path to: C:\ST\STM32CubeIDE_1.18.0\STM32CubeIDE\plugins\com.st.stm32cube.common.mx_6.14.0.202502271554\\db\/mcu/
2025-05-20 10:39:33,771 [INFO] ApiDb:274 - Set plugin database path to: C:\ST\STM32CubeIDE_1.18.0\STM32CubeIDE\plugins\com.st.stm32cube.common.mx_6.14.0.202502271554\\db\/plugins/boardmanager/
2025-05-20 10:39:33,771 [INFO] ApiDb:261 - Set plugin images path to: C:\ST\STM32CubeIDE_1.18.0\STM32CubeIDE\plugins\com.st.stm32cube.common.mx_6.14.0.202502271554\\db\/plugins/mcufinder/images/
2025-05-20 10:39:33,771 [WARN] DbFile:41 - Overriding database path with different value: C:\Users\Admin\.stmcufinder\plugins\mcufinder/ => C:\Users\Admin\.stmcufinder\plugins\mcufinder
2025-05-20 10:39:33,771 [INFO] ApiDb:250 - Set database path to: C:\Users\Admin\.stmcufinder\plugins\mcufinder//mcu/
2025-05-20 10:39:33,771 [WARN] DbFile:41 - Overriding database path with different value: C:\Users\Admin\.stmcufinder\plugins\mcufinder/ => C:\Users\Admin\.stmcufinder\plugins\mcufinder
2025-05-20 10:39:33,771 [INFO] DbMcusAds:125 - Set database path to: C:\Users\Admin\.stmcufinder\plugins\mcufinder//mcu/
2025-05-20 10:39:33,771 [WARN] DbFile:41 - Overriding database path with different value: C:\Users\Admin\.stmcufinder\plugins\mcufinder/ => C:\Users\Admin\.stmcufinder\plugins\mcufinder
2025-05-20 10:39:33,771 [WARN] DbFile:41 - Overriding database path with different value: C:\Users\Admin\.stmcufinder\plugins\mcufinder/ => C:\Users\Admin\.stmcufinder\plugins\mcufinder
2025-05-20 10:39:33,771 [INFO] CrossReferenceDbSqlite:203 - Set database path to: C:\Users\Admin\.stmcufinder\plugins\mcufinder//mcu/cs/
2025-05-20 10:39:33,886 [INFO] MainPanel:272 - HeapMemory: 268435456
2025-05-20 10:39:34,104 [INFO] DbMcusXml:78 - Set database path to: C:\ST\STM32CubeIDE_1.18.0\STM32CubeIDE\plugins\com.st.stm32cube.common.mx_6.14.0.202502271554\\db\/mcu/
2025-05-20 10:39:34,105 [INFO] ApiDb:274 - Set plugin database path to: C:\ST\STM32CubeIDE_1.18.0\STM32CubeIDE\plugins\com.st.stm32cube.common.mx_6.14.0.202502271554\\db\/plugins/boardmanager/
2025-05-20 10:39:34,105 [INFO] ApiDb:261 - Set plugin images path to: C:\ST\STM32CubeIDE_1.18.0\STM32CubeIDE\plugins\com.st.stm32cube.common.mx_6.14.0.202502271554\\db\/plugins/mcufinder/images/
2025-05-20 10:39:34,105 [WARN] DbFile:41 - Overriding database path with different value: C:\Users\Admin\.stmcufinder\plugins\mcufinder/ => C:\Users\Admin\.stmcufinder\plugins\mcufinder
2025-05-20 10:39:34,105 [INFO] ApiDb:250 - Set database path to: C:\Users\Admin\.stmcufinder\plugins\mcufinder//mcu/
2025-05-20 10:39:34,105 [WARN] DbFile:41 - Overriding database path with different value: C:\Users\Admin\.stmcufinder\plugins\mcufinder/ => C:\Users\Admin\.stmcufinder\plugins\mcufinder
2025-05-20 10:39:34,105 [INFO] DbMcusAds:125 - Set database path to: C:\Users\Admin\.stmcufinder\plugins\mcufinder//mcu/
2025-05-20 10:39:34,105 [WARN] DbFile:41 - Overriding database path with different value: C:\Users\Admin\.stmcufinder\plugins\mcufinder/ => C:\Users\Admin\.stmcufinder\plugins\mcufinder
2025-05-20 10:39:34,105 [WARN] DbFile:41 - Overriding database path with different value: C:\Users\Admin\.stmcufinder\plugins\mcufinder/ => C:\Users\Admin\.stmcufinder\plugins\mcufinder
2025-05-20 10:39:34,106 [INFO] CrossReferenceDbSqlite:203 - Set database path to: C:\Users\Admin\.stmcufinder\plugins\mcufinder//mcu/cs/
2025-05-20 10:39:34,133 [INFO] ApplicationProperties:184 - Using Application install path: C:\ST\STM32CubeIDE_1.18.0\STM32CubeIDE\plugins\com.st.stm32cube.common.mx_6.14.0.202502271554
2025-05-20 10:39:34,134 [INFO] PluginManage:196 - Search for loadable plugins [exclusion list=, ]
2025-05-20 10:39:34,136 [INFO] PluginManage:310 - Check plugin analytics
2025-05-20 10:39:34,334 [INFO] AnalyticsPlugin:253 - Accepted Software Licenses: 
2025-05-20 10:39:34,334 [INFO] AnalyticsPlugin:255 - Accepted CMSIS Pack Licenses: 
2025-05-20 10:39:34,334 [INFO] AnalyticsPlugin:257 - Accepted Firmware Licenses: FW.F4.1.28.0
2025-05-20 10:39:34,337 [INFO] PluginManage:359 - Loaded plugin analytics (category:tool,tabindex:-1)
2025-05-20 10:39:34,337 [INFO] PluginManage:310 - Check plugin cadmodel
2025-05-20 10:39:34,356 [INFO] CADModel:105 - Init CAD model plugin
2025-05-20 10:39:34,356 [INFO] PluginManage:359 - Loaded plugin cadmodel (category:power,tabindex:5)
2025-05-20 10:39:34,356 [INFO] PluginManage:310 - Check plugin clock
2025-05-20 10:39:34,377 [INFO] PluginManage:359 - Loaded plugin clock (category:base,tabindex:2)
2025-05-20 10:39:34,378 [INFO] PluginManage:310 - Check plugin ddr
2025-05-20 10:39:34,380 [INFO] PluginManage:359 - Loaded plugin ddr (category:tool,tabindex:6)
2025-05-20 10:39:34,380 [INFO] PluginManage:310 - Check plugin filemanager
2025-05-20 10:39:34,577 [INFO] PluginManage:359 - Loaded plugin filemanager (category:base,tabindex:10)
2025-05-20 10:39:34,577 [INFO] PluginManage:310 - Check plugin ipmanager
2025-05-20 10:39:34,585 [INFO] PluginManage:359 - Loaded plugin ipmanager (category:base,tabindex:5)
2025-05-20 10:39:34,585 [INFO] PluginManage:310 - Check plugin lpbam
2025-05-20 10:39:34,606 [INFO] PluginManage:359 - Loaded plugin lpbam (category:base,tabindex:0)
2025-05-20 10:39:34,606 [INFO] PluginManage:310 - Check plugin memorymap
2025-05-20 10:39:34,632 [INFO] PluginManage:359 - Loaded plugin memorymap (category:base,tabindex:4)
2025-05-20 10:39:34,633 [INFO] PluginManage:310 - Check plugin pinoutandconfiguration
2025-05-20 10:39:34,653 [INFO] PluginManage:359 - Loaded plugin pinoutandconfiguration (category:base,tabindex:1)
2025-05-20 10:39:34,653 [INFO] PluginManage:310 - Check plugin pinoutconfig
2025-05-20 10:39:34,748 [WARN] SupportedApi:132 - Cannot load RTOS API schema: s4s-elt-must-match.1: The content of 'definitions' must match (annotation?, (simpleType | complexType)?, (unique | key | keyref)*)). A problem was found starting at: attribute.
2025-05-20 10:39:34,880 [INFO] PluginManage:359 - Loaded plugin pinoutconfig (category:base,tabindex:0)
2025-05-20 10:39:34,880 [INFO] PluginManage:310 - Check plugin power
2025-05-20 10:39:34,903 [INFO] PluginManage:359 - Loaded plugin power (category:power,tabindex:4)
2025-05-20 10:39:34,903 [INFO] PluginManage:310 - Check plugin projectmanager
2025-05-20 10:39:34,916 [INFO] PluginManage:359 - Loaded plugin projectmanager (category:projectmanager,tabindex:4)
2025-05-20 10:39:34,916 [INFO] PluginManage:310 - Check plugin rif
2025-05-20 10:39:34,942 [INFO] PluginManage:359 - Loaded plugin rif (category:base,tabindex:3)
2025-05-20 10:39:34,942 [INFO] PluginManage:310 - Check plugin thirdparty
2025-05-20 10:39:35,231 [WARN] IntegrityCheckThread:84 - waiting for thirdparty lock release [integrity check]
2025-05-20 10:39:35,231 [INFO] PluginManage:359 - Loaded plugin thirdparty (category:base,tabindex:-1)
2025-05-20 10:39:35,232 [INFO] IntegrityCheckThread:86 - entering critical section [integrity check]
2025-05-20 10:39:35,232 [INFO] PluginManage:310 - Check plugin tools
2025-05-20 10:39:35,232 [INFO] ThirdPartyUpdaterWithRetryManager:70 - Updater plugin not ready yet. [1/15]
2025-05-20 10:39:35,280 [INFO] PluginManage:359 - Loaded plugin tools (category:base,tabindex:7)
2025-05-20 10:39:35,280 [INFO] PluginManage:310 - Check plugin tutovideos
2025-05-20 10:39:35,461 [INFO] PluginManage:359 - Loaded plugin tutovideos (category:base,tabindex:-1)
2025-05-20 10:39:35,461 [INFO] PluginManage:310 - Check plugin updater
2025-05-20 10:39:35,484 [INFO] PluginManage:359 - Loaded plugin updater (category:base,tabindex:12)
2025-05-20 10:39:35,484 [INFO] PluginManage:310 - Check plugin userauth
2025-05-20 10:39:35,490 [INFO] UserAuth:118 - Init User Auth plugin
2025-05-20 10:39:35,491 [INFO] PluginManage:359 - Loaded plugin userauth (category:base,tabindex:14)
2025-05-20 10:39:35,492 [INFO] PluginManage:283 - PluginManage : Loaded plugins [18]
2025-05-20 10:39:35,709 [INFO] PinOutPanel:1589 - setPackage(No Configuration,No Configuration)
2025-05-20 10:39:35,789 [INFO] CADModel:165 - CPN selected for project level
2025-05-20 10:39:35,789 [INFO] CADModel:114 - Register for checkConnection events
2025-05-20 10:39:35,817 [INFO] IPUIPlugin:80 - create IPUIPlugin
2025-05-20 10:39:35,817 [INFO] PluginManager:220 - loadIPPluginJar : add adc
2025-05-20 10:39:35,857 [INFO] IPUIPlugin:80 - create IPUIPlugin
2025-05-20 10:39:35,858 [INFO] PluginManager:220 - loadIPPluginJar : add aes
2025-05-20 10:39:35,903 [INFO] IPUIPlugin:80 - create IPUIPlugin
2025-05-20 10:39:35,903 [INFO] PluginManager:220 - loadIPPluginJar : add can
2025-05-20 10:39:35,930 [INFO] IPUIPlugin:80 - create IPUIPlugin
2025-05-20 10:39:35,930 [INFO] PluginManager:220 - loadIPPluginJar : add comp
2025-05-20 10:39:35,970 [INFO] IPUIPlugin:80 - create IPUIPlugin
2025-05-20 10:39:35,970 [INFO] PluginManager:220 - loadIPPluginJar : add cryp
2025-05-20 10:39:35,984 [INFO] IPUIPlugin:80 - create IPUIPlugin
2025-05-20 10:39:35,984 [INFO] PluginManager:220 - loadIPPluginJar : add ddr_ctrl_phy
2025-05-20 10:39:36,016 [INFO] IPUIPlugin:80 - create IPUIPlugin
2025-05-20 10:39:36,017 [INFO] PluginManager:220 - loadIPPluginJar : add dfsdm
2025-05-20 10:39:36,031 [INFO] IPUIPlugin:80 - create IPUIPlugin
2025-05-20 10:39:36,031 [INFO] PluginManager:220 - loadIPPluginJar : add dma
2025-05-20 10:39:36,072 [INFO] IPUIPlugin:80 - create IPUIPlugin
2025-05-20 10:39:36,072 [INFO] PluginManager:220 - loadIPPluginJar : add dma3
2025-05-20 10:39:36,118 [INFO] IPUIPlugin:80 - create IPUIPlugin
2025-05-20 10:39:36,118 [INFO] PluginManager:220 - loadIPPluginJar : add extmemmanager
2025-05-20 10:39:36,142 [INFO] IPUIPlugin:80 - create IPUIPlugin
2025-05-20 10:39:36,142 [INFO] PluginManager:220 - loadIPPluginJar : add fatfs
2025-05-20 10:39:36,196 [INFO] IPUIPlugin:80 - create IPUIPlugin
2025-05-20 10:39:36,196 [INFO] PluginManager:220 - loadIPPluginJar : add fmc
2025-05-20 10:39:36,236 [INFO] IPUIPlugin:80 - create IPUIPlugin
2025-05-20 10:39:36,236 [INFO] PluginManager:220 - loadIPPluginJar : add freertos
2025-05-20 10:39:36,263 [INFO] IPUIPlugin:80 - create IPUIPlugin
2025-05-20 10:39:36,263 [INFO] PluginManager:220 - loadIPPluginJar : add genericplugin
2025-05-20 10:39:36,391 [INFO] IPUIPlugin:80 - create IPUIPlugin
2025-05-20 10:39:36,391 [INFO] PluginManager:220 - loadIPPluginJar : add gfxmmu
2025-05-20 10:39:36,534 [INFO] IPUIPlugin:80 - create IPUIPlugin
2025-05-20 10:39:36,534 [INFO] PluginManager:220 - loadIPPluginJar : add gic
2025-05-20 10:39:36,713 [INFO] IPUIPlugin:80 - create IPUIPlugin
2025-05-20 10:39:36,713 [INFO] PluginManager:220 - loadIPPluginJar : add gpio
2025-05-20 10:39:36,816 [INFO] IPUIPlugin:80 - create IPUIPlugin
2025-05-20 10:39:36,816 [INFO] PluginManager:220 - loadIPPluginJar : add gtzc
2025-05-20 10:39:36,855 [INFO] IPUIPlugin:80 - create IPUIPlugin
2025-05-20 10:39:36,855 [INFO] PluginManager:220 - loadIPPluginJar : add hash
2025-05-20 10:39:36,918 [INFO] IPUIPlugin:80 - create IPUIPlugin
2025-05-20 10:39:36,918 [INFO] PluginManager:220 - loadIPPluginJar : add i2c
2025-05-20 10:39:36,964 [INFO] IPUIPlugin:80 - create IPUIPlugin
2025-05-20 10:39:36,964 [INFO] PluginManager:220 - loadIPPluginJar : add i2s
2025-05-20 10:39:37,011 [INFO] IPUIPlugin:80 - create IPUIPlugin
2025-05-20 10:39:37,011 [INFO] PluginManager:220 - loadIPPluginJar : add i3c
2025-05-20 10:39:37,139 [INFO] IPUIPlugin:80 - create IPUIPlugin
2025-05-20 10:39:37,139 [INFO] PluginManager:220 - loadIPPluginJar : add ipddr
2025-05-20 10:39:37,256 [INFO] IPUIPlugin:80 - create IPUIPlugin
2025-05-20 10:39:37,256 [INFO] PluginManager:220 - loadIPPluginJar : add linkedlist
2025-05-20 10:39:37,302 [INFO] IPUIPlugin:80 - create IPUIPlugin
2025-05-20 10:39:37,302 [INFO] PluginManager:220 - loadIPPluginJar : add lorawan
2025-05-20 10:39:37,345 [INFO] IPUIPlugin:80 - create IPUIPlugin
2025-05-20 10:39:37,345 [INFO] PluginManager:220 - loadIPPluginJar : add ltdc
2025-05-20 10:39:37,360 [INFO] IPUIPlugin:80 - create IPUIPlugin
2025-05-20 10:39:37,360 [INFO] PluginManager:220 - loadIPPluginJar : add mdma
2025-05-20 10:39:37,374 [INFO] IPUIPlugin:80 - create IPUIPlugin
2025-05-20 10:39:37,374 [INFO] PluginManager:220 - loadIPPluginJar : add nvic
2025-05-20 10:39:37,419 [INFO] IPUIPlugin:80 - create IPUIPlugin
2025-05-20 10:39:37,419 [INFO] PluginManager:220 - loadIPPluginJar : add opamp
2025-05-20 10:39:37,487 [INFO] IPUIPlugin:80 - create IPUIPlugin
2025-05-20 10:39:37,487 [INFO] PluginManager:220 - loadIPPluginJar : add openamp
2025-05-20 10:39:37,536 [INFO] IPUIPlugin:80 - create IPUIPlugin
2025-05-20 10:39:37,536 [INFO] PluginManager:220 - loadIPPluginJar : add pdm2pcm
2025-05-20 10:39:37,552 [INFO] IPUIPlugin:80 - create IPUIPlugin
2025-05-20 10:39:37,554 [INFO] PluginManager:220 - loadIPPluginJar : add plateformsettings
2025-05-20 10:39:37,580 [INFO] IPUIPlugin:80 - create IPUIPlugin
2025-05-20 10:39:37,580 [INFO] PluginManager:220 - loadIPPluginJar : add quadspi
2025-05-20 10:39:37,609 [INFO] IPUIPlugin:80 - create IPUIPlugin
2025-05-20 10:39:37,610 [INFO] PluginManager:220 - loadIPPluginJar : add radio
2025-05-20 10:39:37,624 [INFO] IPUIPlugin:80 - create IPUIPlugin
2025-05-20 10:39:37,625 [INFO] PluginManager:220 - loadIPPluginJar : add resmgrutility
2025-05-20 10:39:37,678 [INFO] IPUIPlugin:80 - create IPUIPlugin
2025-05-20 10:39:37,678 [INFO] PluginManager:220 - loadIPPluginJar : add sai
2025-05-20 10:39:37,720 [INFO] IPUIPlugin:80 - create IPUIPlugin
2025-05-20 10:39:37,720 [INFO] PluginManager:220 - loadIPPluginJar : add spi
2025-05-20 10:39:37,802 [INFO] IPUIPlugin:80 - create IPUIPlugin
2025-05-20 10:39:37,803 [INFO] PluginManager:220 - loadIPPluginJar : add stm32_wpan
2025-05-20 10:39:37,830 [INFO] IPUIPlugin:80 - create IPUIPlugin
2025-05-20 10:39:37,830 [INFO] PluginManager:220 - loadIPPluginJar : add tim
2025-05-20 10:39:37,896 [INFO] IPUIPlugin:80 - create IPUIPlugin
2025-05-20 10:39:37,896 [INFO] PluginManager:220 - loadIPPluginJar : add touchsensing
2025-05-20 10:39:37,922 [INFO] IPUIPlugin:80 - create IPUIPlugin
2025-05-20 10:39:37,923 [INFO] PluginManager:220 - loadIPPluginJar : add tracer_emb
2025-05-20 10:39:37,950 [INFO] IPUIPlugin:80 - create IPUIPlugin
2025-05-20 10:39:37,950 [INFO] PluginManager:220 - loadIPPluginJar : add ts
2025-05-20 10:39:37,978 [INFO] IPUIPlugin:80 - create IPUIPlugin
2025-05-20 10:39:37,978 [INFO] PluginManager:220 - loadIPPluginJar : add tsc
2025-05-20 10:39:38,004 [INFO] IPUIPlugin:80 - create IPUIPlugin
2025-05-20 10:39:38,004 [INFO] PluginManager:220 - loadIPPluginJar : add ucpd
2025-05-20 10:39:38,051 [INFO] IPUIPlugin:80 - create IPUIPlugin
2025-05-20 10:39:38,052 [INFO] PluginManager:220 - loadIPPluginJar : add usart
2025-05-20 10:39:38,101 [INFO] IPUIPlugin:80 - create IPUIPlugin
2025-05-20 10:39:38,101 [INFO] PluginManager:220 - loadIPPluginJar : add usbx
2025-05-20 10:39:38,228 [FATAL] Updater:351 - Updater called before beeing initialized
2025-05-20 10:39:38,232 [INFO] ThirdPartyUpdaterWithRetryManager:70 - Updater plugin not ready yet. [2/15]
2025-05-20 10:39:38,259 [INFO] RulesReader:64 - Compatibility file has been processed (301 Rules)
2025-05-20 10:39:38,270 [INFO] RulesReader:64 - Compatibility file has been processed (301 Rules)
2025-05-20 10:39:38,278 [INFO] CADModel:165 - CPN selected for project level
2025-05-20 10:39:38,278 [INFO] CADModel:114 - Register for checkConnection events
2025-05-20 10:39:38,278 [FATAL] Updater:351 - Updater called before beeing initialized
2025-05-20 10:39:38,278 [ERROR] CADModel:125 - Updater not yet initialized, retry later 
2025-05-20 10:39:38,417 [FATAL] Updater:351 - Updater called before beeing initialized
2025-05-20 10:39:38,419 [INFO] CADModel:165 - CPN selected for project level
2025-05-20 10:39:38,419 [INFO] CADModel:114 - Register for checkConnection events
2025-05-20 10:39:38,419 [FATAL] Updater:351 - Updater called before beeing initialized
2025-05-20 10:39:38,419 [ERROR] CADModel:125 - Updater not yet initialized, retry later 
2025-05-20 10:39:38,422 [FATAL] Updater:351 - Updater called before beeing initialized
2025-05-20 10:39:38,533 [FATAL] Updater:351 - Updater called before beeing initialized
2025-05-20 10:39:38,545 [INFO] DbMcusAds:53 - JSON generation date=Thu Sep 30 12:25:09 IST 2021 (1632984909247)
2025-05-20 10:39:38,545 [FATAL] Updater:351 - Updater called before beeing initialized
2025-05-20 10:39:38,583 [WARN] DetailPanel:346 - Failed to get advertising image, set to default
2025-05-20 10:39:38,826 [FATAL] Updater:351 - Updater called before beeing initialized
2025-05-20 10:39:38,827 [FATAL] Updater:351 - Updater called before beeing initialized
2025-05-20 10:39:38,828 [FATAL] Updater:351 - Updater called before beeing initialized
2025-05-20 10:39:38,828 [WARN] DetailPanel:346 - Failed to get advertising image, set to default
2025-05-20 10:39:38,829 [FATAL] Updater:351 - Updater called before beeing initialized
2025-05-20 10:39:38,890 [ERROR] Updater:1198 - MainUpdater not yet initialized. External WinMGr cannot be set.
2025-05-20 10:39:38,901 [INFO] Updater:1134 - Updater Version found : 6.14.0
2025-05-20 10:39:38,922 [INFO] ApplicationProperties:184 - Using Application install path: C:\ST\STM32CubeIDE_1.18.0\STM32CubeIDE\plugins\com.st.stm32cube.common.mx_6.14.0.202502271554
2025-05-20 10:39:40,499 [ERROR] LogOutputStream:75 - [STDERR_REDIRECT] May 20, 2025 10:39:40 AM java.util.prefs.WindowsPreferences <init>
2025-05-20 10:39:40,500 [ERROR] LogOutputStream:75 - [STDERR_REDIRECT] WARNING: Could not open/create prefs root node Software\JavaSoft\Prefs at root 0xffffffff80000002. Windows RegCreateKeyEx(...) returned error code 5.
2025-05-20 10:39:40,501 [ERROR] LogOutputStream:75 - [STDERR_REDIRECT] 
2025-05-20 10:39:40,829 [INFO] MainUpdater:2872 - connection check result : 10
2025-05-20 10:39:40,830 [INFO] MainUpdater:289 - Updater Check For Update Now.
2025-05-20 10:39:40,830 [INFO] MicroXplorer:498 - Change Database Version : DB.6.0.140
2025-05-20 10:39:40,855 [INFO] McuFinderGlobals:63 - Set McuFinder mode to 2 (CubeIDE integrated)
2025-05-20 10:39:40,855 [INFO] UserAuth:171 - activating auth plugin
2025-05-20 10:39:40,887 [INFO] UserAuth:486 - Internet connection configuration mode: 1
2025-05-20 10:39:40,962 [INFO] JxBrowserEngine:152 - Initiate JxBrowser Engine with user profile folder
2025-05-20 10:39:41,146 [INFO] CheckServerUpdateThread:120 - End of CheckServer Thread
2025-05-20 10:39:41,458 [WARN] PackLoader:240 - Cannot read IP mode file for STMicroelectronics.FP-SNS-MOTENVWB1.1.4.0
2025-05-20 10:39:41,497 [WARN] PackLoader:240 - Cannot read IP mode file for STMicroelectronics.X-CUBE-SMBUS.2.1.0
2025-05-20 10:39:41,788 [WARN] PackLoader:240 - Cannot read IP mode file for STMicroelectronics.X-CUBE-DISPLAY.3.0.0
2025-05-20 10:39:41,841 [WARN] PackLoader:240 - Cannot read IP mode file for STMicroelectronics.X-CUBE-NFC10.1.0.0
2025-05-20 10:39:42,059 [WARN] PackLoader:240 - Cannot read IP mode file for STMicroelectronics.X-CUBE-BLEMGR.4.0.0
2025-05-20 10:39:42,085 [WARN] PackLoader:240 - Cannot read IP mode file for STMicroelectronics.X-CUBE-AI.10.0.0
2025-05-20 10:39:42,105 [WARN] PackLoader:240 - Cannot read IP mode file for STMicroelectronics.FP-SNS-SMARTAG2.1.2.0
2025-05-20 10:39:42,127 [WARN] PackLoader:240 - Cannot read IP mode file for STMicroelectronics.FP-SNS-MOTENV1.5.0.0
2025-05-20 10:39:42,149 [WARN] PackLoader:240 - Cannot read IP mode file for STMicroelectronics.X-CUBE-BLE2.3.3.0
2025-05-20 10:39:42,169 [WARN] PackLoader:240 - Cannot read IP mode file for STMicroelectronics.X-CUBE-NFC9.1.0.0
2025-05-20 10:39:42,194 [WARN] PackLoader:240 - Cannot read IP mode file for STMicroelectronics.X-CUBE-SAFEA1.1.2.2
2025-05-20 10:39:42,223 [WARN] PackLoader:240 - Cannot read IP mode file for STMicroelectronics.X-CUBE-NFC4.3.0.0
2025-05-20 10:39:42,243 [WARN] PackLoader:240 - Cannot read IP mode file for STMicroelectronics.X-CUBE-TCPP.4.2.0
2025-05-20 10:39:42,265 [WARN] PackLoader:240 - Cannot read IP mode file for STMicroelectronics.FP-ATR-SIGFOX1.3.2.0
2025-05-20 10:39:42,299 [WARN] PackLoader:240 - Cannot read IP mode file for STMicroelectronics.X-CUBE-EEPRMA1.5.1.0
2025-05-20 10:39:42,321 [WARN] PackLoader:240 - Cannot read IP mode file for STMicroelectronics.X-CUBE-ISPU.2.1.0
2025-05-20 10:39:42,349 [WARN] PackLoader:240 - Cannot read IP mode file for STMicroelectronics.X-CUBE-NFC6.3.1.0
2025-05-20 10:39:42,378 [WARN] PackLoader:240 - Cannot read IP mode file for STMicroelectronics.X-CUBE-SFXS2LP1.4.0.0
2025-05-20 10:39:42,401 [WARN] PackLoader:240 - Cannot read IP mode file for STMicroelectronics.X-CUBE-GNSS1.7.0.1
2025-05-20 10:39:42,422 [WARN] PackLoader:240 - Cannot read IP mode file for STMicroelectronics.FP-SNS-STBOX1.2.0.0
2025-05-20 10:39:42,460 [WARN] PackLoader:240 - Cannot read IP mode file for STMicroelectronics.X-CUBE-SUBG2.5.0.0
2025-05-20 10:39:42,490 [WARN] PackLoader:240 - Cannot read IP mode file for STMicroelectronics.X-CUBE-IPS.3.1.0
2025-05-20 10:39:42,517 [WARN] PackLoader:240 - Cannot read IP mode file for STMicroelectronics.X-CUBE-ALS.1.0.2
2025-05-20 10:39:42,518 [INFO] ThirdParty:978 - Integrity check success = true
2025-05-20 10:39:42,518 [INFO] IntegrityCheckThread:100 - exiting critical section [integrity check]
2025-05-20 10:39:42,518 [INFO] IntegrityCheckThread:103 - End integrity checks thread
2025-05-20 10:39:43,577 [INFO] WebApp:169 - Instantiating new browser for Auth
2025-05-20 10:39:44,488 [INFO] WebApp:463 - Apply proxy settings
2025-05-20 10:39:44,489 [INFO] WebApp:548 - Chromium requires no authentication
2025-05-20 10:39:44,502 [INFO] WebApp:491 - Direct internet connection detected
2025-05-20 10:39:44,544 [INFO] WebApp:894 - Register for checkConnection events
2025-05-20 10:39:44,545 [INFO] WebApp:463 - Apply proxy settings
2025-05-20 10:39:44,545 [INFO] WebApp:548 - Chromium requires no authentication
2025-05-20 10:39:44,545 [INFO] WebApp:491 - Direct internet connection detected
2025-05-20 10:39:44,810 [INFO] WebApp:225 - Starting web application
2025-05-20 10:39:44,810 [INFO] WebApp:593 - Web application path used C:\ST\STM32CubeIDE_1.18.0\STM32CubeIDE\plugins\com.st.stm32cube.common.mx_6.14.0.202502271554\db\plugins\mcufinder\reactClient1\index.html
2025-05-20 10:39:44,832 [INFO] WebApp:191 - Connection restablished
2025-05-20 10:47:42,386 [ERROR] LogOutputStream:75 - [STDERR_REDIRECT] 
2025-05-20 10:47:42,387 [ERROR] LogOutputStream:75 - [STDERR_REDIRECT] 
2025-05-20 10:54:16,633 [INFO] Activator:176 - 


2025-05-20 10:54:16,648 [INFO] Activator:177 - !SESSION log4j initialized
2025-05-20 10:54:21,244 [INFO] LogOutputStream:77 - [STDOUT_REDIRECT] 
2025-05-20 10:54:23,264 [INFO] ApplicationProperties:184 - Using Application install path: C:\ST\STM32CubeIDE_1.18.0\STM32CubeIDE\plugins\com.st.stm32cube.common.mx_6.14.0.202502271554
2025-05-20 10:54:23,275 [INFO] DbMcusXml:78 - Set database path to: C:\ST\STM32CubeIDE_1.18.0\STM32CubeIDE\plugins\com.st.stm32cube.common.mx_6.14.0.202502271554\\db\/mcu/
2025-05-20 10:54:23,275 [INFO] ApiDb:274 - Set plugin database path to: C:\ST\STM32CubeIDE_1.18.0\STM32CubeIDE\plugins\com.st.stm32cube.common.mx_6.14.0.202502271554\\db\/plugins/boardmanager/
2025-05-20 10:54:23,276 [WARN] ApiDb:259 - Overriding images path with different value:  => C:\ST\STM32CubeIDE_1.18.0\STM32CubeIDE\plugins\com.st.stm32cube.common.mx_6.14.0.202502271554\\db\/plugins/mcufinder/images/
2025-05-20 10:54:23,279 [INFO] ApiDb:250 - Set database path to: C:\Users\Admin\.stmcufinder\plugins\mcufinder//mcu/
2025-05-20 10:54:23,280 [INFO] DbMcusAds:125 - Set database path to: C:\Users\Admin\.stmcufinder\plugins\mcufinder//mcu/
2025-05-20 10:54:23,281 [INFO] CrossReferenceDbSqlite:203 - Set database path to: C:\Users\Admin\.stmcufinder\plugins\mcufinder//mcu/cs/
2025-05-20 10:54:23,380 [INFO] RulesReader:64 - Compatibility file has been processed (301 Rules)
2025-05-20 10:54:23,445 [INFO] DbMcusXml:78 - Set database path to: C:\ST\STM32CubeIDE_1.18.0\STM32CubeIDE\plugins\com.st.stm32cube.common.mx_6.14.0.202502271554\\db\/mcu/
2025-05-20 10:54:23,445 [INFO] ApiDb:274 - Set plugin database path to: C:\ST\STM32CubeIDE_1.18.0\STM32CubeIDE\plugins\com.st.stm32cube.common.mx_6.14.0.202502271554\\db\/plugins/boardmanager/
2025-05-20 10:54:23,445 [INFO] ApiDb:261 - Set plugin images path to: C:\ST\STM32CubeIDE_1.18.0\STM32CubeIDE\plugins\com.st.stm32cube.common.mx_6.14.0.202502271554\\db\/plugins/mcufinder/images/
2025-05-20 10:54:23,445 [WARN] DbFile:41 - Overriding database path with different value: C:\Users\Admin\.stmcufinder\plugins\mcufinder/ => C:\Users\Admin\.stmcufinder\plugins\mcufinder
2025-05-20 10:54:23,445 [INFO] ApiDb:250 - Set database path to: C:\Users\Admin\.stmcufinder\plugins\mcufinder//mcu/
2025-05-20 10:54:23,445 [WARN] DbFile:41 - Overriding database path with different value: C:\Users\Admin\.stmcufinder\plugins\mcufinder/ => C:\Users\Admin\.stmcufinder\plugins\mcufinder
2025-05-20 10:54:23,445 [INFO] DbMcusAds:125 - Set database path to: C:\Users\Admin\.stmcufinder\plugins\mcufinder//mcu/
2025-05-20 10:54:23,445 [WARN] DbFile:41 - Overriding database path with different value: C:\Users\Admin\.stmcufinder\plugins\mcufinder/ => C:\Users\Admin\.stmcufinder\plugins\mcufinder
2025-05-20 10:54:23,445 [WARN] DbFile:41 - Overriding database path with different value: C:\Users\Admin\.stmcufinder\plugins\mcufinder/ => C:\Users\Admin\.stmcufinder\plugins\mcufinder
2025-05-20 10:54:23,446 [INFO] CrossReferenceDbSqlite:203 - Set database path to: C:\Users\Admin\.stmcufinder\plugins\mcufinder//mcu/cs/
2025-05-20 10:54:23,506 [INFO] MainPanel:272 - HeapMemory: 268435456
2025-05-20 10:54:23,567 [INFO] DbMcusXml:78 - Set database path to: C:\ST\STM32CubeIDE_1.18.0\STM32CubeIDE\plugins\com.st.stm32cube.common.mx_6.14.0.202502271554\\db\/mcu/
2025-05-20 10:54:23,567 [INFO] ApiDb:274 - Set plugin database path to: C:\ST\STM32CubeIDE_1.18.0\STM32CubeIDE\plugins\com.st.stm32cube.common.mx_6.14.0.202502271554\\db\/plugins/boardmanager/
2025-05-20 10:54:23,567 [INFO] ApiDb:261 - Set plugin images path to: C:\ST\STM32CubeIDE_1.18.0\STM32CubeIDE\plugins\com.st.stm32cube.common.mx_6.14.0.202502271554\\db\/plugins/mcufinder/images/
2025-05-20 10:54:23,568 [WARN] DbFile:41 - Overriding database path with different value: C:\Users\Admin\.stmcufinder\plugins\mcufinder/ => C:\Users\Admin\.stmcufinder\plugins\mcufinder
2025-05-20 10:54:23,568 [INFO] ApiDb:250 - Set database path to: C:\Users\Admin\.stmcufinder\plugins\mcufinder//mcu/
2025-05-20 10:54:23,568 [WARN] DbFile:41 - Overriding database path with different value: C:\Users\Admin\.stmcufinder\plugins\mcufinder/ => C:\Users\Admin\.stmcufinder\plugins\mcufinder
2025-05-20 10:54:23,568 [INFO] DbMcusAds:125 - Set database path to: C:\Users\Admin\.stmcufinder\plugins\mcufinder//mcu/
2025-05-20 10:54:23,568 [WARN] DbFile:41 - Overriding database path with different value: C:\Users\Admin\.stmcufinder\plugins\mcufinder/ => C:\Users\Admin\.stmcufinder\plugins\mcufinder
2025-05-20 10:54:23,568 [WARN] DbFile:41 - Overriding database path with different value: C:\Users\Admin\.stmcufinder\plugins\mcufinder/ => C:\Users\Admin\.stmcufinder\plugins\mcufinder
2025-05-20 10:54:23,568 [INFO] CrossReferenceDbSqlite:203 - Set database path to: C:\Users\Admin\.stmcufinder\plugins\mcufinder//mcu/cs/
2025-05-20 10:54:23,582 [INFO] ApplicationProperties:184 - Using Application install path: C:\ST\STM32CubeIDE_1.18.0\STM32CubeIDE\plugins\com.st.stm32cube.common.mx_6.14.0.202502271554
2025-05-20 10:54:23,583 [INFO] PluginManage:196 - Search for loadable plugins [exclusion list=, ]
2025-05-20 10:54:23,584 [INFO] PluginManage:310 - Check plugin analytics
2025-05-20 10:54:23,729 [INFO] AnalyticsPlugin:253 - Accepted Software Licenses: 
2025-05-20 10:54:23,729 [INFO] AnalyticsPlugin:255 - Accepted CMSIS Pack Licenses: 
2025-05-20 10:54:23,730 [INFO] AnalyticsPlugin:257 - Accepted Firmware Licenses: FW.F4.1.28.0
2025-05-20 10:54:23,732 [INFO] PluginManage:359 - Loaded plugin analytics (category:tool,tabindex:-1)
2025-05-20 10:54:23,732 [INFO] PluginManage:310 - Check plugin cadmodel
2025-05-20 10:54:23,748 [INFO] CADModel:105 - Init CAD model plugin
2025-05-20 10:54:23,748 [INFO] PluginManage:359 - Loaded plugin cadmodel (category:power,tabindex:5)
2025-05-20 10:54:23,748 [INFO] PluginManage:310 - Check plugin clock
2025-05-20 10:54:23,765 [INFO] PluginManage:359 - Loaded plugin clock (category:base,tabindex:2)
2025-05-20 10:54:23,765 [INFO] PluginManage:310 - Check plugin ddr
2025-05-20 10:54:23,766 [INFO] PluginManage:359 - Loaded plugin ddr (category:tool,tabindex:6)
2025-05-20 10:54:23,766 [INFO] PluginManage:310 - Check plugin filemanager
2025-05-20 10:54:23,881 [INFO] PluginManage:359 - Loaded plugin filemanager (category:base,tabindex:10)
2025-05-20 10:54:23,881 [INFO] PluginManage:310 - Check plugin ipmanager
2025-05-20 10:54:23,887 [INFO] PluginManage:359 - Loaded plugin ipmanager (category:base,tabindex:5)
2025-05-20 10:54:23,887 [INFO] PluginManage:310 - Check plugin lpbam
2025-05-20 10:54:23,903 [INFO] PluginManage:359 - Loaded plugin lpbam (category:base,tabindex:0)
2025-05-20 10:54:23,903 [INFO] PluginManage:310 - Check plugin memorymap
2025-05-20 10:54:23,921 [INFO] PluginManage:359 - Loaded plugin memorymap (category:base,tabindex:4)
2025-05-20 10:54:23,921 [INFO] PluginManage:310 - Check plugin pinoutandconfiguration
2025-05-20 10:54:23,937 [INFO] PluginManage:359 - Loaded plugin pinoutandconfiguration (category:base,tabindex:1)
2025-05-20 10:54:23,937 [INFO] PluginManage:310 - Check plugin pinoutconfig
2025-05-20 10:54:24,020 [WARN] SupportedApi:132 - Cannot load RTOS API schema: s4s-elt-must-match.1: The content of 'definitions' must match (annotation?, (simpleType | complexType)?, (unique | key | keyref)*)). A problem was found starting at: attribute.
2025-05-20 10:54:24,127 [INFO] PluginManage:359 - Loaded plugin pinoutconfig (category:base,tabindex:0)
2025-05-20 10:54:24,127 [INFO] PluginManage:310 - Check plugin power
2025-05-20 10:54:24,144 [INFO] PluginManage:359 - Loaded plugin power (category:power,tabindex:4)
2025-05-20 10:54:24,145 [INFO] PluginManage:310 - Check plugin projectmanager
2025-05-20 10:54:24,158 [INFO] PluginManage:359 - Loaded plugin projectmanager (category:projectmanager,tabindex:4)
2025-05-20 10:54:24,158 [INFO] PluginManage:310 - Check plugin rif
2025-05-20 10:54:24,173 [INFO] PluginManage:359 - Loaded plugin rif (category:base,tabindex:3)
2025-05-20 10:54:24,173 [INFO] PluginManage:310 - Check plugin thirdparty
2025-05-20 10:54:24,343 [WARN] IntegrityCheckThread:84 - waiting for thirdparty lock release [integrity check]
2025-05-20 10:54:24,344 [INFO] PluginManage:359 - Loaded plugin thirdparty (category:base,tabindex:-1)
2025-05-20 10:54:24,344 [INFO] IntegrityCheckThread:86 - entering critical section [integrity check]
2025-05-20 10:54:24,344 [INFO] PluginManage:310 - Check plugin tools
2025-05-20 10:54:24,344 [INFO] ThirdPartyUpdaterWithRetryManager:70 - Updater plugin not ready yet. [1/15]
2025-05-20 10:54:24,347 [INFO] PluginManage:359 - Loaded plugin tools (category:base,tabindex:7)
2025-05-20 10:54:24,347 [INFO] PluginManage:310 - Check plugin tutovideos
2025-05-20 10:54:24,489 [INFO] PluginManage:359 - Loaded plugin tutovideos (category:base,tabindex:-1)
2025-05-20 10:54:24,490 [INFO] PluginManage:310 - Check plugin updater
2025-05-20 10:54:24,506 [INFO] PluginManage:359 - Loaded plugin updater (category:base,tabindex:12)
2025-05-20 10:54:24,506 [INFO] PluginManage:310 - Check plugin userauth
2025-05-20 10:54:24,509 [INFO] UserAuth:118 - Init User Auth plugin
2025-05-20 10:54:24,510 [INFO] PluginManage:359 - Loaded plugin userauth (category:base,tabindex:14)
2025-05-20 10:54:24,510 [INFO] PluginManage:283 - PluginManage : Loaded plugins [18]
2025-05-20 10:54:24,678 [INFO] PinOutPanel:1589 - setPackage(No Configuration,No Configuration)
2025-05-20 10:54:24,744 [INFO] CADModel:165 - CPN selected for project level
2025-05-20 10:54:24,745 [INFO] CADModel:114 - Register for checkConnection events
2025-05-20 10:54:24,769 [INFO] IPUIPlugin:80 - create IPUIPlugin
2025-05-20 10:54:24,769 [INFO] PluginManager:220 - loadIPPluginJar : add adc
2025-05-20 10:54:24,808 [INFO] IPUIPlugin:80 - create IPUIPlugin
2025-05-20 10:54:24,809 [INFO] PluginManager:220 - loadIPPluginJar : add aes
2025-05-20 10:54:24,853 [INFO] IPUIPlugin:80 - create IPUIPlugin
2025-05-20 10:54:24,853 [INFO] PluginManager:220 - loadIPPluginJar : add can
2025-05-20 10:54:24,855 [INFO] IPUIPlugin:80 - create IPUIPlugin
2025-05-20 10:54:24,855 [INFO] PluginManager:220 - loadIPPluginJar : add comp
2025-05-20 10:54:24,892 [INFO] IPUIPlugin:80 - create IPUIPlugin
2025-05-20 10:54:24,892 [INFO] PluginManager:220 - loadIPPluginJar : add cryp
2025-05-20 10:54:24,894 [INFO] IPUIPlugin:80 - create IPUIPlugin
2025-05-20 10:54:24,894 [INFO] PluginManager:220 - loadIPPluginJar : add ddr_ctrl_phy
2025-05-20 10:54:24,896 [INFO] IPUIPlugin:80 - create IPUIPlugin
2025-05-20 10:54:24,896 [INFO] PluginManager:220 - loadIPPluginJar : add dfsdm
2025-05-20 10:54:24,900 [INFO] IPUIPlugin:80 - create IPUIPlugin
2025-05-20 10:54:24,901 [INFO] PluginManager:220 - loadIPPluginJar : add dma
2025-05-20 10:54:24,903 [INFO] IPUIPlugin:80 - create IPUIPlugin
2025-05-20 10:54:24,903 [INFO] PluginManager:220 - loadIPPluginJar : add dma3
2025-05-20 10:54:24,905 [INFO] IPUIPlugin:80 - create IPUIPlugin
2025-05-20 10:54:24,905 [INFO] PluginManager:220 - loadIPPluginJar : add extmemmanager
2025-05-20 10:54:24,906 [INFO] IPUIPlugin:80 - create IPUIPlugin
2025-05-20 10:54:24,906 [INFO] PluginManager:220 - loadIPPluginJar : add fatfs
2025-05-20 10:54:24,909 [INFO] IPUIPlugin:80 - create IPUIPlugin
2025-05-20 10:54:24,909 [INFO] PluginManager:220 - loadIPPluginJar : add fmc
2025-05-20 10:54:24,913 [INFO] IPUIPlugin:80 - create IPUIPlugin
2025-05-20 10:54:24,913 [INFO] PluginManager:220 - loadIPPluginJar : add freertos
2025-05-20 10:54:24,914 [INFO] IPUIPlugin:80 - create IPUIPlugin
2025-05-20 10:54:24,914 [INFO] PluginManager:220 - loadIPPluginJar : add genericplugin
2025-05-20 10:54:24,916 [INFO] IPUIPlugin:80 - create IPUIPlugin
2025-05-20 10:54:24,916 [INFO] PluginManager:220 - loadIPPluginJar : add gfxmmu
2025-05-20 10:54:24,919 [INFO] IPUIPlugin:80 - create IPUIPlugin
2025-05-20 10:54:24,919 [INFO] PluginManager:220 - loadIPPluginJar : add gic
2025-05-20 10:54:24,922 [INFO] IPUIPlugin:80 - create IPUIPlugin
2025-05-20 10:54:24,922 [INFO] PluginManager:220 - loadIPPluginJar : add gpio
2025-05-20 10:54:24,924 [INFO] IPUIPlugin:80 - create IPUIPlugin
2025-05-20 10:54:24,924 [INFO] PluginManager:220 - loadIPPluginJar : add gtzc
2025-05-20 10:54:24,926 [INFO] IPUIPlugin:80 - create IPUIPlugin
2025-05-20 10:54:24,926 [INFO] PluginManager:220 - loadIPPluginJar : add hash
2025-05-20 10:54:24,928 [INFO] IPUIPlugin:80 - create IPUIPlugin
2025-05-20 10:54:24,928 [INFO] PluginManager:220 - loadIPPluginJar : add i2c
2025-05-20 10:54:24,930 [INFO] IPUIPlugin:80 - create IPUIPlugin
2025-05-20 10:54:24,930 [INFO] PluginManager:220 - loadIPPluginJar : add i2s
2025-05-20 10:54:24,932 [INFO] IPUIPlugin:80 - create IPUIPlugin
2025-05-20 10:54:24,932 [INFO] PluginManager:220 - loadIPPluginJar : add i3c
2025-05-20 10:54:24,935 [INFO] IPUIPlugin:80 - create IPUIPlugin
2025-05-20 10:54:24,935 [INFO] PluginManager:220 - loadIPPluginJar : add ipddr
2025-05-20 10:54:24,940 [INFO] IPUIPlugin:80 - create IPUIPlugin
2025-05-20 10:54:24,940 [INFO] PluginManager:220 - loadIPPluginJar : add linkedlist
2025-05-20 10:54:24,942 [INFO] IPUIPlugin:80 - create IPUIPlugin
2025-05-20 10:54:24,942 [INFO] PluginManager:220 - loadIPPluginJar : add lorawan
2025-05-20 10:54:24,943 [INFO] IPUIPlugin:80 - create IPUIPlugin
2025-05-20 10:54:24,943 [INFO] PluginManager:220 - loadIPPluginJar : add ltdc
2025-05-20 10:54:24,947 [INFO] IPUIPlugin:80 - create IPUIPlugin
2025-05-20 10:54:24,948 [INFO] PluginManager:220 - loadIPPluginJar : add mdma
2025-05-20 10:54:24,950 [INFO] IPUIPlugin:80 - create IPUIPlugin
2025-05-20 10:54:24,950 [INFO] PluginManager:220 - loadIPPluginJar : add nvic
2025-05-20 10:54:24,952 [INFO] IPUIPlugin:80 - create IPUIPlugin
2025-05-20 10:54:24,952 [INFO] PluginManager:220 - loadIPPluginJar : add opamp
2025-05-20 10:54:24,954 [INFO] IPUIPlugin:80 - create IPUIPlugin
2025-05-20 10:54:24,954 [INFO] PluginManager:220 - loadIPPluginJar : add openamp
2025-05-20 10:54:24,955 [INFO] IPUIPlugin:80 - create IPUIPlugin
2025-05-20 10:54:24,955 [INFO] PluginManager:220 - loadIPPluginJar : add pdm2pcm
2025-05-20 10:54:24,960 [INFO] IPUIPlugin:80 - create IPUIPlugin
2025-05-20 10:54:24,961 [INFO] PluginManager:220 - loadIPPluginJar : add plateformsettings
2025-05-20 10:54:24,963 [INFO] IPUIPlugin:80 - create IPUIPlugin
2025-05-20 10:54:24,963 [INFO] PluginManager:220 - loadIPPluginJar : add quadspi
2025-05-20 10:54:24,965 [INFO] IPUIPlugin:80 - create IPUIPlugin
2025-05-20 10:54:24,965 [INFO] PluginManager:220 - loadIPPluginJar : add radio
2025-05-20 10:54:24,966 [INFO] IPUIPlugin:80 - create IPUIPlugin
2025-05-20 10:54:24,966 [INFO] PluginManager:220 - loadIPPluginJar : add resmgrutility
2025-05-20 10:54:24,969 [INFO] IPUIPlugin:80 - create IPUIPlugin
2025-05-20 10:54:24,969 [INFO] PluginManager:220 - loadIPPluginJar : add sai
2025-05-20 10:54:24,971 [INFO] IPUIPlugin:80 - create IPUIPlugin
2025-05-20 10:54:24,971 [INFO] PluginManager:220 - loadIPPluginJar : add spi
2025-05-20 10:54:24,975 [INFO] IPUIPlugin:80 - create IPUIPlugin
2025-05-20 10:54:24,976 [INFO] PluginManager:220 - loadIPPluginJar : add stm32_wpan
2025-05-20 10:54:24,977 [INFO] IPUIPlugin:80 - create IPUIPlugin
2025-05-20 10:54:24,977 [INFO] PluginManager:220 - loadIPPluginJar : add tim
2025-05-20 10:54:24,980 [INFO] IPUIPlugin:80 - create IPUIPlugin
2025-05-20 10:54:24,980 [INFO] PluginManager:220 - loadIPPluginJar : add touchsensing
2025-05-20 10:54:24,982 [INFO] IPUIPlugin:80 - create IPUIPlugin
2025-05-20 10:54:24,982 [INFO] PluginManager:220 - loadIPPluginJar : add tracer_emb
2025-05-20 10:54:24,983 [INFO] IPUIPlugin:80 - create IPUIPlugin
2025-05-20 10:54:24,983 [INFO] PluginManager:220 - loadIPPluginJar : add ts
2025-05-20 10:54:24,984 [INFO] IPUIPlugin:80 - create IPUIPlugin
2025-05-20 10:54:24,984 [INFO] PluginManager:220 - loadIPPluginJar : add tsc
2025-05-20 10:54:24,987 [INFO] IPUIPlugin:80 - create IPUIPlugin
2025-05-20 10:54:24,987 [INFO] PluginManager:220 - loadIPPluginJar : add ucpd
2025-05-20 10:54:24,989 [INFO] IPUIPlugin:80 - create IPUIPlugin
2025-05-20 10:54:24,989 [INFO] PluginManager:220 - loadIPPluginJar : add usart
2025-05-20 10:54:24,991 [INFO] IPUIPlugin:80 - create IPUIPlugin
2025-05-20 10:54:24,992 [INFO] PluginManager:220 - loadIPPluginJar : add usbx
2025-05-20 10:54:25,109 [FATAL] Updater:351 - Updater called before beeing initialized
2025-05-20 10:54:25,144 [INFO] RulesReader:64 - Compatibility file has been processed (301 Rules)
2025-05-20 10:54:25,154 [INFO] RulesReader:64 - Compatibility file has been processed (301 Rules)
2025-05-20 10:54:25,161 [INFO] CADModel:165 - CPN selected for project level
2025-05-20 10:54:25,161 [INFO] CADModel:114 - Register for checkConnection events
2025-05-20 10:54:25,162 [FATAL] Updater:351 - Updater called before beeing initialized
2025-05-20 10:54:25,162 [ERROR] CADModel:125 - Updater not yet initialized, retry later 
2025-05-20 10:54:25,266 [FATAL] Updater:351 - Updater called before beeing initialized
2025-05-20 10:54:25,267 [INFO] CADModel:165 - CPN selected for project level
2025-05-20 10:54:25,267 [INFO] CADModel:114 - Register for checkConnection events
2025-05-20 10:54:25,267 [FATAL] Updater:351 - Updater called before beeing initialized
2025-05-20 10:54:25,267 [ERROR] CADModel:125 - Updater not yet initialized, retry later 
2025-05-20 10:54:25,270 [FATAL] Updater:351 - Updater called before beeing initialized
2025-05-20 10:54:25,364 [FATAL] Updater:351 - Updater called before beeing initialized
2025-05-20 10:54:25,368 [INFO] DbMcusAds:53 - JSON generation date=Thu Sep 30 12:25:09 IST 2021 (1632984909247)
2025-05-20 10:54:25,368 [FATAL] Updater:351 - Updater called before beeing initialized
2025-05-20 10:54:25,397 [WARN] DetailPanel:346 - Failed to get advertising image, set to default
2025-05-20 10:54:25,624 [FATAL] Updater:351 - Updater called before beeing initialized
2025-05-20 10:54:25,625 [FATAL] Updater:351 - Updater called before beeing initialized
2025-05-20 10:54:25,625 [FATAL] Updater:351 - Updater called before beeing initialized
2025-05-20 10:54:25,625 [WARN] DetailPanel:346 - Failed to get advertising image, set to default
2025-05-20 10:54:25,626 [FATAL] Updater:351 - Updater called before beeing initialized
2025-05-20 10:54:25,663 [ERROR] Updater:1198 - MainUpdater not yet initialized. External WinMGr cannot be set.
2025-05-20 10:54:25,664 [INFO] Updater:1134 - Updater Version found : 6.14.0
2025-05-20 10:54:25,678 [INFO] ApplicationProperties:184 - Using Application install path: C:\ST\STM32CubeIDE_1.18.0\STM32CubeIDE\plugins\com.st.stm32cube.common.mx_6.14.0.202502271554
2025-05-20 10:54:27,249 [ERROR] LogOutputStream:75 - [STDERR_REDIRECT] May 20, 2025 10:54:27 AM java.util.prefs.WindowsPreferences <init>
2025-05-20 10:54:27,251 [ERROR] LogOutputStream:75 - [STDERR_REDIRECT] WARNING: Could not open/create prefs root node Software\JavaSoft\Prefs at root 0xffffffff80000002. Windows RegCreateKeyEx(...) returned error code 5.
2025-05-20 10:54:27,251 [ERROR] LogOutputStream:75 - [STDERR_REDIRECT] 
2025-05-20 10:54:27,344 [INFO] ThirdPartyUpdaterWithRetryManager:70 - Updater plugin not ready yet. [2/15]
2025-05-20 10:54:27,449 [INFO] MainUpdater:2872 - connection check result : 10
2025-05-20 10:54:27,450 [INFO] MainUpdater:289 - Updater Check For Update Now.
2025-05-20 10:54:27,450 [INFO] MicroXplorer:498 - Change Database Version : DB.6.0.140
2025-05-20 10:54:27,458 [INFO] McuFinderGlobals:63 - Set McuFinder mode to 2 (CubeIDE integrated)
2025-05-20 10:54:27,458 [INFO] UserAuth:171 - activating auth plugin
2025-05-20 10:54:27,461 [INFO] UserAuth:486 - Internet connection configuration mode: 1
2025-05-20 10:54:27,477 [INFO] JxBrowserEngine:152 - Initiate JxBrowser Engine with user profile folder
2025-05-20 10:54:27,625 [INFO] CheckServerUpdateThread:120 - End of CheckServer Thread
2025-05-20 10:54:28,021 [INFO] WebApp:169 - Instantiating new browser for Auth
2025-05-20 10:54:28,644 [INFO] WebApp:463 - Apply proxy settings
2025-05-20 10:54:28,644 [INFO] WebApp:548 - Chromium requires no authentication
2025-05-20 10:54:28,653 [INFO] WebApp:491 - Direct internet connection detected
2025-05-20 10:54:28,676 [INFO] WebApp:894 - Register for checkConnection events
2025-05-20 10:54:28,677 [INFO] WebApp:463 - Apply proxy settings
2025-05-20 10:54:28,677 [INFO] WebApp:548 - Chromium requires no authentication
2025-05-20 10:54:28,677 [INFO] WebApp:491 - Direct internet connection detected
2025-05-20 10:54:28,936 [INFO] WebApp:225 - Starting web application
2025-05-20 10:54:28,936 [INFO] WebApp:593 - Web application path used C:\ST\STM32CubeIDE_1.18.0\STM32CubeIDE\plugins\com.st.stm32cube.common.mx_6.14.0.202502271554\db\plugins\mcufinder\reactClient1\index.html
2025-05-20 10:54:28,980 [INFO] WebApp:191 - Connection restablished
2025-05-20 10:54:30,496 [WARN] PackLoader:240 - Cannot read IP mode file for STMicroelectronics.FP-SNS-MOTENVWB1.1.4.0
2025-05-20 10:54:30,509 [WARN] PackLoader:240 - Cannot read IP mode file for STMicroelectronics.X-CUBE-SMBUS.2.1.0
2025-05-20 10:54:30,520 [WARN] PackLoader:240 - Cannot read IP mode file for STMicroelectronics.X-CUBE-DISPLAY.3.0.0
2025-05-20 10:54:30,539 [WARN] PackLoader:240 - Cannot read IP mode file for STMicroelectronics.X-CUBE-NFC10.1.0.0
2025-05-20 10:54:30,551 [WARN] PackLoader:240 - Cannot read IP mode file for STMicroelectronics.X-CUBE-BLEMGR.4.0.0
2025-05-20 10:54:30,559 [WARN] PackLoader:240 - Cannot read IP mode file for STMicroelectronics.X-CUBE-AI.10.0.0
2025-05-20 10:54:30,565 [WARN] PackLoader:240 - Cannot read IP mode file for STMicroelectronics.FP-SNS-SMARTAG2.1.2.0
2025-05-20 10:54:30,571 [WARN] PackLoader:240 - Cannot read IP mode file for STMicroelectronics.FP-SNS-MOTENV1.5.0.0
2025-05-20 10:54:30,578 [WARN] PackLoader:240 - Cannot read IP mode file for STMicroelectronics.X-CUBE-BLE2.3.3.0
2025-05-20 10:54:30,585 [WARN] PackLoader:240 - Cannot read IP mode file for STMicroelectronics.X-CUBE-NFC9.1.0.0
2025-05-20 10:54:30,594 [WARN] PackLoader:240 - Cannot read IP mode file for STMicroelectronics.X-CUBE-SAFEA1.1.2.2
2025-05-20 10:54:30,600 [WARN] PackLoader:240 - Cannot read IP mode file for STMicroelectronics.X-CUBE-NFC4.3.0.0
2025-05-20 10:54:30,606 [WARN] PackLoader:240 - Cannot read IP mode file for STMicroelectronics.X-CUBE-TCPP.4.2.0
2025-05-20 10:54:30,611 [WARN] PackLoader:240 - Cannot read IP mode file for STMicroelectronics.FP-ATR-SIGFOX1.3.2.0
2025-05-20 10:54:30,617 [WARN] PackLoader:240 - Cannot read IP mode file for STMicroelectronics.X-CUBE-EEPRMA1.5.1.0
2025-05-20 10:54:30,622 [WARN] PackLoader:240 - Cannot read IP mode file for STMicroelectronics.X-CUBE-ISPU.2.1.0
2025-05-20 10:54:30,628 [WARN] PackLoader:240 - Cannot read IP mode file for STMicroelectronics.X-CUBE-NFC6.3.1.0
2025-05-20 10:54:30,635 [WARN] PackLoader:240 - Cannot read IP mode file for STMicroelectronics.X-CUBE-SFXS2LP1.4.0.0
2025-05-20 10:54:30,642 [WARN] PackLoader:240 - Cannot read IP mode file for STMicroelectronics.X-CUBE-GNSS1.7.0.1
2025-05-20 10:54:30,647 [WARN] PackLoader:240 - Cannot read IP mode file for STMicroelectronics.FP-SNS-STBOX1.2.0.0
2025-05-20 10:54:30,657 [WARN] PackLoader:240 - Cannot read IP mode file for STMicroelectronics.X-CUBE-SUBG2.5.0.0
2025-05-20 10:54:30,671 [WARN] PackLoader:240 - Cannot read IP mode file for STMicroelectronics.X-CUBE-IPS.3.1.0
2025-05-20 10:54:30,680 [WARN] PackLoader:240 - Cannot read IP mode file for STMicroelectronics.X-CUBE-ALS.1.0.2
2025-05-20 10:54:30,681 [INFO] ThirdParty:978 - Integrity check success = true
2025-05-20 10:54:30,681 [INFO] IntegrityCheckThread:100 - exiting critical section [integrity check]
2025-05-20 10:54:30,681 [INFO] IntegrityCheckThread:103 - End integrity checks thread
2025-05-20 11:42:14,872 [ERROR] ConfigurationRetriever:142 - IOException on connection: sw-center.st.com
2025-05-20 11:42:14,873 [ERROR] ConfigurationRetriever:142 - IOException on connection: sw-center.st.com
2025-05-20 11:42:14,873 [ERROR] ConfigurationRetriever:142 - IOException on connection: sw-center.st.com
2025-05-20 11:42:14,975 [ERROR] ConfigurationRetriever:142 - IOException on connection: sw-center.st.com
2025-05-20 11:42:14,976 [ERROR] ConfigurationRetriever:142 - IOException on connection: sw-center.st.com
2025-05-20 11:42:14,977 [ERROR] ConfigurationRetriever:142 - IOException on connection: sw-center.st.com
2025-05-20 15:15:32,168 [INFO] WebApp:194 - Connection lost
2025-05-20 15:19:43,805 [INFO] WebApp:191 - Connection restablished
2025-05-20 17:22:32,237 [INFO] WebApp:194 - Connection lost
