2025-06-06 18:01:20,497 [INFO] Activator:176 - 


2025-06-06 18:01:20,502 [INFO] Activator:177 - !SESSION log4j initialized
2025-06-06 18:01:25,409 [INFO] LogOutputStream:77 - [STDOUT_REDIRECT] 
2025-06-06 18:05:28,857 [INFO] ApplicationProperties:184 - Using Application install path: C:\ST\STM32CubeIDE_1.18.0\STM32CubeIDE\plugins\com.st.stm32cube.common.mx_6.14.0.202502271554
2025-06-06 18:05:28,876 [INFO] DbMcusXml:78 - Set database path to: C:\ST\STM32CubeIDE_1.18.0\STM32CubeIDE\plugins\com.st.stm32cube.common.mx_6.14.0.202502271554\\db\/mcu/
2025-06-06 18:05:28,876 [INFO] ApiDb:274 - Set plugin database path to: C:\ST\STM32CubeIDE_1.18.0\STM32CubeIDE\plugins\com.st.stm32cube.common.mx_6.14.0.202502271554\\db\/plugins/boardmanager/
2025-06-06 18:05:28,877 [WARN] ApiDb:259 - Overriding images path with different value:  => C:\ST\STM32CubeIDE_1.18.0\STM32CubeIDE\plugins\com.st.stm32cube.common.mx_6.14.0.202502271554\\db\/plugins/mcufinder/images/
2025-06-06 18:05:28,881 [INFO] ApiDb:250 - Set database path to: C:\Users\Admin\.stmcufinder\plugins\mcufinder//mcu/
2025-06-06 18:05:28,883 [INFO] DbMcusAds:125 - Set database path to: C:\Users\Admin\.stmcufinder\plugins\mcufinder//mcu/
2025-06-06 18:05:28,948 [INFO] CrossReferenceDbSqlite:203 - Set database path to: C:\Users\Admin\.stmcufinder\plugins\mcufinder//mcu/cs/
2025-06-06 18:05:29,082 [INFO] RulesReader:64 - Compatibility file has been processed (301 Rules)
2025-06-06 18:05:29,189 [INFO] DbMcusXml:78 - Set database path to: C:\ST\STM32CubeIDE_1.18.0\STM32CubeIDE\plugins\com.st.stm32cube.common.mx_6.14.0.202502271554\\db\/mcu/
2025-06-06 18:05:29,189 [INFO] ApiDb:274 - Set plugin database path to: C:\ST\STM32CubeIDE_1.18.0\STM32CubeIDE\plugins\com.st.stm32cube.common.mx_6.14.0.202502271554\\db\/plugins/boardmanager/
2025-06-06 18:05:29,189 [INFO] ApiDb:261 - Set plugin images path to: C:\ST\STM32CubeIDE_1.18.0\STM32CubeIDE\plugins\com.st.stm32cube.common.mx_6.14.0.202502271554\\db\/plugins/mcufinder/images/
2025-06-06 18:05:29,189 [WARN] DbFile:41 - Overriding database path with different value: C:\Users\Admin\.stmcufinder\plugins\mcufinder/ => C:\Users\Admin\.stmcufinder\plugins\mcufinder
2025-06-06 18:05:29,189 [INFO] ApiDb:250 - Set database path to: C:\Users\Admin\.stmcufinder\plugins\mcufinder//mcu/
2025-06-06 18:05:29,189 [WARN] DbFile:41 - Overriding database path with different value: C:\Users\Admin\.stmcufinder\plugins\mcufinder/ => C:\Users\Admin\.stmcufinder\plugins\mcufinder
2025-06-06 18:05:29,189 [INFO] DbMcusAds:125 - Set database path to: C:\Users\Admin\.stmcufinder\plugins\mcufinder//mcu/
2025-06-06 18:05:29,189 [WARN] DbFile:41 - Overriding database path with different value: C:\Users\Admin\.stmcufinder\plugins\mcufinder/ => C:\Users\Admin\.stmcufinder\plugins\mcufinder
2025-06-06 18:05:29,190 [WARN] DbFile:41 - Overriding database path with different value: C:\Users\Admin\.stmcufinder\plugins\mcufinder/ => C:\Users\Admin\.stmcufinder\plugins\mcufinder
2025-06-06 18:05:29,190 [INFO] CrossReferenceDbSqlite:203 - Set database path to: C:\Users\Admin\.stmcufinder\plugins\mcufinder//mcu/cs/
2025-06-06 18:05:29,282 [INFO] MainPanel:272 - HeapMemory: 268435456
2025-06-06 18:05:29,397 [INFO] DbMcusXml:78 - Set database path to: C:\ST\STM32CubeIDE_1.18.0\STM32CubeIDE\plugins\com.st.stm32cube.common.mx_6.14.0.202502271554\\db\/mcu/
2025-06-06 18:05:29,397 [INFO] ApiDb:274 - Set plugin database path to: C:\ST\STM32CubeIDE_1.18.0\STM32CubeIDE\plugins\com.st.stm32cube.common.mx_6.14.0.202502271554\\db\/plugins/boardmanager/
2025-06-06 18:05:29,397 [INFO] ApiDb:261 - Set plugin images path to: C:\ST\STM32CubeIDE_1.18.0\STM32CubeIDE\plugins\com.st.stm32cube.common.mx_6.14.0.202502271554\\db\/plugins/mcufinder/images/
2025-06-06 18:05:29,398 [WARN] DbFile:41 - Overriding database path with different value: C:\Users\Admin\.stmcufinder\plugins\mcufinder/ => C:\Users\Admin\.stmcufinder\plugins\mcufinder
2025-06-06 18:05:29,398 [INFO] ApiDb:250 - Set database path to: C:\Users\Admin\.stmcufinder\plugins\mcufinder//mcu/
2025-06-06 18:05:29,398 [WARN] DbFile:41 - Overriding database path with different value: C:\Users\Admin\.stmcufinder\plugins\mcufinder/ => C:\Users\Admin\.stmcufinder\plugins\mcufinder
2025-06-06 18:05:29,398 [INFO] DbMcusAds:125 - Set database path to: C:\Users\Admin\.stmcufinder\plugins\mcufinder//mcu/
2025-06-06 18:05:29,398 [WARN] DbFile:41 - Overriding database path with different value: C:\Users\Admin\.stmcufinder\plugins\mcufinder/ => C:\Users\Admin\.stmcufinder\plugins\mcufinder
2025-06-06 18:05:29,398 [WARN] DbFile:41 - Overriding database path with different value: C:\Users\Admin\.stmcufinder\plugins\mcufinder/ => C:\Users\Admin\.stmcufinder\plugins\mcufinder
2025-06-06 18:05:29,398 [INFO] CrossReferenceDbSqlite:203 - Set database path to: C:\Users\Admin\.stmcufinder\plugins\mcufinder//mcu/cs/
2025-06-06 18:05:29,416 [INFO] ApplicationProperties:184 - Using Application install path: C:\ST\STM32CubeIDE_1.18.0\STM32CubeIDE\plugins\com.st.stm32cube.common.mx_6.14.0.202502271554
2025-06-06 18:05:29,417 [INFO] PluginManage:196 - Search for loadable plugins [exclusion list=, ]
2025-06-06 18:05:29,419 [INFO] PluginManage:310 - Check plugin analytics
2025-06-06 18:05:29,599 [INFO] AnalyticsPlugin:253 - Accepted Software Licenses: 
2025-06-06 18:05:29,599 [INFO] AnalyticsPlugin:255 - Accepted CMSIS Pack Licenses: 
2025-06-06 18:05:29,599 [INFO] AnalyticsPlugin:257 - Accepted Firmware Licenses: FW.F4.1.28.0
2025-06-06 18:05:29,601 [INFO] PluginManage:359 - Loaded plugin analytics (category:tool,tabindex:-1)
2025-06-06 18:05:29,601 [INFO] PluginManage:310 - Check plugin cadmodel
2025-06-06 18:05:29,624 [INFO] CADModel:105 - Init CAD model plugin
2025-06-06 18:05:29,624 [INFO] PluginManage:359 - Loaded plugin cadmodel (category:power,tabindex:5)
2025-06-06 18:05:29,624 [INFO] PluginManage:310 - Check plugin clock
2025-06-06 18:05:29,645 [INFO] PluginManage:359 - Loaded plugin clock (category:base,tabindex:2)
2025-06-06 18:05:29,645 [INFO] PluginManage:310 - Check plugin ddr
2025-06-06 18:05:29,648 [INFO] PluginManage:359 - Loaded plugin ddr (category:tool,tabindex:6)
2025-06-06 18:05:29,648 [INFO] PluginManage:310 - Check plugin filemanager
2025-06-06 18:05:29,779 [INFO] PluginManage:359 - Loaded plugin filemanager (category:base,tabindex:10)
2025-06-06 18:05:29,779 [INFO] PluginManage:310 - Check plugin ipmanager
2025-06-06 18:05:29,786 [INFO] PluginManage:359 - Loaded plugin ipmanager (category:base,tabindex:5)
2025-06-06 18:05:29,786 [INFO] PluginManage:310 - Check plugin lpbam
2025-06-06 18:05:29,806 [INFO] PluginManage:359 - Loaded plugin lpbam (category:base,tabindex:0)
2025-06-06 18:05:29,806 [INFO] PluginManage:310 - Check plugin memorymap
2025-06-06 18:05:29,832 [INFO] PluginManage:359 - Loaded plugin memorymap (category:base,tabindex:4)
2025-06-06 18:05:29,832 [INFO] PluginManage:310 - Check plugin pinoutandconfiguration
2025-06-06 18:05:29,851 [INFO] PluginManage:359 - Loaded plugin pinoutandconfiguration (category:base,tabindex:1)
2025-06-06 18:05:29,851 [INFO] PluginManage:310 - Check plugin pinoutconfig
2025-06-06 18:05:29,957 [WARN] SupportedApi:132 - Cannot load RTOS API schema: s4s-elt-must-match.1: The content of 'definitions' must match (annotation?, (simpleType | complexType)?, (unique | key | keyref)*)). A problem was found starting at: attribute.
2025-06-06 18:05:30,092 [INFO] PluginManage:359 - Loaded plugin pinoutconfig (category:base,tabindex:0)
2025-06-06 18:05:30,092 [INFO] PluginManage:310 - Check plugin power
2025-06-06 18:05:30,118 [INFO] PluginManage:359 - Loaded plugin power (category:power,tabindex:4)
2025-06-06 18:05:30,119 [INFO] PluginManage:310 - Check plugin projectmanager
2025-06-06 18:05:30,133 [INFO] PluginManage:359 - Loaded plugin projectmanager (category:projectmanager,tabindex:4)
2025-06-06 18:05:30,133 [INFO] PluginManage:310 - Check plugin rif
2025-06-06 18:05:30,163 [INFO] PluginManage:359 - Loaded plugin rif (category:base,tabindex:3)
2025-06-06 18:05:30,163 [INFO] PluginManage:310 - Check plugin thirdparty
2025-06-06 18:05:30,444 [INFO] PluginManage:359 - Loaded plugin thirdparty (category:base,tabindex:-1)
2025-06-06 18:05:30,444 [WARN] IntegrityCheckThread:84 - waiting for thirdparty lock release [integrity check]
2025-06-06 18:05:30,445 [INFO] PluginManage:310 - Check plugin tools
2025-06-06 18:05:30,445 [INFO] IntegrityCheckThread:86 - entering critical section [integrity check]
2025-06-06 18:05:30,445 [INFO] ThirdPartyUpdaterWithRetryManager:70 - Updater plugin not ready yet. [1/15]
2025-06-06 18:05:30,485 [INFO] PluginManage:359 - Loaded plugin tools (category:base,tabindex:7)
2025-06-06 18:05:30,485 [INFO] PluginManage:310 - Check plugin tutovideos
2025-06-06 18:05:30,667 [INFO] PluginManage:359 - Loaded plugin tutovideos (category:base,tabindex:-1)
2025-06-06 18:05:30,667 [INFO] PluginManage:310 - Check plugin updater
2025-06-06 18:05:30,689 [INFO] PluginManage:359 - Loaded plugin updater (category:base,tabindex:12)
2025-06-06 18:05:30,690 [INFO] PluginManage:310 - Check plugin userauth
2025-06-06 18:05:30,694 [INFO] UserAuth:118 - Init User Auth plugin
2025-06-06 18:05:30,695 [INFO] PluginManage:359 - Loaded plugin userauth (category:base,tabindex:14)
2025-06-06 18:05:30,696 [INFO] PluginManage:283 - PluginManage : Loaded plugins [18]
2025-06-06 18:05:30,899 [INFO] PinOutPanel:1589 - setPackage(No Configuration,No Configuration)
2025-06-06 18:05:30,985 [INFO] CADModel:165 - CPN selected for project level
2025-06-06 18:05:30,985 [INFO] CADModel:114 - Register for checkConnection events
2025-06-06 18:05:31,015 [INFO] IPUIPlugin:80 - create IPUIPlugin
2025-06-06 18:05:31,015 [INFO] PluginManager:220 - loadIPPluginJar : add adc
2025-06-06 18:05:31,060 [INFO] IPUIPlugin:80 - create IPUIPlugin
2025-06-06 18:05:31,060 [INFO] PluginManager:220 - loadIPPluginJar : add aes
2025-06-06 18:05:31,112 [INFO] IPUIPlugin:80 - create IPUIPlugin
2025-06-06 18:05:31,112 [INFO] PluginManager:220 - loadIPPluginJar : add can
2025-06-06 18:05:31,139 [INFO] IPUIPlugin:80 - create IPUIPlugin
2025-06-06 18:05:31,139 [INFO] PluginManager:220 - loadIPPluginJar : add comp
2025-06-06 18:05:31,175 [INFO] IPUIPlugin:80 - create IPUIPlugin
2025-06-06 18:05:31,175 [INFO] PluginManager:220 - loadIPPluginJar : add cryp
2025-06-06 18:05:31,193 [INFO] IPUIPlugin:80 - create IPUIPlugin
2025-06-06 18:05:31,193 [INFO] PluginManager:220 - loadIPPluginJar : add ddr_ctrl_phy
2025-06-06 18:05:31,238 [INFO] IPUIPlugin:80 - create IPUIPlugin
2025-06-06 18:05:31,238 [INFO] PluginManager:220 - loadIPPluginJar : add dfsdm
2025-06-06 18:05:31,253 [INFO] IPUIPlugin:80 - create IPUIPlugin
2025-06-06 18:05:31,253 [INFO] PluginManager:220 - loadIPPluginJar : add dma
2025-06-06 18:05:31,298 [INFO] IPUIPlugin:80 - create IPUIPlugin
2025-06-06 18:05:31,298 [INFO] PluginManager:220 - loadIPPluginJar : add dma3
2025-06-06 18:05:31,348 [INFO] IPUIPlugin:80 - create IPUIPlugin
2025-06-06 18:05:31,348 [INFO] PluginManager:220 - loadIPPluginJar : add extmemmanager
2025-06-06 18:05:31,372 [INFO] IPUIPlugin:80 - create IPUIPlugin
2025-06-06 18:05:31,373 [INFO] PluginManager:220 - loadIPPluginJar : add fatfs
2025-06-06 18:05:31,424 [INFO] IPUIPlugin:80 - create IPUIPlugin
2025-06-06 18:05:31,425 [INFO] PluginManager:220 - loadIPPluginJar : add fmc
2025-06-06 18:05:31,441 [INFO] IPUIPlugin:80 - create IPUIPlugin
2025-06-06 18:05:31,441 [INFO] PluginManager:220 - loadIPPluginJar : add freertos
2025-06-06 18:05:31,469 [INFO] IPUIPlugin:80 - create IPUIPlugin
2025-06-06 18:05:31,469 [INFO] PluginManager:220 - loadIPPluginJar : add genericplugin
2025-06-06 18:05:31,582 [INFO] IPUIPlugin:80 - create IPUIPlugin
2025-06-06 18:05:31,582 [INFO] PluginManager:220 - loadIPPluginJar : add gfxmmu
2025-06-06 18:05:31,749 [INFO] IPUIPlugin:80 - create IPUIPlugin
2025-06-06 18:05:31,749 [INFO] PluginManager:220 - loadIPPluginJar : add gic
2025-06-06 18:05:31,767 [INFO] IPUIPlugin:80 - create IPUIPlugin
2025-06-06 18:05:31,767 [INFO] PluginManager:220 - loadIPPluginJar : add gpio
2025-06-06 18:05:31,906 [INFO] IPUIPlugin:80 - create IPUIPlugin
2025-06-06 18:05:31,906 [INFO] PluginManager:220 - loadIPPluginJar : add gtzc
2025-06-06 18:05:31,968 [INFO] IPUIPlugin:80 - create IPUIPlugin
2025-06-06 18:05:31,968 [INFO] PluginManager:220 - loadIPPluginJar : add hash
2025-06-06 18:05:32,119 [INFO] IPUIPlugin:80 - create IPUIPlugin
2025-06-06 18:05:32,120 [INFO] PluginManager:220 - loadIPPluginJar : add i2c
2025-06-06 18:05:32,198 [INFO] IPUIPlugin:80 - create IPUIPlugin
2025-06-06 18:05:32,198 [INFO] PluginManager:220 - loadIPPluginJar : add i2s
2025-06-06 18:05:32,279 [INFO] IPUIPlugin:80 - create IPUIPlugin
2025-06-06 18:05:32,279 [INFO] PluginManager:220 - loadIPPluginJar : add i3c
2025-06-06 18:05:32,407 [INFO] IPUIPlugin:80 - create IPUIPlugin
2025-06-06 18:05:32,407 [INFO] PluginManager:220 - loadIPPluginJar : add ipddr
2025-06-06 18:05:32,526 [INFO] IPUIPlugin:80 - create IPUIPlugin
2025-06-06 18:05:32,526 [INFO] PluginManager:220 - loadIPPluginJar : add linkedlist
2025-06-06 18:05:32,567 [INFO] IPUIPlugin:80 - create IPUIPlugin
2025-06-06 18:05:32,568 [INFO] PluginManager:220 - loadIPPluginJar : add lorawan
