2025-05-21 13:35:31,642 [INFO] Activator:176 - 


2025-05-21 13:35:31,646 [INFO] Activator:177 - !SESSION log4j initialized
2025-05-21 13:35:37,499 [INFO] LogOutputStream:77 - [STDOUT_REDIRECT] 
2025-05-21 13:35:40,237 [INFO] ApplicationProperties:184 - Using Application install path: C:\ST\STM32CubeIDE_1.18.0\STM32CubeIDE\plugins\com.st.stm32cube.common.mx_6.14.0.202502271554
2025-05-21 13:35:40,258 [INFO] DbMcusXml:78 - Set database path to: C:\ST\STM32CubeIDE_1.18.0\STM32CubeIDE\plugins\com.st.stm32cube.common.mx_6.14.0.202502271554\\db\/mcu/
2025-05-21 13:35:40,259 [INFO] ApiDb:274 - Set plugin database path to: C:\ST\STM32CubeIDE_1.18.0\STM32CubeIDE\plugins\com.st.stm32cube.common.mx_6.14.0.202502271554\\db\/plugins/boardmanager/
2025-05-21 13:35:40,259 [WARN] ApiDb:259 - Overriding images path with different value:  => C:\ST\STM32CubeIDE_1.18.0\STM32CubeIDE\plugins\com.st.stm32cube.common.mx_6.14.0.202502271554\\db\/plugins/mcufinder/images/
2025-05-21 13:35:40,267 [INFO] ApiDb:250 - Set database path to: C:\Users\Admin\.stmcufinder\plugins\mcufinder//mcu/
2025-05-21 13:35:40,267 [INFO] DbMcusAds:125 - Set database path to: C:\Users\Admin\.stmcufinder\plugins\mcufinder//mcu/
2025-05-21 13:35:40,270 [INFO] CrossReferenceDbSqlite:203 - Set database path to: C:\Users\Admin\.stmcufinder\plugins\mcufinder//mcu/cs/
2025-05-21 13:35:40,391 [INFO] RulesReader:64 - Compatibility file has been processed (301 Rules)
2025-05-21 13:35:40,473 [INFO] DbMcusXml:78 - Set database path to: C:\ST\STM32CubeIDE_1.18.0\STM32CubeIDE\plugins\com.st.stm32cube.common.mx_6.14.0.202502271554\\db\/mcu/
2025-05-21 13:35:40,474 [INFO] ApiDb:274 - Set plugin database path to: C:\ST\STM32CubeIDE_1.18.0\STM32CubeIDE\plugins\com.st.stm32cube.common.mx_6.14.0.202502271554\\db\/plugins/boardmanager/
2025-05-21 13:35:40,474 [INFO] ApiDb:261 - Set plugin images path to: C:\ST\STM32CubeIDE_1.18.0\STM32CubeIDE\plugins\com.st.stm32cube.common.mx_6.14.0.202502271554\\db\/plugins/mcufinder/images/
2025-05-21 13:35:40,474 [WARN] DbFile:41 - Overriding database path with different value: C:\Users\Admin\.stmcufinder\plugins\mcufinder/ => C:\Users\Admin\.stmcufinder\plugins\mcufinder
2025-05-21 13:35:40,474 [INFO] ApiDb:250 - Set database path to: C:\Users\Admin\.stmcufinder\plugins\mcufinder//mcu/
2025-05-21 13:35:40,474 [WARN] DbFile:41 - Overriding database path with different value: C:\Users\Admin\.stmcufinder\plugins\mcufinder/ => C:\Users\Admin\.stmcufinder\plugins\mcufinder
2025-05-21 13:35:40,474 [INFO] DbMcusAds:125 - Set database path to: C:\Users\Admin\.stmcufinder\plugins\mcufinder//mcu/
2025-05-21 13:35:40,474 [WARN] DbFile:41 - Overriding database path with different value: C:\Users\Admin\.stmcufinder\plugins\mcufinder/ => C:\Users\Admin\.stmcufinder\plugins\mcufinder
2025-05-21 13:35:40,475 [WARN] DbFile:41 - Overriding database path with different value: C:\Users\Admin\.stmcufinder\plugins\mcufinder/ => C:\Users\Admin\.stmcufinder\plugins\mcufinder
2025-05-21 13:35:40,475 [INFO] CrossReferenceDbSqlite:203 - Set database path to: C:\Users\Admin\.stmcufinder\plugins\mcufinder//mcu/cs/
2025-05-21 13:35:40,548 [INFO] MainPanel:272 - HeapMemory: 268435456
2025-05-21 13:35:40,653 [INFO] DbMcusXml:78 - Set database path to: C:\ST\STM32CubeIDE_1.18.0\STM32CubeIDE\plugins\com.st.stm32cube.common.mx_6.14.0.202502271554\\db\/mcu/
2025-05-21 13:35:40,653 [INFO] ApiDb:274 - Set plugin database path to: C:\ST\STM32CubeIDE_1.18.0\STM32CubeIDE\plugins\com.st.stm32cube.common.mx_6.14.0.202502271554\\db\/plugins/boardmanager/
2025-05-21 13:35:40,653 [INFO] ApiDb:261 - Set plugin images path to: C:\ST\STM32CubeIDE_1.18.0\STM32CubeIDE\plugins\com.st.stm32cube.common.mx_6.14.0.202502271554\\db\/plugins/mcufinder/images/
2025-05-21 13:35:40,653 [WARN] DbFile:41 - Overriding database path with different value: C:\Users\Admin\.stmcufinder\plugins\mcufinder/ => C:\Users\Admin\.stmcufinder\plugins\mcufinder
2025-05-21 13:35:40,653 [INFO] ApiDb:250 - Set database path to: C:\Users\Admin\.stmcufinder\plugins\mcufinder//mcu/
2025-05-21 13:35:40,653 [WARN] DbFile:41 - Overriding database path with different value: C:\Users\Admin\.stmcufinder\plugins\mcufinder/ => C:\Users\Admin\.stmcufinder\plugins\mcufinder
2025-05-21 13:35:40,654 [INFO] DbMcusAds:125 - Set database path to: C:\Users\Admin\.stmcufinder\plugins\mcufinder//mcu/
2025-05-21 13:35:40,654 [WARN] DbFile:41 - Overriding database path with different value: C:\Users\Admin\.stmcufinder\plugins\mcufinder/ => C:\Users\Admin\.stmcufinder\plugins\mcufinder
2025-05-21 13:35:40,654 [WARN] DbFile:41 - Overriding database path with different value: C:\Users\Admin\.stmcufinder\plugins\mcufinder/ => C:\Users\Admin\.stmcufinder\plugins\mcufinder
2025-05-21 13:35:40,654 [INFO] CrossReferenceDbSqlite:203 - Set database path to: C:\Users\Admin\.stmcufinder\plugins\mcufinder//mcu/cs/
2025-05-21 13:35:40,671 [INFO] ApplicationProperties:184 - Using Application install path: C:\ST\STM32CubeIDE_1.18.0\STM32CubeIDE\plugins\com.st.stm32cube.common.mx_6.14.0.202502271554
2025-05-21 13:35:40,672 [INFO] PluginManage:196 - Search for loadable plugins [exclusion list=, ]
2025-05-21 13:35:40,673 [INFO] PluginManage:310 - Check plugin analytics
2025-05-21 13:35:40,829 [INFO] AnalyticsPlugin:253 - Accepted Software Licenses: 
2025-05-21 13:35:40,829 [INFO] AnalyticsPlugin:255 - Accepted CMSIS Pack Licenses: 
2025-05-21 13:35:40,829 [INFO] AnalyticsPlugin:257 - Accepted Firmware Licenses: FW.F4.1.28.0
2025-05-21 13:35:40,833 [INFO] PluginManage:359 - Loaded plugin analytics (category:tool,tabindex:-1)
2025-05-21 13:35:40,834 [INFO] PluginManage:310 - Check plugin cadmodel
2025-05-21 13:35:40,851 [INFO] CADModel:105 - Init CAD model plugin
2025-05-21 13:35:40,851 [INFO] PluginManage:359 - Loaded plugin cadmodel (category:power,tabindex:5)
2025-05-21 13:35:40,852 [INFO] PluginManage:310 - Check plugin clock
2025-05-21 13:35:40,870 [INFO] PluginManage:359 - Loaded plugin clock (category:base,tabindex:2)
2025-05-21 13:35:40,870 [INFO] PluginManage:310 - Check plugin ddr
2025-05-21 13:35:40,873 [INFO] PluginManage:359 - Loaded plugin ddr (category:tool,tabindex:6)
2025-05-21 13:35:40,873 [INFO] PluginManage:310 - Check plugin filemanager
2025-05-21 13:35:40,999 [INFO] PluginManage:359 - Loaded plugin filemanager (category:base,tabindex:10)
2025-05-21 13:35:40,999 [INFO] PluginManage:310 - Check plugin ipmanager
2025-05-21 13:35:41,005 [INFO] PluginManage:359 - Loaded plugin ipmanager (category:base,tabindex:5)
2025-05-21 13:35:41,006 [INFO] PluginManage:310 - Check plugin lpbam
2025-05-21 13:35:41,024 [INFO] PluginManage:359 - Loaded plugin lpbam (category:base,tabindex:0)
2025-05-21 13:35:41,024 [INFO] PluginManage:310 - Check plugin memorymap
2025-05-21 13:35:41,048 [INFO] PluginManage:359 - Loaded plugin memorymap (category:base,tabindex:4)
2025-05-21 13:35:41,049 [INFO] PluginManage:310 - Check plugin pinoutandconfiguration
2025-05-21 13:35:41,067 [INFO] PluginManage:359 - Loaded plugin pinoutandconfiguration (category:base,tabindex:1)
2025-05-21 13:35:41,067 [INFO] PluginManage:310 - Check plugin pinoutconfig
2025-05-21 13:35:41,165 [WARN] SupportedApi:132 - Cannot load RTOS API schema: s4s-elt-must-match.1: The content of 'definitions' must match (annotation?, (simpleType | complexType)?, (unique | key | keyref)*)). A problem was found starting at: attribute.
2025-05-21 13:35:41,292 [INFO] PluginManage:359 - Loaded plugin pinoutconfig (category:base,tabindex:0)
2025-05-21 13:35:41,293 [INFO] PluginManage:310 - Check plugin power
2025-05-21 13:35:41,315 [INFO] PluginManage:359 - Loaded plugin power (category:power,tabindex:4)
2025-05-21 13:35:41,315 [INFO] PluginManage:310 - Check plugin projectmanager
2025-05-21 13:35:41,328 [INFO] PluginManage:359 - Loaded plugin projectmanager (category:projectmanager,tabindex:4)
2025-05-21 13:35:41,328 [INFO] PluginManage:310 - Check plugin rif
2025-05-21 13:35:41,347 [INFO] PluginManage:359 - Loaded plugin rif (category:base,tabindex:3)
2025-05-21 13:35:41,347 [INFO] PluginManage:310 - Check plugin thirdparty
2025-05-21 13:35:41,631 [INFO] PluginManage:359 - Loaded plugin thirdparty (category:base,tabindex:-1)
2025-05-21 13:35:41,631 [WARN] IntegrityCheckThread:84 - waiting for thirdparty lock release [integrity check]
2025-05-21 13:35:41,632 [INFO] IntegrityCheckThread:86 - entering critical section [integrity check]
2025-05-21 13:35:41,632 [INFO] PluginManage:310 - Check plugin tools
2025-05-21 13:35:41,632 [INFO] ThirdPartyUpdaterWithRetryManager:70 - Updater plugin not ready yet. [1/15]
2025-05-21 13:35:41,673 [INFO] PluginManage:359 - Loaded plugin tools (category:base,tabindex:7)
2025-05-21 13:35:41,673 [INFO] PluginManage:310 - Check plugin tutovideos
2025-05-21 13:35:41,868 [INFO] PluginManage:359 - Loaded plugin tutovideos (category:base,tabindex:-1)
2025-05-21 13:35:41,868 [INFO] PluginManage:310 - Check plugin updater
2025-05-21 13:35:41,888 [INFO] PluginManage:359 - Loaded plugin updater (category:base,tabindex:12)
2025-05-21 13:35:41,888 [INFO] PluginManage:310 - Check plugin userauth
2025-05-21 13:35:41,894 [INFO] UserAuth:118 - Init User Auth plugin
2025-05-21 13:35:41,894 [INFO] PluginManage:359 - Loaded plugin userauth (category:base,tabindex:14)
2025-05-21 13:35:41,895 [INFO] PluginManage:283 - PluginManage : Loaded plugins [18]
2025-05-21 13:35:42,091 [INFO] PinOutPanel:1589 - setPackage(No Configuration,No Configuration)
2025-05-21 13:35:42,167 [INFO] CADModel:165 - CPN selected for project level
2025-05-21 13:35:42,167 [INFO] CADModel:114 - Register for checkConnection events
2025-05-21 13:35:42,195 [INFO] IPUIPlugin:80 - create IPUIPlugin
2025-05-21 13:35:42,195 [INFO] PluginManager:220 - loadIPPluginJar : add adc
2025-05-21 13:35:42,237 [INFO] IPUIPlugin:80 - create IPUIPlugin
2025-05-21 13:35:42,237 [INFO] PluginManager:220 - loadIPPluginJar : add aes
2025-05-21 13:35:42,283 [INFO] IPUIPlugin:80 - create IPUIPlugin
2025-05-21 13:35:42,283 [INFO] PluginManager:220 - loadIPPluginJar : add can
2025-05-21 13:35:42,310 [INFO] IPUIPlugin:80 - create IPUIPlugin
2025-05-21 13:35:42,310 [INFO] PluginManager:220 - loadIPPluginJar : add comp
2025-05-21 13:35:42,346 [INFO] IPUIPlugin:80 - create IPUIPlugin
2025-05-21 13:35:42,346 [INFO] PluginManager:220 - loadIPPluginJar : add cryp
2025-05-21 13:35:42,360 [INFO] IPUIPlugin:80 - create IPUIPlugin
2025-05-21 13:35:42,360 [INFO] PluginManager:220 - loadIPPluginJar : add ddr_ctrl_phy
2025-05-21 13:35:42,391 [INFO] IPUIPlugin:80 - create IPUIPlugin
2025-05-21 13:35:42,391 [INFO] PluginManager:220 - loadIPPluginJar : add dfsdm
2025-05-21 13:35:42,405 [INFO] IPUIPlugin:80 - create IPUIPlugin
2025-05-21 13:35:42,405 [INFO] PluginManager:220 - loadIPPluginJar : add dma
2025-05-21 13:35:42,445 [INFO] IPUIPlugin:80 - create IPUIPlugin
2025-05-21 13:35:42,445 [INFO] PluginManager:220 - loadIPPluginJar : add dma3
2025-05-21 13:35:42,495 [INFO] IPUIPlugin:80 - create IPUIPlugin
2025-05-21 13:35:42,495 [INFO] PluginManager:220 - loadIPPluginJar : add extmemmanager
2025-05-21 13:35:42,518 [INFO] IPUIPlugin:80 - create IPUIPlugin
2025-05-21 13:35:42,518 [INFO] PluginManager:220 - loadIPPluginJar : add fatfs
2025-05-21 13:35:42,570 [INFO] IPUIPlugin:80 - create IPUIPlugin
2025-05-21 13:35:42,570 [INFO] PluginManager:220 - loadIPPluginJar : add fmc
2025-05-21 13:35:42,586 [INFO] IPUIPlugin:80 - create IPUIPlugin
2025-05-21 13:35:42,586 [INFO] PluginManager:220 - loadIPPluginJar : add freertos
2025-05-21 13:35:42,611 [INFO] IPUIPlugin:80 - create IPUIPlugin
2025-05-21 13:35:42,611 [INFO] PluginManager:220 - loadIPPluginJar : add genericplugin
2025-05-21 13:35:42,707 [INFO] IPUIPlugin:80 - create IPUIPlugin
2025-05-21 13:35:42,707 [INFO] PluginManager:220 - loadIPPluginJar : add gfxmmu
2025-05-21 13:35:42,842 [INFO] IPUIPlugin:80 - create IPUIPlugin
2025-05-21 13:35:42,843 [INFO] PluginManager:220 - loadIPPluginJar : add gic
2025-05-21 13:35:42,856 [INFO] IPUIPlugin:80 - create IPUIPlugin
2025-05-21 13:35:42,856 [INFO] PluginManager:220 - loadIPPluginJar : add gpio
2025-05-21 13:35:42,949 [INFO] IPUIPlugin:80 - create IPUIPlugin
2025-05-21 13:35:42,949 [INFO] PluginManager:220 - loadIPPluginJar : add gtzc
2025-05-21 13:35:42,985 [INFO] IPUIPlugin:80 - create IPUIPlugin
2025-05-21 13:35:42,985 [INFO] PluginManager:220 - loadIPPluginJar : add hash
2025-05-21 13:35:43,042 [INFO] IPUIPlugin:80 - create IPUIPlugin
2025-05-21 13:35:43,042 [INFO] PluginManager:220 - loadIPPluginJar : add i2c
2025-05-21 13:35:43,084 [INFO] IPUIPlugin:80 - create IPUIPlugin
2025-05-21 13:35:43,084 [INFO] PluginManager:220 - loadIPPluginJar : add i2s
2025-05-21 13:35:43,129 [INFO] IPUIPlugin:80 - create IPUIPlugin
2025-05-21 13:35:43,129 [INFO] PluginManager:220 - loadIPPluginJar : add i3c
2025-05-21 13:35:43,235 [INFO] IPUIPlugin:80 - create IPUIPlugin
2025-05-21 13:35:43,236 [INFO] PluginManager:220 - loadIPPluginJar : add ipddr
2025-05-21 13:35:43,332 [INFO] IPUIPlugin:80 - create IPUIPlugin
2025-05-21 13:35:43,333 [INFO] PluginManager:220 - loadIPPluginJar : add linkedlist
2025-05-21 13:35:43,372 [INFO] IPUIPlugin:80 - create IPUIPlugin
2025-05-21 13:35:43,372 [INFO] PluginManager:220 - loadIPPluginJar : add lorawan
2025-05-21 13:35:43,413 [INFO] IPUIPlugin:80 - create IPUIPlugin
2025-05-21 13:35:43,414 [INFO] PluginManager:220 - loadIPPluginJar : add ltdc
2025-05-21 13:35:43,427 [INFO] IPUIPlugin:80 - create IPUIPlugin
2025-05-21 13:35:43,428 [INFO] PluginManager:220 - loadIPPluginJar : add mdma
2025-05-21 13:35:43,440 [INFO] IPUIPlugin:80 - create IPUIPlugin
2025-05-21 13:35:43,440 [INFO] PluginManager:220 - loadIPPluginJar : add nvic
2025-05-21 13:35:43,482 [INFO] IPUIPlugin:80 - create IPUIPlugin
2025-05-21 13:35:43,482 [INFO] PluginManager:220 - loadIPPluginJar : add opamp
2025-05-21 13:35:43,550 [INFO] IPUIPlugin:80 - create IPUIPlugin
2025-05-21 13:35:43,550 [INFO] PluginManager:220 - loadIPPluginJar : add openamp
2025-05-21 13:35:43,599 [INFO] IPUIPlugin:80 - create IPUIPlugin
2025-05-21 13:35:43,600 [INFO] PluginManager:220 - loadIPPluginJar : add pdm2pcm
2025-05-21 13:35:43,614 [INFO] IPUIPlugin:80 - create IPUIPlugin
2025-05-21 13:35:43,616 [INFO] PluginManager:220 - loadIPPluginJar : add plateformsettings
2025-05-21 13:35:43,643 [INFO] IPUIPlugin:80 - create IPUIPlugin
2025-05-21 13:35:43,643 [INFO] PluginManager:220 - loadIPPluginJar : add quadspi
2025-05-21 13:35:43,671 [INFO] IPUIPlugin:80 - create IPUIPlugin
2025-05-21 13:35:43,672 [INFO] PluginManager:220 - loadIPPluginJar : add radio
2025-05-21 13:35:43,686 [INFO] IPUIPlugin:80 - create IPUIPlugin
2025-05-21 13:35:43,686 [INFO] PluginManager:220 - loadIPPluginJar : add resmgrutility
2025-05-21 13:35:43,736 [INFO] IPUIPlugin:80 - create IPUIPlugin
2025-05-21 13:35:43,736 [INFO] PluginManager:220 - loadIPPluginJar : add sai
2025-05-21 13:35:43,777 [INFO] IPUIPlugin:80 - create IPUIPlugin
2025-05-21 13:35:43,777 [INFO] PluginManager:220 - loadIPPluginJar : add spi
2025-05-21 13:35:43,858 [INFO] IPUIPlugin:80 - create IPUIPlugin
2025-05-21 13:35:43,858 [INFO] PluginManager:220 - loadIPPluginJar : add stm32_wpan
2025-05-21 13:35:43,888 [INFO] IPUIPlugin:80 - create IPUIPlugin
2025-05-21 13:35:43,888 [INFO] PluginManager:220 - loadIPPluginJar : add tim
2025-05-21 13:35:43,951 [INFO] IPUIPlugin:80 - create IPUIPlugin
2025-05-21 13:35:43,951 [INFO] PluginManager:220 - loadIPPluginJar : add touchsensing
2025-05-21 13:35:43,977 [INFO] IPUIPlugin:80 - create IPUIPlugin
2025-05-21 13:35:43,977 [INFO] PluginManager:220 - loadIPPluginJar : add tracer_emb
2025-05-21 13:35:44,003 [INFO] IPUIPlugin:80 - create IPUIPlugin
2025-05-21 13:35:44,003 [INFO] PluginManager:220 - loadIPPluginJar : add ts
2025-05-21 13:35:44,030 [INFO] IPUIPlugin:80 - create IPUIPlugin
2025-05-21 13:35:44,031 [INFO] PluginManager:220 - loadIPPluginJar : add tsc
2025-05-21 13:35:44,056 [INFO] IPUIPlugin:80 - create IPUIPlugin
2025-05-21 13:35:44,057 [INFO] PluginManager:220 - loadIPPluginJar : add ucpd
2025-05-21 13:35:44,103 [INFO] IPUIPlugin:80 - create IPUIPlugin
2025-05-21 13:35:44,103 [INFO] PluginManager:220 - loadIPPluginJar : add usart
2025-05-21 13:35:44,152 [INFO] IPUIPlugin:80 - create IPUIPlugin
2025-05-21 13:35:44,152 [INFO] PluginManager:220 - loadIPPluginJar : add usbx
2025-05-21 13:35:44,279 [FATAL] Updater:351 - Updater called before beeing initialized
2025-05-21 13:35:44,313 [INFO] RulesReader:64 - Compatibility file has been processed (301 Rules)
2025-05-21 13:35:44,322 [INFO] RulesReader:64 - Compatibility file has been processed (301 Rules)
2025-05-21 13:35:44,330 [INFO] CADModel:165 - CPN selected for project level
2025-05-21 13:35:44,330 [INFO] CADModel:114 - Register for checkConnection events
2025-05-21 13:35:44,330 [FATAL] Updater:351 - Updater called before beeing initialized
2025-05-21 13:35:44,330 [ERROR] CADModel:125 - Updater not yet initialized, retry later 
2025-05-21 13:35:44,467 [FATAL] Updater:351 - Updater called before beeing initialized
2025-05-21 13:35:44,469 [INFO] CADModel:165 - CPN selected for project level
2025-05-21 13:35:44,469 [INFO] CADModel:114 - Register for checkConnection events
2025-05-21 13:35:44,470 [FATAL] Updater:351 - Updater called before beeing initialized
2025-05-21 13:35:44,470 [ERROR] CADModel:125 - Updater not yet initialized, retry later 
2025-05-21 13:35:44,472 [FATAL] Updater:351 - Updater called before beeing initialized
2025-05-21 13:35:44,578 [FATAL] Updater:351 - Updater called before beeing initialized
2025-05-21 13:35:44,590 [INFO] DbMcusAds:53 - JSON generation date=Thu Sep 30 12:25:09 IST 2021 (1632984909247)
2025-05-21 13:35:44,590 [FATAL] Updater:351 - Updater called before beeing initialized
2025-05-21 13:35:44,628 [WARN] DetailPanel:346 - Failed to get advertising image, set to default
2025-05-21 13:35:44,635 [INFO] ThirdPartyUpdaterWithRetryManager:70 - Updater plugin not ready yet. [2/15]
2025-05-21 13:35:44,864 [FATAL] Updater:351 - Updater called before beeing initialized
2025-05-21 13:35:44,865 [FATAL] Updater:351 - Updater called before beeing initialized
2025-05-21 13:35:44,865 [FATAL] Updater:351 - Updater called before beeing initialized
2025-05-21 13:35:44,865 [WARN] DetailPanel:346 - Failed to get advertising image, set to default
2025-05-21 13:35:44,866 [FATAL] Updater:351 - Updater called before beeing initialized
2025-05-21 13:35:44,924 [ERROR] Updater:1198 - MainUpdater not yet initialized. External WinMGr cannot be set.
2025-05-21 13:35:44,935 [INFO] Updater:1134 - Updater Version found : 6.14.0
2025-05-21 13:35:44,953 [INFO] ApplicationProperties:184 - Using Application install path: C:\ST\STM32CubeIDE_1.18.0\STM32CubeIDE\plugins\com.st.stm32cube.common.mx_6.14.0.202502271554
2025-05-21 13:35:46,533 [ERROR] LogOutputStream:75 - [STDERR_REDIRECT] May 21, 2025 1:35:46 PM java.util.prefs.WindowsPreferences <init>
2025-05-21 13:35:46,534 [ERROR] LogOutputStream:75 - [STDERR_REDIRECT] WARNING: Could not open/create prefs root node Software\JavaSoft\Prefs at root 0xffffffff80000002. Windows RegCreateKeyEx(...) returned error code 5.
2025-05-21 13:35:46,534 [ERROR] LogOutputStream:75 - [STDERR_REDIRECT] 
2025-05-21 13:35:47,294 [INFO] MainUpdater:2872 - connection check result : 10
2025-05-21 13:35:47,295 [INFO] MainUpdater:289 - Updater Check For Update Now.
2025-05-21 13:35:47,295 [INFO] MicroXplorer:498 - Change Database Version : DB.6.0.140
2025-05-21 13:35:47,314 [INFO] McuFinderGlobals:63 - Set McuFinder mode to 2 (CubeIDE integrated)
2025-05-21 13:35:47,315 [INFO] UserAuth:171 - activating auth plugin
2025-05-21 13:35:47,318 [INFO] UserAuth:486 - Internet connection configuration mode: 1
2025-05-21 13:35:47,353 [INFO] JxBrowserEngine:152 - Initiate JxBrowser Engine with user profile folder
2025-05-21 13:35:47,508 [INFO] CheckServerUpdateThread:120 - End of CheckServer Thread
2025-05-21 13:35:47,786 [WARN] PackLoader:240 - Cannot read IP mode file for STMicroelectronics.FP-SNS-MOTENVWB1.1.4.0
2025-05-21 13:35:47,807 [WARN] PackLoader:240 - Cannot read IP mode file for STMicroelectronics.X-CUBE-SMBUS.2.1.0
2025-05-21 13:35:47,828 [WARN] PackLoader:240 - Cannot read IP mode file for STMicroelectronics.X-CUBE-DISPLAY.3.0.0
2025-05-21 13:35:47,857 [WARN] PackLoader:240 - Cannot read IP mode file for STMicroelectronics.X-CUBE-NFC10.1.0.0
2025-05-21 13:35:47,884 [WARN] PackLoader:240 - Cannot read IP mode file for STMicroelectronics.X-CUBE-BLEMGR.4.0.0
2025-05-21 13:35:47,905 [WARN] PackLoader:240 - Cannot read IP mode file for STMicroelectronics.X-CUBE-AI.10.0.0
2025-05-21 13:35:47,917 [WARN] PackLoader:240 - Cannot read IP mode file for STMicroelectronics.FP-SNS-SMARTAG2.1.2.0
2025-05-21 13:35:47,933 [WARN] PackLoader:240 - Cannot read IP mode file for STMicroelectronics.FP-SNS-MOTENV1.5.0.0
2025-05-21 13:35:47,948 [WARN] PackLoader:240 - Cannot read IP mode file for STMicroelectronics.X-CUBE-BLE2.3.3.0
2025-05-21 13:35:47,962 [WARN] PackLoader:240 - Cannot read IP mode file for STMicroelectronics.X-CUBE-NFC9.1.0.0
2025-05-21 13:35:47,980 [WARN] PackLoader:240 - Cannot read IP mode file for STMicroelectronics.X-CUBE-SAFEA1.1.2.2
2025-05-21 13:35:47,997 [WARN] PackLoader:240 - Cannot read IP mode file for STMicroelectronics.X-CUBE-NFC4.3.0.0
2025-05-21 13:35:48,012 [WARN] PackLoader:240 - Cannot read IP mode file for STMicroelectronics.X-CUBE-TCPP.4.2.0
2025-05-21 13:35:48,029 [WARN] PackLoader:240 - Cannot read IP mode file for STMicroelectronics.FP-ATR-SIGFOX1.3.2.0
2025-05-21 13:35:48,043 [WARN] PackLoader:240 - Cannot read IP mode file for STMicroelectronics.X-CUBE-EEPRMA1.5.1.0
2025-05-21 13:35:48,061 [WARN] PackLoader:240 - Cannot read IP mode file for STMicroelectronics.X-CUBE-ISPU.2.1.0
2025-05-21 13:35:48,081 [WARN] PackLoader:240 - Cannot read IP mode file for STMicroelectronics.X-CUBE-NFC6.3.1.0
2025-05-21 13:35:48,105 [WARN] PackLoader:240 - Cannot read IP mode file for STMicroelectronics.X-CUBE-SFXS2LP1.4.0.0
2025-05-21 13:35:48,124 [WARN] PackLoader:240 - Cannot read IP mode file for STMicroelectronics.X-CUBE-GNSS1.7.0.1
2025-05-21 13:35:48,141 [WARN] PackLoader:240 - Cannot read IP mode file for STMicroelectronics.FP-SNS-STBOX1.2.0.0
2025-05-21 13:35:48,166 [WARN] PackLoader:240 - Cannot read IP mode file for STMicroelectronics.X-CUBE-SUBG2.5.0.0
2025-05-21 13:35:48,191 [WARN] PackLoader:240 - Cannot read IP mode file for STMicroelectronics.X-CUBE-IPS.3.1.0
2025-05-21 13:35:48,210 [WARN] PackLoader:240 - Cannot read IP mode file for STMicroelectronics.X-CUBE-ALS.1.0.2
2025-05-21 13:35:48,211 [INFO] ThirdParty:978 - Integrity check success = true
2025-05-21 13:35:48,211 [INFO] IntegrityCheckThread:100 - exiting critical section [integrity check]
2025-05-21 13:35:48,211 [INFO] IntegrityCheckThread:103 - End integrity checks thread
2025-05-21 13:35:49,208 [INFO] WebApp:169 - Instantiating new browser for Auth
2025-05-21 13:35:50,025 [INFO] WebApp:463 - Apply proxy settings
2025-05-21 13:35:50,025 [INFO] WebApp:548 - Chromium requires no authentication
2025-05-21 13:35:50,043 [INFO] WebApp:491 - Direct internet connection detected
2025-05-21 13:35:50,083 [INFO] WebApp:894 - Register for checkConnection events
2025-05-21 13:35:50,083 [INFO] WebApp:463 - Apply proxy settings
2025-05-21 13:35:50,084 [INFO] WebApp:548 - Chromium requires no authentication
2025-05-21 13:35:50,084 [INFO] WebApp:491 - Direct internet connection detected
2025-05-21 13:35:50,309 [INFO] WebApp:225 - Starting web application
2025-05-21 13:35:50,310 [INFO] WebApp:593 - Web application path used C:\ST\STM32CubeIDE_1.18.0\STM32CubeIDE\plugins\com.st.stm32cube.common.mx_6.14.0.202502271554\db\plugins\mcufinder\reactClient1\index.html
2025-05-21 13:35:50,443 [INFO] WebApp:191 - Connection restablished
2025-05-21 14:57:24,725 [INFO] WebApp:194 - Connection lost
2025-05-21 14:57:29,428 [INFO] WebApp:191 - Connection restablished
2025-05-21 14:57:31,214 [INFO] WebApp:194 - Connection lost
2025-05-21 14:57:31,436 [INFO] WebApp:191 - Connection restablished
2025-05-21 18:02:06,774 [INFO] WebApp:194 - Connection lost
2025-05-21 18:02:11,082 [INFO] WebApp:191 - Connection restablished
2025-05-21 18:02:13,200 [INFO] WebApp:194 - Connection lost
2025-05-21 18:02:13,426 [INFO] WebApp:191 - Connection restablished
2025-05-21 19:01:11,178 [INFO] WebApp:403 - JxBrowser engine has been closed 
