2025-05-23 10:33:47,641 [INFO] Activator:176 - 


2025-05-23 10:33:47,646 [INFO] Activator:177 - !SESSION log4j initialized
2025-05-23 10:33:53,677 [INFO] LogOutputStream:77 - [STDOUT_REDIRECT] 
2025-05-23 10:33:55,658 [INFO] ApplicationProperties:184 - Using Application install path: C:\ST\STM32CubeIDE_1.18.0\STM32CubeIDE\plugins\com.st.stm32cube.common.mx_6.14.0.202502271554
2025-05-23 10:33:55,685 [INFO] DbMcusXml:78 - Set database path to: C:\ST\STM32CubeIDE_1.18.0\STM32CubeIDE\plugins\com.st.stm32cube.common.mx_6.14.0.202502271554\\db\/mcu/
2025-05-23 10:33:55,685 [INFO] ApiDb:274 - Set plugin database path to: C:\ST\STM32CubeIDE_1.18.0\STM32CubeIDE\plugins\com.st.stm32cube.common.mx_6.14.0.202502271554\\db\/plugins/boardmanager/
2025-05-23 10:33:55,686 [WARN] ApiDb:259 - Overriding images path with different value:  => C:\ST\STM32CubeIDE_1.18.0\STM32CubeIDE\plugins\com.st.stm32cube.common.mx_6.14.0.202502271554\\db\/plugins/mcufinder/images/
2025-05-23 10:33:55,693 [INFO] ApiDb:250 - Set database path to: C:\Users\Admin\.stmcufinder\plugins\mcufinder//mcu/
2025-05-23 10:33:55,694 [INFO] DbMcusAds:125 - Set database path to: C:\Users\Admin\.stmcufinder\plugins\mcufinder//mcu/
2025-05-23 10:33:55,696 [INFO] CrossReferenceDbSqlite:203 - Set database path to: C:\Users\Admin\.stmcufinder\plugins\mcufinder//mcu/cs/
2025-05-23 10:33:55,797 [INFO] RulesReader:64 - Compatibility file has been processed (301 Rules)
2025-05-23 10:33:55,876 [INFO] DbMcusXml:78 - Set database path to: C:\ST\STM32CubeIDE_1.18.0\STM32CubeIDE\plugins\com.st.stm32cube.common.mx_6.14.0.202502271554\\db\/mcu/
2025-05-23 10:33:55,876 [INFO] ApiDb:274 - Set plugin database path to: C:\ST\STM32CubeIDE_1.18.0\STM32CubeIDE\plugins\com.st.stm32cube.common.mx_6.14.0.202502271554\\db\/plugins/boardmanager/
2025-05-23 10:33:55,877 [INFO] ApiDb:261 - Set plugin images path to: C:\ST\STM32CubeIDE_1.18.0\STM32CubeIDE\plugins\com.st.stm32cube.common.mx_6.14.0.202502271554\\db\/plugins/mcufinder/images/
2025-05-23 10:33:55,877 [WARN] DbFile:41 - Overriding database path with different value: C:\Users\Admin\.stmcufinder\plugins\mcufinder/ => C:\Users\Admin\.stmcufinder\plugins\mcufinder
2025-05-23 10:33:55,877 [INFO] ApiDb:250 - Set database path to: C:\Users\Admin\.stmcufinder\plugins\mcufinder//mcu/
2025-05-23 10:33:55,877 [WARN] DbFile:41 - Overriding database path with different value: C:\Users\Admin\.stmcufinder\plugins\mcufinder/ => C:\Users\Admin\.stmcufinder\plugins\mcufinder
2025-05-23 10:33:55,877 [INFO] DbMcusAds:125 - Set database path to: C:\Users\Admin\.stmcufinder\plugins\mcufinder//mcu/
2025-05-23 10:33:55,877 [WARN] DbFile:41 - Overriding database path with different value: C:\Users\Admin\.stmcufinder\plugins\mcufinder/ => C:\Users\Admin\.stmcufinder\plugins\mcufinder
2025-05-23 10:33:55,877 [WARN] DbFile:41 - Overriding database path with different value: C:\Users\Admin\.stmcufinder\plugins\mcufinder/ => C:\Users\Admin\.stmcufinder\plugins\mcufinder
2025-05-23 10:33:55,877 [INFO] CrossReferenceDbSqlite:203 - Set database path to: C:\Users\Admin\.stmcufinder\plugins\mcufinder//mcu/cs/
2025-05-23 10:33:55,955 [INFO] MainPanel:272 - HeapMemory: 268435456
2025-05-23 10:33:56,067 [INFO] DbMcusXml:78 - Set database path to: C:\ST\STM32CubeIDE_1.18.0\STM32CubeIDE\plugins\com.st.stm32cube.common.mx_6.14.0.202502271554\\db\/mcu/
2025-05-23 10:33:56,067 [INFO] ApiDb:274 - Set plugin database path to: C:\ST\STM32CubeIDE_1.18.0\STM32CubeIDE\plugins\com.st.stm32cube.common.mx_6.14.0.202502271554\\db\/plugins/boardmanager/
2025-05-23 10:33:56,067 [INFO] ApiDb:261 - Set plugin images path to: C:\ST\STM32CubeIDE_1.18.0\STM32CubeIDE\plugins\com.st.stm32cube.common.mx_6.14.0.202502271554\\db\/plugins/mcufinder/images/
2025-05-23 10:33:56,067 [WARN] DbFile:41 - Overriding database path with different value: C:\Users\Admin\.stmcufinder\plugins\mcufinder/ => C:\Users\Admin\.stmcufinder\plugins\mcufinder
2025-05-23 10:33:56,067 [INFO] ApiDb:250 - Set database path to: C:\Users\Admin\.stmcufinder\plugins\mcufinder//mcu/
2025-05-23 10:33:56,067 [WARN] DbFile:41 - Overriding database path with different value: C:\Users\Admin\.stmcufinder\plugins\mcufinder/ => C:\Users\Admin\.stmcufinder\plugins\mcufinder
2025-05-23 10:33:56,068 [INFO] DbMcusAds:125 - Set database path to: C:\Users\Admin\.stmcufinder\plugins\mcufinder//mcu/
2025-05-23 10:33:56,068 [WARN] DbFile:41 - Overriding database path with different value: C:\Users\Admin\.stmcufinder\plugins\mcufinder/ => C:\Users\Admin\.stmcufinder\plugins\mcufinder
2025-05-23 10:33:56,068 [WARN] DbFile:41 - Overriding database path with different value: C:\Users\Admin\.stmcufinder\plugins\mcufinder/ => C:\Users\Admin\.stmcufinder\plugins\mcufinder
2025-05-23 10:33:56,068 [INFO] CrossReferenceDbSqlite:203 - Set database path to: C:\Users\Admin\.stmcufinder\plugins\mcufinder//mcu/cs/
2025-05-23 10:33:56,086 [INFO] ApplicationProperties:184 - Using Application install path: C:\ST\STM32CubeIDE_1.18.0\STM32CubeIDE\plugins\com.st.stm32cube.common.mx_6.14.0.202502271554
2025-05-23 10:33:56,087 [INFO] PluginManage:196 - Search for loadable plugins [exclusion list=, ]
2025-05-23 10:33:56,088 [INFO] PluginManage:310 - Check plugin analytics
2025-05-23 10:33:56,254 [INFO] AnalyticsPlugin:253 - Accepted Software Licenses: 
2025-05-23 10:33:56,254 [INFO] AnalyticsPlugin:255 - Accepted CMSIS Pack Licenses: 
2025-05-23 10:33:56,254 [INFO] AnalyticsPlugin:257 - Accepted Firmware Licenses: FW.F4.1.28.0
2025-05-23 10:33:56,257 [INFO] PluginManage:359 - Loaded plugin analytics (category:tool,tabindex:-1)
2025-05-23 10:33:56,257 [INFO] PluginManage:310 - Check plugin cadmodel
2025-05-23 10:33:56,264 [INFO] CADModel:105 - Init CAD model plugin
2025-05-23 10:33:56,265 [INFO] PluginManage:359 - Loaded plugin cadmodel (category:power,tabindex:5)
2025-05-23 10:33:56,265 [INFO] PluginManage:310 - Check plugin clock
2025-05-23 10:33:56,276 [INFO] PluginManage:359 - Loaded plugin clock (category:base,tabindex:2)
2025-05-23 10:33:56,276 [INFO] PluginManage:310 - Check plugin ddr
2025-05-23 10:33:56,278 [INFO] PluginManage:359 - Loaded plugin ddr (category:tool,tabindex:6)
2025-05-23 10:33:56,278 [INFO] PluginManage:310 - Check plugin filemanager
2025-05-23 10:33:56,414 [INFO] PluginManage:359 - Loaded plugin filemanager (category:base,tabindex:10)
2025-05-23 10:33:56,414 [INFO] PluginManage:310 - Check plugin ipmanager
2025-05-23 10:33:56,420 [INFO] PluginManage:359 - Loaded plugin ipmanager (category:base,tabindex:5)
2025-05-23 10:33:56,420 [INFO] PluginManage:310 - Check plugin lpbam
2025-05-23 10:33:56,428 [INFO] PluginManage:359 - Loaded plugin lpbam (category:base,tabindex:0)
2025-05-23 10:33:56,429 [INFO] PluginManage:310 - Check plugin memorymap
2025-05-23 10:33:56,445 [INFO] PluginManage:359 - Loaded plugin memorymap (category:base,tabindex:4)
2025-05-23 10:33:56,446 [INFO] PluginManage:310 - Check plugin pinoutandconfiguration
2025-05-23 10:33:56,455 [INFO] PluginManage:359 - Loaded plugin pinoutandconfiguration (category:base,tabindex:1)
2025-05-23 10:33:56,455 [INFO] PluginManage:310 - Check plugin pinoutconfig
2025-05-23 10:33:56,546 [WARN] SupportedApi:132 - Cannot load RTOS API schema: s4s-elt-must-match.1: The content of 'definitions' must match (annotation?, (simpleType | complexType)?, (unique | key | keyref)*)). A problem was found starting at: attribute.
2025-05-23 10:33:56,681 [INFO] PluginManage:359 - Loaded plugin pinoutconfig (category:base,tabindex:0)
2025-05-23 10:33:56,681 [INFO] PluginManage:310 - Check plugin power
2025-05-23 10:33:56,693 [INFO] PluginManage:359 - Loaded plugin power (category:power,tabindex:4)
2025-05-23 10:33:56,693 [INFO] PluginManage:310 - Check plugin projectmanager
2025-05-23 10:33:56,707 [INFO] PluginManage:359 - Loaded plugin projectmanager (category:projectmanager,tabindex:4)
2025-05-23 10:33:56,708 [INFO] PluginManage:310 - Check plugin rif
2025-05-23 10:33:56,715 [INFO] PluginManage:359 - Loaded plugin rif (category:base,tabindex:3)
2025-05-23 10:33:56,716 [INFO] PluginManage:310 - Check plugin thirdparty
2025-05-23 10:33:56,849 [INFO] PluginManage:359 - Loaded plugin thirdparty (category:base,tabindex:-1)
2025-05-23 10:33:56,849 [WARN] IntegrityCheckThread:84 - waiting for thirdparty lock release [integrity check]
2025-05-23 10:33:56,849 [INFO] PluginManage:310 - Check plugin tools
2025-05-23 10:33:56,849 [INFO] IntegrityCheckThread:86 - entering critical section [integrity check]
2025-05-23 10:33:56,850 [INFO] ThirdPartyUpdaterWithRetryManager:70 - Updater plugin not ready yet. [1/15]
2025-05-23 10:33:56,852 [INFO] PluginManage:359 - Loaded plugin tools (category:base,tabindex:7)
2025-05-23 10:33:56,852 [INFO] PluginManage:310 - Check plugin tutovideos
2025-05-23 10:33:57,009 [INFO] PluginManage:359 - Loaded plugin tutovideos (category:base,tabindex:-1)
2025-05-23 10:33:57,009 [INFO] PluginManage:310 - Check plugin updater
2025-05-23 10:33:57,029 [INFO] PluginManage:359 - Loaded plugin updater (category:base,tabindex:12)
2025-05-23 10:33:57,029 [INFO] PluginManage:310 - Check plugin userauth
2025-05-23 10:33:57,034 [INFO] UserAuth:118 - Init User Auth plugin
2025-05-23 10:33:57,035 [INFO] PluginManage:359 - Loaded plugin userauth (category:base,tabindex:14)
2025-05-23 10:33:57,035 [INFO] PluginManage:283 - PluginManage : Loaded plugins [18]
2025-05-23 10:33:57,243 [INFO] PinOutPanel:1589 - setPackage(No Configuration,No Configuration)
2025-05-23 10:33:57,322 [INFO] CADModel:165 - CPN selected for project level
2025-05-23 10:33:57,322 [INFO] CADModel:114 - Register for checkConnection events
2025-05-23 10:33:57,340 [INFO] IPUIPlugin:80 - create IPUIPlugin
2025-05-23 10:33:57,340 [INFO] PluginManager:220 - loadIPPluginJar : add adc
2025-05-23 10:33:57,343 [INFO] IPUIPlugin:80 - create IPUIPlugin
2025-05-23 10:33:57,343 [INFO] PluginManager:220 - loadIPPluginJar : add aes
2025-05-23 10:33:57,346 [INFO] IPUIPlugin:80 - create IPUIPlugin
2025-05-23 10:33:57,346 [INFO] PluginManager:220 - loadIPPluginJar : add can
2025-05-23 10:33:57,348 [INFO] IPUIPlugin:80 - create IPUIPlugin
2025-05-23 10:33:57,348 [INFO] PluginManager:220 - loadIPPluginJar : add comp
2025-05-23 10:33:57,350 [INFO] IPUIPlugin:80 - create IPUIPlugin
2025-05-23 10:33:57,350 [INFO] PluginManager:220 - loadIPPluginJar : add cryp
2025-05-23 10:33:57,354 [INFO] IPUIPlugin:80 - create IPUIPlugin
2025-05-23 10:33:57,354 [INFO] PluginManager:220 - loadIPPluginJar : add ddr_ctrl_phy
2025-05-23 10:33:57,357 [INFO] IPUIPlugin:80 - create IPUIPlugin
2025-05-23 10:33:57,357 [INFO] PluginManager:220 - loadIPPluginJar : add dfsdm
2025-05-23 10:33:57,363 [INFO] IPUIPlugin:80 - create IPUIPlugin
2025-05-23 10:33:57,363 [INFO] PluginManager:220 - loadIPPluginJar : add dma
2025-05-23 10:33:57,366 [INFO] IPUIPlugin:80 - create IPUIPlugin
2025-05-23 10:33:57,366 [INFO] PluginManager:220 - loadIPPluginJar : add dma3
2025-05-23 10:33:57,369 [INFO] IPUIPlugin:80 - create IPUIPlugin
2025-05-23 10:33:57,369 [INFO] PluginManager:220 - loadIPPluginJar : add extmemmanager
2025-05-23 10:33:57,370 [INFO] IPUIPlugin:80 - create IPUIPlugin
2025-05-23 10:33:57,370 [INFO] PluginManager:220 - loadIPPluginJar : add fatfs
2025-05-23 10:33:57,374 [INFO] IPUIPlugin:80 - create IPUIPlugin
2025-05-23 10:33:57,374 [INFO] PluginManager:220 - loadIPPluginJar : add fmc
2025-05-23 10:33:57,379 [INFO] IPUIPlugin:80 - create IPUIPlugin
2025-05-23 10:33:57,379 [INFO] PluginManager:220 - loadIPPluginJar : add freertos
2025-05-23 10:33:57,381 [INFO] IPUIPlugin:80 - create IPUIPlugin
2025-05-23 10:33:57,381 [INFO] PluginManager:220 - loadIPPluginJar : add genericplugin
2025-05-23 10:33:57,383 [INFO] IPUIPlugin:80 - create IPUIPlugin
2025-05-23 10:33:57,383 [INFO] PluginManager:220 - loadIPPluginJar : add gfxmmu
2025-05-23 10:33:57,388 [INFO] IPUIPlugin:80 - create IPUIPlugin
2025-05-23 10:33:57,388 [INFO] PluginManager:220 - loadIPPluginJar : add gic
2025-05-23 10:33:57,392 [INFO] IPUIPlugin:80 - create IPUIPlugin
2025-05-23 10:33:57,392 [INFO] PluginManager:220 - loadIPPluginJar : add gpio
2025-05-23 10:33:57,395 [INFO] IPUIPlugin:80 - create IPUIPlugin
2025-05-23 10:33:57,395 [INFO] PluginManager:220 - loadIPPluginJar : add gtzc
2025-05-23 10:33:57,397 [INFO] IPUIPlugin:80 - create IPUIPlugin
2025-05-23 10:33:57,397 [INFO] PluginManager:220 - loadIPPluginJar : add hash
2025-05-23 10:33:57,400 [INFO] IPUIPlugin:80 - create IPUIPlugin
2025-05-23 10:33:57,400 [INFO] PluginManager:220 - loadIPPluginJar : add i2c
2025-05-23 10:33:57,402 [INFO] IPUIPlugin:80 - create IPUIPlugin
2025-05-23 10:33:57,402 [INFO] PluginManager:220 - loadIPPluginJar : add i2s
2025-05-23 10:33:57,405 [INFO] IPUIPlugin:80 - create IPUIPlugin
2025-05-23 10:33:57,405 [INFO] PluginManager:220 - loadIPPluginJar : add i3c
2025-05-23 10:33:57,408 [INFO] IPUIPlugin:80 - create IPUIPlugin
2025-05-23 10:33:57,408 [INFO] PluginManager:220 - loadIPPluginJar : add ipddr
2025-05-23 10:33:57,415 [INFO] IPUIPlugin:80 - create IPUIPlugin
2025-05-23 10:33:57,415 [INFO] PluginManager:220 - loadIPPluginJar : add linkedlist
2025-05-23 10:33:57,418 [INFO] IPUIPlugin:80 - create IPUIPlugin
2025-05-23 10:33:57,418 [INFO] PluginManager:220 - loadIPPluginJar : add lorawan
2025-05-23 10:33:57,420 [INFO] IPUIPlugin:80 - create IPUIPlugin
2025-05-23 10:33:57,420 [INFO] PluginManager:220 - loadIPPluginJar : add ltdc
2025-05-23 10:33:57,426 [INFO] IPUIPlugin:80 - create IPUIPlugin
2025-05-23 10:33:57,426 [INFO] PluginManager:220 - loadIPPluginJar : add mdma
2025-05-23 10:33:57,430 [INFO] IPUIPlugin:80 - create IPUIPlugin
2025-05-23 10:33:57,430 [INFO] PluginManager:220 - loadIPPluginJar : add nvic
2025-05-23 10:33:57,433 [INFO] IPUIPlugin:80 - create IPUIPlugin
2025-05-23 10:33:57,433 [INFO] PluginManager:220 - loadIPPluginJar : add opamp
2025-05-23 10:33:57,436 [INFO] IPUIPlugin:80 - create IPUIPlugin
2025-05-23 10:33:57,437 [INFO] PluginManager:220 - loadIPPluginJar : add openamp
2025-05-23 10:33:57,440 [INFO] IPUIPlugin:80 - create IPUIPlugin
2025-05-23 10:33:57,440 [INFO] PluginManager:220 - loadIPPluginJar : add pdm2pcm
2025-05-23 10:33:57,445 [INFO] IPUIPlugin:80 - create IPUIPlugin
2025-05-23 10:33:57,449 [INFO] PluginManager:220 - loadIPPluginJar : add plateformsettings
2025-05-23 10:33:57,451 [INFO] IPUIPlugin:80 - create IPUIPlugin
2025-05-23 10:33:57,451 [INFO] PluginManager:220 - loadIPPluginJar : add quadspi
2025-05-23 10:33:57,453 [INFO] IPUIPlugin:80 - create IPUIPlugin
2025-05-23 10:33:57,453 [INFO] PluginManager:220 - loadIPPluginJar : add radio
2025-05-23 10:33:57,458 [INFO] IPUIPlugin:80 - create IPUIPlugin
2025-05-23 10:33:57,458 [INFO] PluginManager:220 - loadIPPluginJar : add resmgrutility
2025-05-23 10:33:57,461 [INFO] IPUIPlugin:80 - create IPUIPlugin
2025-05-23 10:33:57,461 [INFO] PluginManager:220 - loadIPPluginJar : add sai
2025-05-23 10:33:57,464 [INFO] IPUIPlugin:80 - create IPUIPlugin
2025-05-23 10:33:57,464 [INFO] PluginManager:220 - loadIPPluginJar : add spi
2025-05-23 10:33:57,472 [INFO] IPUIPlugin:80 - create IPUIPlugin
2025-05-23 10:33:57,472 [INFO] PluginManager:220 - loadIPPluginJar : add stm32_wpan
2025-05-23 10:33:57,474 [INFO] IPUIPlugin:80 - create IPUIPlugin
2025-05-23 10:33:57,474 [INFO] PluginManager:220 - loadIPPluginJar : add tim
2025-05-23 10:33:57,477 [INFO] IPUIPlugin:80 - create IPUIPlugin
2025-05-23 10:33:57,477 [INFO] PluginManager:220 - loadIPPluginJar : add touchsensing
2025-05-23 10:33:57,480 [INFO] IPUIPlugin:80 - create IPUIPlugin
2025-05-23 10:33:57,480 [INFO] PluginManager:220 - loadIPPluginJar : add tracer_emb
2025-05-23 10:33:57,482 [INFO] IPUIPlugin:80 - create IPUIPlugin
2025-05-23 10:33:57,482 [INFO] PluginManager:220 - loadIPPluginJar : add ts
2025-05-23 10:33:57,483 [INFO] IPUIPlugin:80 - create IPUIPlugin
2025-05-23 10:33:57,484 [INFO] PluginManager:220 - loadIPPluginJar : add tsc
2025-05-23 10:33:57,486 [INFO] IPUIPlugin:80 - create IPUIPlugin
2025-05-23 10:33:57,486 [INFO] PluginManager:220 - loadIPPluginJar : add ucpd
2025-05-23 10:33:57,489 [INFO] IPUIPlugin:80 - create IPUIPlugin
2025-05-23 10:33:57,489 [INFO] PluginManager:220 - loadIPPluginJar : add usart
2025-05-23 10:33:57,492 [INFO] IPUIPlugin:80 - create IPUIPlugin
2025-05-23 10:33:57,492 [INFO] PluginManager:220 - loadIPPluginJar : add usbx
2025-05-23 10:33:57,615 [FATAL] Updater:351 - Updater called before beeing initialized
2025-05-23 10:33:57,638 [INFO] RulesReader:64 - Compatibility file has been processed (301 Rules)
2025-05-23 10:33:57,646 [INFO] RulesReader:64 - Compatibility file has been processed (301 Rules)
2025-05-23 10:33:57,655 [INFO] CADModel:165 - CPN selected for project level
2025-05-23 10:33:57,655 [INFO] CADModel:114 - Register for checkConnection events
2025-05-23 10:33:57,655 [FATAL] Updater:351 - Updater called before beeing initialized
2025-05-23 10:33:57,655 [ERROR] CADModel:125 - Updater not yet initialized, retry later 
2025-05-23 10:33:57,783 [FATAL] Updater:351 - Updater called before beeing initialized
2025-05-23 10:33:57,785 [INFO] CADModel:165 - CPN selected for project level
2025-05-23 10:33:57,785 [INFO] CADModel:114 - Register for checkConnection events
2025-05-23 10:33:57,785 [FATAL] Updater:351 - Updater called before beeing initialized
2025-05-23 10:33:57,786 [ERROR] CADModel:125 - Updater not yet initialized, retry later 
2025-05-23 10:33:57,788 [FATAL] Updater:351 - Updater called before beeing initialized
2025-05-23 10:33:57,901 [FATAL] Updater:351 - Updater called before beeing initialized
2025-05-23 10:33:57,907 [INFO] DbMcusAds:53 - JSON generation date=Thu Sep 30 12:25:09 IST 2021 (1632984909247)
2025-05-23 10:33:57,907 [FATAL] Updater:351 - Updater called before beeing initialized
2025-05-23 10:33:57,946 [WARN] DetailPanel:346 - Failed to get advertising image, set to default
2025-05-23 10:33:58,189 [FATAL] Updater:351 - Updater called before beeing initialized
2025-05-23 10:33:58,191 [FATAL] Updater:351 - Updater called before beeing initialized
2025-05-23 10:33:58,191 [FATAL] Updater:351 - Updater called before beeing initialized
2025-05-23 10:33:58,192 [WARN] DetailPanel:346 - Failed to get advertising image, set to default
2025-05-23 10:33:58,193 [FATAL] Updater:351 - Updater called before beeing initialized
2025-05-23 10:33:58,246 [ERROR] Updater:1198 - MainUpdater not yet initialized. External WinMGr cannot be set.
2025-05-23 10:33:58,248 [INFO] Updater:1134 - Updater Version found : 6.14.0
2025-05-23 10:33:58,311 [INFO] ApplicationProperties:184 - Using Application install path: C:\ST\STM32CubeIDE_1.18.0\STM32CubeIDE\plugins\com.st.stm32cube.common.mx_6.14.0.202502271554
2025-05-23 10:33:59,850 [INFO] ThirdPartyUpdaterWithRetryManager:70 - Updater plugin not ready yet. [2/15]
2025-05-23 10:33:59,880 [ERROR] LogOutputStream:75 - [STDERR_REDIRECT] May 23, 2025 10:33:59 AM java.util.prefs.WindowsPreferences <init>
2025-05-23 10:33:59,881 [ERROR] LogOutputStream:75 - [STDERR_REDIRECT] WARNING: Could not open/create prefs root node Software\JavaSoft\Prefs at root 0xffffffff80000002. Windows RegCreateKeyEx(...) returned error code 5.
2025-05-23 10:33:59,881 [ERROR] LogOutputStream:75 - [STDERR_REDIRECT] 
2025-05-23 10:34:00,123 [INFO] MainUpdater:2872 - connection check result : 10
2025-05-23 10:34:00,124 [INFO] MainUpdater:289 - Updater Check For Update Now.
2025-05-23 10:34:00,124 [INFO] MicroXplorer:498 - Change Database Version : DB.6.0.140
2025-05-23 10:34:00,131 [INFO] McuFinderGlobals:63 - Set McuFinder mode to 2 (CubeIDE integrated)
2025-05-23 10:34:00,131 [INFO] UserAuth:171 - activating auth plugin
2025-05-23 10:34:00,134 [INFO] UserAuth:486 - Internet connection configuration mode: 1
2025-05-23 10:34:00,160 [INFO] JxBrowserEngine:152 - Initiate JxBrowser Engine with user profile folder
2025-05-23 10:34:00,302 [INFO] CheckServerUpdateThread:120 - End of CheckServer Thread
2025-05-23 10:34:01,828 [INFO] WebApp:169 - Instantiating new browser for Auth
2025-05-23 10:34:02,587 [INFO] WebApp:463 - Apply proxy settings
2025-05-23 10:34:02,588 [INFO] WebApp:548 - Chromium requires no authentication
2025-05-23 10:34:02,606 [INFO] WebApp:491 - Direct internet connection detected
2025-05-23 10:34:02,646 [INFO] WebApp:894 - Register for checkConnection events
2025-05-23 10:34:02,647 [INFO] WebApp:463 - Apply proxy settings
2025-05-23 10:34:02,647 [INFO] WebApp:548 - Chromium requires no authentication
2025-05-23 10:34:02,647 [INFO] WebApp:491 - Direct internet connection detected
2025-05-23 10:34:02,850 [INFO] WebApp:225 - Starting web application
2025-05-23 10:34:02,851 [INFO] WebApp:593 - Web application path used C:\ST\STM32CubeIDE_1.18.0\STM32CubeIDE\plugins\com.st.stm32cube.common.mx_6.14.0.202502271554\db\plugins\mcufinder\reactClient1\index.html
2025-05-23 10:34:03,004 [INFO] WebApp:191 - Connection restablished
2025-05-23 10:34:03,048 [WARN] PackLoader:240 - Cannot read IP mode file for STMicroelectronics.FP-SNS-MOTENVWB1.1.4.0
2025-05-23 10:34:03,064 [WARN] PackLoader:240 - Cannot read IP mode file for STMicroelectronics.X-CUBE-SMBUS.2.1.0
2025-05-23 10:34:03,079 [WARN] PackLoader:240 - Cannot read IP mode file for STMicroelectronics.X-CUBE-DISPLAY.3.0.0
2025-05-23 10:34:03,103 [WARN] PackLoader:240 - Cannot read IP mode file for STMicroelectronics.X-CUBE-NFC10.1.0.0
2025-05-23 10:34:03,125 [WARN] PackLoader:240 - Cannot read IP mode file for STMicroelectronics.X-CUBE-BLEMGR.4.0.0
2025-05-23 10:34:03,139 [WARN] PackLoader:240 - Cannot read IP mode file for STMicroelectronics.X-CUBE-AI.10.0.0
2025-05-23 10:34:03,146 [WARN] PackLoader:240 - Cannot read IP mode file for STMicroelectronics.FP-SNS-SMARTAG2.1.2.0
2025-05-23 10:34:03,154 [WARN] PackLoader:240 - Cannot read IP mode file for STMicroelectronics.FP-SNS-MOTENV1.5.0.0
2025-05-23 10:34:03,166 [WARN] PackLoader:240 - Cannot read IP mode file for STMicroelectronics.X-CUBE-BLE2.3.3.0
2025-05-23 10:34:03,175 [WARN] PackLoader:240 - Cannot read IP mode file for STMicroelectronics.X-CUBE-NFC9.1.0.0
2025-05-23 10:34:03,187 [WARN] PackLoader:240 - Cannot read IP mode file for STMicroelectronics.X-CUBE-SAFEA1.1.2.2
2025-05-23 10:34:03,196 [WARN] PackLoader:240 - Cannot read IP mode file for STMicroelectronics.X-CUBE-NFC4.3.0.0
2025-05-23 10:34:03,205 [WARN] PackLoader:240 - Cannot read IP mode file for STMicroelectronics.X-CUBE-TCPP.4.2.0
2025-05-23 10:34:03,212 [WARN] PackLoader:240 - Cannot read IP mode file for STMicroelectronics.FP-ATR-SIGFOX1.3.2.0
2025-05-23 10:34:03,219 [WARN] PackLoader:240 - Cannot read IP mode file for STMicroelectronics.X-CUBE-EEPRMA1.5.1.0
2025-05-23 10:34:03,228 [WARN] PackLoader:240 - Cannot read IP mode file for STMicroelectronics.X-CUBE-ISPU.2.1.0
2025-05-23 10:34:03,238 [WARN] PackLoader:240 - Cannot read IP mode file for STMicroelectronics.X-CUBE-NFC6.3.1.0
2025-05-23 10:34:03,262 [WARN] PackLoader:240 - Cannot read IP mode file for STMicroelectronics.X-CUBE-SFXS2LP1.4.0.0
2025-05-23 10:34:03,282 [WARN] PackLoader:240 - Cannot read IP mode file for STMicroelectronics.X-CUBE-GNSS1.7.0.1
2025-05-23 10:34:03,292 [WARN] PackLoader:240 - Cannot read IP mode file for STMicroelectronics.FP-SNS-STBOX1.2.0.0
2025-05-23 10:34:03,308 [WARN] PackLoader:240 - Cannot read IP mode file for STMicroelectronics.X-CUBE-SUBG2.5.0.0
2025-05-23 10:34:03,332 [WARN] PackLoader:240 - Cannot read IP mode file for STMicroelectronics.X-CUBE-IPS.3.1.0
2025-05-23 10:34:03,348 [WARN] PackLoader:240 - Cannot read IP mode file for STMicroelectronics.X-CUBE-ALS.1.0.2
2025-05-23 10:34:03,350 [INFO] ThirdParty:978 - Integrity check success = true
2025-05-23 10:34:03,350 [INFO] IntegrityCheckThread:100 - exiting critical section [integrity check]
2025-05-23 10:34:03,350 [INFO] IntegrityCheckThread:103 - End integrity checks thread
2025-05-23 12:13:59,804 [ERROR] ConfigurationRetriever:142 - IOException on connection: Read timed out
2025-05-23 16:13:09,730 [INFO] WebApp:194 - Connection lost
2025-05-23 16:13:14,420 [INFO] WebApp:191 - Connection restablished
2025-05-23 16:13:16,583 [INFO] WebApp:194 - Connection lost
2025-05-23 16:13:16,802 [INFO] WebApp:191 - Connection restablished
