2025-06-05 15:05:09,693 [INFO] Activator:176 - 


2025-06-05 15:05:09,693 [INFO] Activator:177 - !SESSION log4j initialized
2025-06-05 15:05:15,488 [INFO] LogOutputStream:77 - [STDOUT_REDIRECT] 
2025-06-05 15:05:24,896 [INFO] ApplicationProperties:184 - Using Application install path: C:\ST\STM32CubeIDE_1.18.0\STM32CubeIDE\plugins\com.st.stm32cube.common.mx_6.14.0.202502271554
2025-06-05 15:05:24,916 [INFO] DbMcusXml:78 - Set database path to: C:\ST\STM32CubeIDE_1.18.0\STM32CubeIDE\plugins\com.st.stm32cube.common.mx_6.14.0.202502271554\\db\/mcu/
2025-06-05 15:05:24,916 [INFO] ApiDb:274 - Set plugin database path to: C:\ST\STM32CubeIDE_1.18.0\STM32CubeIDE\plugins\com.st.stm32cube.common.mx_6.14.0.202502271554\\db\/plugins/boardmanager/
2025-06-05 15:05:24,917 [WARN] ApiDb:259 - Overriding images path with different value:  => C:\ST\STM32CubeIDE_1.18.0\STM32CubeIDE\plugins\com.st.stm32cube.common.mx_6.14.0.202502271554\\db\/plugins/mcufinder/images/
2025-06-05 15:05:24,928 [INFO] ApiDb:250 - Set database path to: C:\Users\Admin\.stmcufinder\plugins\mcufinder//mcu/
2025-06-05 15:05:24,928 [INFO] DbMcusAds:125 - Set database path to: C:\Users\Admin\.stmcufinder\plugins\mcufinder//mcu/
2025-06-05 15:05:24,931 [INFO] CrossReferenceDbSqlite:203 - Set database path to: C:\Users\Admin\.stmcufinder\plugins\mcufinder//mcu/cs/
2025-06-05 15:05:25,047 [INFO] RulesReader:64 - Compatibility file has been processed (301 Rules)
2025-06-05 15:05:25,131 [INFO] DbMcusXml:78 - Set database path to: C:\ST\STM32CubeIDE_1.18.0\STM32CubeIDE\plugins\com.st.stm32cube.common.mx_6.14.0.202502271554\\db\/mcu/
2025-06-05 15:05:25,131 [INFO] ApiDb:274 - Set plugin database path to: C:\ST\STM32CubeIDE_1.18.0\STM32CubeIDE\plugins\com.st.stm32cube.common.mx_6.14.0.202502271554\\db\/plugins/boardmanager/
2025-06-05 15:05:25,132 [INFO] ApiDb:261 - Set plugin images path to: C:\ST\STM32CubeIDE_1.18.0\STM32CubeIDE\plugins\com.st.stm32cube.common.mx_6.14.0.202502271554\\db\/plugins/mcufinder/images/
2025-06-05 15:05:25,132 [WARN] DbFile:41 - Overriding database path with different value: C:\Users\Admin\.stmcufinder\plugins\mcufinder/ => C:\Users\Admin\.stmcufinder\plugins\mcufinder
2025-06-05 15:05:25,132 [INFO] ApiDb:250 - Set database path to: C:\Users\Admin\.stmcufinder\plugins\mcufinder//mcu/
2025-06-05 15:05:25,132 [WARN] DbFile:41 - Overriding database path with different value: C:\Users\Admin\.stmcufinder\plugins\mcufinder/ => C:\Users\Admin\.stmcufinder\plugins\mcufinder
2025-06-05 15:05:25,132 [INFO] DbMcusAds:125 - Set database path to: C:\Users\Admin\.stmcufinder\plugins\mcufinder//mcu/
2025-06-05 15:05:25,132 [WARN] DbFile:41 - Overriding database path with different value: C:\Users\Admin\.stmcufinder\plugins\mcufinder/ => C:\Users\Admin\.stmcufinder\plugins\mcufinder
2025-06-05 15:05:25,132 [WARN] DbFile:41 - Overriding database path with different value: C:\Users\Admin\.stmcufinder\plugins\mcufinder/ => C:\Users\Admin\.stmcufinder\plugins\mcufinder
2025-06-05 15:05:25,132 [INFO] CrossReferenceDbSqlite:203 - Set database path to: C:\Users\Admin\.stmcufinder\plugins\mcufinder//mcu/cs/
2025-06-05 15:05:25,206 [INFO] MainPanel:272 - HeapMemory: 268435456
2025-06-05 15:05:25,310 [INFO] DbMcusXml:78 - Set database path to: C:\ST\STM32CubeIDE_1.18.0\STM32CubeIDE\plugins\com.st.stm32cube.common.mx_6.14.0.202502271554\\db\/mcu/
2025-06-05 15:05:25,310 [INFO] ApiDb:274 - Set plugin database path to: C:\ST\STM32CubeIDE_1.18.0\STM32CubeIDE\plugins\com.st.stm32cube.common.mx_6.14.0.202502271554\\db\/plugins/boardmanager/
2025-06-05 15:05:25,310 [INFO] ApiDb:261 - Set plugin images path to: C:\ST\STM32CubeIDE_1.18.0\STM32CubeIDE\plugins\com.st.stm32cube.common.mx_6.14.0.202502271554\\db\/plugins/mcufinder/images/
2025-06-05 15:05:25,311 [WARN] DbFile:41 - Overriding database path with different value: C:\Users\Admin\.stmcufinder\plugins\mcufinder/ => C:\Users\Admin\.stmcufinder\plugins\mcufinder
2025-06-05 15:05:25,311 [INFO] ApiDb:250 - Set database path to: C:\Users\Admin\.stmcufinder\plugins\mcufinder//mcu/
2025-06-05 15:05:25,311 [WARN] DbFile:41 - Overriding database path with different value: C:\Users\Admin\.stmcufinder\plugins\mcufinder/ => C:\Users\Admin\.stmcufinder\plugins\mcufinder
2025-06-05 15:05:25,311 [INFO] DbMcusAds:125 - Set database path to: C:\Users\Admin\.stmcufinder\plugins\mcufinder//mcu/
2025-06-05 15:05:25,311 [WARN] DbFile:41 - Overriding database path with different value: C:\Users\Admin\.stmcufinder\plugins\mcufinder/ => C:\Users\Admin\.stmcufinder\plugins\mcufinder
2025-06-05 15:05:25,311 [WARN] DbFile:41 - Overriding database path with different value: C:\Users\Admin\.stmcufinder\plugins\mcufinder/ => C:\Users\Admin\.stmcufinder\plugins\mcufinder
2025-06-05 15:05:25,311 [INFO] CrossReferenceDbSqlite:203 - Set database path to: C:\Users\Admin\.stmcufinder\plugins\mcufinder//mcu/cs/
2025-06-05 15:05:25,328 [INFO] ApplicationProperties:184 - Using Application install path: C:\ST\STM32CubeIDE_1.18.0\STM32CubeIDE\plugins\com.st.stm32cube.common.mx_6.14.0.202502271554
2025-06-05 15:05:25,329 [INFO] PluginManage:196 - Search for loadable plugins [exclusion list=, ]
2025-06-05 15:05:25,330 [INFO] PluginManage:310 - Check plugin analytics
2025-06-05 15:05:25,492 [INFO] AnalyticsPlugin:253 - Accepted Software Licenses: 
2025-06-05 15:05:25,493 [INFO] AnalyticsPlugin:255 - Accepted CMSIS Pack Licenses: 
2025-06-05 15:05:25,493 [INFO] AnalyticsPlugin:257 - Accepted Firmware Licenses: FW.F4.1.28.0
2025-06-05 15:05:25,496 [INFO] PluginManage:359 - Loaded plugin analytics (category:tool,tabindex:-1)
2025-06-05 15:05:25,496 [INFO] PluginManage:310 - Check plugin cadmodel
2025-06-05 15:05:25,514 [INFO] CADModel:105 - Init CAD model plugin
2025-06-05 15:05:25,514 [INFO] PluginManage:359 - Loaded plugin cadmodel (category:power,tabindex:5)
2025-06-05 15:05:25,514 [INFO] PluginManage:310 - Check plugin clock
2025-06-05 15:05:25,534 [INFO] PluginManage:359 - Loaded plugin clock (category:base,tabindex:2)
2025-06-05 15:05:25,534 [INFO] PluginManage:310 - Check plugin ddr
2025-06-05 15:05:25,537 [INFO] PluginManage:359 - Loaded plugin ddr (category:tool,tabindex:6)
2025-06-05 15:05:25,537 [INFO] PluginManage:310 - Check plugin filemanager
2025-06-05 15:05:25,679 [INFO] PluginManage:359 - Loaded plugin filemanager (category:base,tabindex:10)
2025-06-05 15:05:25,679 [INFO] PluginManage:310 - Check plugin ipmanager
2025-06-05 15:05:25,686 [INFO] PluginManage:359 - Loaded plugin ipmanager (category:base,tabindex:5)
2025-06-05 15:05:25,686 [INFO] PluginManage:310 - Check plugin lpbam
2025-06-05 15:05:25,705 [INFO] PluginManage:359 - Loaded plugin lpbam (category:base,tabindex:0)
2025-06-05 15:05:25,705 [INFO] PluginManage:310 - Check plugin memorymap
2025-06-05 15:05:25,731 [INFO] PluginManage:359 - Loaded plugin memorymap (category:base,tabindex:4)
2025-06-05 15:05:25,731 [INFO] PluginManage:310 - Check plugin pinoutandconfiguration
2025-06-05 15:05:25,749 [INFO] PluginManage:359 - Loaded plugin pinoutandconfiguration (category:base,tabindex:1)
2025-06-05 15:05:25,749 [INFO] PluginManage:310 - Check plugin pinoutconfig
2025-06-05 15:05:25,854 [WARN] SupportedApi:132 - Cannot load RTOS API schema: s4s-elt-must-match.1: The content of 'definitions' must match (annotation?, (simpleType | complexType)?, (unique | key | keyref)*)). A problem was found starting at: attribute.
2025-06-05 15:05:25,990 [INFO] PluginManage:359 - Loaded plugin pinoutconfig (category:base,tabindex:0)
2025-06-05 15:05:25,990 [INFO] PluginManage:310 - Check plugin power
2025-06-05 15:05:26,013 [INFO] PluginManage:359 - Loaded plugin power (category:power,tabindex:4)
2025-06-05 15:05:26,013 [INFO] PluginManage:310 - Check plugin projectmanager
2025-06-05 15:05:26,029 [INFO] PluginManage:359 - Loaded plugin projectmanager (category:projectmanager,tabindex:4)
2025-06-05 15:05:26,029 [INFO] PluginManage:310 - Check plugin rif
2025-06-05 15:05:26,048 [INFO] PluginManage:359 - Loaded plugin rif (category:base,tabindex:3)
2025-06-05 15:05:26,048 [INFO] PluginManage:310 - Check plugin thirdparty
2025-06-05 15:05:26,344 [INFO] PluginManage:359 - Loaded plugin thirdparty (category:base,tabindex:-1)
2025-06-05 15:05:26,344 [WARN] IntegrityCheckThread:84 - waiting for thirdparty lock release [integrity check]
2025-06-05 15:05:26,344 [INFO] PluginManage:310 - Check plugin tools
2025-06-05 15:05:26,344 [INFO] IntegrityCheckThread:86 - entering critical section [integrity check]
2025-06-05 15:05:26,345 [INFO] ThirdPartyUpdaterWithRetryManager:70 - Updater plugin not ready yet. [1/15]
2025-06-05 15:05:26,380 [INFO] PluginManage:359 - Loaded plugin tools (category:base,tabindex:7)
2025-06-05 15:05:26,380 [INFO] PluginManage:310 - Check plugin tutovideos
2025-06-05 15:05:26,564 [INFO] PluginManage:359 - Loaded plugin tutovideos (category:base,tabindex:-1)
2025-06-05 15:05:26,564 [INFO] PluginManage:310 - Check plugin updater
2025-06-05 15:05:26,586 [INFO] PluginManage:359 - Loaded plugin updater (category:base,tabindex:12)
2025-06-05 15:05:26,586 [INFO] PluginManage:310 - Check plugin userauth
2025-06-05 15:05:26,590 [INFO] UserAuth:118 - Init User Auth plugin
2025-06-05 15:05:26,591 [INFO] PluginManage:359 - Loaded plugin userauth (category:base,tabindex:14)
2025-06-05 15:05:26,591 [INFO] PluginManage:283 - PluginManage : Loaded plugins [18]
2025-06-05 15:05:26,788 [INFO] PinOutPanel:1589 - setPackage(No Configuration,No Configuration)
2025-06-05 15:05:26,882 [INFO] CADModel:165 - CPN selected for project level
2025-06-05 15:05:26,882 [INFO] CADModel:114 - Register for checkConnection events
2025-06-05 15:05:26,909 [INFO] IPUIPlugin:80 - create IPUIPlugin
2025-06-05 15:05:26,909 [INFO] PluginManager:220 - loadIPPluginJar : add adc
2025-06-05 15:05:26,951 [INFO] IPUIPlugin:80 - create IPUIPlugin
2025-06-05 15:05:26,952 [INFO] PluginManager:220 - loadIPPluginJar : add aes
2025-06-05 15:05:27,002 [INFO] IPUIPlugin:80 - create IPUIPlugin
2025-06-05 15:05:27,002 [INFO] PluginManager:220 - loadIPPluginJar : add can
2025-06-05 15:05:27,027 [INFO] IPUIPlugin:80 - create IPUIPlugin
2025-06-05 15:05:27,028 [INFO] PluginManager:220 - loadIPPluginJar : add comp
2025-06-05 15:05:27,061 [INFO] IPUIPlugin:80 - create IPUIPlugin
2025-06-05 15:05:27,061 [INFO] PluginManager:220 - loadIPPluginJar : add cryp
2025-06-05 15:05:27,075 [INFO] IPUIPlugin:80 - create IPUIPlugin
2025-06-05 15:05:27,075 [INFO] PluginManager:220 - loadIPPluginJar : add ddr_ctrl_phy
2025-06-05 15:05:27,107 [INFO] IPUIPlugin:80 - create IPUIPlugin
2025-06-05 15:05:27,107 [INFO] PluginManager:220 - loadIPPluginJar : add dfsdm
2025-06-05 15:05:27,120 [INFO] IPUIPlugin:80 - create IPUIPlugin
2025-06-05 15:05:27,120 [INFO] PluginManager:220 - loadIPPluginJar : add dma
2025-06-05 15:05:27,160 [INFO] IPUIPlugin:80 - create IPUIPlugin
2025-06-05 15:05:27,160 [INFO] PluginManager:220 - loadIPPluginJar : add dma3
2025-06-05 15:05:27,205 [INFO] IPUIPlugin:80 - create IPUIPlugin
2025-06-05 15:05:27,205 [INFO] PluginManager:220 - loadIPPluginJar : add extmemmanager
2025-06-05 15:05:27,228 [INFO] IPUIPlugin:80 - create IPUIPlugin
2025-06-05 15:05:27,228 [INFO] PluginManager:220 - loadIPPluginJar : add fatfs
2025-06-05 15:05:27,276 [INFO] IPUIPlugin:80 - create IPUIPlugin
2025-06-05 15:05:27,276 [INFO] PluginManager:220 - loadIPPluginJar : add fmc
2025-06-05 15:05:27,292 [INFO] IPUIPlugin:80 - create IPUIPlugin
2025-06-05 15:05:27,292 [INFO] PluginManager:220 - loadIPPluginJar : add freertos
2025-06-05 15:05:27,314 [INFO] IPUIPlugin:80 - create IPUIPlugin
2025-06-05 15:05:27,314 [INFO] PluginManager:220 - loadIPPluginJar : add genericplugin
2025-06-05 15:05:27,413 [INFO] IPUIPlugin:80 - create IPUIPlugin
2025-06-05 15:05:27,413 [INFO] PluginManager:220 - loadIPPluginJar : add gfxmmu
2025-06-05 15:05:27,542 [INFO] IPUIPlugin:80 - create IPUIPlugin
2025-06-05 15:05:27,542 [INFO] PluginManager:220 - loadIPPluginJar : add gic
2025-06-05 15:05:27,556 [INFO] IPUIPlugin:80 - create IPUIPlugin
2025-06-05 15:05:27,556 [INFO] PluginManager:220 - loadIPPluginJar : add gpio
2025-06-05 15:05:27,650 [INFO] IPUIPlugin:80 - create IPUIPlugin
2025-06-05 15:05:27,650 [INFO] PluginManager:220 - loadIPPluginJar : add gtzc
2025-06-05 15:05:27,684 [INFO] IPUIPlugin:80 - create IPUIPlugin
2025-06-05 15:05:27,684 [INFO] PluginManager:220 - loadIPPluginJar : add hash
2025-06-05 15:05:27,739 [INFO] IPUIPlugin:80 - create IPUIPlugin
2025-06-05 15:05:27,739 [INFO] PluginManager:220 - loadIPPluginJar : add i2c
2025-06-05 15:05:27,778 [INFO] IPUIPlugin:80 - create IPUIPlugin
2025-06-05 15:05:27,778 [INFO] PluginManager:220 - loadIPPluginJar : add i2s
2025-06-05 15:05:27,825 [INFO] IPUIPlugin:80 - create IPUIPlugin
2025-06-05 15:05:27,825 [INFO] PluginManager:220 - loadIPPluginJar : add i3c
2025-06-05 15:05:27,927 [INFO] IPUIPlugin:80 - create IPUIPlugin
2025-06-05 15:05:27,927 [INFO] PluginManager:220 - loadIPPluginJar : add ipddr
2025-06-05 15:05:28,023 [INFO] IPUIPlugin:80 - create IPUIPlugin
2025-06-05 15:05:28,023 [INFO] PluginManager:220 - loadIPPluginJar : add linkedlist
2025-06-05 15:05:28,060 [INFO] IPUIPlugin:80 - create IPUIPlugin
2025-06-05 15:05:28,060 [INFO] PluginManager:220 - loadIPPluginJar : add lorawan
2025-06-05 15:05:28,099 [INFO] IPUIPlugin:80 - create IPUIPlugin
2025-06-05 15:05:28,099 [INFO] PluginManager:220 - loadIPPluginJar : add ltdc
2025-06-05 15:05:28,112 [INFO] IPUIPlugin:80 - create IPUIPlugin
2025-06-05 15:05:28,112 [INFO] PluginManager:220 - loadIPPluginJar : add mdma
2025-06-05 15:05:28,128 [INFO] IPUIPlugin:80 - create IPUIPlugin
2025-06-05 15:05:28,128 [INFO] PluginManager:220 - loadIPPluginJar : add nvic
2025-06-05 15:05:28,170 [INFO] IPUIPlugin:80 - create IPUIPlugin
2025-06-05 15:05:28,170 [INFO] PluginManager:220 - loadIPPluginJar : add opamp
2025-06-05 15:05:28,232 [INFO] IPUIPlugin:80 - create IPUIPlugin
2025-06-05 15:05:28,232 [INFO] PluginManager:220 - loadIPPluginJar : add openamp
2025-06-05 15:05:28,276 [INFO] IPUIPlugin:80 - create IPUIPlugin
2025-06-05 15:05:28,277 [INFO] PluginManager:220 - loadIPPluginJar : add pdm2pcm
2025-06-05 15:05:28,291 [INFO] IPUIPlugin:80 - create IPUIPlugin
2025-06-05 15:05:28,293 [INFO] PluginManager:220 - loadIPPluginJar : add plateformsettings
2025-06-05 15:05:28,319 [INFO] IPUIPlugin:80 - create IPUIPlugin
2025-06-05 15:05:28,319 [INFO] PluginManager:220 - loadIPPluginJar : add quadspi
2025-06-05 15:05:28,347 [INFO] IPUIPlugin:80 - create IPUIPlugin
2025-06-05 15:05:28,347 [INFO] PluginManager:220 - loadIPPluginJar : add radio
2025-06-05 15:05:28,361 [INFO] IPUIPlugin:80 - create IPUIPlugin
2025-06-05 15:05:28,361 [INFO] PluginManager:220 - loadIPPluginJar : add resmgrutility
2025-06-05 15:05:28,409 [INFO] IPUIPlugin:80 - create IPUIPlugin
2025-06-05 15:05:28,409 [INFO] PluginManager:220 - loadIPPluginJar : add sai
2025-06-05 15:05:28,448 [INFO] IPUIPlugin:80 - create IPUIPlugin
2025-06-05 15:05:28,448 [INFO] PluginManager:220 - loadIPPluginJar : add spi
2025-06-05 15:05:28,524 [INFO] IPUIPlugin:80 - create IPUIPlugin
2025-06-05 15:05:28,525 [INFO] PluginManager:220 - loadIPPluginJar : add stm32_wpan
2025-06-05 15:05:28,549 [INFO] IPUIPlugin:80 - create IPUIPlugin
2025-06-05 15:05:28,550 [INFO] PluginManager:220 - loadIPPluginJar : add tim
2025-06-05 15:05:28,612 [INFO] IPUIPlugin:80 - create IPUIPlugin
2025-06-05 15:05:28,612 [INFO] PluginManager:220 - loadIPPluginJar : add touchsensing
2025-06-05 15:05:28,636 [INFO] IPUIPlugin:80 - create IPUIPlugin
2025-06-05 15:05:28,636 [INFO] PluginManager:220 - loadIPPluginJar : add tracer_emb
2025-06-05 15:05:28,661 [INFO] IPUIPlugin:80 - create IPUIPlugin
2025-06-05 15:05:28,661 [INFO] PluginManager:220 - loadIPPluginJar : add ts
2025-06-05 15:05:28,684 [INFO] IPUIPlugin:80 - create IPUIPlugin
2025-06-05 15:05:28,685 [INFO] PluginManager:220 - loadIPPluginJar : add tsc
2025-06-05 15:05:28,708 [INFO] IPUIPlugin:80 - create IPUIPlugin
2025-06-05 15:05:28,708 [INFO] PluginManager:220 - loadIPPluginJar : add ucpd
2025-06-05 15:05:28,752 [INFO] IPUIPlugin:80 - create IPUIPlugin
2025-06-05 15:05:28,752 [INFO] PluginManager:220 - loadIPPluginJar : add usart
2025-06-05 15:05:28,799 [INFO] IPUIPlugin:80 - create IPUIPlugin
2025-06-05 15:05:28,799 [INFO] PluginManager:220 - loadIPPluginJar : add usbx
2025-06-05 15:05:28,927 [FATAL] Updater:351 - Updater called before beeing initialized
2025-06-05 15:05:28,962 [INFO] RulesReader:64 - Compatibility file has been processed (301 Rules)
2025-06-05 15:05:28,970 [INFO] RulesReader:64 - Compatibility file has been processed (301 Rules)
2025-06-05 15:05:28,979 [INFO] CADModel:165 - CPN selected for project level
2025-06-05 15:05:28,979 [INFO] CADModel:114 - Register for checkConnection events
2025-06-05 15:05:28,979 [FATAL] Updater:351 - Updater called before beeing initialized
2025-06-05 15:05:28,979 [ERROR] CADModel:125 - Updater not yet initialized, retry later 
2025-06-05 15:05:29,113 [FATAL] Updater:351 - Updater called before beeing initialized
2025-06-05 15:05:29,115 [INFO] CADModel:165 - CPN selected for project level
2025-06-05 15:05:29,115 [INFO] CADModel:114 - Register for checkConnection events
2025-06-05 15:05:29,115 [FATAL] Updater:351 - Updater called before beeing initialized
2025-06-05 15:05:29,115 [ERROR] CADModel:125 - Updater not yet initialized, retry later 
2025-06-05 15:05:29,118 [FATAL] Updater:351 - Updater called before beeing initialized
2025-06-05 15:05:29,220 [FATAL] Updater:351 - Updater called before beeing initialized
2025-06-05 15:05:29,233 [INFO] DbMcusAds:53 - JSON generation date=Wed May 07 14:37:55 IST 2025 (1746608875484)
2025-06-05 15:05:29,233 [FATAL] Updater:351 - Updater called before beeing initialized
2025-06-05 15:05:29,272 [WARN] DetailPanel:346 - Failed to get advertising image, set to default
2025-06-05 15:05:29,345 [INFO] ThirdPartyUpdaterWithRetryManager:70 - Updater plugin not ready yet. [2/15]
2025-06-05 15:05:29,503 [FATAL] Updater:351 - Updater called before beeing initialized
2025-06-05 15:05:29,504 [FATAL] Updater:351 - Updater called before beeing initialized
2025-06-05 15:05:29,504 [FATAL] Updater:351 - Updater called before beeing initialized
2025-06-05 15:05:29,505 [WARN] DetailPanel:346 - Failed to get advertising image, set to default
2025-06-05 15:05:29,505 [FATAL] Updater:351 - Updater called before beeing initialized
2025-06-05 15:05:29,561 [ERROR] Updater:1198 - MainUpdater not yet initialized. External WinMGr cannot be set.
2025-06-05 15:05:29,572 [INFO] Updater:1134 - Updater Version found : 6.14.0
2025-06-05 15:05:29,591 [INFO] ApplicationProperties:184 - Using Application install path: C:\ST\STM32CubeIDE_1.18.0\STM32CubeIDE\plugins\com.st.stm32cube.common.mx_6.14.0.202502271554
2025-06-05 15:05:31,171 [ERROR] LogOutputStream:75 - [STDERR_REDIRECT] Jun 05, 2025 3:05:31 PM java.util.prefs.WindowsPreferences <init>
2025-06-05 15:05:31,173 [ERROR] LogOutputStream:75 - [STDERR_REDIRECT] WARNING: Could not open/create prefs root node Software\JavaSoft\Prefs at root 0xffffffff80000002. Windows RegCreateKeyEx(...) returned error code 5.
2025-06-05 15:05:31,173 [ERROR] LogOutputStream:75 - [STDERR_REDIRECT] 
2025-06-05 15:05:31,204 [INFO] MainUpdater:525 - Copy updater definitions from MX database
2025-06-05 15:05:31,413 [INFO] MainUpdater:2872 - connection check result : 10
2025-06-05 15:05:31,413 [INFO] MainUpdater:3566 - Updater definition file requires update
2025-06-05 15:05:31,414 [INFO] MainUpdater:289 - Updater Check For Update Now.
2025-06-05 15:05:31,414 [INFO] MicroXplorer:498 - Change Database Version : DB.6.0.140
2025-06-05 15:05:31,431 [INFO] McuFinderGlobals:63 - Set McuFinder mode to 2 (CubeIDE integrated)
2025-06-05 15:05:31,431 [INFO] UserAuth:171 - activating auth plugin
2025-06-05 15:05:31,434 [INFO] UserAuth:486 - Internet connection configuration mode: 1
2025-06-05 15:05:31,464 [INFO] JxBrowserEngine:152 - Initiate JxBrowser Engine with user profile folder
2025-06-05 15:05:31,469 [INFO] ServerAccessManage:473 - Download File updaters.zip
2025-06-05 15:05:31,547 [INFO] FileExtend:242 - Unzip File : updaters.zip
2025-06-05 15:05:31,547 [INFO] FileExtend:257 - Standard Zip Deflate
2025-06-05 15:05:32,198 [INFO] ServerAccessManage:473 - Download File PacksControlFlags.xml
2025-06-05 15:05:32,309 [INFO] ServerAccessManage:473 - Download File cubemx.pidx
2025-06-05 15:05:32,346 [WARN] MainUpdater:1193 - Updater busy. Cannot search thirdparties
2025-06-05 15:05:32,346 [INFO] ThirdPartyUpdaterWithRetryManager:96 - Updater plugin is busy. [1/15]
2025-06-05 15:05:34,309 [INFO] WebApp:169 - Instantiating new browser for Auth
2025-06-05 15:05:34,342 [INFO] ServerAccessManage:473 - Download File STMicroelectronics.X-CUBE-ST67W61.pdsc
2025-06-05 15:05:35,347 [WARN] MainUpdater:1193 - Updater busy. Cannot search thirdparties
2025-06-05 15:05:35,347 [INFO] ThirdPartyUpdaterWithRetryManager:96 - Updater plugin is busy. [2/15]
2025-06-05 15:05:35,395 [INFO] WebApp:463 - Apply proxy settings
2025-06-05 15:05:35,396 [INFO] WebApp:548 - Chromium requires no authentication
2025-06-05 15:05:35,411 [INFO] WebApp:491 - Direct internet connection detected
2025-06-05 15:05:35,453 [INFO] WebApp:894 - Register for checkConnection events
2025-06-05 15:05:35,453 [INFO] WebApp:463 - Apply proxy settings
2025-06-05 15:05:35,454 [INFO] WebApp:548 - Chromium requires no authentication
2025-06-05 15:05:35,454 [INFO] WebApp:491 - Direct internet connection detected
2025-06-05 15:05:35,488 [ERROR] ServerAccessManage:1172 - Problem during Server Connection :  IO error PKIX path building failed: sun.security.provider.certpath.SunCertPathBuilderException: unable to find valid certification path to requested target
2025-06-05 15:05:35,489 [ERROR] ServerAccessManage:651 - Problem during Server Connection :  : Avnet-IotConnect.X-CUBE-IoTC-DA16k-PMOD.pdsc.
2025-06-05 15:05:35,590 [WARN] PackLoader:240 - Cannot read IP mode file for STMicroelectronics.X-CUBE-ST67W61.1.0.0
2025-06-05 15:05:35,593 [INFO] PopulateThirdPartyThread:66 - Ending populate Thread
2025-06-05 15:05:35,594 [INFO] ThirdParty:1030 - CMSIS Pack Vendor :STMicroelectronics X-CUBE-ST67W61 1.0.0
2025-06-05 15:05:35,594 [INFO] LoadServerUpdatesThread:375 - End of LoadServerUpdate Thread
2025-06-05 15:05:35,716 [INFO] WebApp:191 - Connection restablished
2025-06-05 15:05:35,716 [INFO] CheckServerUpdateThread:120 - End of CheckServer Thread
2025-06-05 15:05:35,739 [INFO] WebApp:225 - Starting web application
2025-06-05 15:05:35,740 [INFO] WebApp:593 - Web application path used C:\ST\STM32CubeIDE_1.18.0\STM32CubeIDE\plugins\com.st.stm32cube.common.mx_6.14.0.202502271554\db\plugins\mcufinder\reactClient1\index.html
2025-06-05 15:05:38,541 [WARN] PackLoader:240 - Cannot read IP mode file for STMicroelectronics.FP-SNS-MOTENVWB1.1.4.0
2025-06-05 15:05:38,558 [WARN] PackLoader:240 - Cannot read IP mode file for STMicroelectronics.X-CUBE-SMBUS.2.1.0
2025-06-05 15:05:38,571 [WARN] PackLoader:240 - Cannot read IP mode file for STMicroelectronics.X-CUBE-ST60.1.0.0
2025-06-05 15:05:38,605 [WARN] PackLoader:240 - Cannot read IP mode file for STMicroelectronics.X-CUBE-AZRTOS-F7.1.1.0
2025-06-05 15:05:38,656 [WARN] PackLoader:240 - Cannot read IP mode file for Infineon.AIROC-Wi-Fi-Bluetooth-STM32.1.7.0
2025-06-05 15:05:38,684 [WARN] PackLoader:240 - Cannot read IP mode file for STMicroelectronics.X-CUBE-DISPLAY.3.0.0
2025-06-05 15:05:38,708 [WARN] PackLoader:240 - Cannot read IP mode file for STMicroelectronics.X-CUBE-NFC10.1.0.0
2025-06-05 15:05:38,729 [WARN] PackLoader:240 - Cannot read IP mode file for STMicroelectronics.X-CUBE-BLEMGR.4.0.0
2025-06-05 15:05:38,746 [WARN] PackLoader:240 - Cannot read IP mode file for emotas.I-CUBE-CANOPEN.1.3.0
2025-06-05 15:05:38,750 [WARN] ConditionMgr:438 - getConditionDescription Invalid condition id : Cortex-A Device cause : null
2025-06-05 15:05:38,768 [WARN] ConditionMgr:1044 - genDependencies : Invalid condition id : Cortex-A Device cause : null
2025-06-05 15:05:38,768 [WARN] ConditionMgr:1044 - genDependencies : Invalid condition id : Cortex-A Device cause : null
2025-06-05 15:05:38,768 [WARN] ConditionMgr:1044 - genDependencies : Invalid condition id : Cortex-A Device cause : null
2025-06-05 15:05:38,782 [WARN] PackLoader:240 - Cannot read IP mode file for STMicroelectronics.X-CUBE-AI.10.0.0
2025-06-05 15:05:38,797 [WARN] PackLoader:240 - Cannot read IP mode file for STMicroelectronics.FP-SNS-SMARTAG2.1.2.0
2025-06-05 15:05:38,817 [INFO] LogOutputStream:77 - [STDOUT_REDIRECT] 1 : Invalid condition id : UX_CORESTACK_Condition cause : null
2025-06-05 15:05:38,818 [INFO] LogOutputStream:77 - [STDOUT_REDIRECT] 1 : Invalid condition id : UX_CORESTACK_Condition cause : null
2025-06-05 15:05:38,819 [INFO] LogOutputStream:77 - [STDOUT_REDIRECT] 1 : Invalid condition id : UX_CORESTACK_Condition cause : null
2025-06-05 15:05:38,819 [INFO] LogOutputStream:77 - [STDOUT_REDIRECT] 1 : Invalid condition id : UX_CORESTACK_Condition cause : null
2025-06-05 15:05:38,820 [INFO] LogOutputStream:77 - [STDOUT_REDIRECT] 1 : Invalid condition id : UX_CORESTACK_Condition cause : null
2025-06-05 15:05:38,822 [WARN] PackLoader:240 - Cannot read IP mode file for STMicroelectronics.X-CUBE-AZRTOS-WL.2.0.0
2025-06-05 15:05:38,835 [WARN] PackLoader:240 - Cannot read IP mode file for STMicroelectronics.FP-SNS-MOTENV1.5.0.0
2025-06-05 15:05:38,851 [WARN] PackLoader:240 - Cannot read IP mode file for WES.I-CUBE-Cesium.1.3.0
2025-06-05 15:05:38,864 [WARN] PackLoader:240 - Cannot read IP mode file for STMicroelectronics.X-CUBE-BLE2.3.3.0
2025-06-05 15:05:38,878 [WARN] PackLoader:240 - Cannot read IP mode file for STMicroelectronics.X-CUBE-NFC9.1.0.0
2025-06-05 15:05:38,893 [WARN] PackLoader:240 - Cannot read IP mode file for wolfSSL.I-CUBE-wolfSSL.5.8.0
2025-06-05 15:05:38,898 [WARN] PackLoader:240 - Cannot read IP mode file for wolfSSL.I-CUBE-wolfMQTT.1.19.2
2025-06-05 15:05:38,911 [WARN] PackLoader:240 - Cannot read IP mode file for STMicroelectronics.X-CUBE-AI.10.1.0
2025-06-05 15:05:38,938 [WARN] PackLoader:240 - Cannot read IP mode file for STMicroelectronics.X-CUBE-AZRTOS-G0.1.1.0
2025-06-05 15:05:38,955 [WARN] PackLoader:240 - Cannot read IP mode file for STMicroelectronics.X-CUBE-SAFEA1.1.2.2
2025-06-05 15:05:38,970 [WARN] PackLoader:240 - Cannot read IP mode file for STMicroelectronics.X-CUBE-NFC4.3.0.0
2025-06-05 15:05:38,993 [WARN] PackLoader:240 - Cannot read IP mode file for EmbeddedOffice.I-CUBE-FS-RTOS.1.0.1
2025-06-05 15:05:39,010 [WARN] PackLoader:240 - Cannot read IP mode file for STMicroelectronics.X-CUBE-WB05N.2.0.0
2025-06-05 15:05:39,015 [WARN] PackLoader:240 - Cannot read IP mode file for wolfSSL.I-CUBE-wolfTPM.3.8.0
2025-06-05 15:05:39,028 [WARN] PackLoader:240 - Cannot read IP mode file for STMicroelectronics.X-CUBE-TCPP.4.2.0
2025-06-05 15:05:39,044 [WARN] PackLoader:240 - Cannot read IP mode file for RealThread.X-CUBE-RT-Thread_Nano.4.1.1
2025-06-05 15:05:39,048 [WARN] PackLoader:240 - Cannot read IP mode file for STMicroelectronics.FP-ATR-SIGFOX1.3.2.0
2025-06-05 15:05:39,065 [WARN] PackLoader:240 - Cannot read IP mode file for STMicroelectronics.X-CUBE-EEPRMA1.5.1.0
2025-06-05 15:05:39,083 [WARN] PackLoader:240 - Cannot read IP mode file for ITTIA_DB.I-CUBE-ITTIADB.8.9.0
2025-06-05 15:05:39,088 [WARN] PackLoader:240 - Cannot read IP mode file for STMicroelectronics.X-CUBE-ST67W61.1.0.0
2025-06-05 15:05:39,129 [WARN] PackLoader:240 - Cannot read IP mode file for SEGGER.I-CUBE-embOS.1.3.1
2025-06-05 15:05:39,181 [WARN] PackLoader:240 - Cannot read IP mode file for STMicroelectronics.X-CUBE-ALGOBUILD.1.4.0
2025-06-05 15:05:39,212 [WARN] PackLoader:240 - Cannot read IP mode file for STMicroelectronics.X-CUBE-AZRTOS-F4.1.1.0
2025-06-05 15:05:39,228 [WARN] PackLoader:240 - Cannot read IP mode file for STMicroelectronics.X-CUBE-ISPU.2.1.0
2025-06-05 15:05:39,263 [WARN] PackLoader:240 - Cannot read IP mode file for STMicroelectronics.X-CUBE-AZRTOS-L5.2.0.0
2025-06-05 15:05:39,285 [WARN] PackLoader:240 - Cannot read IP mode file for STMicroelectronics.X-CUBE-NFC6.3.1.0
2025-06-05 15:05:39,323 [WARN] ConditionMgr:438 - getConditionDescription Invalid condition id : LAN8742 Phy interface Condition cause : null
2025-06-05 15:05:39,324 [WARN] PackLoader:240 - Cannot read IP mode file for STMicroelectronics.X-CUBE-AZRTOS-L4.2.0.0
2025-06-05 15:05:39,326 [WARN] ConditionMgr:1044 - genDependencies : Invalid condition id : LAN8742 Phy interface Condition cause : null
2025-06-05 15:05:39,326 [WARN] ConditionMgr:1044 - genDependencies : Invalid condition id : LAN8742 Phy interface Condition cause : null
2025-06-05 15:05:39,327 [WARN] ConditionMgr:1044 - genDependencies : Invalid condition id : LAN8742 Phy interface Condition cause : null
2025-06-05 15:05:39,346 [WARN] PackLoader:240 - Cannot read IP mode file for STMicroelectronics.X-CUBE-SFXS2LP1.4.0.0
2025-06-05 15:05:39,382 [WARN] PackLoader:240 - Cannot read IP mode file for STMicroelectronics.X-CUBE-AZRTOS-H7.3.3.0
2025-06-05 15:05:39,411 [WARN] ConditionMgr:438 - getConditionDescription Invalid condition id : UX DEVICE CLASS RTOS Condition cause : null
2025-06-05 15:05:39,411 [WARN] ConditionMgr:438 - getConditionDescription Invalid condition id : UX DEVICE CLASS RTOS Condition cause : null
2025-06-05 15:05:39,412 [WARN] PackLoader:240 - Cannot read IP mode file for STMicroelectronics.X-CUBE-AZRTOS-WB.2.0.0
2025-06-05 15:05:39,412 [WARN] ConditionMgr:1044 - genDependencies : Invalid condition id : UX DEVICE CLASS RTOS Condition cause : null
2025-06-05 15:05:39,412 [WARN] ConditionMgr:1044 - genDependencies : Invalid condition id : UX DEVICE CLASS RTOS Condition cause : null
2025-06-05 15:05:39,413 [WARN] ConditionMgr:1044 - genDependencies : Invalid condition id : UX DEVICE CLASS RTOS Condition cause : null
2025-06-05 15:05:39,413 [WARN] ConditionMgr:1044 - genDependencies : Invalid condition id : UX DEVICE CLASS RTOS Condition cause : null
2025-06-05 15:05:39,413 [WARN] ConditionMgr:1044 - genDependencies : Invalid condition id : UX DEVICE CLASS RTOS Condition cause : null
2025-06-05 15:05:39,429 [WARN] PackLoader:240 - Cannot read IP mode file for STMicroelectronics.X-CUBE-GNSS1.7.0.1
2025-06-05 15:05:39,444 [WARN] PackLoader:240 - Cannot read IP mode file for STMicroelectronics.FP-SNS-STBOX1.2.0.0
2025-06-05 15:05:39,468 [WARN] PackLoader:240 - Cannot read IP mode file for STMicroelectronics.X-CUBE-SUBG2.5.0.0
2025-06-05 15:05:39,504 [WARN] PackLoader:240 - Cannot read IP mode file for STMicroelectronics.X-CUBE-AZRTOS-H7RS.1.1.0
2025-06-05 15:05:39,510 [WARN] PackLoader:240 - Cannot read IP mode file for Cesanta.I-CUBE-Mongoose.7.13.0
2025-06-05 15:05:39,544 [WARN] PackLoader:240 - Cannot read IP mode file for STMicroelectronics.X-CUBE-AZRTOS-G4.2.0.0
2025-06-05 15:05:39,551 [WARN] PackLoader:240 - Cannot read IP mode file for wolfSSL.I-CUBE-wolfSSH.1.4.20
2025-06-05 15:05:39,573 [WARN] PackLoader:240 - Cannot read IP mode file for STMicroelectronics.X-CUBE-IPS.3.1.0
2025-06-05 15:05:39,592 [WARN] PackLoader:240 - Cannot read IP mode file for STMicroelectronics.X-CUBE-ALS.1.0.2
2025-06-05 15:05:39,606 [WARN] PackLoader:240 - Cannot read IP mode file for portGmbH.I-Cube-SoM-uGOAL.1.1.0
2025-06-05 15:05:39,607 [INFO] ThirdParty:978 - Integrity check success = true
2025-06-05 15:05:39,607 [INFO] IntegrityCheckThread:100 - exiting critical section [integrity check]
2025-06-05 15:05:39,607 [INFO] IntegrityCheckThread:103 - End integrity checks thread
2025-06-05 18:49:20,215 [INFO] WebApp:194 - Connection lost
2025-06-05 18:49:24,207 [INFO] WebApp:191 - Connection restablished
2025-06-05 18:49:26,429 [INFO] WebApp:194 - Connection lost
2025-06-05 18:49:26,612 [INFO] WebApp:191 - Connection restablished
2025-06-05 20:55:57,799 [INFO] WebApp:194 - Connection lost
2025-06-05 20:56:06,774 [INFO] WebApp:191 - Connection restablished
2025-06-05 20:57:31,742 [ERROR] LogOutputStream:75 - [STDERR_REDIRECT] 
2025-06-05 20:57:31,743 [ERROR] LogOutputStream:75 - [STDERR_REDIRECT] 
2025-06-05 20:58:25,386 [INFO] Activator:176 - 


2025-06-05 20:58:25,388 [INFO] Activator:177 - !SESSION log4j initialized
2025-06-05 20:58:31,032 [INFO] LogOutputStream:77 - [STDOUT_REDIRECT] 
2025-06-05 20:58:32,249 [INFO] ApplicationProperties:184 - Using Application install path: C:\ST\STM32CubeIDE_1.18.0\STM32CubeIDE\plugins\com.st.stm32cube.common.mx_6.14.0.202502271554
2025-06-05 20:58:32,261 [INFO] DbMcusXml:78 - Set database path to: C:\ST\STM32CubeIDE_1.18.0\STM32CubeIDE\plugins\com.st.stm32cube.common.mx_6.14.0.202502271554\\db\/mcu/
2025-06-05 20:58:32,261 [INFO] ApiDb:274 - Set plugin database path to: C:\ST\STM32CubeIDE_1.18.0\STM32CubeIDE\plugins\com.st.stm32cube.common.mx_6.14.0.202502271554\\db\/plugins/boardmanager/
2025-06-05 20:58:32,261 [WARN] ApiDb:259 - Overriding images path with different value:  => C:\ST\STM32CubeIDE_1.18.0\STM32CubeIDE\plugins\com.st.stm32cube.common.mx_6.14.0.202502271554\\db\/plugins/mcufinder/images/
2025-06-05 20:58:32,265 [INFO] ApiDb:250 - Set database path to: C:\Users\Admin\.stmcufinder\plugins\mcufinder//mcu/
2025-06-05 20:58:32,266 [INFO] DbMcusAds:125 - Set database path to: C:\Users\Admin\.stmcufinder\plugins\mcufinder//mcu/
2025-06-05 20:58:32,267 [INFO] CrossReferenceDbSqlite:203 - Set database path to: C:\Users\Admin\.stmcufinder\plugins\mcufinder//mcu/cs/
2025-06-05 20:58:32,367 [INFO] RulesReader:64 - Compatibility file has been processed (301 Rules)
2025-06-05 20:58:32,432 [INFO] DbMcusXml:78 - Set database path to: C:\ST\STM32CubeIDE_1.18.0\STM32CubeIDE\plugins\com.st.stm32cube.common.mx_6.14.0.202502271554\\db\/mcu/
2025-06-05 20:58:32,432 [INFO] ApiDb:274 - Set plugin database path to: C:\ST\STM32CubeIDE_1.18.0\STM32CubeIDE\plugins\com.st.stm32cube.common.mx_6.14.0.202502271554\\db\/plugins/boardmanager/
2025-06-05 20:58:32,432 [INFO] ApiDb:261 - Set plugin images path to: C:\ST\STM32CubeIDE_1.18.0\STM32CubeIDE\plugins\com.st.stm32cube.common.mx_6.14.0.202502271554\\db\/plugins/mcufinder/images/
2025-06-05 20:58:32,432 [WARN] DbFile:41 - Overriding database path with different value: C:\Users\Admin\.stmcufinder\plugins\mcufinder/ => C:\Users\Admin\.stmcufinder\plugins\mcufinder
2025-06-05 20:58:32,432 [INFO] ApiDb:250 - Set database path to: C:\Users\Admin\.stmcufinder\plugins\mcufinder//mcu/
2025-06-05 20:58:32,432 [WARN] DbFile:41 - Overriding database path with different value: C:\Users\Admin\.stmcufinder\plugins\mcufinder/ => C:\Users\Admin\.stmcufinder\plugins\mcufinder
2025-06-05 20:58:32,432 [INFO] DbMcusAds:125 - Set database path to: C:\Users\Admin\.stmcufinder\plugins\mcufinder//mcu/
2025-06-05 20:58:32,432 [WARN] DbFile:41 - Overriding database path with different value: C:\Users\Admin\.stmcufinder\plugins\mcufinder/ => C:\Users\Admin\.stmcufinder\plugins\mcufinder
2025-06-05 20:58:32,432 [WARN] DbFile:41 - Overriding database path with different value: C:\Users\Admin\.stmcufinder\plugins\mcufinder/ => C:\Users\Admin\.stmcufinder\plugins\mcufinder
2025-06-05 20:58:32,432 [INFO] CrossReferenceDbSqlite:203 - Set database path to: C:\Users\Admin\.stmcufinder\plugins\mcufinder//mcu/cs/
2025-06-05 20:58:32,487 [INFO] MainPanel:272 - HeapMemory: 268435456
2025-06-05 20:58:32,551 [INFO] DbMcusXml:78 - Set database path to: C:\ST\STM32CubeIDE_1.18.0\STM32CubeIDE\plugins\com.st.stm32cube.common.mx_6.14.0.202502271554\\db\/mcu/
2025-06-05 20:58:32,551 [INFO] ApiDb:274 - Set plugin database path to: C:\ST\STM32CubeIDE_1.18.0\STM32CubeIDE\plugins\com.st.stm32cube.common.mx_6.14.0.202502271554\\db\/plugins/boardmanager/
2025-06-05 20:58:32,551 [INFO] ApiDb:261 - Set plugin images path to: C:\ST\STM32CubeIDE_1.18.0\STM32CubeIDE\plugins\com.st.stm32cube.common.mx_6.14.0.202502271554\\db\/plugins/mcufinder/images/
2025-06-05 20:58:32,551 [WARN] DbFile:41 - Overriding database path with different value: C:\Users\Admin\.stmcufinder\plugins\mcufinder/ => C:\Users\Admin\.stmcufinder\plugins\mcufinder
2025-06-05 20:58:32,551 [INFO] ApiDb:250 - Set database path to: C:\Users\Admin\.stmcufinder\plugins\mcufinder//mcu/
2025-06-05 20:58:32,551 [WARN] DbFile:41 - Overriding database path with different value: C:\Users\Admin\.stmcufinder\plugins\mcufinder/ => C:\Users\Admin\.stmcufinder\plugins\mcufinder
2025-06-05 20:58:32,551 [INFO] DbMcusAds:125 - Set database path to: C:\Users\Admin\.stmcufinder\plugins\mcufinder//mcu/
2025-06-05 20:58:32,551 [WARN] DbFile:41 - Overriding database path with different value: C:\Users\Admin\.stmcufinder\plugins\mcufinder/ => C:\Users\Admin\.stmcufinder\plugins\mcufinder
2025-06-05 20:58:32,551 [WARN] DbFile:41 - Overriding database path with different value: C:\Users\Admin\.stmcufinder\plugins\mcufinder/ => C:\Users\Admin\.stmcufinder\plugins\mcufinder
2025-06-05 20:58:32,551 [INFO] CrossReferenceDbSqlite:203 - Set database path to: C:\Users\Admin\.stmcufinder\plugins\mcufinder//mcu/cs/
2025-06-05 20:58:32,565 [INFO] ApplicationProperties:184 - Using Application install path: C:\ST\STM32CubeIDE_1.18.0\STM32CubeIDE\plugins\com.st.stm32cube.common.mx_6.14.0.202502271554
2025-06-05 20:58:32,566 [INFO] PluginManage:196 - Search for loadable plugins [exclusion list=, ]
2025-06-05 20:58:32,567 [INFO] PluginManage:310 - Check plugin analytics
2025-06-05 20:58:32,714 [INFO] AnalyticsPlugin:253 - Accepted Software Licenses: 
2025-06-05 20:58:32,714 [INFO] AnalyticsPlugin:255 - Accepted CMSIS Pack Licenses: 
2025-06-05 20:58:32,715 [INFO] AnalyticsPlugin:257 - Accepted Firmware Licenses: FW.F4.1.28.0
2025-06-05 20:58:32,717 [INFO] PluginManage:359 - Loaded plugin analytics (category:tool,tabindex:-1)
2025-06-05 20:58:32,717 [INFO] PluginManage:310 - Check plugin cadmodel
2025-06-05 20:58:32,732 [INFO] CADModel:105 - Init CAD model plugin
2025-06-05 20:58:32,732 [INFO] PluginManage:359 - Loaded plugin cadmodel (category:power,tabindex:5)
2025-06-05 20:58:32,732 [INFO] PluginManage:310 - Check plugin clock
2025-06-05 20:58:32,748 [INFO] PluginManage:359 - Loaded plugin clock (category:base,tabindex:2)
2025-06-05 20:58:32,748 [INFO] PluginManage:310 - Check plugin ddr
2025-06-05 20:58:32,750 [INFO] PluginManage:359 - Loaded plugin ddr (category:tool,tabindex:6)
2025-06-05 20:58:32,750 [INFO] PluginManage:310 - Check plugin filemanager
2025-06-05 20:58:32,860 [INFO] PluginManage:359 - Loaded plugin filemanager (category:base,tabindex:10)
2025-06-05 20:58:32,860 [INFO] PluginManage:310 - Check plugin ipmanager
2025-06-05 20:58:32,866 [INFO] PluginManage:359 - Loaded plugin ipmanager (category:base,tabindex:5)
2025-06-05 20:58:32,866 [INFO] PluginManage:310 - Check plugin lpbam
2025-06-05 20:58:32,882 [INFO] PluginManage:359 - Loaded plugin lpbam (category:base,tabindex:0)
2025-06-05 20:58:32,882 [INFO] PluginManage:310 - Check plugin memorymap
2025-06-05 20:58:32,900 [INFO] PluginManage:359 - Loaded plugin memorymap (category:base,tabindex:4)
2025-06-05 20:58:32,900 [INFO] PluginManage:310 - Check plugin pinoutandconfiguration
2025-06-05 20:58:32,917 [INFO] PluginManage:359 - Loaded plugin pinoutandconfiguration (category:base,tabindex:1)
2025-06-05 20:58:32,917 [INFO] PluginManage:310 - Check plugin pinoutconfig
2025-06-05 20:58:33,012 [WARN] SupportedApi:132 - Cannot load RTOS API schema: s4s-elt-must-match.1: The content of 'definitions' must match (annotation?, (simpleType | complexType)?, (unique | key | keyref)*)). A problem was found starting at: attribute.
2025-06-05 20:58:33,124 [INFO] PluginManage:359 - Loaded plugin pinoutconfig (category:base,tabindex:0)
2025-06-05 20:58:33,124 [INFO] PluginManage:310 - Check plugin power
2025-06-05 20:58:33,144 [INFO] PluginManage:359 - Loaded plugin power (category:power,tabindex:4)
2025-06-05 20:58:33,145 [INFO] PluginManage:310 - Check plugin projectmanager
2025-06-05 20:58:33,159 [INFO] PluginManage:359 - Loaded plugin projectmanager (category:projectmanager,tabindex:4)
2025-06-05 20:58:33,159 [INFO] PluginManage:310 - Check plugin rif
2025-06-05 20:58:33,175 [INFO] PluginManage:359 - Loaded plugin rif (category:base,tabindex:3)
2025-06-05 20:58:33,175 [INFO] PluginManage:310 - Check plugin thirdparty
2025-06-05 20:58:33,384 [INFO] PluginManage:359 - Loaded plugin thirdparty (category:base,tabindex:-1)
2025-06-05 20:58:33,384 [WARN] IntegrityCheckThread:84 - waiting for thirdparty lock release [integrity check]
2025-06-05 20:58:33,384 [INFO] PluginManage:310 - Check plugin tools
2025-06-05 20:58:33,384 [INFO] IntegrityCheckThread:86 - entering critical section [integrity check]
2025-06-05 20:58:33,385 [INFO] ThirdPartyUpdaterWithRetryManager:70 - Updater plugin not ready yet. [1/15]
2025-06-05 20:58:33,388 [INFO] PluginManage:359 - Loaded plugin tools (category:base,tabindex:7)
2025-06-05 20:58:33,388 [INFO] PluginManage:310 - Check plugin tutovideos
2025-06-05 20:58:33,558 [INFO] PluginManage:359 - Loaded plugin tutovideos (category:base,tabindex:-1)
2025-06-05 20:58:33,559 [INFO] PluginManage:310 - Check plugin updater
2025-06-05 20:58:33,579 [INFO] PluginManage:359 - Loaded plugin updater (category:base,tabindex:12)
2025-06-05 20:58:33,579 [INFO] PluginManage:310 - Check plugin userauth
2025-06-05 20:58:33,583 [INFO] UserAuth:118 - Init User Auth plugin
2025-06-05 20:58:33,584 [INFO] PluginManage:359 - Loaded plugin userauth (category:base,tabindex:14)
2025-06-05 20:58:33,584 [INFO] PluginManage:283 - PluginManage : Loaded plugins [18]
2025-06-05 20:58:33,784 [INFO] PinOutPanel:1589 - setPackage(No Configuration,No Configuration)
2025-06-05 20:58:33,872 [INFO] CADModel:165 - CPN selected for project level
2025-06-05 20:58:33,872 [INFO] CADModel:114 - Register for checkConnection events
2025-06-05 20:58:33,899 [INFO] IPUIPlugin:80 - create IPUIPlugin
2025-06-05 20:58:33,900 [INFO] PluginManager:220 - loadIPPluginJar : add adc
2025-06-05 20:58:33,945 [INFO] IPUIPlugin:80 - create IPUIPlugin
2025-06-05 20:58:33,945 [INFO] PluginManager:220 - loadIPPluginJar : add aes
2025-06-05 20:58:33,997 [INFO] IPUIPlugin:80 - create IPUIPlugin
2025-06-05 20:58:33,998 [INFO] PluginManager:220 - loadIPPluginJar : add can
2025-06-05 20:58:34,000 [INFO] IPUIPlugin:80 - create IPUIPlugin
2025-06-05 20:58:34,000 [INFO] PluginManager:220 - loadIPPluginJar : add comp
2025-06-05 20:58:34,044 [INFO] IPUIPlugin:80 - create IPUIPlugin
2025-06-05 20:58:34,044 [INFO] PluginManager:220 - loadIPPluginJar : add cryp
2025-06-05 20:58:34,056 [INFO] IPUIPlugin:80 - create IPUIPlugin
2025-06-05 20:58:34,056 [INFO] PluginManager:220 - loadIPPluginJar : add ddr_ctrl_phy
2025-06-05 20:58:34,058 [INFO] IPUIPlugin:80 - create IPUIPlugin
2025-06-05 20:58:34,058 [INFO] PluginManager:220 - loadIPPluginJar : add dfsdm
2025-06-05 20:58:34,071 [INFO] IPUIPlugin:80 - create IPUIPlugin
2025-06-05 20:58:34,072 [INFO] PluginManager:220 - loadIPPluginJar : add dma
2025-06-05 20:58:34,119 [INFO] IPUIPlugin:80 - create IPUIPlugin
2025-06-05 20:58:34,120 [INFO] PluginManager:220 - loadIPPluginJar : add dma3
2025-06-05 20:58:34,173 [INFO] IPUIPlugin:80 - create IPUIPlugin
2025-06-05 20:58:34,173 [INFO] PluginManager:220 - loadIPPluginJar : add extmemmanager
2025-06-05 20:58:34,175 [INFO] IPUIPlugin:80 - create IPUIPlugin
2025-06-05 20:58:34,176 [INFO] PluginManager:220 - loadIPPluginJar : add fatfs
2025-06-05 20:58:34,238 [INFO] IPUIPlugin:80 - create IPUIPlugin
2025-06-05 20:58:34,239 [INFO] PluginManager:220 - loadIPPluginJar : add fmc
2025-06-05 20:58:34,257 [INFO] IPUIPlugin:80 - create IPUIPlugin
2025-06-05 20:58:34,257 [INFO] PluginManager:220 - loadIPPluginJar : add freertos
2025-06-05 20:58:34,260 [INFO] IPUIPlugin:80 - create IPUIPlugin
2025-06-05 20:58:34,260 [INFO] PluginManager:220 - loadIPPluginJar : add genericplugin
2025-06-05 20:58:34,416 [INFO] IPUIPlugin:80 - create IPUIPlugin
2025-06-05 20:58:34,416 [INFO] PluginManager:220 - loadIPPluginJar : add gfxmmu
2025-06-05 20:58:34,651 [INFO] IPUIPlugin:80 - create IPUIPlugin
2025-06-05 20:58:34,651 [INFO] PluginManager:220 - loadIPPluginJar : add gic
2025-06-05 20:58:34,668 [INFO] IPUIPlugin:80 - create IPUIPlugin
2025-06-05 20:58:34,668 [INFO] PluginManager:220 - loadIPPluginJar : add gpio
2025-06-05 20:58:34,789 [INFO] IPUIPlugin:80 - create IPUIPlugin
2025-06-05 20:58:34,789 [INFO] PluginManager:220 - loadIPPluginJar : add gtzc
2025-06-05 20:58:34,835 [INFO] IPUIPlugin:80 - create IPUIPlugin
2025-06-05 20:58:34,835 [INFO] PluginManager:220 - loadIPPluginJar : add hash
2025-06-05 20:58:34,909 [INFO] IPUIPlugin:80 - create IPUIPlugin
2025-06-05 20:58:34,909 [INFO] PluginManager:220 - loadIPPluginJar : add i2c
2025-06-05 20:58:34,960 [INFO] IPUIPlugin:80 - create IPUIPlugin
2025-06-05 20:58:34,960 [INFO] PluginManager:220 - loadIPPluginJar : add i2s
2025-06-05 20:58:35,022 [INFO] IPUIPlugin:80 - create IPUIPlugin
2025-06-05 20:58:35,023 [INFO] PluginManager:220 - loadIPPluginJar : add i3c
2025-06-05 20:58:35,168 [INFO] IPUIPlugin:80 - create IPUIPlugin
2025-06-05 20:58:35,168 [INFO] PluginManager:220 - loadIPPluginJar : add ipddr
2025-06-05 20:58:35,312 [INFO] IPUIPlugin:80 - create IPUIPlugin
2025-06-05 20:58:35,312 [INFO] PluginManager:220 - loadIPPluginJar : add linkedlist
2025-06-05 20:58:35,316 [INFO] IPUIPlugin:80 - create IPUIPlugin
2025-06-05 20:58:35,316 [INFO] PluginManager:220 - loadIPPluginJar : add lorawan
2025-06-05 20:58:35,367 [INFO] IPUIPlugin:80 - create IPUIPlugin
2025-06-05 20:58:35,367 [INFO] PluginManager:220 - loadIPPluginJar : add ltdc
2025-06-05 20:58:35,385 [INFO] IPUIPlugin:80 - create IPUIPlugin
2025-06-05 20:58:35,385 [INFO] PluginManager:220 - loadIPPluginJar : add mdma
2025-06-05 20:58:35,400 [INFO] IPUIPlugin:80 - create IPUIPlugin
2025-06-05 20:58:35,400 [INFO] PluginManager:220 - loadIPPluginJar : add nvic
2025-06-05 20:58:35,448 [INFO] IPUIPlugin:80 - create IPUIPlugin
2025-06-05 20:58:35,448 [INFO] PluginManager:220 - loadIPPluginJar : add opamp
2025-06-05 20:58:35,541 [INFO] IPUIPlugin:80 - create IPUIPlugin
2025-06-05 20:58:35,542 [INFO] PluginManager:220 - loadIPPluginJar : add openamp
2025-06-05 20:58:35,604 [INFO] IPUIPlugin:80 - create IPUIPlugin
2025-06-05 20:58:35,604 [INFO] PluginManager:220 - loadIPPluginJar : add pdm2pcm
2025-06-05 20:58:35,629 [INFO] IPUIPlugin:80 - create IPUIPlugin
2025-06-05 20:58:35,631 [INFO] PluginManager:220 - loadIPPluginJar : add plateformsettings
2025-06-05 20:58:35,634 [INFO] IPUIPlugin:80 - create IPUIPlugin
2025-06-05 20:58:35,634 [INFO] PluginManager:220 - loadIPPluginJar : add quadspi
2025-06-05 20:58:35,637 [INFO] IPUIPlugin:80 - create IPUIPlugin
2025-06-05 20:58:35,637 [INFO] PluginManager:220 - loadIPPluginJar : add radio
2025-06-05 20:58:35,652 [INFO] IPUIPlugin:80 - create IPUIPlugin
2025-06-05 20:58:35,652 [INFO] PluginManager:220 - loadIPPluginJar : add resmgrutility
2025-06-05 20:58:35,713 [INFO] IPUIPlugin:80 - create IPUIPlugin
2025-06-05 20:58:35,713 [INFO] PluginManager:220 - loadIPPluginJar : add sai
2025-06-05 20:58:35,758 [INFO] IPUIPlugin:80 - create IPUIPlugin
2025-06-05 20:58:35,758 [INFO] PluginManager:220 - loadIPPluginJar : add spi
2025-06-05 20:58:35,837 [INFO] IPUIPlugin:80 - create IPUIPlugin
2025-06-05 20:58:35,837 [INFO] PluginManager:220 - loadIPPluginJar : add stm32_wpan
2025-06-05 20:58:35,863 [INFO] IPUIPlugin:80 - create IPUIPlugin
2025-06-05 20:58:35,863 [INFO] PluginManager:220 - loadIPPluginJar : add tim
2025-06-05 20:58:35,929 [INFO] IPUIPlugin:80 - create IPUIPlugin
2025-06-05 20:58:35,930 [INFO] PluginManager:220 - loadIPPluginJar : add touchsensing
2025-06-05 20:58:35,954 [INFO] IPUIPlugin:80 - create IPUIPlugin
2025-06-05 20:58:35,955 [INFO] PluginManager:220 - loadIPPluginJar : add tracer_emb
2025-06-05 20:58:35,957 [INFO] IPUIPlugin:80 - create IPUIPlugin
2025-06-05 20:58:35,957 [INFO] PluginManager:220 - loadIPPluginJar : add ts
2025-06-05 20:58:35,982 [INFO] IPUIPlugin:80 - create IPUIPlugin
2025-06-05 20:58:35,982 [INFO] PluginManager:220 - loadIPPluginJar : add tsc
2025-06-05 20:58:36,006 [INFO] IPUIPlugin:80 - create IPUIPlugin
2025-06-05 20:58:36,006 [INFO] PluginManager:220 - loadIPPluginJar : add ucpd
2025-06-05 20:58:36,053 [INFO] IPUIPlugin:80 - create IPUIPlugin
2025-06-05 20:58:36,053 [INFO] PluginManager:220 - loadIPPluginJar : add usart
2025-06-05 20:58:36,099 [INFO] IPUIPlugin:80 - create IPUIPlugin
2025-06-05 20:58:36,099 [INFO] PluginManager:220 - loadIPPluginJar : add usbx
2025-06-05 20:58:36,221 [FATAL] Updater:351 - Updater called before beeing initialized
2025-06-05 20:58:36,257 [INFO] RulesReader:64 - Compatibility file has been processed (301 Rules)
2025-06-05 20:58:36,269 [INFO] RulesReader:64 - Compatibility file has been processed (301 Rules)
2025-06-05 20:58:36,277 [INFO] CADModel:165 - CPN selected for project level
2025-06-05 20:58:36,277 [INFO] CADModel:114 - Register for checkConnection events
2025-06-05 20:58:36,277 [FATAL] Updater:351 - Updater called before beeing initialized
2025-06-05 20:58:36,277 [ERROR] CADModel:125 - Updater not yet initialized, retry later 
2025-06-05 20:58:36,387 [INFO] ThirdPartyUpdaterWithRetryManager:70 - Updater plugin not ready yet. [2/15]
2025-06-05 20:58:36,389 [FATAL] Updater:351 - Updater called before beeing initialized
2025-06-05 20:58:36,391 [INFO] CADModel:165 - CPN selected for project level
2025-06-05 20:58:36,391 [INFO] CADModel:114 - Register for checkConnection events
2025-06-05 20:58:36,391 [FATAL] Updater:351 - Updater called before beeing initialized
2025-06-05 20:58:36,391 [ERROR] CADModel:125 - Updater not yet initialized, retry later 
2025-06-05 20:58:36,394 [FATAL] Updater:351 - Updater called before beeing initialized
2025-06-05 20:58:36,495 [FATAL] Updater:351 - Updater called before beeing initialized
2025-06-05 20:58:36,500 [INFO] DbMcusAds:53 - JSON generation date=Wed May 07 14:37:55 IST 2025 (1746608875484)
2025-06-05 20:58:36,500 [FATAL] Updater:351 - Updater called before beeing initialized
2025-06-05 20:58:36,528 [WARN] DetailPanel:346 - Failed to get advertising image, set to default
2025-06-05 20:58:36,761 [FATAL] Updater:351 - Updater called before beeing initialized
2025-06-05 20:58:36,763 [FATAL] Updater:351 - Updater called before beeing initialized
2025-06-05 20:58:36,763 [FATAL] Updater:351 - Updater called before beeing initialized
2025-06-05 20:58:36,763 [WARN] DetailPanel:346 - Failed to get advertising image, set to default
2025-06-05 20:58:36,764 [FATAL] Updater:351 - Updater called before beeing initialized
2025-06-05 20:58:36,813 [ERROR] Updater:1198 - MainUpdater not yet initialized. External WinMGr cannot be set.
2025-06-05 20:58:36,823 [INFO] Updater:1134 - Updater Version found : 6.14.0
2025-06-05 20:58:36,836 [INFO] ApplicationProperties:184 - Using Application install path: C:\ST\STM32CubeIDE_1.18.0\STM32CubeIDE\plugins\com.st.stm32cube.common.mx_6.14.0.202502271554
2025-06-05 20:58:38,422 [ERROR] LogOutputStream:75 - [STDERR_REDIRECT] Jun 05, 2025 8:58:38 PM java.util.prefs.WindowsPreferences <init>
2025-06-05 20:58:38,424 [ERROR] LogOutputStream:75 - [STDERR_REDIRECT] WARNING: Could not open/create prefs root node Software\JavaSoft\Prefs at root 0xffffffff80000002. Windows RegCreateKeyEx(...) returned error code 5.
2025-06-05 20:58:38,424 [ERROR] LogOutputStream:75 - [STDERR_REDIRECT] 
2025-06-05 20:58:38,675 [INFO] MainUpdater:2872 - connection check result : 10
2025-06-05 20:58:38,676 [INFO] MainUpdater:289 - Updater Check For Update Now.
2025-06-05 20:58:38,676 [INFO] MicroXplorer:498 - Change Database Version : DB.6.0.140
2025-06-05 20:58:38,684 [INFO] McuFinderGlobals:63 - Set McuFinder mode to 2 (CubeIDE integrated)
2025-06-05 20:58:38,684 [INFO] UserAuth:171 - activating auth plugin
2025-06-05 20:58:38,687 [INFO] UserAuth:486 - Internet connection configuration mode: 1
2025-06-05 20:58:38,717 [INFO] JxBrowserEngine:152 - Initiate JxBrowser Engine with user profile folder
2025-06-05 20:58:38,884 [INFO] CheckServerUpdateThread:120 - End of CheckServer Thread
2025-06-05 20:58:39,343 [INFO] WebApp:169 - Instantiating new browser for Auth
2025-06-05 20:58:39,628 [WARN] PackLoader:240 - Cannot read IP mode file for STMicroelectronics.FP-SNS-MOTENVWB1.1.4.0
2025-06-05 20:58:39,655 [WARN] PackLoader:240 - Cannot read IP mode file for STMicroelectronics.X-CUBE-SMBUS.2.1.0
2025-06-05 20:58:39,671 [WARN] PackLoader:240 - Cannot read IP mode file for STMicroelectronics.X-CUBE-ST60.1.0.0
2025-06-05 20:58:39,727 [WARN] PackLoader:240 - Cannot read IP mode file for STMicroelectronics.X-CUBE-AZRTOS-F7.1.1.0
2025-06-05 20:58:39,809 [WARN] PackLoader:240 - Cannot read IP mode file for Infineon.AIROC-Wi-Fi-Bluetooth-STM32.1.7.0
2025-06-05 20:58:39,841 [WARN] PackLoader:240 - Cannot read IP mode file for STMicroelectronics.X-CUBE-DISPLAY.3.0.0
2025-06-05 20:58:39,872 [WARN] PackLoader:240 - Cannot read IP mode file for STMicroelectronics.X-CUBE-NFC10.1.0.0
2025-06-05 20:58:39,904 [WARN] PackLoader:240 - Cannot read IP mode file for STMicroelectronics.X-CUBE-BLEMGR.4.0.0
2025-06-05 20:58:39,926 [WARN] PackLoader:240 - Cannot read IP mode file for emotas.I-CUBE-CANOPEN.1.3.0
2025-06-05 20:58:39,941 [WARN] ConditionMgr:438 - getConditionDescription Invalid condition id : Cortex-A Device cause : null
2025-06-05 20:58:39,954 [WARN] ConditionMgr:1044 - genDependencies : Invalid condition id : Cortex-A Device cause : null
2025-06-05 20:58:39,955 [WARN] ConditionMgr:1044 - genDependencies : Invalid condition id : Cortex-A Device cause : null
2025-06-05 20:58:39,955 [WARN] ConditionMgr:1044 - genDependencies : Invalid condition id : Cortex-A Device cause : null
2025-06-05 20:58:39,969 [WARN] PackLoader:240 - Cannot read IP mode file for STMicroelectronics.X-CUBE-AI.10.0.0
2025-06-05 20:58:39,984 [WARN] PackLoader:240 - Cannot read IP mode file for STMicroelectronics.FP-SNS-SMARTAG2.1.2.0
2025-06-05 20:58:40,003 [INFO] LogOutputStream:77 - [STDOUT_REDIRECT] 1 : Invalid condition id : UX_CORESTACK_Condition cause : null
2025-06-05 20:58:40,003 [INFO] LogOutputStream:77 - [STDOUT_REDIRECT] 1 : Invalid condition id : UX_CORESTACK_Condition cause : null
2025-06-05 20:58:40,005 [INFO] LogOutputStream:77 - [STDOUT_REDIRECT] 1 : Invalid condition id : UX_CORESTACK_Condition cause : null
2025-06-05 20:58:40,007 [INFO] LogOutputStream:77 - [STDOUT_REDIRECT] 1 : Invalid condition id : UX_CORESTACK_Condition cause : null
2025-06-05 20:58:40,009 [INFO] LogOutputStream:77 - [STDOUT_REDIRECT] 1 : Invalid condition id : UX_CORESTACK_Condition cause : null
2025-06-05 20:58:40,012 [WARN] PackLoader:240 - Cannot read IP mode file for STMicroelectronics.X-CUBE-AZRTOS-WL.2.0.0
2025-06-05 20:58:40,028 [WARN] PackLoader:240 - Cannot read IP mode file for STMicroelectronics.FP-SNS-MOTENV1.5.0.0
2025-06-05 20:58:40,053 [WARN] PackLoader:240 - Cannot read IP mode file for WES.I-CUBE-Cesium.1.3.0
2025-06-05 20:58:40,071 [WARN] PackLoader:240 - Cannot read IP mode file for STMicroelectronics.X-CUBE-BLE2.3.3.0
2025-06-05 20:58:40,095 [WARN] PackLoader:240 - Cannot read IP mode file for STMicroelectronics.X-CUBE-NFC9.1.0.0
2025-06-05 20:58:40,120 [WARN] PackLoader:240 - Cannot read IP mode file for wolfSSL.I-CUBE-wolfSSL.5.8.0
2025-06-05 20:58:40,126 [WARN] PackLoader:240 - Cannot read IP mode file for wolfSSL.I-CUBE-wolfMQTT.1.19.2
2025-06-05 20:58:40,146 [WARN] PackLoader:240 - Cannot read IP mode file for STMicroelectronics.X-CUBE-AI.10.1.0
2025-06-05 20:58:40,183 [WARN] PackLoader:240 - Cannot read IP mode file for STMicroelectronics.X-CUBE-AZRTOS-G0.1.1.0
2025-06-05 20:58:40,208 [WARN] PackLoader:240 - Cannot read IP mode file for STMicroelectronics.X-CUBE-SAFEA1.1.2.2
2025-06-05 20:58:40,220 [INFO] WebApp:463 - Apply proxy settings
2025-06-05 20:58:40,221 [INFO] WebApp:548 - Chromium requires no authentication
2025-06-05 20:58:40,231 [WARN] PackLoader:240 - Cannot read IP mode file for STMicroelectronics.X-CUBE-NFC4.3.0.0
2025-06-05 20:58:40,231 [INFO] WebApp:491 - Direct internet connection detected
2025-06-05 20:58:40,259 [WARN] PackLoader:240 - Cannot read IP mode file for EmbeddedOffice.I-CUBE-FS-RTOS.1.0.1
2025-06-05 20:58:40,269 [INFO] WebApp:894 - Register for checkConnection events
2025-06-05 20:58:40,270 [INFO] WebApp:463 - Apply proxy settings
2025-06-05 20:58:40,270 [INFO] WebApp:548 - Chromium requires no authentication
2025-06-05 20:58:40,270 [INFO] WebApp:491 - Direct internet connection detected
2025-06-05 20:58:40,279 [WARN] PackLoader:240 - Cannot read IP mode file for STMicroelectronics.X-CUBE-WB05N.2.0.0
2025-06-05 20:58:40,286 [WARN] PackLoader:240 - Cannot read IP mode file for wolfSSL.I-CUBE-wolfTPM.3.8.0
2025-06-05 20:58:40,305 [WARN] PackLoader:240 - Cannot read IP mode file for STMicroelectronics.X-CUBE-TCPP.4.2.0
2025-06-05 20:58:40,323 [WARN] PackLoader:240 - Cannot read IP mode file for RealThread.X-CUBE-RT-Thread_Nano.4.1.1
2025-06-05 20:58:40,328 [WARN] PackLoader:240 - Cannot read IP mode file for STMicroelectronics.FP-ATR-SIGFOX1.3.2.0
2025-06-05 20:58:40,344 [WARN] PackLoader:240 - Cannot read IP mode file for STMicroelectronics.X-CUBE-EEPRMA1.5.1.0
2025-06-05 20:58:40,361 [WARN] PackLoader:240 - Cannot read IP mode file for ITTIA_DB.I-CUBE-ITTIADB.8.9.0
2025-06-05 20:58:40,377 [WARN] PackLoader:240 - Cannot read IP mode file for STMicroelectronics.X-CUBE-ST67W61.1.0.0
2025-06-05 20:58:40,423 [WARN] PackLoader:240 - Cannot read IP mode file for SEGGER.I-CUBE-embOS.1.3.1
2025-06-05 20:58:40,520 [WARN] PackLoader:240 - Cannot read IP mode file for STMicroelectronics.X-CUBE-ALGOBUILD.1.4.0
2025-06-05 20:58:40,557 [WARN] PackLoader:240 - Cannot read IP mode file for STMicroelectronics.X-CUBE-AZRTOS-F4.1.1.0
2025-06-05 20:58:40,579 [WARN] PackLoader:240 - Cannot read IP mode file for STMicroelectronics.X-CUBE-ISPU.2.1.0
2025-06-05 20:58:40,584 [INFO] WebApp:191 - Connection restablished
2025-06-05 20:58:40,618 [WARN] PackLoader:240 - Cannot read IP mode file for STMicroelectronics.X-CUBE-AZRTOS-L5.2.0.0
2025-06-05 20:58:40,641 [INFO] WebApp:225 - Starting web application
2025-06-05 20:58:40,641 [INFO] WebApp:593 - Web application path used C:\ST\STM32CubeIDE_1.18.0\STM32CubeIDE\plugins\com.st.stm32cube.common.mx_6.14.0.202502271554\db\plugins\mcufinder\reactClient1\index.html
2025-06-05 20:58:40,647 [WARN] PackLoader:240 - Cannot read IP mode file for STMicroelectronics.X-CUBE-NFC6.3.1.0
2025-06-05 20:58:40,763 [WARN] ConditionMgr:438 - getConditionDescription Invalid condition id : LAN8742 Phy interface Condition cause : null
2025-06-05 20:58:40,764 [WARN] PackLoader:240 - Cannot read IP mode file for STMicroelectronics.X-CUBE-AZRTOS-L4.2.0.0
2025-06-05 20:58:40,765 [WARN] ConditionMgr:1044 - genDependencies : Invalid condition id : LAN8742 Phy interface Condition cause : null
2025-06-05 20:58:40,766 [WARN] ConditionMgr:1044 - genDependencies : Invalid condition id : LAN8742 Phy interface Condition cause : null
2025-06-05 20:58:40,766 [WARN] ConditionMgr:1044 - genDependencies : Invalid condition id : LAN8742 Phy interface Condition cause : null
2025-06-05 20:58:40,789 [WARN] PackLoader:240 - Cannot read IP mode file for STMicroelectronics.X-CUBE-SFXS2LP1.4.0.0
2025-06-05 20:58:40,831 [WARN] PackLoader:240 - Cannot read IP mode file for STMicroelectronics.X-CUBE-AZRTOS-H7.3.3.0
2025-06-05 20:58:40,866 [WARN] ConditionMgr:438 - getConditionDescription Invalid condition id : UX DEVICE CLASS RTOS Condition cause : null
2025-06-05 20:58:40,867 [WARN] ConditionMgr:438 - getConditionDescription Invalid condition id : UX DEVICE CLASS RTOS Condition cause : null
2025-06-05 20:58:40,869 [WARN] PackLoader:240 - Cannot read IP mode file for STMicroelectronics.X-CUBE-AZRTOS-WB.2.0.0
2025-06-05 20:58:40,870 [WARN] ConditionMgr:1044 - genDependencies : Invalid condition id : UX DEVICE CLASS RTOS Condition cause : null
2025-06-05 20:58:40,870 [WARN] ConditionMgr:1044 - genDependencies : Invalid condition id : UX DEVICE CLASS RTOS Condition cause : null
2025-06-05 20:58:40,871 [WARN] ConditionMgr:1044 - genDependencies : Invalid condition id : UX DEVICE CLASS RTOS Condition cause : null
2025-06-05 20:58:40,871 [WARN] ConditionMgr:1044 - genDependencies : Invalid condition id : UX DEVICE CLASS RTOS Condition cause : null
2025-06-05 20:58:40,871 [WARN] ConditionMgr:1044 - genDependencies : Invalid condition id : UX DEVICE CLASS RTOS Condition cause : null
2025-06-05 20:58:40,891 [WARN] PackLoader:240 - Cannot read IP mode file for STMicroelectronics.X-CUBE-GNSS1.7.0.1
2025-06-05 20:58:40,914 [WARN] PackLoader:240 - Cannot read IP mode file for STMicroelectronics.FP-SNS-STBOX1.2.0.0
2025-06-05 20:58:40,944 [WARN] PackLoader:240 - Cannot read IP mode file for STMicroelectronics.X-CUBE-SUBG2.5.0.0
2025-06-05 20:58:40,995 [WARN] PackLoader:240 - Cannot read IP mode file for STMicroelectronics.X-CUBE-AZRTOS-H7RS.1.1.0
2025-06-05 20:58:41,017 [WARN] PackLoader:240 - Cannot read IP mode file for Cesanta.I-CUBE-Mongoose.7.13.0
2025-06-05 20:58:41,050 [WARN] PackLoader:240 - Cannot read IP mode file for STMicroelectronics.X-CUBE-AZRTOS-G4.2.0.0
2025-06-05 20:58:41,057 [WARN] PackLoader:240 - Cannot read IP mode file for wolfSSL.I-CUBE-wolfSSH.1.4.20
2025-06-05 20:58:41,083 [WARN] PackLoader:240 - Cannot read IP mode file for STMicroelectronics.X-CUBE-IPS.3.1.0
2025-06-05 20:58:41,105 [WARN] PackLoader:240 - Cannot read IP mode file for STMicroelectronics.X-CUBE-ALS.1.0.2
2025-06-05 20:58:41,124 [WARN] PackLoader:240 - Cannot read IP mode file for portGmbH.I-Cube-SoM-uGOAL.1.1.0
2025-06-05 20:58:41,125 [INFO] ThirdParty:978 - Integrity check success = true
2025-06-05 20:58:41,125 [INFO] IntegrityCheckThread:100 - exiting critical section [integrity check]
2025-06-05 20:58:41,125 [INFO] IntegrityCheckThread:103 - End integrity checks thread
2025-06-05 21:02:17,468 [ERROR] LogOutputStream:75 - [STDERR_REDIRECT] 
2025-06-05 21:02:17,468 [ERROR] LogOutputStream:75 - [STDERR_REDIRECT] 
