2025-06-27 10:31:13,281 [INFO] MainUpdater:2872 - connection check result : 10
2025-06-27 10:31:13,285 [INFO] MainUpdater:2872 - connection check result : 10
2025-06-27 10:31:13,368 [INFO] MicroXplorer:468 - Change Database Path : 
2025-06-27 10:31:13,368 [INFO] MicroXplorer:498 - Change Database Version : DB.6.0.141
2025-06-27 10:31:13,377 [ERROR] ProjectManagerView:395 - 
java.lang.NullPointerException: Cannot invoke "javax.swing.JTextField.getText()" because the return value of "java.util.List.get(int)" is null
	at com.st.microxplorer.plugins.projectmanager.gui.ProjectChoiceTab$9.caretUpdate(ProjectChoiceTab.java:2678) ~[filemanager.jar:?]
	at javax.swing.text.JTextComponent.fireCaretUpdate(JTextComponent.java:408) ~[?:?]
	at javax.swing.text.JTextComponent$MutableCaretEvent.fire(JTextComponent.java:4484) ~[?:?]
	at javax.swing.text.JTextComponent$MutableCaretEvent.stateChanged(JTextComponent.java:4506) ~[?:?]
	at javax.swing.text.DefaultCaret.fireStateChanged(DefaultCaret.java:857) ~[?:?]
	at javax.swing.text.DefaultCaret.changeCaretPosition(DefaultCaret.java:1343) ~[?:?]
	at javax.swing.text.DefaultCaret.handleSetDot(DefaultCaret.java:1242) ~[?:?]
	at javax.swing.text.DefaultCaret.setDot(DefaultCaret.java:1223) ~[?:?]
	at javax.swing.text.DefaultCaret$Handler.insertUpdate(DefaultCaret.java:1819) ~[?:?]
	at javax.swing.text.AbstractDocument.fireInsertUpdate(AbstractDocument.java:227) ~[?:?]
	at javax.swing.text.AbstractDocument.handleInsertString(AbstractDocument.java:781) ~[?:?]
	at javax.swing.text.AbstractDocument.insertString(AbstractDocument.java:740) ~[?:?]
	at javax.swing.text.PlainDocument.insertString(PlainDocument.java:131) ~[?:?]
	at javax.swing.text.AbstractDocument.replace(AbstractDocument.java:699) ~[?:?]
	at javax.swing.text.JTextComponent.setText(JTextComponent.java:1725) ~[?:?]
	at com.st.microxplorer.plugins.projectmanager.gui.ProjectChoiceTab.createHeapStackFields(ProjectChoiceTab.java:979) ~[filemanager.jar:?]
	at com.st.microxplorer.plugins.projectmanager.gui.ProjectChoiceTab.buildLinkSettingsPanel(ProjectChoiceTab.java:3766) ~[filemanager.jar:?]
	at com.st.microxplorer.plugins.projectmanager.gui.ProjectChoiceTab.defineWindowsFields(ProjectChoiceTab.java:1962) ~[filemanager.jar:?]
	at com.st.microxplorer.plugins.projectmanager.gui.ProjectChoiceTab.updateSettings(ProjectChoiceTab.java:555) ~[filemanager.jar:?]
	at com.st.microxplorer.plugins.projectmanager.gui.ProjectSettingsPanel.UpdateDialog(ProjectSettingsPanel.java:245) ~[filemanager.jar:?]
	at com.st.microxplorer.plugins.projectmanager.ProjectManagerView.propertyChange(ProjectManagerView.java:392) ~[filemanager.jar:?]
	at java.beans.PropertyChangeSupport.fire(PropertyChangeSupport.java:343) ~[?:?]
	at java.beans.PropertyChangeSupport.firePropertyChange(PropertyChangeSupport.java:335) ~[?:?]
	at java.beans.PropertyChangeSupport.firePropertyChange(PropertyChangeSupport.java:268) ~[?:?]
	at com.st.microxplorer.util.MXPropertyChangeSupport.firePropertyChange(MXPropertyChangeSupport.java:54) ~[STM32CubeMX.jar:?]
	at com.st.microxplorer.mxsystem.MxSystem.closeConfig(MxSystem.java:899) ~[STM32CubeMX.jar:?]
	at com.st.microxplorer.maingui.MainPanel.closeConfig(MainPanel.java:789) ~[STM32CubeMX.jar:?]
	at com.st.microxplorer.plugins.filemanager.engine.OpenFileManager.loadConfigurationFile(OpenFileManager.java:287) ~[filemanager.jar:?]
	at com.st.microxplorer.plugins.filemanager.engine.MainFileManager.userLoadConfig(MainFileManager.java:341) ~[filemanager.jar:?]
	at com.st.microxplorer.plugins.filemanager.engine.MainFileManager.userLoadConfig(MainFileManager.java:319) ~[filemanager.jar:?]
	at com.st.microxplorer.plugins.filemanager.FileManagerView.getSpecificTask(FileManagerView.java:246) ~[filemanager.jar:?]
	at com.st.stm32cube.common.mx.editor.CubeMxEditor.getMxTabbedPaneInstance(CubeMxEditor.java:1198) ~[com.st.stm32cube.common.mx_6.14.1.202504091515/:?]
	at com.st.stm32cube.common.mx.editor.CubeMxEditor$12$1.createSwingComponent(CubeMxEditor.java:1068) ~[com.st.stm32cube.common.mx_6.14.1.202504091515/:?]
	at com.st.stm32cube.common.mx.oss.core.awtswtbridge.EmbeddedSwingComposite.doComponentCreation(EmbeddedSwingComposite.java:492) ~[com.st.stm32cube.common.mx.oss_6.14.1.202504091515/:?]
	at com.st.stm32cube.common.mx.oss.core.awtswtbridge.EmbeddedSwingComposite$4.run(EmbeddedSwingComposite.java:291) ~[com.st.stm32cube.common.mx.oss_6.14.1.202504091515/:?]
	at com.st.stm32cube.common.mx.oss.core.awtswtbridge.AwtEnvironment$2.run(AwtEnvironment.java:166) ~[com.st.stm32cube.common.mx.oss_6.14.1.202504091515/:?]
	at java.awt.event.InvocationEvent.dispatch(InvocationEvent.java:318) ~[?:?]
	at java.awt.EventQueue.dispatchEventImpl(EventQueue.java:773) ~[?:?]
	at java.awt.EventQueue$4.run(EventQueue.java:720) ~[?:?]
	at java.awt.EventQueue$4.run(EventQueue.java:714) ~[?:?]
	at java.security.AccessController.doPrivileged(AccessController.java:400) ~[?:?]
	at java.security.ProtectionDomain$JavaSecurityAccessImpl.doIntersectionPrivilege(ProtectionDomain.java:87) ~[?:?]
	at java.awt.EventQueue.dispatchEvent(EventQueue.java:742) ~[?:?]
	at java.awt.EventDispatchThread.pumpOneEventForFilters(EventDispatchThread.java:203) ~[?:?]
	at java.awt.EventDispatchThread.pumpEventsForFilter(EventDispatchThread.java:124) ~[?:?]
	at java.awt.EventDispatchThread.pumpEventsForHierarchy(EventDispatchThread.java:113) ~[?:?]
	at java.awt.EventDispatchThread.pumpEvents(EventDispatchThread.java:109) ~[?:?]
	at java.awt.EventDispatchThread.pumpEvents(EventDispatchThread.java:101) ~[?:?]
	at java.awt.EventDispatchThread.run(EventDispatchThread.java:90) ~[?:?]
2025-06-27 10:31:13,378 [WARN] ThirdParty:871 - waiting for thirdparty lock release [close project]
2025-06-27 10:31:13,378 [INFO] ThirdParty:873 - entering critical section [close project]
2025-06-27 10:31:13,378 [INFO] ThirdParty:883 - exiting critical section [close project]
2025-06-27 10:31:13,379 [INFO] PinOutPanel:1589 - setPackage(No Configuration,No Configuration)
2025-06-27 10:31:13,383 [WARN] IpParametersView:155 - Warning: This peripheral hasn't parameters
2025-06-27 10:31:13,385 [WARN] MainPanel:289 - <html><b><center>Warning: This peripheral has no parameters to be configured<br></b></html>
2025-06-27 10:31:13,389 [INFO] UtilMem:75 - Begin LoadConfig() Used Memory: 607945112 Bytes (925892608)
2025-06-27 10:31:13,389 [INFO] MicroXplorer:468 - Change Database Path : 
2025-06-27 10:31:13,389 [INFO] MicroXplorer:498 - Change Database Version : DB.6.0.141
2025-06-27 10:31:13,389 [INFO] OpenFileManager:354 - Change cursor
2025-06-27 10:31:13,399 [INFO] Mcu:2011 - Initializing MCU STM32F407V(E-G)Tx STM32F407VETx STM32F407VET6
2025-06-27 10:31:14,699 [INFO] Context:756 - Trying to add GPIOservice into a context  which must be forbidden
2025-06-27 10:31:15,033 [INFO] ImportTextPane:218 - (OptionalMessage_ERROR) Pin7 (VP_RIF_VS_RIF1) cannot be retrieved for this MCU
2025-06-27 10:31:15,173 [INFO] RtosManager:558 - Registered RTOS mode: class=CMSIS, group=RTOS, mode=CMSIS_V1, owner=FREERTOS
2025-06-27 10:31:15,173 [INFO] RtosManager:558 - Registered RTOS mode: class=CMSIS, group=RTOS2, mode=CMSIS_V2, owner=FREERTOS
2025-06-27 10:31:15,173 [INFO] RtosManager:558 - Registered RTOS mode: class=RTOS, group=Core, mode=CMSIS_V1, owner=FREERTOS
2025-06-27 10:31:15,173 [INFO] RtosManager:558 - Registered RTOS mode: class=RTOS, group=Core, mode=CMSIS_V2, owner=FREERTOS
2025-06-27 10:31:15,174 [WARN] ModelIntegratedComponent:184 - Missing modes for component STMicroelectronics:FreeRTOS:0.0.1:STMicroelectronics:RTOS:FreeRTOS:Core:::10.2.0:
2025-06-27 10:31:15,187 [WARN] ModelIntegratedComponent:63 - No mode defined for component null
2025-06-27 10:31:15,187 [WARN] ModelIntegratedComponent:63 - No mode defined for component null
2025-06-27 10:31:15,187 [WARN] ModelIntegratedComponent:63 - No mode defined for component null
2025-06-27 10:31:15,188 [WARN] ModelIntegratedComponent:63 - No mode defined for component null
2025-06-27 10:31:15,188 [WARN] ModelIntegratedComponent:63 - No mode defined for component null
2025-06-27 10:31:15,188 [WARN] ModelIntegratedComponent:63 - No mode defined for component null
2025-06-27 10:31:15,188 [WARN] ModelIntegratedComponent:63 - No mode defined for component null
2025-06-27 10:31:15,188 [WARN] ModelIntegratedComponent:63 - No mode defined for component null
2025-06-27 10:31:15,188 [WARN] ModelIntegratedComponent:63 - No mode defined for component null
2025-06-27 10:31:15,188 [WARN] ModelIntegratedComponent:63 - No mode defined for component null
2025-06-27 10:31:15,188 [WARN] ModelIntegratedComponent:63 - No mode defined for component null
2025-06-27 10:31:15,188 [WARN] ModelIntegratedComponent:63 - No mode defined for component null
2025-06-27 10:31:15,188 [WARN] ModelIntegratedComponent:63 - No mode defined for component null
2025-06-27 10:31:15,188 [WARN] ModelIntegratedComponent:63 - No mode defined for component null
2025-06-27 10:31:15,188 [WARN] ModelIntegratedComponent:63 - No mode defined for component null
2025-06-27 10:31:15,188 [WARN] ModelIntegratedComponent:63 - No mode defined for component null
2025-06-27 10:31:15,188 [WARN] ModelIntegratedComponent:63 - No mode defined for component null
2025-06-27 10:31:15,188 [WARN] ModelIntegratedComponent:63 - No mode defined for component null
2025-06-27 10:31:15,188 [WARN] ModelIntegratedComponent:63 - No mode defined for component null
2025-06-27 10:31:15,188 [WARN] ModelIntegratedComponent:63 - No mode defined for component null
2025-06-27 10:31:15,188 [WARN] ModelIntegratedComponent:63 - No mode defined for component null
2025-06-27 10:31:15,188 [WARN] ModelIntegratedComponent:63 - No mode defined for component null
2025-06-27 10:31:15,188 [WARN] ModelIntegratedComponent:63 - No mode defined for component null
2025-06-27 10:31:15,188 [WARN] ModelIntegratedComponent:63 - No mode defined for component null
2025-06-27 10:31:15,188 [WARN] ModelIntegratedComponent:63 - No mode defined for component null
2025-06-27 10:31:15,188 [WARN] ModelIntegratedComponent:63 - No mode defined for component null
2025-06-27 10:31:15,188 [WARN] ModelIntegratedComponent:63 - No mode defined for component null
2025-06-27 10:31:15,188 [WARN] ModelIntegratedComponent:63 - No mode defined for component null
2025-06-27 10:31:15,188 [WARN] ModelIntegratedComponent:63 - No mode defined for component null
2025-06-27 10:31:15,189 [WARN] ModelIntegratedComponent:63 - No mode defined for component null
2025-06-27 10:31:15,189 [WARN] ModelIntegratedComponent:63 - No mode defined for component null
2025-06-27 10:31:15,189 [WARN] ModelIntegratedComponent:63 - No mode defined for component null
2025-06-27 10:31:15,189 [WARN] ModelIntegratedComponent:63 - No mode defined for component null
2025-06-27 10:31:15,189 [WARN] ModelIntegratedComponent:63 - No mode defined for component null
2025-06-27 10:31:15,189 [WARN] ModelIntegratedComponent:63 - No mode defined for component null
2025-06-27 10:31:15,189 [WARN] ModelPack:524 - Component already loaded: STMicroelectronics:HAL Drivers:0.0.0:STMicroelectronics:Device:STMicro_Driver:XSPI:HAL::0.0.1:HAL_XSPI
2025-06-27 10:31:15,344 [INFO] ThirdPartyModel:298 - Start build external matchings
2025-06-27 10:31:16,052 [INFO] ThirdPartyModel:316 - End build external matchings
2025-06-27 10:31:16,060 [INFO] ImportTextPane:218 - (OptionalMessage_ERROR) IP (DMA) : Parameter (Instance) has Id (USART1_RX) currently not set
2025-06-27 10:31:16,060 [INFO] ImportTextPane:218 - (OptionalMessage_ERROR) IP (DMA) : Parameter (Channel) has Id (USART1_RX) currently not set
2025-06-27 10:31:16,060 [INFO] ImportTextPane:218 - (OptionalMessage_ERROR) IP (DMA) : Parameter (Direction) has Id (USART1_RX) currently not set
2025-06-27 10:31:16,061 [INFO] ImportTextPane:218 - (OptionalMessage_ERROR) IP (DMA) : Parameter (PeriphInc) has Id (USART1_RX) currently not set
2025-06-27 10:31:16,061 [INFO] ImportTextPane:218 - (OptionalMessage_ERROR) IP (DMA) : Parameter (MemInc) has Id (USART1_RX) currently not set
2025-06-27 10:31:16,061 [INFO] ImportTextPane:218 - (OptionalMessage_ERROR) IP (DMA) : Parameter (PeriphDataAlignment) has Id (USART1_RX) currently not set
2025-06-27 10:31:16,061 [INFO] ImportTextPane:218 - (OptionalMessage_ERROR) IP (DMA) : Parameter (MemDataAlignment) has Id (USART1_RX) currently not set
2025-06-27 10:31:16,061 [INFO] ImportTextPane:218 - (OptionalMessage_ERROR) IP (DMA) : Parameter (Mode) has Id (USART1_RX) currently not set
2025-06-27 10:31:16,061 [INFO] ImportTextPane:218 - (OptionalMessage_ERROR) IP (DMA) : Parameter (Priority) has Id (USART1_RX) currently not set
2025-06-27 10:31:16,061 [INFO] ImportTextPane:218 - (OptionalMessage_ERROR) IP (DMA) : Parameter (FIFOMode) has Id (USART1_RX) currently not set
2025-06-27 10:31:16,062 [INFO] ImportTextPane:218 - (OptionalMessage_ERROR) IP (RCC) : Parameter (RTCHSEDivFreq_Value) has invalid value (12500000)
2025-06-27 10:31:16,372 [INFO] UtilMem:75 - End LoadConfig() Used Memory: 758692752 Bytes (1073741824)
2025-06-27 10:31:16,416 [WARN] ThirdParty:833 - waiting for thirdparty lock release [change project]
2025-06-27 10:31:16,416 [INFO] ThirdParty:835 - entering critical section [change project]
2025-06-27 10:31:16,416 [INFO] ThirdParty:1030 - CMSIS Pack Vendor :STMicroelectronics X-CUBE-PM33A1 1.0.0
2025-06-27 10:31:16,416 [INFO] ThirdParty:1030 - CMSIS Pack Vendor :STMicroelectronics USBPD 4.1
2025-06-27 10:31:16,416 [INFO] ThirdParty:1030 - CMSIS Pack Vendor :STMicroelectronics X-CUBE-AZRTOS-H7 3.3.0
2025-06-27 10:31:16,416 [INFO] ThirdParty:1030 - CMSIS Pack Vendor :STMicroelectronics X-CUBE-NFC9 1.0.0
2025-06-27 10:31:16,416 [INFO] ThirdParty:1030 - CMSIS Pack Vendor :wolfSSL I-CUBE-wolfSSL 5.8.0
2025-06-27 10:31:16,416 [INFO] ThirdParty:1030 - CMSIS Pack Vendor :STMicroelectronics USB_HOST 2.0.0
2025-06-27 10:31:16,416 [INFO] ThirdParty:1030 - CMSIS Pack Vendor :STMicroelectronics FP-SNS-MOTENVWB1 1.4.0
2025-06-27 10:31:16,416 [INFO] ThirdParty:1030 - CMSIS Pack Vendor :STMicroelectronics X-CUBE-AZRTOS-F4 1.1.0
2025-06-27 10:31:16,416 [INFO] ThirdParty:1030 - CMSIS Pack Vendor :STMicroelectronics LIBJPEG 8.0.0
2025-06-27 10:31:16,416 [INFO] ThirdParty:1030 - CMSIS Pack Vendor :STMicroelectronics X-CUBE-SMBUS 2.1.0
2025-06-27 10:31:16,416 [INFO] ThirdParty:1030 - CMSIS Pack Vendor :wolfSSL I-CUBE-wolfMQTT 1.19.2
2025-06-27 10:31:16,416 [INFO] ThirdParty:1030 - CMSIS Pack Vendor :STMicroelectronics USB_DEVICE 3.0.0
2025-06-27 10:31:16,416 [INFO] ThirdParty:1030 - CMSIS Pack Vendor :STMicroelectronics X-CUBE-ISPU 2.1.0
2025-06-27 10:31:16,416 [INFO] ThirdParty:1030 - CMSIS Pack Vendor :STMicroelectronics X-CUBE-AZRTOS-WB 2.0.0
2025-06-27 10:31:16,416 [INFO] ThirdParty:1030 - CMSIS Pack Vendor :STMicroelectronics X-CUBE-ST60 1.0.0
2025-06-27 10:31:16,416 [INFO] ThirdParty:1030 - CMSIS Pack Vendor :STMicroelectronics X-CUBE-GNSS1 7.0.1
2025-06-27 10:31:16,417 [INFO] ThirdParty:1030 - CMSIS Pack Vendor :STMicroelectronics X-CUBE-AZRTOS-F7 1.1.0
2025-06-27 10:31:16,417 [INFO] ThirdParty:1030 - CMSIS Pack Vendor :STMicroelectronics X-CUBE-AZRTOS-L5 2.0.0
2025-06-27 10:31:16,417 [INFO] ThirdParty:1030 - CMSIS Pack Vendor :STMicroelectronics USB_DEVICE 2.0.0
2025-06-27 10:31:16,417 [INFO] ThirdParty:1030 - CMSIS Pack Vendor :STMicroelectronics X-CUBE-NFC6 3.1.0
2025-06-27 10:31:16,417 [INFO] ThirdParty:1030 - CMSIS Pack Vendor :STMicroelectronics X-CUBE-AI 10.1.0
2025-06-27 10:31:16,417 [INFO] ThirdParty:1030 - CMSIS Pack Vendor :STMicroelectronics FP-SNS-STBOX1 2.0.0
2025-06-27 10:31:16,417 [INFO] ThirdParty:1030 - CMSIS Pack Vendor :STMicroelectronics X-CUBE-MEMS1 11.2.0
2025-06-27 10:31:16,417 [INFO] ThirdParty:1030 - CMSIS Pack Vendor :STMicroelectronics FreeRTOS 0.0.1
2025-06-27 10:31:16,417 [INFO] ThirdParty:1030 - CMSIS Pack Vendor :STMicroelectronics X-CUBE-AZRTOS-G0 1.1.0
2025-06-27 10:31:16,417 [INFO] ThirdParty:1030 - CMSIS Pack Vendor :STMicroelectronics X-CUBE-SAFEA1 1.2.2
2025-06-27 10:31:16,417 [INFO] ThirdParty:1030 - CMSIS Pack Vendor :STMicroelectronics X-CUBE-NFC4 3.0.0
2025-06-27 10:31:16,417 [INFO] ThirdParty:1030 - CMSIS Pack Vendor :STMicroelectronics X-CUBE-SUBG2 5.0.0
2025-06-27 10:31:16,417 [INFO] ThirdParty:1030 - CMSIS Pack Vendor :STMicroelectronics X-CUBE-AZRTOS-H7RS 1.1.0
2025-06-27 10:31:16,417 [INFO] ThirdParty:1030 - CMSIS Pack Vendor :STMicroelectronics STM32_WPAN 1.0.0
2025-06-27 10:31:16,417 [INFO] ThirdParty:1030 - CMSIS Pack Vendor :EmbeddedOffice I-CUBE-FS-RTOS 1.0.1
2025-06-27 10:31:16,417 [INFO] ThirdParty:1030 - CMSIS Pack Vendor :STMicroelectronics lwIP 2.0.3
2025-06-27 10:31:16,417 [INFO] ThirdParty:1030 - CMSIS Pack Vendor :Cesanta I-CUBE-Mongoose 7.13.0
2025-06-27 10:31:16,417 [INFO] ThirdParty:1030 - CMSIS Pack Vendor :STMicroelectronics USB_HOST 1.0.0
2025-06-27 10:31:16,417 [INFO] ThirdParty:1030 - CMSIS Pack Vendor :Infineon AIROC-Wi-Fi-Bluetooth-STM32 1.7.0
2025-06-27 10:31:16,417 [INFO] ThirdParty:1030 - CMSIS Pack Vendor :STMicroelectronics X-CUBE-AZRTOS-G4 2.0.0
2025-06-27 10:31:16,417 [INFO] ThirdParty:1030 - CMSIS Pack Vendor :STMicroelectronics X-CUBE-WB05N 2.0.0
2025-06-27 10:31:16,418 [INFO] ThirdParty:1030 - CMSIS Pack Vendor :STMicroelectronics PDM2PCM 3.1.0
2025-06-27 10:31:16,418 [INFO] ThirdParty:1030 - CMSIS Pack Vendor :STMicroelectronics PDM2PCM 3.3.0
2025-06-27 10:31:16,418 [INFO] ThirdParty:1030 - CMSIS Pack Vendor :wolfSSL I-CUBE-wolfTPM 3.8.0
2025-06-27 10:31:16,418 [INFO] ThirdParty:1030 - CMSIS Pack Vendor :STMicroelectronics X-CUBE-DISPLAY 3.0.0
2025-06-27 10:31:16,418 [INFO] ThirdParty:1030 - CMSIS Pack Vendor :wolfSSL I-CUBE-wolfSSH 1.4.20
2025-06-27 10:31:16,418 [INFO] ThirdParty:1030 - CMSIS Pack Vendor :STMicroelectronics X-CUBE-TCPP 4.2.0
2025-06-27 10:31:16,418 [INFO] ThirdParty:1030 - CMSIS Pack Vendor :RealThread X-CUBE-RT-Thread_Nano 4.1.1
2025-06-27 10:31:16,418 [INFO] ThirdParty:1030 - CMSIS Pack Vendor :STMicroelectronics FP-ATR-SIGFOX1 3.2.0
2025-06-27 10:31:16,418 [INFO] ThirdParty:1030 - CMSIS Pack Vendor :STMicroelectronics X-CUBE-NFC10 1.0.0
2025-06-27 10:31:16,418 [INFO] ThirdParty:1030 - CMSIS Pack Vendor :STMicroelectronics X-CUBE-BLEMGR 4.0.0
2025-06-27 10:31:16,418 [INFO] ThirdParty:1030 - CMSIS Pack Vendor :STMicroelectronics X-CUBE-EEPRMA1 5.1.0
2025-06-27 10:31:16,418 [INFO] ThirdParty:1030 - CMSIS Pack Vendor :STMicroelectronics HAL Drivers 0.0.0
2025-06-27 10:31:16,418 [INFO] ThirdParty:1030 - CMSIS Pack Vendor :STMicroelectronics MBEDTLS 2.16.2
2025-06-27 10:31:16,418 [INFO] ThirdParty:1030 - CMSIS Pack Vendor :STMicroelectronics X-CUBE-IPS 3.1.0
2025-06-27 10:31:16,418 [INFO] ThirdParty:1030 - CMSIS Pack Vendor :STMicroelectronics X-CUBE-ALS 1.0.2
2025-06-27 10:31:16,418 [INFO] ThirdParty:1030 - CMSIS Pack Vendor :emotas I-CUBE-CANOPEN 1.3.0
2025-06-27 10:31:16,418 [INFO] ThirdParty:1030 - CMSIS Pack Vendor :STMicroelectronics MBEDTLS 2.14.1
2025-06-27 10:31:16,418 [INFO] ThirdParty:1030 - CMSIS Pack Vendor :ITTIA_DB I-CUBE-ITTIADB 8.9.0
2025-06-27 10:31:16,418 [INFO] ThirdParty:1030 - CMSIS Pack Vendor :portGmbH I-Cube-SoM-uGOAL 1.1.0
2025-06-27 10:31:16,418 [INFO] ThirdParty:1030 - CMSIS Pack Vendor :quantropi X-CUBE-qispace-sdk-base 2.0.0
2025-06-27 10:31:16,418 [INFO] ThirdParty:1030 - CMSIS Pack Vendor :STMicroelectronics X-CUBE-AI 10.0.0
2025-06-27 10:31:16,418 [INFO] ThirdParty:1030 - CMSIS Pack Vendor :STMicroelectronics X-CUBE-ST67W61 1.0.0
2025-06-27 10:31:16,419 [INFO] ThirdParty:1030 - CMSIS Pack Vendor :STMicroelectronics ThreadX 1.0.0
2025-06-27 10:31:16,419 [INFO] ThirdParty:1030 - CMSIS Pack Vendor :STMicroelectronics FP-SNS-SMARTAG2 1.2.0
2025-06-27 10:31:16,419 [INFO] ThirdParty:1030 - CMSIS Pack Vendor :STMicroelectronics X-CUBE-AZRTOS-WL 2.0.0
2025-06-27 10:31:16,419 [INFO] ThirdParty:1030 - CMSIS Pack Vendor :SEGGER I-CUBE-embOS 1.3.1
2025-06-27 10:31:16,419 [INFO] ThirdParty:1030 - CMSIS Pack Vendor :STMicroelectronics X-CUBE-ALGOBUILD 1.4.0
2025-06-27 10:31:16,419 [INFO] ThirdParty:1030 - CMSIS Pack Vendor :STMicroelectronics X-CUBE-MEMS1 11.3.0
2025-06-27 10:31:16,419 [INFO] ThirdParty:1030 - CMSIS Pack Vendor :STMicroelectronics FP-SNS-MOTENV1 5.0.0
2025-06-27 10:31:16,419 [INFO] ThirdParty:1030 - CMSIS Pack Vendor :STMicroelectronics USB_DEVICE 1.0.0
2025-06-27 10:31:16,419 [INFO] ThirdParty:1030 - CMSIS Pack Vendor :STMicroelectronics X-CUBE-AZRTOS-L4 2.0.0
2025-06-27 10:31:16,419 [INFO] ThirdParty:1030 - CMSIS Pack Vendor :STMicroelectronics ThreadX 0.0.2
2025-06-27 10:31:16,419 [INFO] ThirdParty:1030 - CMSIS Pack Vendor :WES I-CUBE-Cesium 1.3.0
2025-06-27 10:31:16,419 [INFO] ThirdParty:1030 - CMSIS Pack Vendor :STMicroelectronics lwIP 2.1.2
2025-06-27 10:31:16,419 [INFO] ThirdParty:1030 - CMSIS Pack Vendor :STMicroelectronics X-CUBE-SFXS2LP1 4.0.0
2025-06-27 10:31:16,419 [INFO] ThirdParty:1030 - CMSIS Pack Vendor :STMicroelectronics X-CUBE-BLE2 3.3.0
2025-06-27 10:31:16,419 [INFO] ThirdParty:1030 - CMSIS Pack Vendor :STMicroelectronics PDM2PCM 3.2.0
2025-06-27 10:31:16,419 [INFO] ThirdParty:841 - exiting critical section [change project]
2025-06-27 10:31:16,585 [INFO] PinOutPanel:1589 - setPackage(No Configuration,No Configuration)
2025-06-27 10:31:16,585 [INFO] PinOutPanel:1589 - setPackage(STM32F407VETx,LQFP100)
2025-06-27 10:31:16,725 [INFO] UtilMem:75 - Before build in PCC Used Memory: 400899584 Bytes (1073741824)
2025-06-27 10:31:16,937 [INFO] UtilMem:75 - After build in PCC Used Memory: 445988352 Bytes (1073741824)
2025-06-27 10:31:16,967 [INFO] IPUIPlugin:80 - create IPUIPlugin
2025-06-27 10:31:16,968 [INFO] IPUIPlugin:80 - create IPUIPlugin
2025-06-27 10:31:16,968 [INFO] IPUIPlugin:80 - create IPUIPlugin
2025-06-27 10:31:16,968 [INFO] IPUIPlugin:80 - create IPUIPlugin
2025-06-27 10:31:16,968 [INFO] IPUIPlugin:80 - create IPUIPlugin
2025-06-27 10:31:16,968 [INFO] IPUIPlugin:80 - create IPUIPlugin
2025-06-27 10:31:16,968 [INFO] IPUIPlugin:80 - create IPUIPlugin
2025-06-27 10:31:16,968 [INFO] IPUIPlugin:80 - create IPUIPlugin
2025-06-27 10:31:16,968 [INFO] IPUIPlugin:80 - create IPUIPlugin
2025-06-27 10:31:16,968 [INFO] IPUIPlugin:80 - create IPUIPlugin
2025-06-27 10:31:16,968 [INFO] IPUIPlugin:80 - create IPUIPlugin
2025-06-27 10:31:16,968 [INFO] IPUIPlugin:80 - create IPUIPlugin
2025-06-27 10:31:16,969 [INFO] IPUIPlugin:80 - create IPUIPlugin
2025-06-27 10:31:16,969 [INFO] IPUIPlugin:80 - create IPUIPlugin
2025-06-27 10:31:16,969 [INFO] IPUIPlugin:80 - create IPUIPlugin
2025-06-27 10:31:16,969 [INFO] IPUIPlugin:80 - create IPUIPlugin
2025-06-27 10:31:16,969 [INFO] IPUIPlugin:80 - create IPUIPlugin
2025-06-27 10:31:16,969 [INFO] IPUIPlugin:80 - create IPUIPlugin
2025-06-27 10:31:16,969 [INFO] IPUIPlugin:80 - create IPUIPlugin
2025-06-27 10:31:16,969 [INFO] IPUIPlugin:80 - create IPUIPlugin
2025-06-27 10:31:16,969 [INFO] IPUIPlugin:80 - create IPUIPlugin
2025-06-27 10:31:16,969 [INFO] IPUIPlugin:80 - create IPUIPlugin
2025-06-27 10:31:16,969 [INFO] IPUIPlugin:80 - create IPUIPlugin
2025-06-27 10:31:16,970 [INFO] IPUIPlugin:80 - create IPUIPlugin
2025-06-27 10:31:16,970 [INFO] IPUIPlugin:80 - create IPUIPlugin
2025-06-27 10:31:16,970 [INFO] IPUIPlugin:80 - create IPUIPlugin
2025-06-27 10:31:16,970 [INFO] IPUIPlugin:80 - create IPUIPlugin
2025-06-27 10:31:16,970 [INFO] IPUIPlugin:80 - create IPUIPlugin
2025-06-27 10:31:16,970 [INFO] IPUIPlugin:80 - create IPUIPlugin
2025-06-27 10:31:16,970 [INFO] IPUIPlugin:80 - create IPUIPlugin
2025-06-27 10:31:16,971 [INFO] IPUIPlugin:80 - create IPUIPlugin
2025-06-27 10:31:16,971 [INFO] IPUIPlugin:80 - create IPUIPlugin
2025-06-27 10:31:16,971 [INFO] IPUIPlugin:80 - create IPUIPlugin
2025-06-27 10:31:16,971 [INFO] IPUIPlugin:80 - create IPUIPlugin
2025-06-27 10:31:16,971 [INFO] IPUIPlugin:80 - create IPUIPlugin
2025-06-27 10:31:16,971 [INFO] IPUIPlugin:80 - create IPUIPlugin
2025-06-27 10:31:16,971 [INFO] IPUIPlugin:80 - create IPUIPlugin
2025-06-27 10:31:16,972 [INFO] IPUIPlugin:80 - create IPUIPlugin
2025-06-27 10:31:16,972 [INFO] IPUIPlugin:80 - create IPUIPlugin
2025-06-27 10:31:16,972 [INFO] IPUIPlugin:80 - create IPUIPlugin
2025-06-27 10:31:16,972 [INFO] IPUIPlugin:80 - create IPUIPlugin
2025-06-27 10:31:16,972 [INFO] IPUIPlugin:80 - create IPUIPlugin
2025-06-27 10:31:16,972 [INFO] IPUIPlugin:80 - create IPUIPlugin
2025-06-27 10:31:16,973 [INFO] IPUIPlugin:80 - create IPUIPlugin
2025-06-27 10:31:16,973 [INFO] IPUIPlugin:80 - create IPUIPlugin
2025-06-27 10:31:16,973 [INFO] IPUIPlugin:80 - create IPUIPlugin
2025-06-27 10:31:16,973 [INFO] IPUIPlugin:80 - create IPUIPlugin
2025-06-27 10:31:16,973 [INFO] IPUIPlugin:80 - create IPUIPlugin
2025-06-27 10:31:16,974 [INFO] IPUIPlugin:80 - create IPUIPlugin
2025-06-27 10:31:16,974 [INFO] IPUIPlugin:80 - create IPUIPlugin
2025-06-27 10:31:16,974 [INFO] IPUIPlugin:80 - create IPUIPlugin
2025-06-27 10:31:16,974 [INFO] IPUIPlugin:80 - create IPUIPlugin
2025-06-27 10:31:16,975 [INFO] IPUIPlugin:80 - create IPUIPlugin
2025-06-27 10:31:16,975 [INFO] IPUIPlugin:80 - create IPUIPlugin
2025-06-27 10:31:16,975 [INFO] IPUIPlugin:80 - create IPUIPlugin
2025-06-27 10:31:16,975 [INFO] IPUIPlugin:80 - create IPUIPlugin
2025-06-27 10:31:16,976 [INFO] IPUIPlugin:80 - create IPUIPlugin
2025-06-27 10:31:16,976 [INFO] IPUIPlugin:80 - create IPUIPlugin
2025-06-27 10:31:16,982 [INFO] ApiDbMcu:508 - Load IP Config File for PDM2PCM
2025-06-27 10:31:17,130 [INFO] CADModel:165 - CPN selected for project levelSTM32F407VET6
2025-06-27 10:31:17,131 [INFO] CADModel:114 - Register for checkConnection events
2025-06-27 10:31:17,191 [INFO] OpenFileManager:385 - Restore cursor
2025-06-27 10:32:29,444 [INFO] RtosManager:967 - Current active RTOS is FREERTOS [Cortex-M4NS]
2025-06-27 10:32:29,651 [INFO] ApiDbMcu:508 - Load IP Config File for FREERTOS
2025-06-27 10:32:29,842 [ERROR] RtosPanel:558 - Can not restore the selected Tab for FREERTOS(A reason can be that the tab is no more available.)
2025-06-27 10:32:29,905 [ERROR] RtosPanel:558 - Can not restore the selected Tab for FREERTOS(A reason can be that the tab is no more available.)
2025-06-27 10:35:44,569 [INFO] TasksAndQueuesTab:757 - Dynamic
2025-06-27 10:35:44,570 [WARN] TasksAndQueuesTab:763 - 128 128
2025-06-27 10:35:44,570 [WARN] TasksAndQueuesTab:775 - max value is: 3840.0
2025-06-27 11:16:11,963 [INFO] RtosManager:978 - There is no active RTOS [Cortex-M4NS]
2025-06-27 11:21:40,474 [INFO] UtilMem:75 - End SaveConfig() Used Memory: 699713488 Bytes (1073741824)
2025-06-27 11:21:42,936 [INFO] UtilMem:75 - End SaveConfig() Used Memory: 731170768 Bytes (1073741824)
2025-06-27 11:21:44,922 [INFO] UtilMem:75 - End SaveConfig() Used Memory: 827117520 Bytes (1073741824)
2025-06-27 11:21:45,147 [INFO] BlockDiagram:2775 - set Specific Code input for plugin: TIM1_8
2025-06-27 11:21:45,147 [INFO] BlockDiagram:2775 - set Specific Code input for plugin: SYS
2025-06-27 11:21:45,147 [INFO] BlockDiagram:2775 - set Specific Code input for plugin: RCC
2025-06-27 11:21:45,147 [INFO] BlockDiagram:2775 - set Specific Code input for plugin: NVIC
2025-06-27 11:21:45,147 [INFO] BlockDiagram:2775 - set Specific Code input for plugin: USART
2025-06-27 11:21:45,147 [INFO] BlockDiagram:2775 - set Specific Code input for plugin: DMA
2025-06-27 11:21:45,147 [INFO] BlockDiagram:2775 - set Specific Code input for plugin: GPIO
2025-06-27 11:21:45,148 [INFO] CodeGenerator:882 - code generatio: config db path: C:\ST\STM32CubeIDE_1.18.1\STM32CubeIDE\plugins\com.st.stm32cube.common.mx_6.14.1.202504091515\\db\
2025-06-27 11:21:45,159 [INFO] Argument:325 - Argument : hdmavalue: null
2025-06-27 11:21:45,159 [INFO] Argument:327 - 	 sub Args: 
2025-06-27 11:21:45,159 [INFO] Argument:325 - Argument : Instancevalue: DMA2_Stream2
2025-06-27 11:21:45,159 [INFO] Argument:335 - Argument : Instancevalue: DMA2_Stream2
2025-06-27 11:21:45,159 [INFO] Argument:325 - Argument : Initvalue: null
2025-06-27 11:21:45,159 [INFO] Argument:327 - 	 sub Args: 
2025-06-27 11:21:45,159 [INFO] Argument:325 - Argument : Channelvalue: DMA_CHANNEL_4
2025-06-27 11:21:45,159 [INFO] Argument:335 - Argument : Channelvalue: DMA_CHANNEL_4
2025-06-27 11:21:45,159 [INFO] Argument:325 - Argument : Directionvalue: DMA_PERIPH_TO_MEMORY
2025-06-27 11:21:45,159 [INFO] Argument:335 - Argument : Directionvalue: DMA_PERIPH_TO_MEMORY
2025-06-27 11:21:45,159 [INFO] Argument:325 - Argument : PeriphIncvalue: DMA_PINC_DISABLE
2025-06-27 11:21:45,159 [INFO] Argument:335 - Argument : PeriphIncvalue: DMA_PINC_DISABLE
2025-06-27 11:21:45,159 [INFO] Argument:325 - Argument : MemIncvalue: DMA_MINC_ENABLE
2025-06-27 11:21:45,159 [INFO] Argument:335 - Argument : MemIncvalue: DMA_MINC_ENABLE
2025-06-27 11:21:45,159 [INFO] Argument:325 - Argument : PeriphDataAlignmentvalue: DMA_PDATAALIGN_BYTE
2025-06-27 11:21:45,159 [INFO] Argument:335 - Argument : PeriphDataAlignmentvalue: DMA_PDATAALIGN_BYTE
2025-06-27 11:21:45,159 [INFO] Argument:325 - Argument : MemDataAlignmentvalue: DMA_MDATAALIGN_BYTE
2025-06-27 11:21:45,159 [INFO] Argument:335 - Argument : MemDataAlignmentvalue: DMA_MDATAALIGN_BYTE
2025-06-27 11:21:45,159 [INFO] Argument:325 - Argument : Modevalue: DMA_CIRCULAR
2025-06-27 11:21:45,159 [INFO] Argument:335 - Argument : Modevalue: DMA_CIRCULAR
2025-06-27 11:21:45,159 [INFO] Argument:325 - Argument : Priorityvalue: DMA_PRIORITY_LOW
2025-06-27 11:21:45,159 [INFO] Argument:335 - Argument : Priorityvalue: DMA_PRIORITY_LOW
2025-06-27 11:21:45,159 [INFO] Argument:325 - Argument : FIFOModevalue: DMA_FIFOMODE_DISABLE
2025-06-27 11:21:45,159 [INFO] Argument:335 - Argument : FIFOModevalue: DMA_FIFOMODE_DISABLE
2025-06-27 11:21:45,159 [INFO] Argument:325 - Argument : FIFOThresholdvalue: null
2025-06-27 11:21:45,159 [INFO] Argument:335 - Argument : FIFOThresholdvalue: null
2025-06-27 11:21:45,159 [INFO] Argument:325 - Argument : MemBurstvalue: null
2025-06-27 11:21:45,159 [INFO] Argument:335 - Argument : MemBurstvalue: null
2025-06-27 11:21:45,159 [INFO] Argument:325 - Argument : PeriphBurstvalue: null
2025-06-27 11:21:45,159 [INFO] Argument:335 - Argument : PeriphBurstvalue: null
2025-06-27 11:21:45,159 [INFO] Argument:325 - Argument : Lockvalue: null
2025-06-27 11:21:45,159 [INFO] Argument:335 - Argument : Lockvalue: null
2025-06-27 11:21:45,159 [INFO] Argument:325 - Argument : Statevalue: null
2025-06-27 11:21:45,159 [INFO] Argument:335 - Argument : Statevalue: null
2025-06-27 11:21:45,159 [INFO] Argument:325 - Argument : Parentvalue: null
2025-06-27 11:21:45,159 [INFO] Argument:335 - Argument : Parentvalue: null
2025-06-27 11:21:45,159 [INFO] Argument:325 - Argument : XferCpltCallbackvalue: null
2025-06-27 11:21:45,159 [INFO] Argument:335 - Argument : XferCpltCallbackvalue: null
2025-06-27 11:21:45,159 [INFO] Argument:325 - Argument : XferHalfCpltCallbackvalue: null
2025-06-27 11:21:45,159 [INFO] Argument:335 - Argument : XferHalfCpltCallbackvalue: null
2025-06-27 11:21:45,159 [INFO] Argument:325 - Argument : XferM1CpltCallbackvalue: null
2025-06-27 11:21:45,160 [INFO] Argument:335 - Argument : XferM1CpltCallbackvalue: null
2025-06-27 11:21:45,160 [INFO] Argument:325 - Argument : XferErrorCallbackvalue: null
2025-06-27 11:21:45,160 [INFO] Argument:335 - Argument : XferErrorCallbackvalue: null
2025-06-27 11:21:45,160 [INFO] Argument:325 - Argument : ErrorCodevalue: null
2025-06-27 11:21:45,160 [INFO] Argument:335 - Argument : ErrorCodevalue: null
2025-06-27 11:21:45,258 [INFO] CodeEngine:263 - oldGeneratedFile, C:\Users\Admin\STM32CubeIDE\workspace_1.18.1\vent1.1\MXTmpFiles\license.tmp_save
2025-06-27 11:21:45,569 [INFO] CodeEngine:287 - Generated code: C:\Users\Admin\STM32CubeIDE\workspace_1.18.1\vent1.1\MXTmpFiles\license.tmp
2025-06-27 11:21:45,617 [INFO] CodeEngine:263 - oldGeneratedFile, C:\Users\Admin\STM32CubeIDE\workspace_1.18.1\vent1.1\MXTmpFiles\gpio.tmp_save
2025-06-27 11:21:45,780 [INFO] CodeEngine:287 - Generated code: C:\Users\Admin\STM32CubeIDE\workspace_1.18.1\vent1.1\MXTmpFiles\gpio.tmp
2025-06-27 11:21:45,849 [INFO] CodeEngine:263 - oldGeneratedFile, C:\Users\Admin\STM32CubeIDE\workspace_1.18.1\vent1.1\MXTmpFiles\dma.tmp_save
2025-06-27 11:21:45,962 [INFO] CodeEngine:287 - Generated code: C:\Users\Admin\STM32CubeIDE\workspace_1.18.1\vent1.1\MXTmpFiles\dma.tmp
2025-06-27 11:21:45,966 [INFO] CodeEngine:263 - oldGeneratedFile, C:\Users\Admin\STM32CubeIDE\workspace_1.18.1\vent1.1\MXTmpFiles\dma_GV.tmp_save
2025-06-27 11:21:46,056 [INFO] CodeEngine:287 - Generated code: C:\Users\Admin\STM32CubeIDE\workspace_1.18.1\vent1.1\MXTmpFiles\dma_GV.tmp
2025-06-27 11:21:46,067 [INFO] CodeEngine:263 - oldGeneratedFile, C:\Users\Admin\STM32CubeIDE\workspace_1.18.1\vent1.1\Core\Src\stm32f4xx_it.c_save
2025-06-27 11:21:46,355 [INFO] CodeEngine:287 - Generated code: C:\Users\Admin\STM32CubeIDE\workspace_1.18.1\vent1.1\Core\Src\stm32f4xx_it.c
2025-06-27 11:21:46,360 [INFO] CodeEngine:263 - oldGeneratedFile, C:\Users\Admin\STM32CubeIDE\workspace_1.18.1\vent1.1\Core\Inc\stm32f4xx_it.h_save
2025-06-27 11:21:46,441 [INFO] CodeEngine:287 - Generated code: C:\Users\Admin\STM32CubeIDE\workspace_1.18.1\vent1.1\Core\Inc\stm32f4xx_it.h
2025-06-27 11:21:46,454 [INFO] CodeEngine:263 - oldGeneratedFile, C:\Users\Admin\STM32CubeIDE\workspace_1.18.1\vent1.1\Core\Src\stm32f4xx_hal_msp.c_save
2025-06-27 11:21:46,625 [INFO] CodeEngine:287 - Generated code: C:\Users\Admin\STM32CubeIDE\workspace_1.18.1\vent1.1\Core\Src\stm32f4xx_hal_msp.c
2025-06-27 11:21:46,630 [INFO] CodeEngine:263 - oldGeneratedFile, C:\Users\Admin\STM32CubeIDE\workspace_1.18.1\vent1.1\MXTmpFiles\system.tmp_save
2025-06-27 11:21:46,689 [INFO] CodeEngine:287 - Generated code: C:\Users\Admin\STM32CubeIDE\workspace_1.18.1\vent1.1\MXTmpFiles\system.tmp
2025-06-27 11:21:46,699 [INFO] CodeEngine:319 - oldGeneratedFile, C:\Users\Admin\STM32CubeIDE\workspace_1.18.1\vent1.1\Core\Inc\stm32f4xx_hal_conf.h_save
2025-06-27 11:21:46,763 [INFO] CodeEngine:343 - Generated code: C:\Users\Admin\STM32CubeIDE\workspace_1.18.1\vent1.1\Core\Inc\stm32f4xx_hal_conf.h
2025-06-27 11:21:46,789 [INFO] ApiDbMcu:508 - Load IP Config File for TIM1
2025-06-27 11:21:46,793 [INFO] ApiDbMcu:508 - Load IP Config File for USART1
2025-06-27 11:21:46,796 [INFO] ApiDbMcu:508 - Load IP Config File for RCC
2025-06-27 11:21:46,797 [WARN] IPConfigManager:3790 - IP not found : TIM
2025-06-27 11:21:46,798 [WARN] CodeGenerator:4198 - IP not found : null
2025-06-27 11:21:46,805 [INFO] CodeEngine:263 - oldGeneratedFile, C:\Users\Admin\STM32CubeIDE\workspace_1.18.1\vent1.1\Core\Inc\main.h_save
2025-06-27 11:21:46,899 [INFO] CodeEngine:287 - Generated code: C:\Users\Admin\STM32CubeIDE\workspace_1.18.1\vent1.1\Core\Inc\main.h
2025-06-27 11:21:46,905 [INFO] CodeEngine:263 - oldGeneratedFile, C:\Users\Admin\STM32CubeIDE\workspace_1.18.1\vent1.1\Core\Src\main.c_save
2025-06-27 11:21:47,022 [INFO] CodeEngine:287 - Generated code: C:\Users\Admin\STM32CubeIDE\workspace_1.18.1\vent1.1\Core\Src\main.c
2025-06-27 11:21:47,385 [INFO] ProjectBuilder:3324 - Time for Copy HAL[1] : 207mS.
2025-06-27 11:21:47,388 [INFO] ProjectBuilder:4912 - Project Generator version: 4.6.0.1-B1
2025-06-27 11:21:47,473 [INFO] ConfigFileManager:1590 - The Die is : DIE413
2025-06-27 11:21:47,477 [INFO] ApiDbMcu:508 - Load IP Config File for FATFS
2025-06-27 11:21:47,480 [INFO] ApiDbMcu:508 - Load IP Config File for LIBJPEG
2025-06-27 11:21:47,486 [INFO] ApiDbMcu:508 - Load IP Config File for LWIP
2025-06-27 11:21:47,490 [INFO] ApiDbMcu:508 - Load IP Config File for MBEDTLS
2025-06-27 11:21:47,498 [INFO] ApiDbMcu:508 - Load IP Config File for USB_DEVICE
2025-06-27 11:21:47,502 [INFO] ApiDbMcu:508 - Load IP Config File for USB_HOST
2025-06-27 11:21:48,507 [INFO] ProjectBuilder:5191 - Time for Generating toolchain IDE Files: 1120mS.
2025-06-27 11:21:48,508 [INFO] ProjectBuilder:3181 - Time for Copy CMSIS : 0mS.
2025-06-27 11:21:48,511 [INFO] ProjectBuilder:3181 - Time for Copy CMSIS : 0mS.
