2025-07-11 11:01:09,389 [INFO] WebApp:194 - Connection lost
2025-07-11 11:01:09,874 [INFO] WebApp:191 - Connection restablished
2025-07-11 11:30:46,646 [INFO] Activator:176 - 


2025-07-11 11:30:46,650 [INFO] Activator:177 - !SESSION log4j initialized
2025-07-11 11:30:50,020 [INFO] LogOutputStream:77 - [STDOUT_REDIRECT] 
2025-07-11 11:30:52,811 [INFO] ApplicationProperties:184 - Using Application install path: C:\ST\STM32CubeIDE_1.18.1\STM32CubeIDE\plugins\com.st.stm32cube.common.mx_6.14.1.202504091515
2025-07-11 11:30:52,832 [INFO] DbMcusXml:78 - Set database path to: C:\ST\STM32CubeIDE_1.18.1\STM32CubeIDE\plugins\com.st.stm32cube.common.mx_6.14.1.202504091515\\db\/mcu/
2025-07-11 11:30:52,832 [INFO] ApiDb:274 - Set plugin database path to: C:\ST\STM32CubeIDE_1.18.1\STM32CubeIDE\plugins\com.st.stm32cube.common.mx_6.14.1.202504091515\\db\/plugins/boardmanager/
2025-07-11 11:30:52,833 [WARN] ApiDb:259 - Overriding images path with different value:  => C:\ST\STM32CubeIDE_1.18.1\STM32CubeIDE\plugins\com.st.stm32cube.common.mx_6.14.1.202504091515\\db\/plugins/mcufinder/images/
2025-07-11 11:30:52,845 [INFO] ApiDb:250 - Set database path to: C:\Users\Admin\.stmcufinder\plugins\mcufinder//mcu/
2025-07-11 11:30:52,846 [INFO] DbMcusAds:125 - Set database path to: C:\Users\Admin\.stmcufinder\plugins\mcufinder//mcu/
2025-07-11 11:30:52,848 [INFO] CrossReferenceDbSqlite:203 - Set database path to: C:\Users\Admin\.stmcufinder\plugins\mcufinder//mcu/cs/
2025-07-11 11:30:52,966 [INFO] RulesReader:64 - Compatibility file has been processed (302 Rules)
2025-07-11 11:30:53,046 [INFO] DbMcusXml:78 - Set database path to: C:\ST\STM32CubeIDE_1.18.1\STM32CubeIDE\plugins\com.st.stm32cube.common.mx_6.14.1.202504091515\\db\/mcu/
2025-07-11 11:30:53,046 [INFO] ApiDb:274 - Set plugin database path to: C:\ST\STM32CubeIDE_1.18.1\STM32CubeIDE\plugins\com.st.stm32cube.common.mx_6.14.1.202504091515\\db\/plugins/boardmanager/
2025-07-11 11:30:53,046 [INFO] ApiDb:261 - Set plugin images path to: C:\ST\STM32CubeIDE_1.18.1\STM32CubeIDE\plugins\com.st.stm32cube.common.mx_6.14.1.202504091515\\db\/plugins/mcufinder/images/
2025-07-11 11:30:53,046 [WARN] DbFile:41 - Overriding database path with different value: C:\Users\Admin\.stmcufinder\plugins\mcufinder/ => C:\Users\Admin\.stmcufinder\plugins\mcufinder
2025-07-11 11:30:53,046 [INFO] ApiDb:250 - Set database path to: C:\Users\Admin\.stmcufinder\plugins\mcufinder//mcu/
2025-07-11 11:30:53,047 [WARN] DbFile:41 - Overriding database path with different value: C:\Users\Admin\.stmcufinder\plugins\mcufinder/ => C:\Users\Admin\.stmcufinder\plugins\mcufinder
2025-07-11 11:30:53,047 [INFO] DbMcusAds:125 - Set database path to: C:\Users\Admin\.stmcufinder\plugins\mcufinder//mcu/
2025-07-11 11:30:53,047 [WARN] DbFile:41 - Overriding database path with different value: C:\Users\Admin\.stmcufinder\plugins\mcufinder/ => C:\Users\Admin\.stmcufinder\plugins\mcufinder
2025-07-11 11:30:53,047 [WARN] DbFile:41 - Overriding database path with different value: C:\Users\Admin\.stmcufinder\plugins\mcufinder/ => C:\Users\Admin\.stmcufinder\plugins\mcufinder
2025-07-11 11:30:53,047 [INFO] CrossReferenceDbSqlite:203 - Set database path to: C:\Users\Admin\.stmcufinder\plugins\mcufinder//mcu/cs/
2025-07-11 11:30:53,127 [INFO] MainPanel:272 - HeapMemory: 268435456
2025-07-11 11:30:53,241 [INFO] DbMcusXml:78 - Set database path to: C:\ST\STM32CubeIDE_1.18.1\STM32CubeIDE\plugins\com.st.stm32cube.common.mx_6.14.1.202504091515\\db\/mcu/
2025-07-11 11:30:53,241 [INFO] ApiDb:274 - Set plugin database path to: C:\ST\STM32CubeIDE_1.18.1\STM32CubeIDE\plugins\com.st.stm32cube.common.mx_6.14.1.202504091515\\db\/plugins/boardmanager/
2025-07-11 11:30:53,241 [INFO] ApiDb:261 - Set plugin images path to: C:\ST\STM32CubeIDE_1.18.1\STM32CubeIDE\plugins\com.st.stm32cube.common.mx_6.14.1.202504091515\\db\/plugins/mcufinder/images/
2025-07-11 11:30:53,242 [WARN] DbFile:41 - Overriding database path with different value: C:\Users\Admin\.stmcufinder\plugins\mcufinder/ => C:\Users\Admin\.stmcufinder\plugins\mcufinder
2025-07-11 11:30:53,242 [INFO] ApiDb:250 - Set database path to: C:\Users\Admin\.stmcufinder\plugins\mcufinder//mcu/
2025-07-11 11:30:53,242 [WARN] DbFile:41 - Overriding database path with different value: C:\Users\Admin\.stmcufinder\plugins\mcufinder/ => C:\Users\Admin\.stmcufinder\plugins\mcufinder
2025-07-11 11:30:53,242 [INFO] DbMcusAds:125 - Set database path to: C:\Users\Admin\.stmcufinder\plugins\mcufinder//mcu/
2025-07-11 11:30:53,242 [WARN] DbFile:41 - Overriding database path with different value: C:\Users\Admin\.stmcufinder\plugins\mcufinder/ => C:\Users\Admin\.stmcufinder\plugins\mcufinder
2025-07-11 11:30:53,242 [WARN] DbFile:41 - Overriding database path with different value: C:\Users\Admin\.stmcufinder\plugins\mcufinder/ => C:\Users\Admin\.stmcufinder\plugins\mcufinder
2025-07-11 11:30:53,242 [INFO] CrossReferenceDbSqlite:203 - Set database path to: C:\Users\Admin\.stmcufinder\plugins\mcufinder//mcu/cs/
2025-07-11 11:30:53,260 [INFO] ApplicationProperties:184 - Using Application install path: C:\ST\STM32CubeIDE_1.18.1\STM32CubeIDE\plugins\com.st.stm32cube.common.mx_6.14.1.202504091515
2025-07-11 11:30:53,261 [INFO] PluginManage:196 - Search for loadable plugins [exclusion list=, ]
2025-07-11 11:30:53,262 [INFO] PluginManage:310 - Check plugin analytics
2025-07-11 11:30:53,474 [INFO] AnalyticsPlugin:253 - Accepted Software Licenses: 
2025-07-11 11:30:53,474 [INFO] AnalyticsPlugin:255 - Accepted CMSIS Pack Licenses: 
2025-07-11 11:30:53,475 [INFO] AnalyticsPlugin:257 - Accepted Firmware Licenses: FW.F4.1.28.0,FW.WB.1.22.0
2025-07-11 11:30:53,478 [INFO] PluginManage:359 - Loaded plugin analytics (category:tool,tabindex:-1)
2025-07-11 11:30:53,478 [INFO] PluginManage:310 - Check plugin cadmodel
2025-07-11 11:30:53,487 [INFO] CADModel:105 - Init CAD model plugin
2025-07-11 11:30:53,487 [INFO] PluginManage:359 - Loaded plugin cadmodel (category:power,tabindex:5)
2025-07-11 11:30:53,487 [INFO] PluginManage:310 - Check plugin clock
2025-07-11 11:30:53,498 [INFO] PluginManage:359 - Loaded plugin clock (category:base,tabindex:2)
2025-07-11 11:30:53,498 [INFO] PluginManage:310 - Check plugin ddr
2025-07-11 11:30:53,501 [INFO] PluginManage:359 - Loaded plugin ddr (category:tool,tabindex:6)
2025-07-11 11:30:53,501 [INFO] PluginManage:310 - Check plugin filemanager
2025-07-11 11:30:53,658 [INFO] PluginManage:359 - Loaded plugin filemanager (category:base,tabindex:10)
2025-07-11 11:30:53,659 [INFO] PluginManage:310 - Check plugin ipmanager
2025-07-11 11:30:53,666 [INFO] PluginManage:359 - Loaded plugin ipmanager (category:base,tabindex:5)
2025-07-11 11:30:53,666 [INFO] PluginManage:310 - Check plugin lpbam
2025-07-11 11:30:53,677 [INFO] PluginManage:359 - Loaded plugin lpbam (category:base,tabindex:0)
2025-07-11 11:30:53,677 [INFO] PluginManage:310 - Check plugin memorymap
2025-07-11 11:30:53,692 [INFO] PluginManage:359 - Loaded plugin memorymap (category:base,tabindex:4)
2025-07-11 11:30:53,692 [INFO] PluginManage:310 - Check plugin pinoutandconfiguration
2025-07-11 11:30:53,705 [INFO] PluginManage:359 - Loaded plugin pinoutandconfiguration (category:base,tabindex:1)
2025-07-11 11:30:53,706 [INFO] PluginManage:310 - Check plugin pinoutconfig
2025-07-11 11:30:53,797 [WARN] SupportedApi:132 - Cannot load RTOS API schema: s4s-elt-must-match.1: The content of 'definitions' must match (annotation?, (simpleType | complexType)?, (unique | key | keyref)*)). A problem was found starting at: attribute.
2025-07-11 11:30:53,954 [INFO] PluginManage:359 - Loaded plugin pinoutconfig (category:base,tabindex:0)
2025-07-11 11:30:53,955 [INFO] PluginManage:310 - Check plugin power
2025-07-11 11:30:53,966 [INFO] PluginManage:359 - Loaded plugin power (category:power,tabindex:4)
2025-07-11 11:30:53,967 [INFO] PluginManage:310 - Check plugin projectmanager
2025-07-11 11:30:53,981 [INFO] PluginManage:359 - Loaded plugin projectmanager (category:projectmanager,tabindex:4)
2025-07-11 11:30:53,981 [INFO] PluginManage:310 - Check plugin rif
2025-07-11 11:30:53,989 [INFO] PluginManage:359 - Loaded plugin rif (category:base,tabindex:3)
2025-07-11 11:30:53,990 [INFO] PluginManage:310 - Check plugin thirdparty
2025-07-11 11:30:54,131 [WARN] IntegrityCheckThread:84 - waiting for thirdparty lock release [integrity check]
2025-07-11 11:30:54,131 [INFO] IntegrityCheckThread:86 - entering critical section [integrity check]
2025-07-11 11:30:54,132 [INFO] ThirdPartyUpdaterWithRetryManager:70 - Updater plugin not ready yet. [1/15]
2025-07-11 11:30:54,132 [INFO] PluginManage:359 - Loaded plugin thirdparty (category:base,tabindex:-1)
2025-07-11 11:30:54,132 [INFO] PluginManage:310 - Check plugin tools
2025-07-11 11:30:54,136 [INFO] PluginManage:359 - Loaded plugin tools (category:base,tabindex:7)
2025-07-11 11:30:54,136 [INFO] PluginManage:310 - Check plugin tutovideos
2025-07-11 11:30:54,307 [INFO] PluginManage:359 - Loaded plugin tutovideos (category:base,tabindex:-1)
2025-07-11 11:30:54,307 [INFO] PluginManage:310 - Check plugin updater
2025-07-11 11:30:54,328 [INFO] PluginManage:359 - Loaded plugin updater (category:base,tabindex:12)
2025-07-11 11:30:54,328 [INFO] PluginManage:310 - Check plugin userauth
2025-07-11 11:30:54,333 [INFO] UserAuth:118 - Init User Auth plugin
2025-07-11 11:30:54,334 [INFO] PluginManage:359 - Loaded plugin userauth (category:base,tabindex:14)
2025-07-11 11:30:54,335 [INFO] PluginManage:283 - PluginManage : Loaded plugins [18]
2025-07-11 11:30:54,577 [INFO] PinOutPanel:1589 - setPackage(No Configuration,No Configuration)
2025-07-11 11:30:54,682 [INFO] CADModel:165 - CPN selected for project level
2025-07-11 11:30:54,682 [INFO] CADModel:114 - Register for checkConnection events
2025-07-11 11:30:54,705 [INFO] IPUIPlugin:80 - create IPUIPlugin
2025-07-11 11:30:54,706 [INFO] PluginManager:220 - loadIPPluginJar : add adc
2025-07-11 11:30:54,709 [INFO] IPUIPlugin:80 - create IPUIPlugin
2025-07-11 11:30:54,709 [INFO] PluginManager:220 - loadIPPluginJar : add aes
2025-07-11 11:30:54,714 [INFO] IPUIPlugin:80 - create IPUIPlugin
2025-07-11 11:30:54,714 [INFO] PluginManager:220 - loadIPPluginJar : add can
2025-07-11 11:30:54,716 [INFO] IPUIPlugin:80 - create IPUIPlugin
2025-07-11 11:30:54,716 [INFO] PluginManager:220 - loadIPPluginJar : add comp
2025-07-11 11:30:54,720 [INFO] IPUIPlugin:80 - create IPUIPlugin
2025-07-11 11:30:54,720 [INFO] PluginManager:220 - loadIPPluginJar : add cryp
2025-07-11 11:30:54,724 [INFO] IPUIPlugin:80 - create IPUIPlugin
2025-07-11 11:30:54,725 [INFO] PluginManager:220 - loadIPPluginJar : add ddr_ctrl_phy
2025-07-11 11:30:54,728 [INFO] IPUIPlugin:80 - create IPUIPlugin
2025-07-11 11:30:54,728 [INFO] PluginManager:220 - loadIPPluginJar : add dfsdm
2025-07-11 11:30:54,734 [INFO] IPUIPlugin:80 - create IPUIPlugin
2025-07-11 11:30:54,735 [INFO] PluginManager:220 - loadIPPluginJar : add dma
2025-07-11 11:30:54,739 [INFO] IPUIPlugin:80 - create IPUIPlugin
2025-07-11 11:30:54,739 [INFO] PluginManager:220 - loadIPPluginJar : add dma3
2025-07-11 11:30:54,743 [INFO] IPUIPlugin:80 - create IPUIPlugin
2025-07-11 11:30:54,744 [INFO] PluginManager:220 - loadIPPluginJar : add extmemmanager
2025-07-11 11:30:54,746 [INFO] IPUIPlugin:80 - create IPUIPlugin
2025-07-11 11:30:54,746 [INFO] PluginManager:220 - loadIPPluginJar : add fatfs
2025-07-11 11:30:54,752 [INFO] IPUIPlugin:80 - create IPUIPlugin
2025-07-11 11:30:54,752 [INFO] PluginManager:220 - loadIPPluginJar : add fmc
2025-07-11 11:30:54,761 [INFO] IPUIPlugin:80 - create IPUIPlugin
2025-07-11 11:30:54,762 [INFO] PluginManager:220 - loadIPPluginJar : add freertos
2025-07-11 11:30:54,764 [INFO] IPUIPlugin:80 - create IPUIPlugin
2025-07-11 11:30:54,764 [INFO] PluginManager:220 - loadIPPluginJar : add genericplugin
2025-07-11 11:30:54,768 [INFO] IPUIPlugin:80 - create IPUIPlugin
2025-07-11 11:30:54,768 [INFO] PluginManager:220 - loadIPPluginJar : add gfxmmu
2025-07-11 11:30:54,773 [INFO] IPUIPlugin:80 - create IPUIPlugin
2025-07-11 11:30:54,774 [INFO] PluginManager:220 - loadIPPluginJar : add gic
2025-07-11 11:30:54,778 [INFO] IPUIPlugin:80 - create IPUIPlugin
2025-07-11 11:30:54,779 [INFO] PluginManager:220 - loadIPPluginJar : add gpio
2025-07-11 11:30:54,782 [INFO] IPUIPlugin:80 - create IPUIPlugin
2025-07-11 11:30:54,782 [INFO] PluginManager:220 - loadIPPluginJar : add gtzc
2025-07-11 11:30:54,786 [INFO] IPUIPlugin:80 - create IPUIPlugin
2025-07-11 11:30:54,786 [INFO] PluginManager:220 - loadIPPluginJar : add hash
2025-07-11 11:30:54,789 [INFO] IPUIPlugin:80 - create IPUIPlugin
2025-07-11 11:30:54,789 [INFO] PluginManager:220 - loadIPPluginJar : add i2c
2025-07-11 11:30:54,792 [INFO] IPUIPlugin:80 - create IPUIPlugin
2025-07-11 11:30:54,792 [INFO] PluginManager:220 - loadIPPluginJar : add i2s
2025-07-11 11:30:54,796 [INFO] IPUIPlugin:80 - create IPUIPlugin
2025-07-11 11:30:54,796 [INFO] PluginManager:220 - loadIPPluginJar : add i3c
2025-07-11 11:30:54,799 [INFO] IPUIPlugin:80 - create IPUIPlugin
2025-07-11 11:30:54,799 [INFO] PluginManager:220 - loadIPPluginJar : add ipddr
2025-07-11 11:30:54,806 [INFO] IPUIPlugin:80 - create IPUIPlugin
2025-07-11 11:30:54,807 [INFO] PluginManager:220 - loadIPPluginJar : add linkedlist
2025-07-11 11:30:54,810 [INFO] IPUIPlugin:80 - create IPUIPlugin
2025-07-11 11:30:54,810 [INFO] PluginManager:220 - loadIPPluginJar : add lorawan
2025-07-11 11:30:54,812 [INFO] IPUIPlugin:80 - create IPUIPlugin
2025-07-11 11:30:54,813 [INFO] PluginManager:220 - loadIPPluginJar : add ltdc
2025-07-11 11:30:54,821 [INFO] IPUIPlugin:80 - create IPUIPlugin
2025-07-11 11:30:54,821 [INFO] PluginManager:220 - loadIPPluginJar : add mdma
2025-07-11 11:30:54,826 [INFO] IPUIPlugin:80 - create IPUIPlugin
2025-07-11 11:30:54,826 [INFO] PluginManager:220 - loadIPPluginJar : add nvic
2025-07-11 11:30:54,830 [INFO] IPUIPlugin:80 - create IPUIPlugin
2025-07-11 11:30:54,830 [INFO] PluginManager:220 - loadIPPluginJar : add opamp
2025-07-11 11:30:54,835 [INFO] IPUIPlugin:80 - create IPUIPlugin
2025-07-11 11:30:54,835 [INFO] PluginManager:220 - loadIPPluginJar : add openamp
2025-07-11 11:30:54,840 [INFO] IPUIPlugin:80 - create IPUIPlugin
2025-07-11 11:30:54,840 [INFO] PluginManager:220 - loadIPPluginJar : add pdm2pcm
2025-07-11 11:30:54,848 [INFO] IPUIPlugin:80 - create IPUIPlugin
2025-07-11 11:30:54,852 [INFO] PluginManager:220 - loadIPPluginJar : add plateformsettings
2025-07-11 11:30:54,855 [INFO] IPUIPlugin:80 - create IPUIPlugin
2025-07-11 11:30:54,855 [INFO] PluginManager:220 - loadIPPluginJar : add quadspi
2025-07-11 11:30:54,857 [INFO] IPUIPlugin:80 - create IPUIPlugin
2025-07-11 11:30:54,858 [INFO] PluginManager:220 - loadIPPluginJar : add radio
2025-07-11 11:30:54,864 [INFO] IPUIPlugin:80 - create IPUIPlugin
2025-07-11 11:30:54,864 [INFO] PluginManager:220 - loadIPPluginJar : add resmgrutility
2025-07-11 11:30:54,868 [INFO] IPUIPlugin:80 - create IPUIPlugin
2025-07-11 11:30:54,868 [INFO] PluginManager:220 - loadIPPluginJar : add sai
2025-07-11 11:30:54,872 [INFO] IPUIPlugin:80 - create IPUIPlugin
2025-07-11 11:30:54,872 [INFO] PluginManager:220 - loadIPPluginJar : add spi
2025-07-11 11:30:54,880 [INFO] IPUIPlugin:80 - create IPUIPlugin
2025-07-11 11:30:54,880 [INFO] PluginManager:220 - loadIPPluginJar : add stm32_wpan
2025-07-11 11:30:54,883 [INFO] IPUIPlugin:80 - create IPUIPlugin
2025-07-11 11:30:54,883 [INFO] PluginManager:220 - loadIPPluginJar : add tim
2025-07-11 11:30:54,888 [INFO] IPUIPlugin:80 - create IPUIPlugin
2025-07-11 11:30:54,888 [INFO] PluginManager:220 - loadIPPluginJar : add touchsensing
2025-07-11 11:30:54,892 [INFO] IPUIPlugin:80 - create IPUIPlugin
2025-07-11 11:30:54,892 [INFO] PluginManager:220 - loadIPPluginJar : add tracer_emb
2025-07-11 11:30:54,895 [INFO] IPUIPlugin:80 - create IPUIPlugin
2025-07-11 11:30:54,895 [INFO] PluginManager:220 - loadIPPluginJar : add ts
2025-07-11 11:30:54,898 [INFO] IPUIPlugin:80 - create IPUIPlugin
2025-07-11 11:30:54,898 [INFO] PluginManager:220 - loadIPPluginJar : add tsc
2025-07-11 11:30:54,901 [INFO] IPUIPlugin:80 - create IPUIPlugin
2025-07-11 11:30:54,901 [INFO] PluginManager:220 - loadIPPluginJar : add ucpd
2025-07-11 11:30:54,905 [INFO] IPUIPlugin:80 - create IPUIPlugin
2025-07-11 11:30:54,905 [INFO] PluginManager:220 - loadIPPluginJar : add usart
2025-07-11 11:30:54,909 [INFO] IPUIPlugin:80 - create IPUIPlugin
2025-07-11 11:30:54,910 [INFO] PluginManager:220 - loadIPPluginJar : add usbx
2025-07-11 11:30:55,046 [FATAL] Updater:351 - Updater called before beeing initialized
2025-07-11 11:30:55,090 [INFO] RulesReader:64 - Compatibility file has been processed (302 Rules)
2025-07-11 11:30:55,100 [INFO] RulesReader:64 - Compatibility file has been processed (302 Rules)
2025-07-11 11:30:55,108 [INFO] CADModel:165 - CPN selected for project level
2025-07-11 11:30:55,108 [INFO] CADModel:114 - Register for checkConnection events
2025-07-11 11:30:55,108 [FATAL] Updater:351 - Updater called before beeing initialized
2025-07-11 11:30:55,108 [ERROR] CADModel:125 - Updater not yet initialized, retry later 
2025-07-11 11:30:55,249 [FATAL] Updater:351 - Updater called before beeing initialized
2025-07-11 11:30:55,250 [INFO] CADModel:165 - CPN selected for project level
2025-07-11 11:30:55,251 [INFO] CADModel:114 - Register for checkConnection events
2025-07-11 11:30:55,251 [FATAL] Updater:351 - Updater called before beeing initialized
2025-07-11 11:30:55,251 [ERROR] CADModel:125 - Updater not yet initialized, retry later 
2025-07-11 11:30:55,254 [FATAL] Updater:351 - Updater called before beeing initialized
2025-07-11 11:30:55,363 [FATAL] Updater:351 - Updater called before beeing initialized
2025-07-11 11:30:55,369 [INFO] DbMcusAds:53 - JSON generation date=Thu Jun 19 14:02:37 IST 2025 (1750321957418)
2025-07-11 11:30:55,369 [FATAL] Updater:351 - Updater called before beeing initialized
2025-07-11 11:30:55,408 [WARN] DetailPanel:346 - Failed to get advertising image, set to default
2025-07-11 11:30:55,638 [FATAL] Updater:351 - Updater called before beeing initialized
2025-07-11 11:30:55,640 [FATAL] Updater:351 - Updater called before beeing initialized
2025-07-11 11:30:55,640 [FATAL] Updater:351 - Updater called before beeing initialized
2025-07-11 11:30:55,641 [WARN] DetailPanel:346 - Failed to get advertising image, set to default
2025-07-11 11:30:55,641 [FATAL] Updater:351 - Updater called before beeing initialized
2025-07-11 11:30:55,691 [ERROR] Updater:1198 - MainUpdater not yet initialized. External WinMGr cannot be set.
2025-07-11 11:30:55,693 [INFO] Updater:1134 - Updater Version found : 6.14.1
2025-07-11 11:30:55,721 [INFO] ApplicationProperties:184 - Using Application install path: C:\ST\STM32CubeIDE_1.18.1\STM32CubeIDE\plugins\com.st.stm32cube.common.mx_6.14.1.202504091515
2025-07-11 11:30:57,133 [INFO] ThirdPartyUpdaterWithRetryManager:70 - Updater plugin not ready yet. [2/15]
2025-07-11 11:30:57,296 [ERROR] LogOutputStream:75 - [STDERR_REDIRECT] Jul 11, 2025 11:30:57 AM java.util.prefs.WindowsPreferences <init>
2025-07-11 11:30:57,297 [ERROR] LogOutputStream:75 - [STDERR_REDIRECT] WARNING: Could not open/create prefs root node Software\JavaSoft\Prefs at root 0xffffffff80000002. Windows RegCreateKeyEx(...) returned error code 5.
2025-07-11 11:30:57,297 [ERROR] LogOutputStream:75 - [STDERR_REDIRECT] 
2025-07-11 11:30:57,556 [INFO] MainUpdater:2872 - connection check result : 10
2025-07-11 11:30:57,556 [INFO] MainUpdater:289 - Updater Check For Update Now.
2025-07-11 11:30:57,556 [INFO] MicroXplorer:498 - Change Database Version : DB.6.0.141
2025-07-11 11:30:57,562 [INFO] McuFinderGlobals:63 - Set McuFinder mode to 2 (CubeIDE integrated)
2025-07-11 11:30:57,562 [INFO] UserAuth:171 - activating auth plugin
2025-07-11 11:30:57,565 [INFO] UserAuth:484 - Internet connection configuration mode: 1
2025-07-11 11:30:57,624 [INFO] JxBrowserEngine:152 - Initiate JxBrowser Engine with user profile folder
2025-07-11 11:30:57,764 [INFO] CheckServerUpdateThread:120 - End of CheckServer Thread
2025-07-11 11:30:59,648 [INFO] WebApp:169 - Instantiating new browser for Auth
2025-07-11 11:31:00,412 [WARN] PackLoader:240 - Cannot read IP mode file for STMicroelectronics.FP-SNS-MOTENVWB1.1.4.0
2025-07-11 11:31:00,433 [WARN] PackLoader:240 - Cannot read IP mode file for STMicroelectronics.X-CUBE-SMBUS.2.1.0
2025-07-11 11:31:00,443 [WARN] PackLoader:240 - Cannot read IP mode file for STMicroelectronics.X-CUBE-ST60.1.0.0
2025-07-11 11:31:00,527 [WARN] PackLoader:240 - Cannot read IP mode file for STMicroelectronics.X-CUBE-AZRTOS-F7.1.1.0
2025-07-11 11:31:00,601 [WARN] PackLoader:240 - Cannot read IP mode file for Infineon.AIROC-Wi-Fi-Bluetooth-STM32.1.7.0
2025-07-11 11:31:00,644 [WARN] PackLoader:240 - Cannot read IP mode file for STMicroelectronics.X-CUBE-AZRTOS-H7.3.4.0
2025-07-11 11:31:00,660 [WARN] PackLoader:240 - Cannot read IP mode file for STMicroelectronics.X-CUBE-DISPLAY.3.0.0
2025-07-11 11:31:00,661 [INFO] WebApp:463 - Apply proxy settings
2025-07-11 11:31:00,661 [INFO] WebApp:548 - Chromium requires no authentication
2025-07-11 11:31:00,708 [WARN] PackLoader:240 - Cannot read IP mode file for STMicroelectronics.X-CUBE-NFC10.1.0.0
2025-07-11 11:31:00,711 [INFO] WebApp:491 - Direct internet connection detected
2025-07-11 11:31:00,721 [WARN] PackLoader:240 - Cannot read IP mode file for STMicroelectronics.X-CUBE-BLEMGR.4.0.0
2025-07-11 11:31:00,742 [WARN] PackLoader:240 - Cannot read IP mode file for emotas.I-CUBE-CANOPEN.1.3.0
2025-07-11 11:31:00,747 [WARN] ConditionMgr:438 - getConditionDescription Invalid condition id : Cortex-A Device cause : null
2025-07-11 11:31:00,762 [WARN] ConditionMgr:1044 - genDependencies : Invalid condition id : Cortex-A Device cause : null
2025-07-11 11:31:00,762 [WARN] ConditionMgr:1044 - genDependencies : Invalid condition id : Cortex-A Device cause : null
2025-07-11 11:31:00,762 [WARN] ConditionMgr:1044 - genDependencies : Invalid condition id : Cortex-A Device cause : null
2025-07-11 11:31:00,768 [WARN] PackLoader:240 - Cannot read IP mode file for STMicroelectronics.X-CUBE-AI.10.0.0
2025-07-11 11:31:00,774 [WARN] PackLoader:240 - Cannot read IP mode file for STMicroelectronics.FP-SNS-SMARTAG2.1.2.0
2025-07-11 11:31:00,782 [INFO] WebApp:894 - Register for checkConnection events
2025-07-11 11:31:00,782 [INFO] WebApp:463 - Apply proxy settings
2025-07-11 11:31:00,782 [INFO] WebApp:548 - Chromium requires no authentication
2025-07-11 11:31:00,783 [INFO] WebApp:491 - Direct internet connection detected
2025-07-11 11:31:00,786 [INFO] LogOutputStream:77 - [STDOUT_REDIRECT] 1 : Invalid condition id : UX_CORESTACK_Condition cause : null
2025-07-11 11:31:00,786 [INFO] LogOutputStream:77 - [STDOUT_REDIRECT] 1 : Invalid condition id : UX_CORESTACK_Condition cause : null
2025-07-11 11:31:00,787 [INFO] LogOutputStream:77 - [STDOUT_REDIRECT] 1 : Invalid condition id : UX_CORESTACK_Condition cause : null
2025-07-11 11:31:00,789 [INFO] LogOutputStream:77 - [STDOUT_REDIRECT] 1 : Invalid condition id : UX_CORESTACK_Condition cause : null
2025-07-11 11:31:00,790 [INFO] LogOutputStream:77 - [STDOUT_REDIRECT] 1 : Invalid condition id : UX_CORESTACK_Condition cause : null
2025-07-11 11:31:00,793 [WARN] PackLoader:240 - Cannot read IP mode file for STMicroelectronics.X-CUBE-AZRTOS-WL.2.0.0
2025-07-11 11:31:00,799 [WARN] PackLoader:240 - Cannot read IP mode file for STMicroelectronics.FP-SNS-MOTENV1.5.0.0
2025-07-11 11:31:00,807 [WARN] PackLoader:240 - Cannot read IP mode file for WES.I-CUBE-Cesium.1.3.0
2025-07-11 11:31:00,814 [WARN] PackLoader:240 - Cannot read IP mode file for STMicroelectronics.X-CUBE-BLE2.3.3.0
2025-07-11 11:31:00,821 [WARN] PackLoader:240 - Cannot read IP mode file for STMicroelectronics.X-CUBE-NFC9.1.0.0
2025-07-11 11:31:00,826 [WARN] PackLoader:240 - Cannot read IP mode file for wolfSSL.I-CUBE-wolfSSL.5.8.0
2025-07-11 11:31:00,830 [WARN] PackLoader:240 - Cannot read IP mode file for wolfSSL.I-CUBE-wolfMQTT.1.19.2
2025-07-11 11:31:00,848 [WARN] PackLoader:240 - Cannot read IP mode file for STMicroelectronics.X-CUBE-AI.10.1.0
2025-07-11 11:31:00,881 [WARN] PackLoader:240 - Cannot read IP mode file for STMicroelectronics.X-CUBE-MEMS1.11.2.0
2025-07-11 11:31:00,992 [INFO] WebApp:191 - Connection restablished
2025-07-11 11:31:01,078 [WARN] PackLoader:240 - Cannot read IP mode file for STMicroelectronics.X-CUBE-AZRTOS-G0.1.1.0
2025-07-11 11:31:01,090 [WARN] PackLoader:240 - Cannot read IP mode file for STMicroelectronics.X-CUBE-SAFEA1.1.2.2
2025-07-11 11:31:01,096 [WARN] PackLoader:240 - Cannot read IP mode file for STMicroelectronics.X-CUBE-NFC4.3.0.0
2025-07-11 11:31:01,109 [WARN] PackLoader:240 - Cannot read IP mode file for EmbeddedOffice.I-CUBE-FS-RTOS.1.0.1
2025-07-11 11:31:01,120 [WARN] PackLoader:240 - Cannot read IP mode file for STMicroelectronics.X-CUBE-WB05N.2.0.0
2025-07-11 11:31:01,125 [WARN] PackLoader:240 - Cannot read IP mode file for wolfSSL.I-CUBE-wolfTPM.3.8.0
2025-07-11 11:31:01,133 [WARN] PackLoader:240 - Cannot read IP mode file for STMicroelectronics.X-CUBE-TCPP.4.2.0
2025-07-11 11:31:01,141 [WARN] PackLoader:240 - Cannot read IP mode file for RealThread.X-CUBE-RT-Thread_Nano.4.1.1
2025-07-11 11:31:01,148 [WARN] PackLoader:240 - Cannot read IP mode file for STMicroelectronics.FP-ATR-SIGFOX1.3.2.0
2025-07-11 11:31:01,160 [WARN] PackLoader:240 - Cannot read IP mode file for STMicroelectronics.X-CUBE-EEPRMA1.5.1.0
2025-07-11 11:31:01,213 [WARN] PackLoader:240 - Cannot read IP mode file for ITTIA_DB.I-CUBE-ITTIADB.8.9.0
2025-07-11 11:31:01,225 [WARN] PackLoader:240 - Cannot read IP mode file for STMicroelectronics.X-CUBE-ST67W61.1.0.0
2025-07-11 11:31:01,263 [WARN] PackLoader:240 - Cannot read IP mode file for SEGGER.I-CUBE-embOS.1.3.1
2025-07-11 11:31:01,307 [INFO] WebApp:225 - Starting web application
2025-07-11 11:31:01,308 [INFO] WebApp:593 - Web application path used C:\ST\STM32CubeIDE_1.18.1\STM32CubeIDE\plugins\com.st.stm32cube.common.mx_6.14.1.202504091515\db\plugins\mcufinder\reactClient1\index.html
2025-07-11 11:31:01,323 [WARN] PackLoader:240 - Cannot read IP mode file for STMicroelectronics.X-CUBE-ALGOBUILD.1.4.0
2025-07-11 11:31:01,379 [WARN] PackLoader:240 - Cannot read IP mode file for STMicroelectronics.X-CUBE-MEMS1.11.3.0
2025-07-11 11:31:01,535 [WARN] PackLoader:240 - Cannot read IP mode file for STMicroelectronics.X-CUBE-PM33A1.1.0.0
2025-07-11 11:31:01,554 [WARN] PackLoader:240 - Cannot read IP mode file for STMicroelectronics.X-CUBE-AZRTOS-F4.1.1.0
2025-07-11 11:31:01,561 [WARN] PackLoader:240 - Cannot read IP mode file for STMicroelectronics.X-CUBE-ISPU.2.1.0
2025-07-11 11:31:01,574 [WARN] PackLoader:240 - Cannot read IP mode file for STMicroelectronics.X-CUBE-AZRTOS-L5.2.0.0
2025-07-11 11:31:01,583 [WARN] PackLoader:240 - Cannot read IP mode file for STMicroelectronics.X-CUBE-NFC6.3.1.0
2025-07-11 11:31:01,591 [WARN] PackLoader:240 - Cannot read IP mode file for STMicroelectronics.FP-SNS-STAIOTCFT.1.0.0
2025-07-11 11:31:01,608 [WARN] ConditionMgr:438 - getConditionDescription Invalid condition id : LAN8742 Phy interface Condition cause : null
2025-07-11 11:31:01,609 [WARN] PackLoader:240 - Cannot read IP mode file for STMicroelectronics.X-CUBE-AZRTOS-L4.2.0.0
2025-07-11 11:31:01,610 [WARN] ConditionMgr:1044 - genDependencies : Invalid condition id : LAN8742 Phy interface Condition cause : null
2025-07-11 11:31:01,610 [WARN] ConditionMgr:1044 - genDependencies : Invalid condition id : LAN8742 Phy interface Condition cause : null
2025-07-11 11:31:01,611 [WARN] ConditionMgr:1044 - genDependencies : Invalid condition id : LAN8742 Phy interface Condition cause : null
2025-07-11 11:31:01,618 [WARN] PackLoader:240 - Cannot read IP mode file for STMicroelectronics.X-CUBE-SFXS2LP1.4.0.0
2025-07-11 11:31:01,638 [WARN] PackLoader:240 - Cannot read IP mode file for STMicroelectronics.X-CUBE-AZRTOS-H7.3.3.0
2025-07-11 11:31:01,660 [WARN] ConditionMgr:438 - getConditionDescription Invalid condition id : UX DEVICE CLASS RTOS Condition cause : null
2025-07-11 11:31:01,661 [WARN] ConditionMgr:438 - getConditionDescription Invalid condition id : UX DEVICE CLASS RTOS Condition cause : null
2025-07-11 11:31:01,665 [WARN] PackLoader:240 - Cannot read IP mode file for STMicroelectronics.X-CUBE-AZRTOS-WB.2.0.0
2025-07-11 11:31:01,667 [WARN] ConditionMgr:1044 - genDependencies : Invalid condition id : UX DEVICE CLASS RTOS Condition cause : null
2025-07-11 11:31:01,668 [WARN] ConditionMgr:1044 - genDependencies : Invalid condition id : UX DEVICE CLASS RTOS Condition cause : null
2025-07-11 11:31:01,669 [WARN] ConditionMgr:1044 - genDependencies : Invalid condition id : UX DEVICE CLASS RTOS Condition cause : null
2025-07-11 11:31:01,669 [WARN] ConditionMgr:1044 - genDependencies : Invalid condition id : UX DEVICE CLASS RTOS Condition cause : null
2025-07-11 11:31:01,669 [WARN] ConditionMgr:1044 - genDependencies : Invalid condition id : UX DEVICE CLASS RTOS Condition cause : null
2025-07-11 11:31:01,676 [WARN] PackLoader:240 - Cannot read IP mode file for STMicroelectronics.X-CUBE-GNSS1.7.0.1
2025-07-11 11:31:01,683 [WARN] PackLoader:240 - Cannot read IP mode file for STMicroelectronics.FP-SNS-STBOX1.2.0.0
2025-07-11 11:31:01,695 [WARN] PackLoader:240 - Cannot read IP mode file for STMicroelectronics.X-CUBE-SUBG2.5.0.0
2025-07-11 11:31:01,719 [WARN] PackLoader:240 - Cannot read IP mode file for STMicroelectronics.X-CUBE-AZRTOS-H7RS.1.1.0
2025-07-11 11:31:01,724 [WARN] PackLoader:240 - Cannot read IP mode file for Cesanta.I-CUBE-Mongoose.7.13.0
2025-07-11 11:31:01,738 [WARN] PackLoader:240 - Cannot read IP mode file for STMicroelectronics.X-CUBE-AZRTOS-G4.2.0.0
2025-07-11 11:31:01,744 [WARN] PackLoader:240 - Cannot read IP mode file for wolfSSL.I-CUBE-wolfSSH.1.4.20
2025-07-11 11:31:01,755 [WARN] PackLoader:240 - Cannot read IP mode file for STMicroelectronics.X-CUBE-IPS.3.1.0
2025-07-11 11:31:01,761 [WARN] PackLoader:240 - Cannot read IP mode file for STMicroelectronics.X-CUBE-ALS.1.0.2
2025-07-11 11:31:01,766 [WARN] PackLoader:240 - Cannot read IP mode file for portGmbH.I-Cube-SoM-uGOAL.1.1.0
2025-07-11 11:31:01,767 [INFO] ThirdParty:978 - Integrity check success = true
2025-07-11 11:31:01,768 [INFO] IntegrityCheckThread:100 - exiting critical section [integrity check]
2025-07-11 11:31:01,768 [INFO] IntegrityCheckThread:103 - End integrity checks thread
