2025-07-07 12:44:51,858 [INFO] LogOutputStream:77 - [STDOUT_REDIRECT] 
2025-07-07 12:44:54,348 [INFO] ProjectBuilder:5191 - Time for Generating toolchain IDE Files: 2920mS.
2025-07-07 12:44:54,349 [INFO] ProjectBuilder:3181 - Time for Copy CMSIS : 1mS.
2025-07-07 12:44:54,352 [INFO] ProjectBuilder:3181 - Time for Copy CMSIS : 1mS.
2025-07-07 12:44:55,322 [INFO] McuFinderGlobals:76 - Set McuFinderConnectedMode to true
2025-07-07 12:44:55,326 [INFO] ApiDb:448 - Save user favorites file C:\Users\Admin/.stm32cubeide/favorites.mcus.txt: 2 item(s)
2025-07-07 12:44:55,326 [INFO] ApiDb:452 - User favorites MCUs=[STM32F407VET6, STM32WB5MMGH6]
2025-07-07 12:45:04,677 [INFO] NvicIntPanel:101 - NVIC parent = com.st.microxplorer.plugins.ip.nvic.MultiNvicIntPanel[,0,0,0x0,invalid,layout=javax.swing.BoxLayout,alignmentX=0.0,alignmentY=0.0,border=,flags=9,maximumSize=,minimumSize=,preferredSize=]
2025-07-07 12:45:07,590 [INFO] NvicIntPanel:101 - NVIC parent = com.st.microxplorer.plugins.ip.nvic.MultiNvicIntPanel[,0,0,0x0,invalid,layout=javax.swing.BoxLayout,alignmentX=0.0,alignmentY=0.0,border=,flags=9,maximumSize=,minimumSize=,preferredSize=]
2025-07-07 12:45:07,738 [INFO] NvicIntPanel:101 - NVIC parent = com.st.microxplorer.plugins.ip.nvic.MultiNvicIntPanel[,0,0,0x0,invalid,layout=javax.swing.BoxLayout,alignmentX=0.0,alignmentY=0.0,border=,flags=9,maximumSize=,minimumSize=,preferredSize=]
2025-07-07 12:47:59,273 [INFO] NvicIntPanel:101 - NVIC parent = com.st.microxplorer.plugins.ip.nvic.MultiNvicIntPanel[,0,0,0x0,invalid,layout=javax.swing.BoxLayout,alignmentX=0.0,alignmentY=0.0,border=,flags=9,maximumSize=,minimumSize=,preferredSize=]
2025-07-07 12:48:00,433 [INFO] UtilMem:75 - End SaveConfig() Used Memory: 359070368 Bytes (891289600)
2025-07-07 12:48:01,829 [INFO] UtilMem:75 - End SaveConfig() Used Memory: 320906448 Bytes (891289600)
2025-07-07 12:48:03,252 [INFO] UtilMem:75 - End SaveConfig() Used Memory: 413703376 Bytes (891289600)
2025-07-07 12:48:03,689 [INFO] BlockDiagram:2775 - set Specific Code input for plugin: SYS
2025-07-07 12:48:03,689 [INFO] BlockDiagram:2775 - set Specific Code input for plugin: RCC
2025-07-07 12:48:03,689 [INFO] BlockDiagram:2775 - set Specific Code input for plugin: NVIC
2025-07-07 12:48:03,689 [INFO] BlockDiagram:2775 - set Specific Code input for plugin: GPIO
2025-07-07 12:48:03,689 [INFO] CodeGenerator:882 - code generatio: config db path: C:\ST\STM32CubeIDE_1.18.1\STM32CubeIDE\plugins\com.st.stm32cube.common.mx_6.14.1.202504091515\\db\
2025-07-07 12:48:03,939 [INFO] CodeEngine:263 - oldGeneratedFile, C:\Users\Admin\STM32CubeIDE\workspace_1.18.1\ha\MXTmpFiles\license.tmp_save
2025-07-07 12:48:04,073 [INFO] CodeEngine:287 - Generated code: C:\Users\Admin\STM32CubeIDE\workspace_1.18.1\ha\MXTmpFiles\license.tmp
2025-07-07 12:48:04,107 [INFO] CodeEngine:263 - oldGeneratedFile, C:\Users\Admin\STM32CubeIDE\workspace_1.18.1\ha\MXTmpFiles\gpio.tmp_save
2025-07-07 12:48:04,190 [INFO] CodeEngine:287 - Generated code: C:\Users\Admin\STM32CubeIDE\workspace_1.18.1\ha\MXTmpFiles\gpio.tmp
2025-07-07 12:48:04,207 [INFO] CodeEngine:263 - oldGeneratedFile, C:\Users\Admin\STM32CubeIDE\workspace_1.18.1\ha\Core\Src\stm32f4xx_it.c_save
2025-07-07 12:48:04,273 [INFO] CodeEngine:287 - Generated code: C:\Users\Admin\STM32CubeIDE\workspace_1.18.1\ha\Core\Src\stm32f4xx_it.c
2025-07-07 12:48:04,291 [INFO] CodeEngine:263 - oldGeneratedFile, C:\Users\Admin\STM32CubeIDE\workspace_1.18.1\ha\Core\Inc\stm32f4xx_it.h_save
2025-07-07 12:48:04,357 [INFO] CodeEngine:287 - Generated code: C:\Users\Admin\STM32CubeIDE\workspace_1.18.1\ha\Core\Inc\stm32f4xx_it.h
2025-07-07 12:48:04,357 [INFO] CodeEngine:263 - oldGeneratedFile, C:\Users\Admin\STM32CubeIDE\workspace_1.18.1\ha\Core\Src\stm32f4xx_hal_msp.c_save
2025-07-07 12:48:04,456 [INFO] CodeEngine:287 - Generated code: C:\Users\Admin\STM32CubeIDE\workspace_1.18.1\ha\Core\Src\stm32f4xx_hal_msp.c
2025-07-07 12:48:04,457 [INFO] CodeEngine:263 - oldGeneratedFile, C:\Users\Admin\STM32CubeIDE\workspace_1.18.1\ha\MXTmpFiles\system.tmp_save
2025-07-07 12:48:04,507 [INFO] CodeEngine:287 - Generated code: C:\Users\Admin\STM32CubeIDE\workspace_1.18.1\ha\MXTmpFiles\system.tmp
2025-07-07 12:48:04,524 [INFO] CodeEngine:319 - oldGeneratedFile, C:\Users\Admin\STM32CubeIDE\workspace_1.18.1\ha\Core\Inc\stm32f4xx_hal_conf.h_save
2025-07-07 12:48:04,593 [INFO] CodeEngine:343 - Generated code: C:\Users\Admin\STM32CubeIDE\workspace_1.18.1\ha\Core\Inc\stm32f4xx_hal_conf.h
2025-07-07 12:48:04,638 [INFO] CodeEngine:263 - oldGeneratedFile, C:\Users\Admin\STM32CubeIDE\workspace_1.18.1\ha\Core\Inc\main.h_save
2025-07-07 12:48:04,701 [INFO] CodeEngine:287 - Generated code: C:\Users\Admin\STM32CubeIDE\workspace_1.18.1\ha\Core\Inc\main.h
2025-07-07 12:48:04,706 [INFO] CodeEngine:263 - oldGeneratedFile, C:\Users\Admin\STM32CubeIDE\workspace_1.18.1\ha\Core\Src\main.c_save
2025-07-07 12:48:04,810 [INFO] CodeEngine:287 - Generated code: C:\Users\Admin\STM32CubeIDE\workspace_1.18.1\ha\Core\Src\main.c
2025-07-07 12:48:05,111 [INFO] ProjectBuilder:3324 - Time for Copy HAL[1] : 139mS.
2025-07-07 12:48:05,115 [INFO] ProjectBuilder:4912 - Project Generator version: 4.6.0.1-B1
2025-07-07 12:48:05,190 [INFO] ConfigFileManager:1590 - The Die is : DIE413
2025-07-07 12:48:06,189 [INFO] ProjectBuilder:5191 - Time for Generating toolchain IDE Files: 1075mS.
2025-07-07 12:48:06,190 [INFO] ProjectBuilder:3181 - Time for Copy CMSIS : 0mS.
2025-07-07 12:48:06,193 [INFO] ProjectBuilder:3181 - Time for Copy CMSIS : 0mS.
2025-07-07 13:09:59,660 [INFO] WebApp:194 - Connection lost
2025-07-07 16:59:54,116 [INFO] Activator:176 - 


2025-07-07 16:59:54,118 [INFO] Activator:177 - !SESSION log4j initialized
2025-07-07 16:59:59,668 [INFO] LogOutputStream:77 - [STDOUT_REDIRECT] 
2025-07-07 17:00:01,710 [INFO] ApplicationProperties:184 - Using Application install path: C:\ST\STM32CubeIDE_1.18.1\STM32CubeIDE\plugins\com.st.stm32cube.common.mx_6.14.1.202504091515
2025-07-07 17:00:01,728 [INFO] DbMcusXml:78 - Set database path to: C:\ST\STM32CubeIDE_1.18.1\STM32CubeIDE\plugins\com.st.stm32cube.common.mx_6.14.1.202504091515\\db\/mcu/
2025-07-07 17:00:01,728 [INFO] ApiDb:274 - Set plugin database path to: C:\ST\STM32CubeIDE_1.18.1\STM32CubeIDE\plugins\com.st.stm32cube.common.mx_6.14.1.202504091515\\db\/plugins/boardmanager/
2025-07-07 17:00:01,728 [WARN] ApiDb:259 - Overriding images path with different value:  => C:\ST\STM32CubeIDE_1.18.1\STM32CubeIDE\plugins\com.st.stm32cube.common.mx_6.14.1.202504091515\\db\/plugins/mcufinder/images/
2025-07-07 17:00:01,739 [INFO] ApiDb:250 - Set database path to: C:\Users\Admin\.stmcufinder\plugins\mcufinder//mcu/
2025-07-07 17:00:01,740 [INFO] DbMcusAds:125 - Set database path to: C:\Users\Admin\.stmcufinder\plugins\mcufinder//mcu/
2025-07-07 17:00:01,742 [INFO] CrossReferenceDbSqlite:203 - Set database path to: C:\Users\Admin\.stmcufinder\plugins\mcufinder//mcu/cs/
2025-07-07 17:00:01,879 [INFO] RulesReader:64 - Compatibility file has been processed (302 Rules)
2025-07-07 17:00:01,957 [INFO] DbMcusXml:78 - Set database path to: C:\ST\STM32CubeIDE_1.18.1\STM32CubeIDE\plugins\com.st.stm32cube.common.mx_6.14.1.202504091515\\db\/mcu/
2025-07-07 17:00:01,957 [INFO] ApiDb:274 - Set plugin database path to: C:\ST\STM32CubeIDE_1.18.1\STM32CubeIDE\plugins\com.st.stm32cube.common.mx_6.14.1.202504091515\\db\/plugins/boardmanager/
2025-07-07 17:00:01,958 [INFO] ApiDb:261 - Set plugin images path to: C:\ST\STM32CubeIDE_1.18.1\STM32CubeIDE\plugins\com.st.stm32cube.common.mx_6.14.1.202504091515\\db\/plugins/mcufinder/images/
2025-07-07 17:00:01,958 [WARN] DbFile:41 - Overriding database path with different value: C:\Users\Admin\.stmcufinder\plugins\mcufinder/ => C:\Users\Admin\.stmcufinder\plugins\mcufinder
2025-07-07 17:00:01,958 [INFO] ApiDb:250 - Set database path to: C:\Users\Admin\.stmcufinder\plugins\mcufinder//mcu/
2025-07-07 17:00:01,958 [WARN] DbFile:41 - Overriding database path with different value: C:\Users\Admin\.stmcufinder\plugins\mcufinder/ => C:\Users\Admin\.stmcufinder\plugins\mcufinder
2025-07-07 17:00:01,958 [INFO] DbMcusAds:125 - Set database path to: C:\Users\Admin\.stmcufinder\plugins\mcufinder//mcu/
2025-07-07 17:00:01,958 [WARN] DbFile:41 - Overriding database path with different value: C:\Users\Admin\.stmcufinder\plugins\mcufinder/ => C:\Users\Admin\.stmcufinder\plugins\mcufinder
2025-07-07 17:00:01,958 [WARN] DbFile:41 - Overriding database path with different value: C:\Users\Admin\.stmcufinder\plugins\mcufinder/ => C:\Users\Admin\.stmcufinder\plugins\mcufinder
2025-07-07 17:00:01,958 [INFO] CrossReferenceDbSqlite:203 - Set database path to: C:\Users\Admin\.stmcufinder\plugins\mcufinder//mcu/cs/
2025-07-07 17:00:02,040 [INFO] MainPanel:272 - HeapMemory: 268435456
2025-07-07 17:00:02,160 [INFO] DbMcusXml:78 - Set database path to: C:\ST\STM32CubeIDE_1.18.1\STM32CubeIDE\plugins\com.st.stm32cube.common.mx_6.14.1.202504091515\\db\/mcu/
2025-07-07 17:00:02,160 [INFO] ApiDb:274 - Set plugin database path to: C:\ST\STM32CubeIDE_1.18.1\STM32CubeIDE\plugins\com.st.stm32cube.common.mx_6.14.1.202504091515\\db\/plugins/boardmanager/
2025-07-07 17:00:02,161 [INFO] ApiDb:261 - Set plugin images path to: C:\ST\STM32CubeIDE_1.18.1\STM32CubeIDE\plugins\com.st.stm32cube.common.mx_6.14.1.202504091515\\db\/plugins/mcufinder/images/
2025-07-07 17:00:02,161 [WARN] DbFile:41 - Overriding database path with different value: C:\Users\Admin\.stmcufinder\plugins\mcufinder/ => C:\Users\Admin\.stmcufinder\plugins\mcufinder
2025-07-07 17:00:02,161 [INFO] ApiDb:250 - Set database path to: C:\Users\Admin\.stmcufinder\plugins\mcufinder//mcu/
2025-07-07 17:00:02,161 [WARN] DbFile:41 - Overriding database path with different value: C:\Users\Admin\.stmcufinder\plugins\mcufinder/ => C:\Users\Admin\.stmcufinder\plugins\mcufinder
2025-07-07 17:00:02,161 [INFO] DbMcusAds:125 - Set database path to: C:\Users\Admin\.stmcufinder\plugins\mcufinder//mcu/
2025-07-07 17:00:02,161 [WARN] DbFile:41 - Overriding database path with different value: C:\Users\Admin\.stmcufinder\plugins\mcufinder/ => C:\Users\Admin\.stmcufinder\plugins\mcufinder
2025-07-07 17:00:02,161 [WARN] DbFile:41 - Overriding database path with different value: C:\Users\Admin\.stmcufinder\plugins\mcufinder/ => C:\Users\Admin\.stmcufinder\plugins\mcufinder
2025-07-07 17:00:02,161 [INFO] CrossReferenceDbSqlite:203 - Set database path to: C:\Users\Admin\.stmcufinder\plugins\mcufinder//mcu/cs/
2025-07-07 17:00:02,179 [INFO] ApplicationProperties:184 - Using Application install path: C:\ST\STM32CubeIDE_1.18.1\STM32CubeIDE\plugins\com.st.stm32cube.common.mx_6.14.1.202504091515
2025-07-07 17:00:02,180 [INFO] PluginManage:196 - Search for loadable plugins [exclusion list=, ]
2025-07-07 17:00:02,181 [INFO] PluginManage:310 - Check plugin analytics
2025-07-07 17:00:02,345 [INFO] AnalyticsPlugin:253 - Accepted Software Licenses: 
2025-07-07 17:00:02,345 [INFO] AnalyticsPlugin:255 - Accepted CMSIS Pack Licenses: 
2025-07-07 17:00:02,345 [INFO] AnalyticsPlugin:257 - Accepted Firmware Licenses: FW.F4.1.28.0,FW.WB.1.22.0
2025-07-07 17:00:02,348 [INFO] PluginManage:359 - Loaded plugin analytics (category:tool,tabindex:-1)
2025-07-07 17:00:02,348 [INFO] PluginManage:310 - Check plugin cadmodel
2025-07-07 17:00:02,355 [INFO] CADModel:105 - Init CAD model plugin
2025-07-07 17:00:02,356 [INFO] PluginManage:359 - Loaded plugin cadmodel (category:power,tabindex:5)
2025-07-07 17:00:02,356 [INFO] PluginManage:310 - Check plugin clock
2025-07-07 17:00:02,367 [INFO] PluginManage:359 - Loaded plugin clock (category:base,tabindex:2)
2025-07-07 17:00:02,367 [INFO] PluginManage:310 - Check plugin ddr
2025-07-07 17:00:02,370 [INFO] PluginManage:359 - Loaded plugin ddr (category:tool,tabindex:6)
2025-07-07 17:00:02,370 [INFO] PluginManage:310 - Check plugin filemanager
2025-07-07 17:00:02,505 [INFO] PluginManage:359 - Loaded plugin filemanager (category:base,tabindex:10)
2025-07-07 17:00:02,505 [INFO] PluginManage:310 - Check plugin ipmanager
2025-07-07 17:00:02,512 [INFO] PluginManage:359 - Loaded plugin ipmanager (category:base,tabindex:5)
2025-07-07 17:00:02,512 [INFO] PluginManage:310 - Check plugin lpbam
2025-07-07 17:00:02,520 [INFO] PluginManage:359 - Loaded plugin lpbam (category:base,tabindex:0)
2025-07-07 17:00:02,520 [INFO] PluginManage:310 - Check plugin memorymap
2025-07-07 17:00:02,540 [INFO] PluginManage:359 - Loaded plugin memorymap (category:base,tabindex:4)
2025-07-07 17:00:02,540 [INFO] PluginManage:310 - Check plugin pinoutandconfiguration
2025-07-07 17:00:02,550 [INFO] PluginManage:359 - Loaded plugin pinoutandconfiguration (category:base,tabindex:1)
2025-07-07 17:00:02,550 [INFO] PluginManage:310 - Check plugin pinoutconfig
2025-07-07 17:00:02,640 [WARN] SupportedApi:132 - Cannot load RTOS API schema: s4s-elt-must-match.1: The content of 'definitions' must match (annotation?, (simpleType | complexType)?, (unique | key | keyref)*)). A problem was found starting at: attribute.
2025-07-07 17:00:02,791 [INFO] PluginManage:359 - Loaded plugin pinoutconfig (category:base,tabindex:0)
2025-07-07 17:00:02,791 [INFO] PluginManage:310 - Check plugin power
2025-07-07 17:00:02,803 [INFO] PluginManage:359 - Loaded plugin power (category:power,tabindex:4)
2025-07-07 17:00:02,803 [INFO] PluginManage:310 - Check plugin projectmanager
2025-07-07 17:00:02,820 [INFO] PluginManage:359 - Loaded plugin projectmanager (category:projectmanager,tabindex:4)
2025-07-07 17:00:02,820 [INFO] PluginManage:310 - Check plugin rif
2025-07-07 17:00:02,827 [INFO] PluginManage:359 - Loaded plugin rif (category:base,tabindex:3)
2025-07-07 17:00:02,828 [INFO] PluginManage:310 - Check plugin thirdparty
2025-07-07 17:00:02,954 [INFO] PluginManage:359 - Loaded plugin thirdparty (category:base,tabindex:-1)
2025-07-07 17:00:02,954 [WARN] IntegrityCheckThread:84 - waiting for thirdparty lock release [integrity check]
2025-07-07 17:00:02,954 [INFO] IntegrityCheckThread:86 - entering critical section [integrity check]
2025-07-07 17:00:02,954 [INFO] PluginManage:310 - Check plugin tools
2025-07-07 17:00:02,955 [INFO] ThirdPartyUpdaterWithRetryManager:70 - Updater plugin not ready yet. [1/15]
2025-07-07 17:00:02,957 [INFO] PluginManage:359 - Loaded plugin tools (category:base,tabindex:7)
2025-07-07 17:00:02,957 [INFO] PluginManage:310 - Check plugin tutovideos
2025-07-07 17:00:03,124 [INFO] PluginManage:359 - Loaded plugin tutovideos (category:base,tabindex:-1)
2025-07-07 17:00:03,124 [INFO] PluginManage:310 - Check plugin updater
2025-07-07 17:00:03,151 [INFO] PluginManage:359 - Loaded plugin updater (category:base,tabindex:12)
2025-07-07 17:00:03,151 [INFO] PluginManage:310 - Check plugin userauth
2025-07-07 17:00:03,155 [INFO] UserAuth:118 - Init User Auth plugin
2025-07-07 17:00:03,156 [INFO] PluginManage:359 - Loaded plugin userauth (category:base,tabindex:14)
2025-07-07 17:00:03,157 [INFO] PluginManage:283 - PluginManage : Loaded plugins [18]
2025-07-07 17:00:03,369 [INFO] PinOutPanel:1589 - setPackage(No Configuration,No Configuration)
2025-07-07 17:00:03,457 [INFO] CADModel:165 - CPN selected for project level
2025-07-07 17:00:03,457 [INFO] CADModel:114 - Register for checkConnection events
2025-07-07 17:00:03,479 [INFO] IPUIPlugin:80 - create IPUIPlugin
2025-07-07 17:00:03,479 [INFO] PluginManager:220 - loadIPPluginJar : add adc
2025-07-07 17:00:03,483 [INFO] IPUIPlugin:80 - create IPUIPlugin
2025-07-07 17:00:03,483 [INFO] PluginManager:220 - loadIPPluginJar : add aes
2025-07-07 17:00:03,487 [INFO] IPUIPlugin:80 - create IPUIPlugin
2025-07-07 17:00:03,488 [INFO] PluginManager:220 - loadIPPluginJar : add can
2025-07-07 17:00:03,490 [INFO] IPUIPlugin:80 - create IPUIPlugin
2025-07-07 17:00:03,490 [INFO] PluginManager:220 - loadIPPluginJar : add comp
2025-07-07 17:00:03,494 [INFO] IPUIPlugin:80 - create IPUIPlugin
2025-07-07 17:00:03,494 [INFO] PluginManager:220 - loadIPPluginJar : add cryp
2025-07-07 17:00:03,499 [INFO] IPUIPlugin:80 - create IPUIPlugin
2025-07-07 17:00:03,500 [INFO] PluginManager:220 - loadIPPluginJar : add ddr_ctrl_phy
2025-07-07 17:00:03,504 [INFO] IPUIPlugin:80 - create IPUIPlugin
2025-07-07 17:00:03,504 [INFO] PluginManager:220 - loadIPPluginJar : add dfsdm
2025-07-07 17:00:03,511 [INFO] IPUIPlugin:80 - create IPUIPlugin
2025-07-07 17:00:03,511 [INFO] PluginManager:220 - loadIPPluginJar : add dma
2025-07-07 17:00:03,514 [INFO] IPUIPlugin:80 - create IPUIPlugin
2025-07-07 17:00:03,515 [INFO] PluginManager:220 - loadIPPluginJar : add dma3
2025-07-07 17:00:03,518 [INFO] IPUIPlugin:80 - create IPUIPlugin
2025-07-07 17:00:03,518 [INFO] PluginManager:220 - loadIPPluginJar : add extmemmanager
2025-07-07 17:00:03,521 [INFO] IPUIPlugin:80 - create IPUIPlugin
2025-07-07 17:00:03,521 [INFO] PluginManager:220 - loadIPPluginJar : add fatfs
2025-07-07 17:00:03,527 [INFO] IPUIPlugin:80 - create IPUIPlugin
2025-07-07 17:00:03,527 [INFO] PluginManager:220 - loadIPPluginJar : add fmc
2025-07-07 17:00:03,539 [INFO] IPUIPlugin:80 - create IPUIPlugin
2025-07-07 17:00:03,539 [INFO] PluginManager:220 - loadIPPluginJar : add freertos
2025-07-07 17:00:03,541 [INFO] IPUIPlugin:80 - create IPUIPlugin
2025-07-07 17:00:03,541 [INFO] PluginManager:220 - loadIPPluginJar : add genericplugin
2025-07-07 17:00:03,545 [INFO] IPUIPlugin:80 - create IPUIPlugin
2025-07-07 17:00:03,545 [INFO] PluginManager:220 - loadIPPluginJar : add gfxmmu
2025-07-07 17:00:03,550 [INFO] IPUIPlugin:80 - create IPUIPlugin
2025-07-07 17:00:03,550 [INFO] PluginManager:220 - loadIPPluginJar : add gic
2025-07-07 17:00:03,555 [INFO] IPUIPlugin:80 - create IPUIPlugin
2025-07-07 17:00:03,555 [INFO] PluginManager:220 - loadIPPluginJar : add gpio
2025-07-07 17:00:03,558 [INFO] IPUIPlugin:80 - create IPUIPlugin
2025-07-07 17:00:03,558 [INFO] PluginManager:220 - loadIPPluginJar : add gtzc
2025-07-07 17:00:03,561 [INFO] IPUIPlugin:80 - create IPUIPlugin
2025-07-07 17:00:03,562 [INFO] PluginManager:220 - loadIPPluginJar : add hash
2025-07-07 17:00:03,565 [INFO] IPUIPlugin:80 - create IPUIPlugin
2025-07-07 17:00:03,565 [INFO] PluginManager:220 - loadIPPluginJar : add i2c
2025-07-07 17:00:03,567 [INFO] IPUIPlugin:80 - create IPUIPlugin
2025-07-07 17:00:03,568 [INFO] PluginManager:220 - loadIPPluginJar : add i2s
2025-07-07 17:00:03,571 [INFO] IPUIPlugin:80 - create IPUIPlugin
2025-07-07 17:00:03,571 [INFO] PluginManager:220 - loadIPPluginJar : add i3c
2025-07-07 17:00:03,575 [INFO] IPUIPlugin:80 - create IPUIPlugin
2025-07-07 17:00:03,575 [INFO] PluginManager:220 - loadIPPluginJar : add ipddr
2025-07-07 17:00:03,581 [INFO] IPUIPlugin:80 - create IPUIPlugin
2025-07-07 17:00:03,582 [INFO] PluginManager:220 - loadIPPluginJar : add linkedlist
2025-07-07 17:00:03,585 [INFO] IPUIPlugin:80 - create IPUIPlugin
2025-07-07 17:00:03,585 [INFO] PluginManager:220 - loadIPPluginJar : add lorawan
2025-07-07 17:00:03,587 [INFO] IPUIPlugin:80 - create IPUIPlugin
2025-07-07 17:00:03,587 [INFO] PluginManager:220 - loadIPPluginJar : add ltdc
2025-07-07 17:00:03,593 [INFO] IPUIPlugin:80 - create IPUIPlugin
2025-07-07 17:00:03,593 [INFO] PluginManager:220 - loadIPPluginJar : add mdma
2025-07-07 17:00:03,597 [INFO] IPUIPlugin:80 - create IPUIPlugin
2025-07-07 17:00:03,597 [INFO] PluginManager:220 - loadIPPluginJar : add nvic
2025-07-07 17:00:03,601 [INFO] IPUIPlugin:80 - create IPUIPlugin
2025-07-07 17:00:03,601 [INFO] PluginManager:220 - loadIPPluginJar : add opamp
2025-07-07 17:00:03,604 [INFO] IPUIPlugin:80 - create IPUIPlugin
2025-07-07 17:00:03,605 [INFO] PluginManager:220 - loadIPPluginJar : add openamp
2025-07-07 17:00:03,609 [INFO] IPUIPlugin:80 - create IPUIPlugin
2025-07-07 17:00:03,609 [INFO] PluginManager:220 - loadIPPluginJar : add pdm2pcm
2025-07-07 17:00:03,616 [INFO] IPUIPlugin:80 - create IPUIPlugin
2025-07-07 17:00:03,618 [INFO] PluginManager:220 - loadIPPluginJar : add plateformsettings
2025-07-07 17:00:03,620 [INFO] IPUIPlugin:80 - create IPUIPlugin
2025-07-07 17:00:03,620 [INFO] PluginManager:220 - loadIPPluginJar : add quadspi
2025-07-07 17:00:03,622 [INFO] IPUIPlugin:80 - create IPUIPlugin
2025-07-07 17:00:03,623 [INFO] PluginManager:220 - loadIPPluginJar : add radio
2025-07-07 17:00:03,628 [INFO] IPUIPlugin:80 - create IPUIPlugin
2025-07-07 17:00:03,628 [INFO] PluginManager:220 - loadIPPluginJar : add resmgrutility
2025-07-07 17:00:03,632 [INFO] IPUIPlugin:80 - create IPUIPlugin
2025-07-07 17:00:03,632 [INFO] PluginManager:220 - loadIPPluginJar : add sai
2025-07-07 17:00:03,635 [INFO] IPUIPlugin:80 - create IPUIPlugin
2025-07-07 17:00:03,635 [INFO] PluginManager:220 - loadIPPluginJar : add spi
2025-07-07 17:00:03,641 [INFO] IPUIPlugin:80 - create IPUIPlugin
2025-07-07 17:00:03,642 [INFO] PluginManager:220 - loadIPPluginJar : add stm32_wpan
2025-07-07 17:00:03,644 [INFO] IPUIPlugin:80 - create IPUIPlugin
2025-07-07 17:00:03,644 [INFO] PluginManager:220 - loadIPPluginJar : add tim
2025-07-07 17:00:03,648 [INFO] IPUIPlugin:80 - create IPUIPlugin
2025-07-07 17:00:03,648 [INFO] PluginManager:220 - loadIPPluginJar : add touchsensing
2025-07-07 17:00:03,651 [INFO] IPUIPlugin:80 - create IPUIPlugin
2025-07-07 17:00:03,651 [INFO] PluginManager:220 - loadIPPluginJar : add tracer_emb
2025-07-07 17:00:03,653 [INFO] IPUIPlugin:80 - create IPUIPlugin
2025-07-07 17:00:03,654 [INFO] PluginManager:220 - loadIPPluginJar : add ts
2025-07-07 17:00:03,656 [INFO] IPUIPlugin:80 - create IPUIPlugin
2025-07-07 17:00:03,656 [INFO] PluginManager:220 - loadIPPluginJar : add tsc
2025-07-07 17:00:03,658 [INFO] IPUIPlugin:80 - create IPUIPlugin
2025-07-07 17:00:03,658 [INFO] PluginManager:220 - loadIPPluginJar : add ucpd
2025-07-07 17:00:03,661 [INFO] IPUIPlugin:80 - create IPUIPlugin
2025-07-07 17:00:03,661 [INFO] PluginManager:220 - loadIPPluginJar : add usart
2025-07-07 17:00:03,665 [INFO] IPUIPlugin:80 - create IPUIPlugin
2025-07-07 17:00:03,665 [INFO] PluginManager:220 - loadIPPluginJar : add usbx
2025-07-07 17:00:03,794 [FATAL] Updater:351 - Updater called before beeing initialized
2025-07-07 17:00:03,815 [INFO] RulesReader:64 - Compatibility file has been processed (302 Rules)
2025-07-07 17:00:03,825 [INFO] RulesReader:64 - Compatibility file has been processed (302 Rules)
2025-07-07 17:00:03,832 [INFO] CADModel:165 - CPN selected for project level
2025-07-07 17:00:03,832 [INFO] CADModel:114 - Register for checkConnection events
2025-07-07 17:00:03,832 [FATAL] Updater:351 - Updater called before beeing initialized
2025-07-07 17:00:03,832 [ERROR] CADModel:125 - Updater not yet initialized, retry later 
2025-07-07 17:00:03,963 [FATAL] Updater:351 - Updater called before beeing initialized
2025-07-07 17:00:03,965 [INFO] CADModel:165 - CPN selected for project level
2025-07-07 17:00:03,965 [INFO] CADModel:114 - Register for checkConnection events
2025-07-07 17:00:03,965 [FATAL] Updater:351 - Updater called before beeing initialized
2025-07-07 17:00:03,965 [ERROR] CADModel:125 - Updater not yet initialized, retry later 
2025-07-07 17:00:03,968 [FATAL] Updater:351 - Updater called before beeing initialized
2025-07-07 17:00:04,066 [FATAL] Updater:351 - Updater called before beeing initialized
2025-07-07 17:00:04,070 [INFO] DbMcusAds:53 - JSON generation date=Thu Jun 19 14:02:37 IST 2025 (1750321957418)
2025-07-07 17:00:04,070 [FATAL] Updater:351 - Updater called before beeing initialized
2025-07-07 17:00:04,122 [WARN] DetailPanel:346 - Failed to get advertising image, set to default
2025-07-07 17:00:04,406 [FATAL] Updater:351 - Updater called before beeing initialized
2025-07-07 17:00:04,407 [FATAL] Updater:351 - Updater called before beeing initialized
2025-07-07 17:00:04,407 [FATAL] Updater:351 - Updater called before beeing initialized
2025-07-07 17:00:04,408 [WARN] DetailPanel:346 - Failed to get advertising image, set to default
2025-07-07 17:00:04,408 [FATAL] Updater:351 - Updater called before beeing initialized
2025-07-07 17:00:04,452 [ERROR] Updater:1198 - MainUpdater not yet initialized. External WinMGr cannot be set.
2025-07-07 17:00:04,454 [INFO] Updater:1134 - Updater Version found : 6.14.1
2025-07-07 17:00:04,472 [INFO] ApplicationProperties:184 - Using Application install path: C:\ST\STM32CubeIDE_1.18.1\STM32CubeIDE\plugins\com.st.stm32cube.common.mx_6.14.1.202504091515
2025-07-07 17:00:05,956 [INFO] ThirdPartyUpdaterWithRetryManager:70 - Updater plugin not ready yet. [2/15]
2025-07-07 17:00:06,043 [ERROR] LogOutputStream:75 - [STDERR_REDIRECT] Jul 07, 2025 5:00:06 PM java.util.prefs.WindowsPreferences <init>
2025-07-07 17:00:06,045 [ERROR] LogOutputStream:75 - [STDERR_REDIRECT] WARNING: Could not open/create prefs root node Software\JavaSoft\Prefs at root 0xffffffff80000002. Windows RegCreateKeyEx(...) returned error code 5.
2025-07-07 17:00:06,045 [ERROR] LogOutputStream:75 - [STDERR_REDIRECT] 
2025-07-07 17:00:06,317 [INFO] MainUpdater:2872 - connection check result : 10
2025-07-07 17:00:06,317 [INFO] MainUpdater:3566 - Updater definition file requires update
2025-07-07 17:00:06,317 [INFO] MainUpdater:289 - Updater Check For Update Now.
2025-07-07 17:00:06,318 [INFO] MicroXplorer:498 - Change Database Version : DB.6.0.141
2025-07-07 17:00:06,325 [INFO] McuFinderGlobals:63 - Set McuFinder mode to 2 (CubeIDE integrated)
2025-07-07 17:00:06,325 [INFO] UserAuth:171 - activating auth plugin
2025-07-07 17:00:06,328 [INFO] UserAuth:484 - Internet connection configuration mode: 1
2025-07-07 17:00:06,344 [INFO] ServerAccessManage:473 - Download File updaters.zip
2025-07-07 17:00:06,346 [INFO] JxBrowserEngine:152 - Initiate JxBrowser Engine with user profile folder
2025-07-07 17:00:06,401 [INFO] FileExtend:242 - Unzip File : updaters.zip
2025-07-07 17:00:06,401 [INFO] FileExtend:257 - Standard Zip Deflate
2025-07-07 17:00:06,715 [INFO] ServerAccessManage:473 - Download File PacksControlFlags.xml
2025-07-07 17:00:06,777 [INFO] ServerAccessManage:473 - Download File cubemx.pidx
2025-07-07 17:00:08,185 [INFO] WebApp:169 - Instantiating new browser for Auth
2025-07-07 17:00:08,580 [INFO] ServerAccessManage:473 - Download File STMicroelectronics.X-CUBE-AZRTOS-H7.pdsc
2025-07-07 17:00:08,959 [WARN] MainUpdater:1193 - Updater busy. Cannot search thirdparties
2025-07-07 17:00:08,959 [INFO] ThirdPartyUpdaterWithRetryManager:96 - Updater plugin is busy. [1/15]
2025-07-07 17:00:09,328 [INFO] WebApp:463 - Apply proxy settings
2025-07-07 17:00:09,328 [INFO] WebApp:548 - Chromium requires no authentication
2025-07-07 17:00:09,344 [INFO] WebApp:491 - Direct internet connection detected
2025-07-07 17:00:09,405 [INFO] WebApp:894 - Register for checkConnection events
2025-07-07 17:00:09,405 [INFO] WebApp:463 - Apply proxy settings
2025-07-07 17:00:09,405 [INFO] WebApp:548 - Chromium requires no authentication
2025-07-07 17:00:09,406 [INFO] WebApp:491 - Direct internet connection detected
2025-07-07 17:00:09,566 [ERROR] ServerAccessManage:1172 - Problem during Server Connection :  IO error PKIX path building failed: sun.security.provider.certpath.SunCertPathBuilderException: unable to find valid certification path to requested target
2025-07-07 17:00:09,566 [ERROR] ServerAccessManage:651 - Problem during Server Connection :  : Avnet-IotConnect.X-CUBE-IoTC-DA16k-PMOD.pdsc.
2025-07-07 17:00:09,602 [INFO] WebApp:191 - Connection restablished
2025-07-07 17:00:09,655 [INFO] WebApp:225 - Starting web application
2025-07-07 17:00:09,655 [INFO] WebApp:593 - Web application path used C:\ST\STM32CubeIDE_1.18.1\STM32CubeIDE\plugins\com.st.stm32cube.common.mx_6.14.1.202504091515\db\plugins\mcufinder\reactClient1\index.html
2025-07-07 17:00:09,712 [WARN] PackLoader:240 - Cannot read IP mode file for STMicroelectronics.X-CUBE-AZRTOS-H7.3.4.0
2025-07-07 17:00:09,723 [INFO] PopulateThirdPartyThread:66 - Ending populate Thread
2025-07-07 17:00:09,725 [INFO] ThirdParty:1030 - CMSIS Pack Vendor :STMicroelectronics X-CUBE-AZRTOS-H7 3.4.0
2025-07-07 17:00:09,725 [INFO] LoadServerUpdatesThread:375 - End of LoadServerUpdate Thread
2025-07-07 17:00:09,815 [INFO] CheckServerUpdateThread:120 - End of CheckServer Thread
2025-07-07 17:00:12,178 [WARN] PackLoader:240 - Cannot read IP mode file for STMicroelectronics.FP-SNS-MOTENVWB1.1.4.0
2025-07-07 17:00:12,187 [WARN] PackLoader:240 - Cannot read IP mode file for STMicroelectronics.X-CUBE-SMBUS.2.1.0
2025-07-07 17:00:12,193 [WARN] PackLoader:240 - Cannot read IP mode file for STMicroelectronics.X-CUBE-ST60.1.0.0
2025-07-07 17:00:12,216 [WARN] PackLoader:240 - Cannot read IP mode file for STMicroelectronics.X-CUBE-AZRTOS-F7.1.1.0
2025-07-07 17:00:12,248 [WARN] PackLoader:240 - Cannot read IP mode file for Infineon.AIROC-Wi-Fi-Bluetooth-STM32.1.7.0
2025-07-07 17:00:12,283 [WARN] PackLoader:240 - Cannot read IP mode file for STMicroelectronics.X-CUBE-AZRTOS-H7.3.4.0
2025-07-07 17:00:12,297 [WARN] PackLoader:240 - Cannot read IP mode file for STMicroelectronics.X-CUBE-DISPLAY.3.0.0
2025-07-07 17:00:12,311 [WARN] PackLoader:240 - Cannot read IP mode file for STMicroelectronics.X-CUBE-NFC10.1.0.0
2025-07-07 17:00:12,327 [WARN] PackLoader:240 - Cannot read IP mode file for STMicroelectronics.X-CUBE-BLEMGR.4.0.0
2025-07-07 17:00:12,338 [WARN] PackLoader:240 - Cannot read IP mode file for emotas.I-CUBE-CANOPEN.1.3.0
2025-07-07 17:00:12,343 [WARN] ConditionMgr:438 - getConditionDescription Invalid condition id : Cortex-A Device cause : null
2025-07-07 17:00:12,355 [WARN] ConditionMgr:1044 - genDependencies : Invalid condition id : Cortex-A Device cause : null
2025-07-07 17:00:12,356 [WARN] ConditionMgr:1044 - genDependencies : Invalid condition id : Cortex-A Device cause : null
2025-07-07 17:00:12,356 [WARN] ConditionMgr:1044 - genDependencies : Invalid condition id : Cortex-A Device cause : null
2025-07-07 17:00:12,361 [WARN] PackLoader:240 - Cannot read IP mode file for STMicroelectronics.X-CUBE-AI.10.0.0
2025-07-07 17:00:12,367 [WARN] PackLoader:240 - Cannot read IP mode file for STMicroelectronics.FP-SNS-SMARTAG2.1.2.0
2025-07-07 17:00:12,379 [INFO] LogOutputStream:77 - [STDOUT_REDIRECT] 1 : Invalid condition id : UX_CORESTACK_Condition cause : null
2025-07-07 17:00:12,380 [INFO] LogOutputStream:77 - [STDOUT_REDIRECT] 1 : Invalid condition id : UX_CORESTACK_Condition cause : null
2025-07-07 17:00:12,382 [INFO] LogOutputStream:77 - [STDOUT_REDIRECT] 1 : Invalid condition id : UX_CORESTACK_Condition cause : null
2025-07-07 17:00:12,385 [INFO] LogOutputStream:77 - [STDOUT_REDIRECT] 1 : Invalid condition id : UX_CORESTACK_Condition cause : null
2025-07-07 17:00:12,387 [INFO] LogOutputStream:77 - [STDOUT_REDIRECT] 1 : Invalid condition id : UX_CORESTACK_Condition cause : null
2025-07-07 17:00:12,391 [WARN] PackLoader:240 - Cannot read IP mode file for STMicroelectronics.X-CUBE-AZRTOS-WL.2.0.0
2025-07-07 17:00:12,398 [WARN] PackLoader:240 - Cannot read IP mode file for STMicroelectronics.FP-SNS-MOTENV1.5.0.0
2025-07-07 17:00:12,407 [WARN] PackLoader:240 - Cannot read IP mode file for WES.I-CUBE-Cesium.1.3.0
2025-07-07 17:00:12,414 [WARN] PackLoader:240 - Cannot read IP mode file for STMicroelectronics.X-CUBE-BLE2.3.3.0
2025-07-07 17:00:12,422 [WARN] PackLoader:240 - Cannot read IP mode file for STMicroelectronics.X-CUBE-NFC9.1.0.0
2025-07-07 17:00:12,429 [WARN] PackLoader:240 - Cannot read IP mode file for wolfSSL.I-CUBE-wolfSSL.5.8.0
2025-07-07 17:00:12,433 [WARN] PackLoader:240 - Cannot read IP mode file for wolfSSL.I-CUBE-wolfMQTT.1.19.2
2025-07-07 17:00:12,439 [WARN] PackLoader:240 - Cannot read IP mode file for STMicroelectronics.X-CUBE-AI.10.1.0
2025-07-07 17:00:12,495 [WARN] PackLoader:240 - Cannot read IP mode file for STMicroelectronics.X-CUBE-MEMS1.11.2.0
2025-07-07 17:00:12,634 [WARN] PackLoader:240 - Cannot read IP mode file for STMicroelectronics.X-CUBE-AZRTOS-G0.1.1.0
2025-07-07 17:00:12,642 [WARN] PackLoader:240 - Cannot read IP mode file for STMicroelectronics.X-CUBE-SAFEA1.1.2.2
2025-07-07 17:00:12,647 [WARN] PackLoader:240 - Cannot read IP mode file for STMicroelectronics.X-CUBE-NFC4.3.0.0
2025-07-07 17:00:12,654 [WARN] PackLoader:240 - Cannot read IP mode file for EmbeddedOffice.I-CUBE-FS-RTOS.1.0.1
2025-07-07 17:00:12,659 [WARN] PackLoader:240 - Cannot read IP mode file for STMicroelectronics.X-CUBE-WB05N.2.0.0
2025-07-07 17:00:12,662 [WARN] PackLoader:240 - Cannot read IP mode file for wolfSSL.I-CUBE-wolfTPM.3.8.0
2025-07-07 17:00:12,666 [WARN] PackLoader:240 - Cannot read IP mode file for STMicroelectronics.X-CUBE-TCPP.4.2.0
2025-07-07 17:00:12,670 [WARN] PackLoader:240 - Cannot read IP mode file for RealThread.X-CUBE-RT-Thread_Nano.4.1.1
2025-07-07 17:00:12,674 [WARN] PackLoader:240 - Cannot read IP mode file for STMicroelectronics.FP-ATR-SIGFOX1.3.2.0
2025-07-07 17:00:12,678 [WARN] PackLoader:240 - Cannot read IP mode file for STMicroelectronics.X-CUBE-EEPRMA1.5.1.0
2025-07-07 17:00:12,683 [WARN] PackLoader:240 - Cannot read IP mode file for ITTIA_DB.I-CUBE-ITTIADB.8.9.0
2025-07-07 17:00:12,688 [WARN] PackLoader:240 - Cannot read IP mode file for STMicroelectronics.X-CUBE-ST67W61.1.0.0
2025-07-07 17:00:12,708 [WARN] PackLoader:240 - Cannot read IP mode file for SEGGER.I-CUBE-embOS.1.3.1
2025-07-07 17:00:12,758 [WARN] PackLoader:240 - Cannot read IP mode file for STMicroelectronics.X-CUBE-ALGOBUILD.1.4.0
2025-07-07 17:00:12,788 [WARN] PackLoader:240 - Cannot read IP mode file for STMicroelectronics.X-CUBE-MEMS1.11.3.0
2025-07-07 17:00:12,875 [WARN] PackLoader:240 - Cannot read IP mode file for STMicroelectronics.X-CUBE-PM33A1.1.0.0
2025-07-07 17:00:12,885 [WARN] PackLoader:240 - Cannot read IP mode file for STMicroelectronics.X-CUBE-AZRTOS-F4.1.1.0
2025-07-07 17:00:12,890 [WARN] PackLoader:240 - Cannot read IP mode file for STMicroelectronics.X-CUBE-ISPU.2.1.0
2025-07-07 17:00:12,901 [WARN] PackLoader:240 - Cannot read IP mode file for STMicroelectronics.X-CUBE-AZRTOS-L5.2.0.0
2025-07-07 17:00:12,908 [WARN] PackLoader:240 - Cannot read IP mode file for STMicroelectronics.X-CUBE-NFC6.3.1.0
2025-07-07 17:00:12,913 [WARN] PackLoader:240 - Cannot read IP mode file for STMicroelectronics.FP-SNS-STAIOTCFT.1.0.0
2025-07-07 17:00:12,925 [WARN] ConditionMgr:438 - getConditionDescription Invalid condition id : LAN8742 Phy interface Condition cause : null
2025-07-07 17:00:12,925 [WARN] PackLoader:240 - Cannot read IP mode file for STMicroelectronics.X-CUBE-AZRTOS-L4.2.0.0
2025-07-07 17:00:12,926 [WARN] ConditionMgr:1044 - genDependencies : Invalid condition id : LAN8742 Phy interface Condition cause : null
2025-07-07 17:00:12,926 [WARN] ConditionMgr:1044 - genDependencies : Invalid condition id : LAN8742 Phy interface Condition cause : null
2025-07-07 17:00:12,926 [WARN] ConditionMgr:1044 - genDependencies : Invalid condition id : LAN8742 Phy interface Condition cause : null
2025-07-07 17:00:12,932 [WARN] PackLoader:240 - Cannot read IP mode file for STMicroelectronics.X-CUBE-SFXS2LP1.4.0.0
2025-07-07 17:00:12,946 [WARN] PackLoader:240 - Cannot read IP mode file for STMicroelectronics.X-CUBE-AZRTOS-H7.3.3.0
2025-07-07 17:00:12,958 [WARN] ConditionMgr:438 - getConditionDescription Invalid condition id : UX DEVICE CLASS RTOS Condition cause : null
2025-07-07 17:00:12,958 [WARN] ConditionMgr:438 - getConditionDescription Invalid condition id : UX DEVICE CLASS RTOS Condition cause : null
2025-07-07 17:00:12,959 [WARN] PackLoader:240 - Cannot read IP mode file for STMicroelectronics.X-CUBE-AZRTOS-WB.2.0.0
2025-07-07 17:00:12,960 [WARN] ConditionMgr:1044 - genDependencies : Invalid condition id : UX DEVICE CLASS RTOS Condition cause : null
2025-07-07 17:00:12,960 [WARN] ConditionMgr:1044 - genDependencies : Invalid condition id : UX DEVICE CLASS RTOS Condition cause : null
2025-07-07 17:00:12,960 [WARN] ConditionMgr:1044 - genDependencies : Invalid condition id : UX DEVICE CLASS RTOS Condition cause : null
2025-07-07 17:00:12,960 [WARN] ConditionMgr:1044 - genDependencies : Invalid condition id : UX DEVICE CLASS RTOS Condition cause : null
2025-07-07 17:00:12,960 [WARN] ConditionMgr:1044 - genDependencies : Invalid condition id : UX DEVICE CLASS RTOS Condition cause : null
2025-07-07 17:00:12,965 [WARN] PackLoader:240 - Cannot read IP mode file for STMicroelectronics.X-CUBE-GNSS1.7.0.1
2025-07-07 17:00:12,970 [WARN] PackLoader:240 - Cannot read IP mode file for STMicroelectronics.FP-SNS-STBOX1.2.0.0
2025-07-07 17:00:12,979 [WARN] PackLoader:240 - Cannot read IP mode file for STMicroelectronics.X-CUBE-SUBG2.5.0.0
2025-07-07 17:00:12,994 [WARN] PackLoader:240 - Cannot read IP mode file for STMicroelectronics.X-CUBE-AZRTOS-H7RS.1.1.0
2025-07-07 17:00:12,999 [WARN] PackLoader:240 - Cannot read IP mode file for Cesanta.I-CUBE-Mongoose.7.13.0
2025-07-07 17:00:13,009 [WARN] PackLoader:240 - Cannot read IP mode file for STMicroelectronics.X-CUBE-AZRTOS-G4.2.0.0
2025-07-07 17:00:13,015 [WARN] PackLoader:240 - Cannot read IP mode file for wolfSSL.I-CUBE-wolfSSH.1.4.20
2025-07-07 17:00:13,023 [WARN] PackLoader:240 - Cannot read IP mode file for STMicroelectronics.X-CUBE-IPS.3.1.0
2025-07-07 17:00:13,031 [WARN] PackLoader:240 - Cannot read IP mode file for STMicroelectronics.X-CUBE-ALS.1.0.2
2025-07-07 17:00:13,035 [WARN] PackLoader:240 - Cannot read IP mode file for portGmbH.I-Cube-SoM-uGOAL.1.1.0
2025-07-07 17:00:13,035 [INFO] ThirdParty:978 - Integrity check success = true
2025-07-07 17:00:13,036 [INFO] IntegrityCheckThread:100 - exiting critical section [integrity check]
2025-07-07 17:00:13,036 [INFO] IntegrityCheckThread:103 - End integrity checks thread
2025-07-07 18:07:53,043 [INFO] WebApp:194 - Connection lost
2025-07-07 18:07:56,942 [INFO] WebApp:191 - Connection restablished
2025-07-07 18:07:58,895 [INFO] WebApp:194 - Connection lost
2025-07-07 18:07:59,053 [INFO] WebApp:191 - Connection restablished
2025-07-07 18:30:42,944 [INFO] WebApp:194 - Connection lost
2025-07-07 18:39:46,855 [INFO] Activator:176 - 


2025-07-07 18:39:46,871 [INFO] Activator:177 - !SESSION log4j initialized
2025-07-07 18:39:51,333 [INFO] LogOutputStream:77 - [STDOUT_REDIRECT] 
2025-07-07 18:39:51,629 [ERROR] ConfigurationRetriever:142 - IOException on connection: sw-center.st.com
2025-07-07 18:39:51,629 [ERROR] ConfigurationRetriever:142 - IOException on connection: sw-center.st.com
2025-07-07 18:39:51,629 [ERROR] ConfigurationRetriever:142 - IOException on connection: sw-center.st.com
2025-07-07 18:39:52,210 [INFO] ApplicationProperties:184 - Using Application install path: C:\ST\STM32CubeIDE_1.18.1\STM32CubeIDE\plugins\com.st.stm32cube.common.mx_6.14.1.202504091515
2025-07-07 18:39:52,225 [INFO] DbMcusXml:78 - Set database path to: C:\ST\STM32CubeIDE_1.18.1\STM32CubeIDE\plugins\com.st.stm32cube.common.mx_6.14.1.202504091515\\db\/mcu/
2025-07-07 18:39:52,225 [INFO] ApiDb:274 - Set plugin database path to: C:\ST\STM32CubeIDE_1.18.1\STM32CubeIDE\plugins\com.st.stm32cube.common.mx_6.14.1.202504091515\\db\/plugins/boardmanager/
2025-07-07 18:39:52,225 [WARN] ApiDb:259 - Overriding images path with different value:  => C:\ST\STM32CubeIDE_1.18.1\STM32CubeIDE\plugins\com.st.stm32cube.common.mx_6.14.1.202504091515\\db\/plugins/mcufinder/images/
2025-07-07 18:39:52,241 [INFO] ApiDb:250 - Set database path to: C:\Users\Admin\.stmcufinder\plugins\mcufinder//mcu/
2025-07-07 18:39:52,241 [INFO] DbMcusAds:125 - Set database path to: C:\Users\Admin\.stmcufinder\plugins\mcufinder//mcu/
2025-07-07 18:39:52,257 [INFO] CrossReferenceDbSqlite:203 - Set database path to: C:\Users\Admin\.stmcufinder\plugins\mcufinder//mcu/cs/
2025-07-07 18:39:52,397 [INFO] RulesReader:64 - Compatibility file has been processed (302 Rules)
2025-07-07 18:39:52,491 [INFO] DbMcusXml:78 - Set database path to: C:\ST\STM32CubeIDE_1.18.1\STM32CubeIDE\plugins\com.st.stm32cube.common.mx_6.14.1.202504091515\\db\/mcu/
2025-07-07 18:39:52,491 [INFO] ApiDb:274 - Set plugin database path to: C:\ST\STM32CubeIDE_1.18.1\STM32CubeIDE\plugins\com.st.stm32cube.common.mx_6.14.1.202504091515\\db\/plugins/boardmanager/
2025-07-07 18:39:52,491 [INFO] ApiDb:261 - Set plugin images path to: C:\ST\STM32CubeIDE_1.18.1\STM32CubeIDE\plugins\com.st.stm32cube.common.mx_6.14.1.202504091515\\db\/plugins/mcufinder/images/
2025-07-07 18:39:52,507 [WARN] DbFile:41 - Overriding database path with different value: C:\Users\Admin\.stmcufinder\plugins\mcufinder/ => C:\Users\Admin\.stmcufinder\plugins\mcufinder
2025-07-07 18:39:52,507 [INFO] ApiDb:250 - Set database path to: C:\Users\Admin\.stmcufinder\plugins\mcufinder//mcu/
2025-07-07 18:39:52,507 [WARN] DbFile:41 - Overriding database path with different value: C:\Users\Admin\.stmcufinder\plugins\mcufinder/ => C:\Users\Admin\.stmcufinder\plugins\mcufinder
2025-07-07 18:39:52,507 [INFO] DbMcusAds:125 - Set database path to: C:\Users\Admin\.stmcufinder\plugins\mcufinder//mcu/
2025-07-07 18:39:52,507 [WARN] DbFile:41 - Overriding database path with different value: C:\Users\Admin\.stmcufinder\plugins\mcufinder/ => C:\Users\Admin\.stmcufinder\plugins\mcufinder
2025-07-07 18:39:52,507 [WARN] DbFile:41 - Overriding database path with different value: C:\Users\Admin\.stmcufinder\plugins\mcufinder/ => C:\Users\Admin\.stmcufinder\plugins\mcufinder
2025-07-07 18:39:52,507 [INFO] CrossReferenceDbSqlite:203 - Set database path to: C:\Users\Admin\.stmcufinder\plugins\mcufinder//mcu/cs/
2025-07-07 18:39:52,585 [INFO] MainPanel:272 - HeapMemory: 268435456
2025-07-07 18:39:52,710 [INFO] DbMcusXml:78 - Set database path to: C:\ST\STM32CubeIDE_1.18.1\STM32CubeIDE\plugins\com.st.stm32cube.common.mx_6.14.1.202504091515\\db\/mcu/
2025-07-07 18:39:52,710 [INFO] ApiDb:274 - Set plugin database path to: C:\ST\STM32CubeIDE_1.18.1\STM32CubeIDE\plugins\com.st.stm32cube.common.mx_6.14.1.202504091515\\db\/plugins/boardmanager/
2025-07-07 18:39:52,710 [INFO] ApiDb:261 - Set plugin images path to: C:\ST\STM32CubeIDE_1.18.1\STM32CubeIDE\plugins\com.st.stm32cube.common.mx_6.14.1.202504091515\\db\/plugins/mcufinder/images/
2025-07-07 18:39:52,710 [WARN] DbFile:41 - Overriding database path with different value: C:\Users\Admin\.stmcufinder\plugins\mcufinder/ => C:\Users\Admin\.stmcufinder\plugins\mcufinder
2025-07-07 18:39:52,710 [INFO] ApiDb:250 - Set database path to: C:\Users\Admin\.stmcufinder\plugins\mcufinder//mcu/
2025-07-07 18:39:52,710 [WARN] DbFile:41 - Overriding database path with different value: C:\Users\Admin\.stmcufinder\plugins\mcufinder/ => C:\Users\Admin\.stmcufinder\plugins\mcufinder
2025-07-07 18:39:52,710 [INFO] DbMcusAds:125 - Set database path to: C:\Users\Admin\.stmcufinder\plugins\mcufinder//mcu/
2025-07-07 18:39:52,710 [WARN] DbFile:41 - Overriding database path with different value: C:\Users\Admin\.stmcufinder\plugins\mcufinder/ => C:\Users\Admin\.stmcufinder\plugins\mcufinder
2025-07-07 18:39:52,710 [WARN] DbFile:41 - Overriding database path with different value: C:\Users\Admin\.stmcufinder\plugins\mcufinder/ => C:\Users\Admin\.stmcufinder\plugins\mcufinder
2025-07-07 18:39:52,710 [INFO] CrossReferenceDbSqlite:203 - Set database path to: C:\Users\Admin\.stmcufinder\plugins\mcufinder//mcu/cs/
2025-07-07 18:39:52,741 [INFO] ApplicationProperties:184 - Using Application install path: C:\ST\STM32CubeIDE_1.18.1\STM32CubeIDE\plugins\com.st.stm32cube.common.mx_6.14.1.202504091515
2025-07-07 18:39:52,741 [INFO] PluginManage:196 - Search for loadable plugins [exclusion list=, ]
2025-07-07 18:39:52,741 [INFO] PluginManage:310 - Check plugin analytics
2025-07-07 18:39:52,919 [INFO] AnalyticsPlugin:253 - Accepted Software Licenses: 
2025-07-07 18:39:52,919 [INFO] AnalyticsPlugin:255 - Accepted CMSIS Pack Licenses: 
2025-07-07 18:39:52,920 [INFO] AnalyticsPlugin:257 - Accepted Firmware Licenses: FW.F4.1.28.0,FW.WB.1.22.0
2025-07-07 18:39:52,922 [INFO] PluginManage:359 - Loaded plugin analytics (category:tool,tabindex:-1)
2025-07-07 18:39:52,922 [ERROR] ConfigurationRetriever:142 - IOException on connection: sw-center.st.com
2025-07-07 18:39:52,923 [INFO] PluginManage:310 - Check plugin cadmodel
2025-07-07 18:39:52,923 [ERROR] ConfigurationRetriever:142 - IOException on connection: sw-center.st.com
2025-07-07 18:39:52,924 [ERROR] ConfigurationRetriever:142 - IOException on connection: sw-center.st.com
2025-07-07 18:39:52,931 [INFO] CADModel:105 - Init CAD model plugin
2025-07-07 18:39:52,931 [INFO] PluginManage:359 - Loaded plugin cadmodel (category:power,tabindex:5)
2025-07-07 18:39:52,931 [INFO] PluginManage:310 - Check plugin clock
2025-07-07 18:39:52,943 [INFO] PluginManage:359 - Loaded plugin clock (category:base,tabindex:2)
2025-07-07 18:39:52,944 [INFO] PluginManage:310 - Check plugin ddr
2025-07-07 18:39:52,947 [INFO] PluginManage:359 - Loaded plugin ddr (category:tool,tabindex:6)
2025-07-07 18:39:52,947 [INFO] PluginManage:310 - Check plugin filemanager
2025-07-07 18:39:53,102 [INFO] PluginManage:359 - Loaded plugin filemanager (category:base,tabindex:10)
2025-07-07 18:39:53,102 [INFO] PluginManage:310 - Check plugin ipmanager
2025-07-07 18:39:53,105 [INFO] PluginManage:359 - Loaded plugin ipmanager (category:base,tabindex:5)
2025-07-07 18:39:53,105 [INFO] PluginManage:310 - Check plugin lpbam
2025-07-07 18:39:53,105 [INFO] PluginManage:359 - Loaded plugin lpbam (category:base,tabindex:0)
2025-07-07 18:39:53,105 [INFO] PluginManage:310 - Check plugin memorymap
2025-07-07 18:39:53,121 [INFO] PluginManage:359 - Loaded plugin memorymap (category:base,tabindex:4)
2025-07-07 18:39:53,121 [INFO] PluginManage:310 - Check plugin pinoutandconfiguration
2025-07-07 18:39:53,136 [INFO] PluginManage:359 - Loaded plugin pinoutandconfiguration (category:base,tabindex:1)
2025-07-07 18:39:53,136 [INFO] PluginManage:310 - Check plugin pinoutconfig
2025-07-07 18:39:53,226 [WARN] SupportedApi:132 - Cannot load RTOS API schema: s4s-elt-must-match.1: The content of 'definitions' must match (annotation?, (simpleType | complexType)?, (unique | key | keyref)*)). A problem was found starting at: attribute.
2025-07-07 18:39:53,364 [INFO] PluginManage:359 - Loaded plugin pinoutconfig (category:base,tabindex:0)
2025-07-07 18:39:53,364 [INFO] PluginManage:310 - Check plugin power
2025-07-07 18:39:53,376 [INFO] PluginManage:359 - Loaded plugin power (category:power,tabindex:4)
2025-07-07 18:39:53,377 [INFO] PluginManage:310 - Check plugin projectmanager
2025-07-07 18:39:53,391 [INFO] PluginManage:359 - Loaded plugin projectmanager (category:projectmanager,tabindex:4)
2025-07-07 18:39:53,392 [INFO] PluginManage:310 - Check plugin rif
2025-07-07 18:39:53,400 [INFO] PluginManage:359 - Loaded plugin rif (category:base,tabindex:3)
2025-07-07 18:39:53,401 [INFO] PluginManage:310 - Check plugin thirdparty
2025-07-07 18:39:53,530 [INFO] PluginManage:359 - Loaded plugin thirdparty (category:base,tabindex:-1)
2025-07-07 18:39:53,530 [WARN] IntegrityCheckThread:84 - waiting for thirdparty lock release [integrity check]
2025-07-07 18:39:53,531 [INFO] PluginManage:310 - Check plugin tools
2025-07-07 18:39:53,531 [INFO] IntegrityCheckThread:86 - entering critical section [integrity check]
2025-07-07 18:39:53,531 [INFO] ThirdPartyUpdaterWithRetryManager:70 - Updater plugin not ready yet. [1/15]
2025-07-07 18:39:53,534 [INFO] PluginManage:359 - Loaded plugin tools (category:base,tabindex:7)
2025-07-07 18:39:53,534 [INFO] PluginManage:310 - Check plugin tutovideos
2025-07-07 18:39:53,688 [INFO] PluginManage:359 - Loaded plugin tutovideos (category:base,tabindex:-1)
2025-07-07 18:39:53,688 [INFO] PluginManage:310 - Check plugin updater
2025-07-07 18:39:53,710 [INFO] PluginManage:359 - Loaded plugin updater (category:base,tabindex:12)
2025-07-07 18:39:53,710 [INFO] PluginManage:310 - Check plugin userauth
2025-07-07 18:39:53,714 [INFO] UserAuth:118 - Init User Auth plugin
2025-07-07 18:39:53,715 [INFO] PluginManage:359 - Loaded plugin userauth (category:base,tabindex:14)
2025-07-07 18:39:53,717 [INFO] PluginManage:283 - PluginManage : Loaded plugins [18]
2025-07-07 18:39:53,905 [INFO] PinOutPanel:1589 - setPackage(No Configuration,No Configuration)
2025-07-07 18:39:53,975 [INFO] CADModel:165 - CPN selected for project level
2025-07-07 18:39:53,975 [INFO] CADModel:114 - Register for checkConnection events
2025-07-07 18:39:53,990 [INFO] IPUIPlugin:80 - create IPUIPlugin
2025-07-07 18:39:53,990 [INFO] PluginManager:220 - loadIPPluginJar : add adc
2025-07-07 18:39:53,990 [INFO] IPUIPlugin:80 - create IPUIPlugin
2025-07-07 18:39:53,990 [INFO] PluginManager:220 - loadIPPluginJar : add aes
2025-07-07 18:39:54,006 [INFO] IPUIPlugin:80 - create IPUIPlugin
2025-07-07 18:39:54,006 [INFO] PluginManager:220 - loadIPPluginJar : add can
2025-07-07 18:39:54,006 [INFO] IPUIPlugin:80 - create IPUIPlugin
2025-07-07 18:39:54,006 [INFO] PluginManager:220 - loadIPPluginJar : add comp
2025-07-07 18:39:54,006 [INFO] IPUIPlugin:80 - create IPUIPlugin
2025-07-07 18:39:54,006 [INFO] PluginManager:220 - loadIPPluginJar : add cryp
2025-07-07 18:39:54,006 [INFO] IPUIPlugin:80 - create IPUIPlugin
2025-07-07 18:39:54,006 [INFO] PluginManager:220 - loadIPPluginJar : add ddr_ctrl_phy
2025-07-07 18:39:54,006 [INFO] IPUIPlugin:80 - create IPUIPlugin
2025-07-07 18:39:54,006 [INFO] PluginManager:220 - loadIPPluginJar : add dfsdm
2025-07-07 18:39:54,022 [INFO] IPUIPlugin:80 - create IPUIPlugin
2025-07-07 18:39:54,022 [INFO] PluginManager:220 - loadIPPluginJar : add dma
2025-07-07 18:39:54,022 [INFO] IPUIPlugin:80 - create IPUIPlugin
2025-07-07 18:39:54,022 [INFO] PluginManager:220 - loadIPPluginJar : add dma3
2025-07-07 18:39:54,022 [INFO] IPUIPlugin:80 - create IPUIPlugin
2025-07-07 18:39:54,022 [INFO] PluginManager:220 - loadIPPluginJar : add extmemmanager
2025-07-07 18:39:54,022 [INFO] IPUIPlugin:80 - create IPUIPlugin
2025-07-07 18:39:54,022 [INFO] PluginManager:220 - loadIPPluginJar : add fatfs
2025-07-07 18:39:54,037 [INFO] IPUIPlugin:80 - create IPUIPlugin
2025-07-07 18:39:54,037 [INFO] PluginManager:220 - loadIPPluginJar : add fmc
2025-07-07 18:39:54,037 [INFO] IPUIPlugin:80 - create IPUIPlugin
2025-07-07 18:39:54,037 [INFO] PluginManager:220 - loadIPPluginJar : add freertos
2025-07-07 18:39:54,037 [INFO] IPUIPlugin:80 - create IPUIPlugin
2025-07-07 18:39:54,037 [INFO] PluginManager:220 - loadIPPluginJar : add genericplugin
2025-07-07 18:39:54,037 [INFO] IPUIPlugin:80 - create IPUIPlugin
2025-07-07 18:39:54,037 [INFO] PluginManager:220 - loadIPPluginJar : add gfxmmu
2025-07-07 18:39:54,053 [INFO] IPUIPlugin:80 - create IPUIPlugin
2025-07-07 18:39:54,053 [INFO] PluginManager:220 - loadIPPluginJar : add gic
2025-07-07 18:39:54,053 [INFO] IPUIPlugin:80 - create IPUIPlugin
2025-07-07 18:39:54,053 [INFO] PluginManager:220 - loadIPPluginJar : add gpio
2025-07-07 18:39:54,053 [INFO] IPUIPlugin:80 - create IPUIPlugin
2025-07-07 18:39:54,053 [INFO] PluginManager:220 - loadIPPluginJar : add gtzc
2025-07-07 18:39:54,053 [INFO] IPUIPlugin:80 - create IPUIPlugin
2025-07-07 18:39:54,053 [INFO] PluginManager:220 - loadIPPluginJar : add hash
2025-07-07 18:39:54,069 [INFO] IPUIPlugin:80 - create IPUIPlugin
2025-07-07 18:39:54,069 [INFO] PluginManager:220 - loadIPPluginJar : add i2c
2025-07-07 18:39:54,069 [INFO] IPUIPlugin:80 - create IPUIPlugin
2025-07-07 18:39:54,069 [INFO] PluginManager:220 - loadIPPluginJar : add i2s
2025-07-07 18:39:54,069 [INFO] IPUIPlugin:80 - create IPUIPlugin
2025-07-07 18:39:54,069 [INFO] PluginManager:220 - loadIPPluginJar : add i3c
2025-07-07 18:39:54,069 [INFO] IPUIPlugin:80 - create IPUIPlugin
2025-07-07 18:39:54,069 [INFO] PluginManager:220 - loadIPPluginJar : add ipddr
2025-07-07 18:39:54,084 [INFO] IPUIPlugin:80 - create IPUIPlugin
2025-07-07 18:39:54,084 [INFO] PluginManager:220 - loadIPPluginJar : add linkedlist
2025-07-07 18:39:54,084 [INFO] IPUIPlugin:80 - create IPUIPlugin
2025-07-07 18:39:54,084 [INFO] PluginManager:220 - loadIPPluginJar : add lorawan
2025-07-07 18:39:54,084 [INFO] IPUIPlugin:80 - create IPUIPlugin
2025-07-07 18:39:54,084 [INFO] PluginManager:220 - loadIPPluginJar : add ltdc
2025-07-07 18:39:54,084 [INFO] IPUIPlugin:80 - create IPUIPlugin
2025-07-07 18:39:54,084 [INFO] PluginManager:220 - loadIPPluginJar : add mdma
2025-07-07 18:39:54,100 [INFO] IPUIPlugin:80 - create IPUIPlugin
2025-07-07 18:39:54,100 [INFO] PluginManager:220 - loadIPPluginJar : add nvic
2025-07-07 18:39:54,100 [INFO] IPUIPlugin:80 - create IPUIPlugin
2025-07-07 18:39:54,100 [INFO] PluginManager:220 - loadIPPluginJar : add opamp
2025-07-07 18:39:54,100 [INFO] IPUIPlugin:80 - create IPUIPlugin
2025-07-07 18:39:54,100 [INFO] PluginManager:220 - loadIPPluginJar : add openamp
2025-07-07 18:39:54,100 [INFO] IPUIPlugin:80 - create IPUIPlugin
2025-07-07 18:39:54,100 [INFO] PluginManager:220 - loadIPPluginJar : add pdm2pcm
2025-07-07 18:39:54,115 [INFO] IPUIPlugin:80 - create IPUIPlugin
2025-07-07 18:39:54,115 [INFO] PluginManager:220 - loadIPPluginJar : add plateformsettings
2025-07-07 18:39:54,115 [INFO] IPUIPlugin:80 - create IPUIPlugin
2025-07-07 18:39:54,115 [INFO] PluginManager:220 - loadIPPluginJar : add quadspi
2025-07-07 18:39:54,115 [INFO] IPUIPlugin:80 - create IPUIPlugin
2025-07-07 18:39:54,115 [INFO] PluginManager:220 - loadIPPluginJar : add radio
2025-07-07 18:39:54,115 [INFO] IPUIPlugin:80 - create IPUIPlugin
2025-07-07 18:39:54,115 [INFO] PluginManager:220 - loadIPPluginJar : add resmgrutility
2025-07-07 18:39:54,131 [INFO] IPUIPlugin:80 - create IPUIPlugin
2025-07-07 18:39:54,131 [INFO] PluginManager:220 - loadIPPluginJar : add sai
2025-07-07 18:39:54,131 [INFO] IPUIPlugin:80 - create IPUIPlugin
2025-07-07 18:39:54,131 [INFO] PluginManager:220 - loadIPPluginJar : add spi
2025-07-07 18:39:54,131 [INFO] IPUIPlugin:80 - create IPUIPlugin
2025-07-07 18:39:54,131 [INFO] PluginManager:220 - loadIPPluginJar : add stm32_wpan
2025-07-07 18:39:54,131 [INFO] IPUIPlugin:80 - create IPUIPlugin
2025-07-07 18:39:54,131 [INFO] PluginManager:220 - loadIPPluginJar : add tim
2025-07-07 18:39:54,131 [INFO] IPUIPlugin:80 - create IPUIPlugin
2025-07-07 18:39:54,131 [INFO] PluginManager:220 - loadIPPluginJar : add touchsensing
2025-07-07 18:39:54,147 [INFO] IPUIPlugin:80 - create IPUIPlugin
2025-07-07 18:39:54,147 [INFO] PluginManager:220 - loadIPPluginJar : add tracer_emb
2025-07-07 18:39:54,147 [INFO] IPUIPlugin:80 - create IPUIPlugin
2025-07-07 18:39:54,147 [INFO] PluginManager:220 - loadIPPluginJar : add ts
2025-07-07 18:39:54,147 [INFO] IPUIPlugin:80 - create IPUIPlugin
2025-07-07 18:39:54,147 [INFO] PluginManager:220 - loadIPPluginJar : add tsc
2025-07-07 18:39:54,147 [INFO] IPUIPlugin:80 - create IPUIPlugin
2025-07-07 18:39:54,147 [INFO] PluginManager:220 - loadIPPluginJar : add ucpd
2025-07-07 18:39:54,147 [INFO] IPUIPlugin:80 - create IPUIPlugin
2025-07-07 18:39:54,147 [INFO] PluginManager:220 - loadIPPluginJar : add usart
2025-07-07 18:39:54,147 [INFO] IPUIPlugin:80 - create IPUIPlugin
2025-07-07 18:39:54,147 [INFO] PluginManager:220 - loadIPPluginJar : add usbx
2025-07-07 18:39:54,279 [FATAL] Updater:351 - Updater called before beeing initialized
2025-07-07 18:39:54,310 [INFO] RulesReader:64 - Compatibility file has been processed (302 Rules)
2025-07-07 18:39:54,326 [INFO] RulesReader:64 - Compatibility file has been processed (302 Rules)
2025-07-07 18:39:54,326 [INFO] CADModel:165 - CPN selected for project level
2025-07-07 18:39:54,326 [INFO] CADModel:114 - Register for checkConnection events
2025-07-07 18:39:54,326 [FATAL] Updater:351 - Updater called before beeing initialized
2025-07-07 18:39:54,326 [ERROR] CADModel:125 - Updater not yet initialized, retry later 
2025-07-07 18:39:54,459 [FATAL] Updater:351 - Updater called before beeing initialized
2025-07-07 18:39:54,465 [INFO] CADModel:165 - CPN selected for project level
2025-07-07 18:39:54,465 [INFO] CADModel:114 - Register for checkConnection events
2025-07-07 18:39:54,465 [FATAL] Updater:351 - Updater called before beeing initialized
2025-07-07 18:39:54,465 [ERROR] CADModel:125 - Updater not yet initialized, retry later 
2025-07-07 18:39:54,465 [FATAL] Updater:351 - Updater called before beeing initialized
2025-07-07 18:39:54,559 [FATAL] Updater:351 - Updater called before beeing initialized
2025-07-07 18:39:54,559 [INFO] DbMcusAds:53 - JSON generation date=Thu Jun 19 14:02:37 IST 2025 (1750321957418)
2025-07-07 18:39:54,559 [FATAL] Updater:351 - Updater called before beeing initialized
2025-07-07 18:39:54,606 [WARN] DetailPanel:346 - Failed to get advertising image, set to default
2025-07-07 18:39:54,840 [FATAL] Updater:351 - Updater called before beeing initialized
2025-07-07 18:39:54,840 [FATAL] Updater:351 - Updater called before beeing initialized
2025-07-07 18:39:54,840 [FATAL] Updater:351 - Updater called before beeing initialized
2025-07-07 18:39:54,840 [WARN] DetailPanel:346 - Failed to get advertising image, set to default
2025-07-07 18:39:54,840 [FATAL] Updater:351 - Updater called before beeing initialized
2025-07-07 18:39:54,887 [ERROR] Updater:1198 - MainUpdater not yet initialized. External WinMGr cannot be set.
2025-07-07 18:39:54,887 [INFO] Updater:1134 - Updater Version found : 6.14.1
2025-07-07 18:39:54,902 [INFO] ApplicationProperties:184 - Using Application install path: C:\ST\STM32CubeIDE_1.18.1\STM32CubeIDE\plugins\com.st.stm32cube.common.mx_6.14.1.202504091515
2025-07-07 18:39:56,514 [ERROR] LogOutputStream:75 - [STDERR_REDIRECT] Jul 07, 2025 6:39:56 PM java.util.prefs.WindowsPreferences <init>
2025-07-07 18:39:56,515 [ERROR] LogOutputStream:75 - [STDERR_REDIRECT] WARNING: Could not open/create prefs root node Software\JavaSoft\Prefs at root 0xffffffff80000002. Windows RegCreateKeyEx(...) returned error code 5.
2025-07-07 18:39:56,515 [ERROR] LogOutputStream:75 - [STDERR_REDIRECT] 
2025-07-07 18:39:56,532 [INFO] ThirdPartyUpdaterWithRetryManager:70 - Updater plugin not ready yet. [2/15]
2025-07-07 18:39:56,724 [INFO] MainUpdater:2872 - connection check result : 22
2025-07-07 18:39:56,724 [INFO] MainUpdater:289 - Updater Check For Update Now.
2025-07-07 18:39:56,724 [INFO] MicroXplorer:498 - Change Database Version : DB.6.0.141
2025-07-07 18:39:56,724 [INFO] McuFinderGlobals:63 - Set McuFinder mode to 2 (CubeIDE integrated)
2025-07-07 18:39:56,724 [INFO] UserAuth:171 - activating auth plugin
2025-07-07 18:39:56,734 [INFO] UserAuth:484 - Internet connection configuration mode: 2
2025-07-07 18:39:56,749 [INFO] UserAuth:484 - Internet connection configuration mode: 2
2025-07-07 18:39:56,906 [INFO] CheckServerUpdateThread:120 - End of CheckServer Thread
2025-07-07 18:39:59,710 [WARN] PackLoader:240 - Cannot read IP mode file for STMicroelectronics.FP-SNS-MOTENVWB1.1.4.0
2025-07-07 18:39:59,725 [WARN] PackLoader:240 - Cannot read IP mode file for STMicroelectronics.X-CUBE-SMBUS.2.1.0
2025-07-07 18:39:59,730 [WARN] PackLoader:240 - Cannot read IP mode file for STMicroelectronics.X-CUBE-ST60.1.0.0
2025-07-07 18:39:59,758 [WARN] PackLoader:240 - Cannot read IP mode file for STMicroelectronics.X-CUBE-AZRTOS-F7.1.1.0
2025-07-07 18:39:59,781 [WARN] PackLoader:240 - Cannot read IP mode file for Infineon.AIROC-Wi-Fi-Bluetooth-STM32.1.7.0
2025-07-07 18:39:59,804 [WARN] PackLoader:240 - Cannot read IP mode file for STMicroelectronics.X-CUBE-AZRTOS-H7.3.4.0
2025-07-07 18:39:59,812 [WARN] PackLoader:240 - Cannot read IP mode file for STMicroelectronics.X-CUBE-DISPLAY.3.0.0
2025-07-07 18:39:59,822 [WARN] PackLoader:240 - Cannot read IP mode file for STMicroelectronics.X-CUBE-NFC10.1.0.0
2025-07-07 18:39:59,831 [WARN] PackLoader:240 - Cannot read IP mode file for STMicroelectronics.X-CUBE-BLEMGR.4.0.0
2025-07-07 18:39:59,837 [WARN] PackLoader:240 - Cannot read IP mode file for emotas.I-CUBE-CANOPEN.1.3.0
2025-07-07 18:39:59,841 [WARN] ConditionMgr:438 - getConditionDescription Invalid condition id : Cortex-A Device cause : null
2025-07-07 18:39:59,850 [WARN] ConditionMgr:1044 - genDependencies : Invalid condition id : Cortex-A Device cause : null
2025-07-07 18:39:59,850 [WARN] ConditionMgr:1044 - genDependencies : Invalid condition id : Cortex-A Device cause : null
2025-07-07 18:39:59,850 [WARN] ConditionMgr:1044 - genDependencies : Invalid condition id : Cortex-A Device cause : null
2025-07-07 18:39:59,854 [WARN] PackLoader:240 - Cannot read IP mode file for STMicroelectronics.X-CUBE-AI.10.0.0
2025-07-07 18:39:59,857 [WARN] PackLoader:240 - Cannot read IP mode file for STMicroelectronics.FP-SNS-SMARTAG2.1.2.0
2025-07-07 18:39:59,865 [INFO] LogOutputStream:77 - [STDOUT_REDIRECT] 1 : Invalid condition id : UX_CORESTACK_Condition cause : null
2025-07-07 18:39:59,866 [INFO] LogOutputStream:77 - [STDOUT_REDIRECT] 1 : Invalid condition id : UX_CORESTACK_Condition cause : null
2025-07-07 18:39:59,867 [INFO] LogOutputStream:77 - [STDOUT_REDIRECT] 1 : Invalid condition id : UX_CORESTACK_Condition cause : null
2025-07-07 18:39:59,868 [INFO] LogOutputStream:77 - [STDOUT_REDIRECT] 1 : Invalid condition id : UX_CORESTACK_Condition cause : null
2025-07-07 18:39:59,869 [INFO] LogOutputStream:77 - [STDOUT_REDIRECT] 1 : Invalid condition id : UX_CORESTACK_Condition cause : null
2025-07-07 18:39:59,871 [WARN] PackLoader:240 - Cannot read IP mode file for STMicroelectronics.X-CUBE-AZRTOS-WL.2.0.0
2025-07-07 18:39:59,875 [WARN] PackLoader:240 - Cannot read IP mode file for STMicroelectronics.FP-SNS-MOTENV1.5.0.0
2025-07-07 18:39:59,882 [WARN] PackLoader:240 - Cannot read IP mode file for WES.I-CUBE-Cesium.1.3.0
2025-07-07 18:39:59,886 [WARN] PackLoader:240 - Cannot read IP mode file for STMicroelectronics.X-CUBE-BLE2.3.3.0
2025-07-07 18:39:59,901 [WARN] PackLoader:240 - Cannot read IP mode file for STMicroelectronics.X-CUBE-NFC9.1.0.0
2025-07-07 18:39:59,905 [WARN] PackLoader:240 - Cannot read IP mode file for wolfSSL.I-CUBE-wolfSSL.5.8.0
2025-07-07 18:39:59,908 [WARN] PackLoader:240 - Cannot read IP mode file for wolfSSL.I-CUBE-wolfMQTT.1.19.2
2025-07-07 18:39:59,911 [WARN] PackLoader:240 - Cannot read IP mode file for STMicroelectronics.X-CUBE-AI.10.1.0
2025-07-07 18:39:59,946 [WARN] PackLoader:240 - Cannot read IP mode file for STMicroelectronics.X-CUBE-MEMS1.11.2.0
2025-07-07 18:40:00,054 [WARN] PackLoader:240 - Cannot read IP mode file for STMicroelectronics.X-CUBE-AZRTOS-G0.1.1.0
2025-07-07 18:40:00,060 [WARN] PackLoader:240 - Cannot read IP mode file for STMicroelectronics.X-CUBE-SAFEA1.1.2.2
2025-07-07 18:40:00,064 [WARN] PackLoader:240 - Cannot read IP mode file for STMicroelectronics.X-CUBE-NFC4.3.0.0
2025-07-07 18:40:00,071 [WARN] PackLoader:240 - Cannot read IP mode file for EmbeddedOffice.I-CUBE-FS-RTOS.1.0.1
2025-07-07 18:40:00,076 [WARN] PackLoader:240 - Cannot read IP mode file for STMicroelectronics.X-CUBE-WB05N.2.0.0
2025-07-07 18:40:00,079 [WARN] PackLoader:240 - Cannot read IP mode file for wolfSSL.I-CUBE-wolfTPM.3.8.0
2025-07-07 18:40:00,083 [WARN] PackLoader:240 - Cannot read IP mode file for STMicroelectronics.X-CUBE-TCPP.4.2.0
2025-07-07 18:40:00,088 [WARN] PackLoader:240 - Cannot read IP mode file for RealThread.X-CUBE-RT-Thread_Nano.4.1.1
2025-07-07 18:40:00,092 [WARN] PackLoader:240 - Cannot read IP mode file for STMicroelectronics.FP-ATR-SIGFOX1.3.2.0
2025-07-07 18:40:00,097 [WARN] PackLoader:240 - Cannot read IP mode file for STMicroelectronics.X-CUBE-EEPRMA1.5.1.0
2025-07-07 18:40:00,102 [WARN] PackLoader:240 - Cannot read IP mode file for ITTIA_DB.I-CUBE-ITTIADB.8.9.0
2025-07-07 18:40:00,107 [WARN] PackLoader:240 - Cannot read IP mode file for STMicroelectronics.X-CUBE-ST67W61.1.0.0
2025-07-07 18:40:00,142 [WARN] PackLoader:240 - Cannot read IP mode file for SEGGER.I-CUBE-embOS.1.3.1
2025-07-07 18:40:00,195 [WARN] PackLoader:240 - Cannot read IP mode file for STMicroelectronics.X-CUBE-ALGOBUILD.1.4.0
2025-07-07 18:40:00,241 [WARN] PackLoader:240 - Cannot read IP mode file for STMicroelectronics.X-CUBE-MEMS1.11.3.0
2025-07-07 18:40:00,310 [WARN] PackLoader:240 - Cannot read IP mode file for STMicroelectronics.X-CUBE-PM33A1.1.0.0
2025-07-07 18:40:00,321 [WARN] PackLoader:240 - Cannot read IP mode file for STMicroelectronics.X-CUBE-AZRTOS-F4.1.1.0
2025-07-07 18:40:00,325 [WARN] PackLoader:240 - Cannot read IP mode file for STMicroelectronics.X-CUBE-ISPU.2.1.0
2025-07-07 18:40:00,336 [WARN] PackLoader:240 - Cannot read IP mode file for STMicroelectronics.X-CUBE-AZRTOS-L5.2.0.0
2025-07-07 18:40:00,342 [WARN] PackLoader:240 - Cannot read IP mode file for STMicroelectronics.X-CUBE-NFC6.3.1.0
2025-07-07 18:40:00,348 [WARN] PackLoader:240 - Cannot read IP mode file for STMicroelectronics.FP-SNS-STAIOTCFT.1.0.0
2025-07-07 18:40:00,361 [WARN] ConditionMgr:438 - getConditionDescription Invalid condition id : LAN8742 Phy interface Condition cause : null
2025-07-07 18:40:00,361 [WARN] PackLoader:240 - Cannot read IP mode file for STMicroelectronics.X-CUBE-AZRTOS-L4.2.0.0
2025-07-07 18:40:00,362 [WARN] ConditionMgr:1044 - genDependencies : Invalid condition id : LAN8742 Phy interface Condition cause : null
2025-07-07 18:40:00,362 [WARN] ConditionMgr:1044 - genDependencies : Invalid condition id : LAN8742 Phy interface Condition cause : null
2025-07-07 18:40:00,362 [WARN] ConditionMgr:1044 - genDependencies : Invalid condition id : LAN8742 Phy interface Condition cause : null
2025-07-07 18:40:00,368 [WARN] PackLoader:240 - Cannot read IP mode file for STMicroelectronics.X-CUBE-SFXS2LP1.4.0.0
2025-07-07 18:40:00,381 [WARN] PackLoader:240 - Cannot read IP mode file for STMicroelectronics.X-CUBE-AZRTOS-H7.3.3.0
2025-07-07 18:40:00,391 [WARN] ConditionMgr:438 - getConditionDescription Invalid condition id : UX DEVICE CLASS RTOS Condition cause : null
2025-07-07 18:40:00,391 [WARN] ConditionMgr:438 - getConditionDescription Invalid condition id : UX DEVICE CLASS RTOS Condition cause : null
2025-07-07 18:40:00,392 [WARN] PackLoader:240 - Cannot read IP mode file for STMicroelectronics.X-CUBE-AZRTOS-WB.2.0.0
2025-07-07 18:40:00,393 [WARN] ConditionMgr:1044 - genDependencies : Invalid condition id : UX DEVICE CLASS RTOS Condition cause : null
2025-07-07 18:40:00,393 [WARN] ConditionMgr:1044 - genDependencies : Invalid condition id : UX DEVICE CLASS RTOS Condition cause : null
2025-07-07 18:40:00,393 [WARN] ConditionMgr:1044 - genDependencies : Invalid condition id : UX DEVICE CLASS RTOS Condition cause : null
2025-07-07 18:40:00,393 [WARN] ConditionMgr:1044 - genDependencies : Invalid condition id : UX DEVICE CLASS RTOS Condition cause : null
2025-07-07 18:40:00,393 [WARN] ConditionMgr:1044 - genDependencies : Invalid condition id : UX DEVICE CLASS RTOS Condition cause : null
2025-07-07 18:40:00,397 [WARN] PackLoader:240 - Cannot read IP mode file for STMicroelectronics.X-CUBE-GNSS1.7.0.1
2025-07-07 18:40:00,402 [WARN] PackLoader:240 - Cannot read IP mode file for STMicroelectronics.FP-SNS-STBOX1.2.0.0
2025-07-07 18:40:00,410 [WARN] PackLoader:240 - Cannot read IP mode file for STMicroelectronics.X-CUBE-SUBG2.5.0.0
2025-07-07 18:40:00,424 [WARN] PackLoader:240 - Cannot read IP mode file for STMicroelectronics.X-CUBE-AZRTOS-H7RS.1.1.0
2025-07-07 18:40:00,428 [WARN] PackLoader:240 - Cannot read IP mode file for Cesanta.I-CUBE-Mongoose.7.13.0
2025-07-07 18:40:00,438 [WARN] PackLoader:240 - Cannot read IP mode file for STMicroelectronics.X-CUBE-AZRTOS-G4.2.0.0
2025-07-07 18:40:00,441 [WARN] PackLoader:240 - Cannot read IP mode file for wolfSSL.I-CUBE-wolfSSH.1.4.20
2025-07-07 18:40:00,450 [WARN] PackLoader:240 - Cannot read IP mode file for STMicroelectronics.X-CUBE-IPS.3.1.0
2025-07-07 18:40:00,465 [WARN] PackLoader:240 - Cannot read IP mode file for STMicroelectronics.X-CUBE-ALS.1.0.2
2025-07-07 18:40:00,469 [WARN] PackLoader:240 - Cannot read IP mode file for portGmbH.I-Cube-SoM-uGOAL.1.1.0
2025-07-07 18:40:00,470 [INFO] ThirdParty:978 - Integrity check success = true
2025-07-07 18:40:00,470 [INFO] IntegrityCheckThread:100 - exiting critical section [integrity check]
2025-07-07 18:40:00,470 [INFO] IntegrityCheckThread:103 - End integrity checks thread
