2025-06-10 10:59:37,263 [ERROR] LogOutputStream:75 - [STDERR_REDIRECT] 
2025-06-10 11:00:57,710 [INFO] Activator:176 - 


2025-06-10 11:00:57,712 [INFO] Activator:177 - !SESSION log4j initialized
2025-06-10 11:01:01,899 [INFO] LogOutputStream:77 - [STDOUT_REDIRECT] 
2025-06-10 11:01:02,864 [INFO] ApplicationProperties:184 - Using Application install path: C:\ST\STM32CubeIDE_1.18.1\STM32CubeIDE\plugins\com.st.stm32cube.common.mx_6.14.1.202504091515
2025-06-10 11:01:02,875 [INFO] DbMcusXml:78 - Set database path to: C:\ST\STM32CubeIDE_1.18.1\STM32CubeIDE\plugins\com.st.stm32cube.common.mx_6.14.1.202504091515\\db\/mcu/
2025-06-10 11:01:02,876 [INFO] ApiDb:274 - Set plugin database path to: C:\ST\STM32CubeIDE_1.18.1\STM32CubeIDE\plugins\com.st.stm32cube.common.mx_6.14.1.202504091515\\db\/plugins/boardmanager/
2025-06-10 11:01:02,876 [WARN] ApiDb:259 - Overriding images path with different value:  => C:\ST\STM32CubeIDE_1.18.1\STM32CubeIDE\plugins\com.st.stm32cube.common.mx_6.14.1.202504091515\\db\/plugins/mcufinder/images/
2025-06-10 11:01:02,879 [INFO] ApiDb:250 - Set database path to: C:\Users\Admin\.stmcufinder\plugins\mcufinder//mcu/
2025-06-10 11:01:02,880 [INFO] DbMcusAds:125 - Set database path to: C:\Users\Admin\.stmcufinder\plugins\mcufinder//mcu/
2025-06-10 11:01:02,881 [INFO] CrossReferenceDbSqlite:203 - Set database path to: C:\Users\Admin\.stmcufinder\plugins\mcufinder//mcu/cs/
2025-06-10 11:01:02,975 [INFO] RulesReader:64 - Compatibility file has been processed (302 Rules)
2025-06-10 11:01:03,037 [INFO] DbMcusXml:78 - Set database path to: C:\ST\STM32CubeIDE_1.18.1\STM32CubeIDE\plugins\com.st.stm32cube.common.mx_6.14.1.202504091515\\db\/mcu/
2025-06-10 11:01:03,037 [INFO] ApiDb:274 - Set plugin database path to: C:\ST\STM32CubeIDE_1.18.1\STM32CubeIDE\plugins\com.st.stm32cube.common.mx_6.14.1.202504091515\\db\/plugins/boardmanager/
2025-06-10 11:01:03,037 [INFO] ApiDb:261 - Set plugin images path to: C:\ST\STM32CubeIDE_1.18.1\STM32CubeIDE\plugins\com.st.stm32cube.common.mx_6.14.1.202504091515\\db\/plugins/mcufinder/images/
2025-06-10 11:01:03,037 [WARN] DbFile:41 - Overriding database path with different value: C:\Users\Admin\.stmcufinder\plugins\mcufinder/ => C:\Users\Admin\.stmcufinder\plugins\mcufinder
2025-06-10 11:01:03,038 [INFO] ApiDb:250 - Set database path to: C:\Users\Admin\.stmcufinder\plugins\mcufinder//mcu/
2025-06-10 11:01:03,038 [WARN] DbFile:41 - Overriding database path with different value: C:\Users\Admin\.stmcufinder\plugins\mcufinder/ => C:\Users\Admin\.stmcufinder\plugins\mcufinder
2025-06-10 11:01:03,038 [INFO] DbMcusAds:125 - Set database path to: C:\Users\Admin\.stmcufinder\plugins\mcufinder//mcu/
2025-06-10 11:01:03,038 [WARN] DbFile:41 - Overriding database path with different value: C:\Users\Admin\.stmcufinder\plugins\mcufinder/ => C:\Users\Admin\.stmcufinder\plugins\mcufinder
2025-06-10 11:01:03,038 [WARN] DbFile:41 - Overriding database path with different value: C:\Users\Admin\.stmcufinder\plugins\mcufinder/ => C:\Users\Admin\.stmcufinder\plugins\mcufinder
2025-06-10 11:01:03,038 [INFO] CrossReferenceDbSqlite:203 - Set database path to: C:\Users\Admin\.stmcufinder\plugins\mcufinder//mcu/cs/
2025-06-10 11:01:03,097 [INFO] MainPanel:272 - HeapMemory: 268435456
2025-06-10 11:01:03,163 [INFO] DbMcusXml:78 - Set database path to: C:\ST\STM32CubeIDE_1.18.1\STM32CubeIDE\plugins\com.st.stm32cube.common.mx_6.14.1.202504091515\\db\/mcu/
2025-06-10 11:01:03,163 [INFO] ApiDb:274 - Set plugin database path to: C:\ST\STM32CubeIDE_1.18.1\STM32CubeIDE\plugins\com.st.stm32cube.common.mx_6.14.1.202504091515\\db\/plugins/boardmanager/
2025-06-10 11:01:03,163 [INFO] ApiDb:261 - Set plugin images path to: C:\ST\STM32CubeIDE_1.18.1\STM32CubeIDE\plugins\com.st.stm32cube.common.mx_6.14.1.202504091515\\db\/plugins/mcufinder/images/
2025-06-10 11:01:03,163 [WARN] DbFile:41 - Overriding database path with different value: C:\Users\Admin\.stmcufinder\plugins\mcufinder/ => C:\Users\Admin\.stmcufinder\plugins\mcufinder
2025-06-10 11:01:03,164 [INFO] ApiDb:250 - Set database path to: C:\Users\Admin\.stmcufinder\plugins\mcufinder//mcu/
2025-06-10 11:01:03,164 [WARN] DbFile:41 - Overriding database path with different value: C:\Users\Admin\.stmcufinder\plugins\mcufinder/ => C:\Users\Admin\.stmcufinder\plugins\mcufinder
2025-06-10 11:01:03,164 [INFO] DbMcusAds:125 - Set database path to: C:\Users\Admin\.stmcufinder\plugins\mcufinder//mcu/
2025-06-10 11:01:03,164 [WARN] DbFile:41 - Overriding database path with different value: C:\Users\Admin\.stmcufinder\plugins\mcufinder/ => C:\Users\Admin\.stmcufinder\plugins\mcufinder
2025-06-10 11:01:03,164 [WARN] DbFile:41 - Overriding database path with different value: C:\Users\Admin\.stmcufinder\plugins\mcufinder/ => C:\Users\Admin\.stmcufinder\plugins\mcufinder
2025-06-10 11:01:03,164 [INFO] CrossReferenceDbSqlite:203 - Set database path to: C:\Users\Admin\.stmcufinder\plugins\mcufinder//mcu/cs/
2025-06-10 11:01:03,178 [INFO] ApplicationProperties:184 - Using Application install path: C:\ST\STM32CubeIDE_1.18.1\STM32CubeIDE\plugins\com.st.stm32cube.common.mx_6.14.1.202504091515
2025-06-10 11:01:03,180 [INFO] PluginManage:196 - Search for loadable plugins [exclusion list=, ]
2025-06-10 11:01:03,181 [INFO] PluginManage:310 - Check plugin analytics
2025-06-10 11:01:03,333 [INFO] AnalyticsPlugin:253 - Accepted Software Licenses: 
2025-06-10 11:01:03,333 [INFO] AnalyticsPlugin:255 - Accepted CMSIS Pack Licenses: 
2025-06-10 11:01:03,333 [INFO] AnalyticsPlugin:257 - Accepted Firmware Licenses: FW.F4.1.28.0
2025-06-10 11:01:03,336 [INFO] PluginManage:359 - Loaded plugin analytics (category:tool,tabindex:-1)
2025-06-10 11:01:03,337 [INFO] PluginManage:310 - Check plugin cadmodel
2025-06-10 11:01:03,340 [INFO] CADModel:105 - Init CAD model plugin
2025-06-10 11:01:03,340 [INFO] PluginManage:359 - Loaded plugin cadmodel (category:power,tabindex:5)
2025-06-10 11:01:03,340 [INFO] PluginManage:310 - Check plugin clock
2025-06-10 11:01:03,349 [INFO] PluginManage:359 - Loaded plugin clock (category:base,tabindex:2)
2025-06-10 11:01:03,349 [INFO] PluginManage:310 - Check plugin ddr
2025-06-10 11:01:03,351 [INFO] PluginManage:359 - Loaded plugin ddr (category:tool,tabindex:6)
2025-06-10 11:01:03,352 [INFO] PluginManage:310 - Check plugin filemanager
2025-06-10 11:01:03,469 [INFO] PluginManage:359 - Loaded plugin filemanager (category:base,tabindex:10)
2025-06-10 11:01:03,469 [INFO] PluginManage:310 - Check plugin ipmanager
2025-06-10 11:01:03,475 [INFO] PluginManage:359 - Loaded plugin ipmanager (category:base,tabindex:5)
2025-06-10 11:01:03,475 [INFO] PluginManage:310 - Check plugin lpbam
2025-06-10 11:01:03,481 [INFO] PluginManage:359 - Loaded plugin lpbam (category:base,tabindex:0)
2025-06-10 11:01:03,481 [INFO] PluginManage:310 - Check plugin memorymap
2025-06-10 11:01:03,491 [INFO] PluginManage:359 - Loaded plugin memorymap (category:base,tabindex:4)
2025-06-10 11:01:03,491 [INFO] PluginManage:310 - Check plugin pinoutandconfiguration
2025-06-10 11:01:03,497 [INFO] PluginManage:359 - Loaded plugin pinoutandconfiguration (category:base,tabindex:1)
2025-06-10 11:01:03,497 [INFO] PluginManage:310 - Check plugin pinoutconfig
2025-06-10 11:01:03,580 [WARN] SupportedApi:132 - Cannot load RTOS API schema: s4s-elt-must-match.1: The content of 'definitions' must match (annotation?, (simpleType | complexType)?, (unique | key | keyref)*)). A problem was found starting at: attribute.
2025-06-10 11:01:03,691 [INFO] PluginManage:359 - Loaded plugin pinoutconfig (category:base,tabindex:0)
2025-06-10 11:01:03,691 [INFO] PluginManage:310 - Check plugin power
2025-06-10 11:01:03,699 [INFO] PluginManage:359 - Loaded plugin power (category:power,tabindex:4)
2025-06-10 11:01:03,699 [INFO] PluginManage:310 - Check plugin projectmanager
2025-06-10 11:01:03,713 [INFO] PluginManage:359 - Loaded plugin projectmanager (category:projectmanager,tabindex:4)
2025-06-10 11:01:03,713 [INFO] PluginManage:310 - Check plugin rif
2025-06-10 11:01:03,719 [INFO] PluginManage:359 - Loaded plugin rif (category:base,tabindex:3)
2025-06-10 11:01:03,719 [INFO] PluginManage:310 - Check plugin thirdparty
2025-06-10 11:01:03,845 [INFO] PluginManage:359 - Loaded plugin thirdparty (category:base,tabindex:-1)
2025-06-10 11:01:03,845 [WARN] IntegrityCheckThread:84 - waiting for thirdparty lock release [integrity check]
2025-06-10 11:01:03,845 [INFO] PluginManage:310 - Check plugin tools
2025-06-10 11:01:03,845 [INFO] IntegrityCheckThread:86 - entering critical section [integrity check]
2025-06-10 11:01:03,845 [INFO] ThirdPartyUpdaterWithRetryManager:70 - Updater plugin not ready yet. [1/15]
2025-06-10 11:01:03,848 [INFO] PluginManage:359 - Loaded plugin tools (category:base,tabindex:7)
2025-06-10 11:01:03,848 [INFO] PluginManage:310 - Check plugin tutovideos
2025-06-10 11:01:04,037 [INFO] PluginManage:359 - Loaded plugin tutovideos (category:base,tabindex:-1)
2025-06-10 11:01:04,037 [INFO] PluginManage:310 - Check plugin updater
2025-06-10 11:01:04,057 [INFO] PluginManage:359 - Loaded plugin updater (category:base,tabindex:12)
2025-06-10 11:01:04,058 [INFO] PluginManage:310 - Check plugin userauth
2025-06-10 11:01:04,062 [INFO] UserAuth:118 - Init User Auth plugin
2025-06-10 11:01:04,063 [INFO] PluginManage:359 - Loaded plugin userauth (category:base,tabindex:14)
2025-06-10 11:01:04,063 [INFO] PluginManage:283 - PluginManage : Loaded plugins [18]
2025-06-10 11:01:04,238 [INFO] PinOutPanel:1589 - setPackage(No Configuration,No Configuration)
2025-06-10 11:01:04,308 [INFO] CADModel:165 - CPN selected for project level
2025-06-10 11:01:04,308 [INFO] CADModel:114 - Register for checkConnection events
2025-06-10 11:01:04,325 [INFO] IPUIPlugin:80 - create IPUIPlugin
2025-06-10 11:01:04,325 [INFO] PluginManager:220 - loadIPPluginJar : add adc
2025-06-10 11:01:04,328 [INFO] IPUIPlugin:80 - create IPUIPlugin
2025-06-10 11:01:04,328 [INFO] PluginManager:220 - loadIPPluginJar : add aes
2025-06-10 11:01:04,330 [INFO] IPUIPlugin:80 - create IPUIPlugin
2025-06-10 11:01:04,330 [INFO] PluginManager:220 - loadIPPluginJar : add can
2025-06-10 11:01:04,333 [INFO] IPUIPlugin:80 - create IPUIPlugin
2025-06-10 11:01:04,333 [INFO] PluginManager:220 - loadIPPluginJar : add comp
2025-06-10 11:01:04,335 [INFO] IPUIPlugin:80 - create IPUIPlugin
2025-06-10 11:01:04,335 [INFO] PluginManager:220 - loadIPPluginJar : add cryp
2025-06-10 11:01:04,337 [INFO] IPUIPlugin:80 - create IPUIPlugin
2025-06-10 11:01:04,337 [INFO] PluginManager:220 - loadIPPluginJar : add ddr_ctrl_phy
2025-06-10 11:01:04,340 [INFO] IPUIPlugin:80 - create IPUIPlugin
2025-06-10 11:01:04,340 [INFO] PluginManager:220 - loadIPPluginJar : add dfsdm
2025-06-10 11:01:04,345 [INFO] IPUIPlugin:80 - create IPUIPlugin
2025-06-10 11:01:04,345 [INFO] PluginManager:220 - loadIPPluginJar : add dma
2025-06-10 11:01:04,347 [INFO] IPUIPlugin:80 - create IPUIPlugin
2025-06-10 11:01:04,348 [INFO] PluginManager:220 - loadIPPluginJar : add dma3
2025-06-10 11:01:04,350 [INFO] IPUIPlugin:80 - create IPUIPlugin
2025-06-10 11:01:04,350 [INFO] PluginManager:220 - loadIPPluginJar : add extmemmanager
2025-06-10 11:01:04,351 [INFO] IPUIPlugin:80 - create IPUIPlugin
2025-06-10 11:01:04,351 [INFO] PluginManager:220 - loadIPPluginJar : add fatfs
2025-06-10 11:01:04,355 [INFO] IPUIPlugin:80 - create IPUIPlugin
2025-06-10 11:01:04,355 [INFO] PluginManager:220 - loadIPPluginJar : add fmc
2025-06-10 11:01:04,360 [INFO] IPUIPlugin:80 - create IPUIPlugin
2025-06-10 11:01:04,360 [INFO] PluginManager:220 - loadIPPluginJar : add freertos
2025-06-10 11:01:04,361 [INFO] IPUIPlugin:80 - create IPUIPlugin
2025-06-10 11:01:04,361 [INFO] PluginManager:220 - loadIPPluginJar : add genericplugin
2025-06-10 11:01:04,364 [INFO] IPUIPlugin:80 - create IPUIPlugin
2025-06-10 11:01:04,364 [INFO] PluginManager:220 - loadIPPluginJar : add gfxmmu
2025-06-10 11:01:04,368 [INFO] IPUIPlugin:80 - create IPUIPlugin
2025-06-10 11:01:04,368 [INFO] PluginManager:220 - loadIPPluginJar : add gic
2025-06-10 11:01:04,371 [INFO] IPUIPlugin:80 - create IPUIPlugin
2025-06-10 11:01:04,371 [INFO] PluginManager:220 - loadIPPluginJar : add gpio
2025-06-10 11:01:04,374 [INFO] IPUIPlugin:80 - create IPUIPlugin
2025-06-10 11:01:04,374 [INFO] PluginManager:220 - loadIPPluginJar : add gtzc
2025-06-10 11:01:04,376 [INFO] IPUIPlugin:80 - create IPUIPlugin
2025-06-10 11:01:04,377 [INFO] PluginManager:220 - loadIPPluginJar : add hash
2025-06-10 11:01:04,379 [INFO] IPUIPlugin:80 - create IPUIPlugin
2025-06-10 11:01:04,379 [INFO] PluginManager:220 - loadIPPluginJar : add i2c
2025-06-10 11:01:04,381 [INFO] IPUIPlugin:80 - create IPUIPlugin
2025-06-10 11:01:04,381 [INFO] PluginManager:220 - loadIPPluginJar : add i2s
2025-06-10 11:01:04,384 [INFO] IPUIPlugin:80 - create IPUIPlugin
2025-06-10 11:01:04,384 [INFO] PluginManager:220 - loadIPPluginJar : add i3c
2025-06-10 11:01:04,386 [INFO] IPUIPlugin:80 - create IPUIPlugin
2025-06-10 11:01:04,387 [INFO] PluginManager:220 - loadIPPluginJar : add ipddr
2025-06-10 11:01:04,392 [INFO] IPUIPlugin:80 - create IPUIPlugin
2025-06-10 11:01:04,392 [INFO] PluginManager:220 - loadIPPluginJar : add linkedlist
2025-06-10 11:01:04,395 [INFO] IPUIPlugin:80 - create IPUIPlugin
2025-06-10 11:01:04,395 [INFO] PluginManager:220 - loadIPPluginJar : add lorawan
2025-06-10 11:01:04,396 [INFO] IPUIPlugin:80 - create IPUIPlugin
2025-06-10 11:01:04,396 [INFO] PluginManager:220 - loadIPPluginJar : add ltdc
2025-06-10 11:01:04,400 [INFO] IPUIPlugin:80 - create IPUIPlugin
2025-06-10 11:01:04,400 [INFO] PluginManager:220 - loadIPPluginJar : add mdma
2025-06-10 11:01:04,403 [INFO] IPUIPlugin:80 - create IPUIPlugin
2025-06-10 11:01:04,403 [INFO] PluginManager:220 - loadIPPluginJar : add nvic
2025-06-10 11:01:04,406 [INFO] IPUIPlugin:80 - create IPUIPlugin
2025-06-10 11:01:04,406 [INFO] PluginManager:220 - loadIPPluginJar : add opamp
2025-06-10 11:01:04,409 [INFO] IPUIPlugin:80 - create IPUIPlugin
2025-06-10 11:01:04,409 [INFO] PluginManager:220 - loadIPPluginJar : add openamp
2025-06-10 11:01:04,411 [INFO] IPUIPlugin:80 - create IPUIPlugin
2025-06-10 11:01:04,412 [INFO] PluginManager:220 - loadIPPluginJar : add pdm2pcm
2025-06-10 11:01:04,416 [INFO] IPUIPlugin:80 - create IPUIPlugin
2025-06-10 11:01:04,418 [INFO] PluginManager:220 - loadIPPluginJar : add plateformsettings
2025-06-10 11:01:04,419 [INFO] IPUIPlugin:80 - create IPUIPlugin
2025-06-10 11:01:04,419 [INFO] PluginManager:220 - loadIPPluginJar : add quadspi
2025-06-10 11:01:04,421 [INFO] IPUIPlugin:80 - create IPUIPlugin
2025-06-10 11:01:04,421 [INFO] PluginManager:220 - loadIPPluginJar : add radio
2025-06-10 11:01:04,424 [INFO] IPUIPlugin:80 - create IPUIPlugin
2025-06-10 11:01:04,424 [INFO] PluginManager:220 - loadIPPluginJar : add resmgrutility
2025-06-10 11:01:04,427 [INFO] IPUIPlugin:80 - create IPUIPlugin
2025-06-10 11:01:04,427 [INFO] PluginManager:220 - loadIPPluginJar : add sai
2025-06-10 11:01:04,429 [INFO] IPUIPlugin:80 - create IPUIPlugin
2025-06-10 11:01:04,429 [INFO] PluginManager:220 - loadIPPluginJar : add spi
2025-06-10 11:01:04,433 [INFO] IPUIPlugin:80 - create IPUIPlugin
2025-06-10 11:01:04,433 [INFO] PluginManager:220 - loadIPPluginJar : add stm32_wpan
2025-06-10 11:01:04,435 [INFO] IPUIPlugin:80 - create IPUIPlugin
2025-06-10 11:01:04,435 [INFO] PluginManager:220 - loadIPPluginJar : add tim
2025-06-10 11:01:04,437 [INFO] IPUIPlugin:80 - create IPUIPlugin
2025-06-10 11:01:04,437 [INFO] PluginManager:220 - loadIPPluginJar : add touchsensing
2025-06-10 11:01:04,452 [INFO] IPUIPlugin:80 - create IPUIPlugin
2025-06-10 11:01:04,452 [INFO] PluginManager:220 - loadIPPluginJar : add tracer_emb
2025-06-10 11:01:04,454 [INFO] IPUIPlugin:80 - create IPUIPlugin
2025-06-10 11:01:04,454 [INFO] PluginManager:220 - loadIPPluginJar : add ts
2025-06-10 11:01:04,455 [INFO] IPUIPlugin:80 - create IPUIPlugin
2025-06-10 11:01:04,456 [INFO] PluginManager:220 - loadIPPluginJar : add tsc
2025-06-10 11:01:04,458 [INFO] IPUIPlugin:80 - create IPUIPlugin
2025-06-10 11:01:04,458 [INFO] PluginManager:220 - loadIPPluginJar : add ucpd
2025-06-10 11:01:04,460 [INFO] IPUIPlugin:80 - create IPUIPlugin
2025-06-10 11:01:04,460 [INFO] PluginManager:220 - loadIPPluginJar : add usart
2025-06-10 11:01:04,463 [INFO] IPUIPlugin:80 - create IPUIPlugin
2025-06-10 11:01:04,464 [INFO] PluginManager:220 - loadIPPluginJar : add usbx
2025-06-10 11:01:04,579 [FATAL] Updater:351 - Updater called before beeing initialized
2025-06-10 11:01:04,603 [INFO] RulesReader:64 - Compatibility file has been processed (302 Rules)
2025-06-10 11:01:04,612 [INFO] RulesReader:64 - Compatibility file has been processed (302 Rules)
2025-06-10 11:01:04,619 [INFO] CADModel:165 - CPN selected for project level
2025-06-10 11:01:04,619 [INFO] CADModel:114 - Register for checkConnection events
2025-06-10 11:01:04,619 [FATAL] Updater:351 - Updater called before beeing initialized
2025-06-10 11:01:04,620 [ERROR] CADModel:125 - Updater not yet initialized, retry later 
2025-06-10 11:01:04,730 [FATAL] Updater:351 - Updater called before beeing initialized
2025-06-10 11:01:04,732 [INFO] CADModel:165 - CPN selected for project level
2025-06-10 11:01:04,732 [INFO] CADModel:114 - Register for checkConnection events
2025-06-10 11:01:04,732 [FATAL] Updater:351 - Updater called before beeing initialized
2025-06-10 11:01:04,732 [ERROR] CADModel:125 - Updater not yet initialized, retry later 
2025-06-10 11:01:04,735 [FATAL] Updater:351 - Updater called before beeing initialized
2025-06-10 11:01:04,826 [FATAL] Updater:351 - Updater called before beeing initialized
2025-06-10 11:01:04,829 [INFO] DbMcusAds:53 - JSON generation date=Wed May 07 14:37:55 IST 2025 (1746608875484)
2025-06-10 11:01:04,829 [FATAL] Updater:351 - Updater called before beeing initialized
2025-06-10 11:01:04,858 [WARN] DetailPanel:346 - Failed to get advertising image, set to default
2025-06-10 11:01:05,085 [FATAL] Updater:351 - Updater called before beeing initialized
2025-06-10 11:01:05,086 [FATAL] Updater:351 - Updater called before beeing initialized
2025-06-10 11:01:05,086 [FATAL] Updater:351 - Updater called before beeing initialized
2025-06-10 11:01:05,087 [WARN] DetailPanel:346 - Failed to get advertising image, set to default
2025-06-10 11:01:05,087 [FATAL] Updater:351 - Updater called before beeing initialized
2025-06-10 11:01:05,126 [ERROR] Updater:1198 - MainUpdater not yet initialized. External WinMGr cannot be set.
2025-06-10 11:01:05,127 [INFO] Updater:1134 - Updater Version found : 6.14.1
2025-06-10 11:01:05,140 [INFO] ApplicationProperties:184 - Using Application install path: C:\ST\STM32CubeIDE_1.18.1\STM32CubeIDE\plugins\com.st.stm32cube.common.mx_6.14.1.202504091515
2025-06-10 11:01:06,709 [ERROR] LogOutputStream:75 - [STDERR_REDIRECT] Jun 10, 2025 11:01:06 AM java.util.prefs.WindowsPreferences <init>
2025-06-10 11:01:06,712 [ERROR] LogOutputStream:75 - [STDERR_REDIRECT] WARNING: Could not open/create prefs root node Software\JavaSoft\Prefs at root 0xffffffff80000002. Windows RegCreateKeyEx(...) returned error code 5.
2025-06-10 11:01:06,712 [ERROR] LogOutputStream:75 - [STDERR_REDIRECT] 
2025-06-10 11:01:06,846 [INFO] ThirdPartyUpdaterWithRetryManager:70 - Updater plugin not ready yet. [2/15]
2025-06-10 11:01:07,019 [INFO] MainUpdater:2872 - connection check result : 10
2025-06-10 11:01:07,020 [INFO] MainUpdater:289 - Updater Check For Update Now.
2025-06-10 11:01:07,021 [INFO] MicroXplorer:498 - Change Database Version : DB.6.0.141
2025-06-10 11:01:07,027 [INFO] McuFinderGlobals:63 - Set McuFinder mode to 2 (CubeIDE integrated)
2025-06-10 11:01:07,027 [INFO] UserAuth:171 - activating auth plugin
2025-06-10 11:01:07,030 [INFO] UserAuth:484 - Internet connection configuration mode: 1
2025-06-10 11:01:07,050 [INFO] JxBrowserEngine:152 - Initiate JxBrowser Engine with user profile folder
2025-06-10 11:01:07,238 [INFO] CheckServerUpdateThread:120 - End of CheckServer Thread
2025-06-10 11:01:07,711 [INFO] WebApp:169 - Instantiating new browser for Auth
2025-06-10 11:01:08,421 [INFO] WebApp:463 - Apply proxy settings
2025-06-10 11:01:08,421 [INFO] WebApp:548 - Chromium requires no authentication
2025-06-10 11:01:08,428 [INFO] WebApp:491 - Direct internet connection detected
2025-06-10 11:01:08,445 [INFO] WebApp:894 - Register for checkConnection events
2025-06-10 11:01:08,445 [INFO] WebApp:463 - Apply proxy settings
2025-06-10 11:01:08,445 [INFO] WebApp:548 - Chromium requires no authentication
2025-06-10 11:01:08,445 [INFO] WebApp:491 - Direct internet connection detected
2025-06-10 11:01:08,612 [INFO] WebApp:225 - Starting web application
2025-06-10 11:01:08,612 [INFO] WebApp:593 - Web application path used C:\ST\STM32CubeIDE_1.18.1\STM32CubeIDE\plugins\com.st.stm32cube.common.mx_6.14.1.202504091515\db\plugins\mcufinder\reactClient1\index.html
2025-06-10 11:01:08,765 [INFO] WebApp:191 - Connection restablished
2025-06-10 11:01:10,003 [WARN] PackLoader:240 - Cannot read IP mode file for STMicroelectronics.FP-SNS-MOTENVWB1.1.4.0
2025-06-10 11:01:10,029 [WARN] PackLoader:240 - Cannot read IP mode file for STMicroelectronics.X-CUBE-SMBUS.2.1.0
2025-06-10 11:01:10,035 [WARN] PackLoader:240 - Cannot read IP mode file for STMicroelectronics.X-CUBE-ST60.1.0.0
2025-06-10 11:01:10,072 [WARN] PackLoader:240 - Cannot read IP mode file for STMicroelectronics.X-CUBE-AZRTOS-F7.1.1.0
2025-06-10 11:01:10,108 [WARN] PackLoader:240 - Cannot read IP mode file for Infineon.AIROC-Wi-Fi-Bluetooth-STM32.1.7.0
2025-06-10 11:01:10,140 [WARN] PackLoader:240 - Cannot read IP mode file for STMicroelectronics.X-CUBE-DISPLAY.3.0.0
2025-06-10 11:01:10,162 [WARN] PackLoader:240 - Cannot read IP mode file for STMicroelectronics.X-CUBE-NFC10.1.0.0
2025-06-10 11:01:10,178 [WARN] PackLoader:240 - Cannot read IP mode file for STMicroelectronics.X-CUBE-BLEMGR.4.0.0
2025-06-10 11:01:10,189 [WARN] PackLoader:240 - Cannot read IP mode file for emotas.I-CUBE-CANOPEN.1.3.0
2025-06-10 11:01:10,194 [WARN] ConditionMgr:438 - getConditionDescription Invalid condition id : Cortex-A Device cause : null
2025-06-10 11:01:10,204 [WARN] ConditionMgr:1044 - genDependencies : Invalid condition id : Cortex-A Device cause : null
2025-06-10 11:01:10,204 [WARN] ConditionMgr:1044 - genDependencies : Invalid condition id : Cortex-A Device cause : null
2025-06-10 11:01:10,204 [WARN] ConditionMgr:1044 - genDependencies : Invalid condition id : Cortex-A Device cause : null
2025-06-10 11:01:10,208 [WARN] PackLoader:240 - Cannot read IP mode file for STMicroelectronics.X-CUBE-AI.10.0.0
2025-06-10 11:01:10,214 [WARN] PackLoader:240 - Cannot read IP mode file for STMicroelectronics.FP-SNS-SMARTAG2.1.2.0
2025-06-10 11:01:10,221 [INFO] LogOutputStream:77 - [STDOUT_REDIRECT] 1 : Invalid condition id : UX_CORESTACK_Condition cause : null
2025-06-10 11:01:10,222 [INFO] LogOutputStream:77 - [STDOUT_REDIRECT] 1 : Invalid condition id : UX_CORESTACK_Condition cause : null
2025-06-10 11:01:10,223 [INFO] LogOutputStream:77 - [STDOUT_REDIRECT] 1 : Invalid condition id : UX_CORESTACK_Condition cause : null
2025-06-10 11:01:10,224 [INFO] LogOutputStream:77 - [STDOUT_REDIRECT] 1 : Invalid condition id : UX_CORESTACK_Condition cause : null
2025-06-10 11:01:10,225 [INFO] LogOutputStream:77 - [STDOUT_REDIRECT] 1 : Invalid condition id : UX_CORESTACK_Condition cause : null
2025-06-10 11:01:10,228 [WARN] PackLoader:240 - Cannot read IP mode file for STMicroelectronics.X-CUBE-AZRTOS-WL.2.0.0
2025-06-10 11:01:10,233 [WARN] PackLoader:240 - Cannot read IP mode file for STMicroelectronics.FP-SNS-MOTENV1.5.0.0
2025-06-10 11:01:10,240 [WARN] PackLoader:240 - Cannot read IP mode file for WES.I-CUBE-Cesium.1.3.0
2025-06-10 11:01:10,245 [WARN] PackLoader:240 - Cannot read IP mode file for STMicroelectronics.X-CUBE-BLE2.3.3.0
2025-06-10 11:01:10,251 [WARN] PackLoader:240 - Cannot read IP mode file for STMicroelectronics.X-CUBE-NFC9.1.0.0
2025-06-10 11:01:10,255 [WARN] PackLoader:240 - Cannot read IP mode file for wolfSSL.I-CUBE-wolfSSL.5.8.0
2025-06-10 11:01:10,258 [WARN] PackLoader:240 - Cannot read IP mode file for wolfSSL.I-CUBE-wolfMQTT.1.19.2
2025-06-10 11:01:10,261 [WARN] PackLoader:240 - Cannot read IP mode file for STMicroelectronics.X-CUBE-AI.10.1.0
2025-06-10 11:01:10,278 [WARN] PackLoader:240 - Cannot read IP mode file for STMicroelectronics.X-CUBE-AZRTOS-G0.1.1.0
2025-06-10 11:01:10,284 [WARN] PackLoader:240 - Cannot read IP mode file for STMicroelectronics.X-CUBE-SAFEA1.1.2.2
2025-06-10 11:01:10,289 [WARN] PackLoader:240 - Cannot read IP mode file for STMicroelectronics.X-CUBE-NFC4.3.0.0
2025-06-10 11:01:10,299 [WARN] PackLoader:240 - Cannot read IP mode file for EmbeddedOffice.I-CUBE-FS-RTOS.1.0.1
2025-06-10 11:01:10,303 [WARN] PackLoader:240 - Cannot read IP mode file for STMicroelectronics.X-CUBE-WB05N.2.0.0
2025-06-10 11:01:10,306 [WARN] PackLoader:240 - Cannot read IP mode file for wolfSSL.I-CUBE-wolfTPM.3.8.0
2025-06-10 11:01:10,310 [WARN] PackLoader:240 - Cannot read IP mode file for STMicroelectronics.X-CUBE-TCPP.4.2.0
2025-06-10 11:01:10,314 [WARN] PackLoader:240 - Cannot read IP mode file for RealThread.X-CUBE-RT-Thread_Nano.4.1.1
2025-06-10 11:01:10,317 [WARN] PackLoader:240 - Cannot read IP mode file for STMicroelectronics.FP-ATR-SIGFOX1.3.2.0
2025-06-10 11:01:10,321 [WARN] PackLoader:240 - Cannot read IP mode file for STMicroelectronics.X-CUBE-EEPRMA1.5.1.0
2025-06-10 11:01:10,326 [WARN] PackLoader:240 - Cannot read IP mode file for ITTIA_DB.I-CUBE-ITTIADB.8.9.0
2025-06-10 11:01:10,332 [WARN] PackLoader:240 - Cannot read IP mode file for STMicroelectronics.X-CUBE-ST67W61.1.0.0
2025-06-10 11:01:10,363 [WARN] PackLoader:240 - Cannot read IP mode file for SEGGER.I-CUBE-embOS.1.3.1
2025-06-10 11:01:10,408 [WARN] PackLoader:240 - Cannot read IP mode file for STMicroelectronics.X-CUBE-ALGOBUILD.1.4.0
2025-06-10 11:01:10,419 [WARN] PackLoader:240 - Cannot read IP mode file for STMicroelectronics.X-CUBE-AZRTOS-F4.1.1.0
2025-06-10 11:01:10,423 [WARN] PackLoader:240 - Cannot read IP mode file for STMicroelectronics.X-CUBE-ISPU.2.1.0
2025-06-10 11:01:10,440 [WARN] PackLoader:240 - Cannot read IP mode file for STMicroelectronics.X-CUBE-AZRTOS-L5.2.0.0
2025-06-10 11:01:10,448 [WARN] PackLoader:240 - Cannot read IP mode file for STMicroelectronics.X-CUBE-NFC6.3.1.0
2025-06-10 11:01:10,464 [WARN] ConditionMgr:438 - getConditionDescription Invalid condition id : LAN8742 Phy interface Condition cause : null
2025-06-10 11:01:10,465 [WARN] PackLoader:240 - Cannot read IP mode file for STMicroelectronics.X-CUBE-AZRTOS-L4.2.0.0
2025-06-10 11:01:10,466 [WARN] ConditionMgr:1044 - genDependencies : Invalid condition id : LAN8742 Phy interface Condition cause : null
2025-06-10 11:01:10,466 [WARN] ConditionMgr:1044 - genDependencies : Invalid condition id : LAN8742 Phy interface Condition cause : null
2025-06-10 11:01:10,466 [WARN] ConditionMgr:1044 - genDependencies : Invalid condition id : LAN8742 Phy interface Condition cause : null
2025-06-10 11:01:10,471 [WARN] PackLoader:240 - Cannot read IP mode file for STMicroelectronics.X-CUBE-SFXS2LP1.4.0.0
2025-06-10 11:01:10,485 [WARN] PackLoader:240 - Cannot read IP mode file for STMicroelectronics.X-CUBE-AZRTOS-H7.3.3.0
2025-06-10 11:01:10,495 [WARN] ConditionMgr:438 - getConditionDescription Invalid condition id : UX DEVICE CLASS RTOS Condition cause : null
2025-06-10 11:01:10,496 [WARN] ConditionMgr:438 - getConditionDescription Invalid condition id : UX DEVICE CLASS RTOS Condition cause : null
2025-06-10 11:01:10,497 [WARN] PackLoader:240 - Cannot read IP mode file for STMicroelectronics.X-CUBE-AZRTOS-WB.2.0.0
2025-06-10 11:01:10,498 [WARN] ConditionMgr:1044 - genDependencies : Invalid condition id : UX DEVICE CLASS RTOS Condition cause : null
2025-06-10 11:01:10,498 [WARN] ConditionMgr:1044 - genDependencies : Invalid condition id : UX DEVICE CLASS RTOS Condition cause : null
2025-06-10 11:01:10,498 [WARN] ConditionMgr:1044 - genDependencies : Invalid condition id : UX DEVICE CLASS RTOS Condition cause : null
2025-06-10 11:01:10,498 [WARN] ConditionMgr:1044 - genDependencies : Invalid condition id : UX DEVICE CLASS RTOS Condition cause : null
2025-06-10 11:01:10,498 [WARN] ConditionMgr:1044 - genDependencies : Invalid condition id : UX DEVICE CLASS RTOS Condition cause : null
2025-06-10 11:01:10,502 [WARN] PackLoader:240 - Cannot read IP mode file for STMicroelectronics.X-CUBE-GNSS1.7.0.1
2025-06-10 11:01:10,507 [WARN] PackLoader:240 - Cannot read IP mode file for STMicroelectronics.FP-SNS-STBOX1.2.0.0
2025-06-10 11:01:10,516 [WARN] PackLoader:240 - Cannot read IP mode file for STMicroelectronics.X-CUBE-SUBG2.5.0.0
2025-06-10 11:01:10,538 [WARN] PackLoader:240 - Cannot read IP mode file for STMicroelectronics.X-CUBE-AZRTOS-H7RS.1.1.0
2025-06-10 11:01:10,544 [WARN] PackLoader:240 - Cannot read IP mode file for Cesanta.I-CUBE-Mongoose.7.13.0
2025-06-10 11:01:10,555 [WARN] PackLoader:240 - Cannot read IP mode file for STMicroelectronics.X-CUBE-AZRTOS-G4.2.0.0
2025-06-10 11:01:10,561 [WARN] PackLoader:240 - Cannot read IP mode file for wolfSSL.I-CUBE-wolfSSH.1.4.20
2025-06-10 11:01:10,572 [WARN] PackLoader:240 - Cannot read IP mode file for STMicroelectronics.X-CUBE-IPS.3.1.0
2025-06-10 11:01:10,583 [WARN] PackLoader:240 - Cannot read IP mode file for STMicroelectronics.X-CUBE-ALS.1.0.2
2025-06-10 11:01:10,588 [WARN] PackLoader:240 - Cannot read IP mode file for portGmbH.I-Cube-SoM-uGOAL.1.1.0
2025-06-10 11:01:10,588 [INFO] ThirdParty:978 - Integrity check success = true
2025-06-10 11:01:10,588 [INFO] IntegrityCheckThread:100 - exiting critical section [integrity check]
2025-06-10 11:01:10,588 [INFO] IntegrityCheckThread:103 - End integrity checks thread
2025-06-10 11:24:27,264 [INFO] WebApp:194 - Connection lost
2025-06-10 11:42:52,366 [INFO] Activator:176 - 


2025-06-10 11:42:52,368 [INFO] Activator:177 - !SESSION log4j initialized
2025-06-10 11:42:58,028 [INFO] LogOutputStream:77 - [STDOUT_REDIRECT] 
2025-06-10 11:42:59,224 [INFO] ApplicationProperties:184 - Using Application install path: C:\ST\STM32CubeIDE_1.18.1\STM32CubeIDE\plugins\com.st.stm32cube.common.mx_6.14.1.202504091515
2025-06-10 11:42:59,243 [INFO] DbMcusXml:78 - Set database path to: C:\ST\STM32CubeIDE_1.18.1\STM32CubeIDE\plugins\com.st.stm32cube.common.mx_6.14.1.202504091515\\db\/mcu/
2025-06-10 11:42:59,243 [INFO] ApiDb:274 - Set plugin database path to: C:\ST\STM32CubeIDE_1.18.1\STM32CubeIDE\plugins\com.st.stm32cube.common.mx_6.14.1.202504091515\\db\/plugins/boardmanager/
2025-06-10 11:42:59,243 [WARN] ApiDb:259 - Overriding images path with different value:  => C:\ST\STM32CubeIDE_1.18.1\STM32CubeIDE\plugins\com.st.stm32cube.common.mx_6.14.1.202504091515\\db\/plugins/mcufinder/images/
2025-06-10 11:42:59,252 [INFO] ApiDb:250 - Set database path to: C:\Users\Admin\.stmcufinder\plugins\mcufinder//mcu/
2025-06-10 11:42:59,253 [INFO] DbMcusAds:125 - Set database path to: C:\Users\Admin\.stmcufinder\plugins\mcufinder//mcu/
2025-06-10 11:42:59,255 [INFO] CrossReferenceDbSqlite:203 - Set database path to: C:\Users\Admin\.stmcufinder\plugins\mcufinder//mcu/cs/
2025-06-10 11:42:59,361 [INFO] RulesReader:64 - Compatibility file has been processed (302 Rules)
2025-06-10 11:42:59,437 [INFO] DbMcusXml:78 - Set database path to: C:\ST\STM32CubeIDE_1.18.1\STM32CubeIDE\plugins\com.st.stm32cube.common.mx_6.14.1.202504091515\\db\/mcu/
2025-06-10 11:42:59,437 [INFO] ApiDb:274 - Set plugin database path to: C:\ST\STM32CubeIDE_1.18.1\STM32CubeIDE\plugins\com.st.stm32cube.common.mx_6.14.1.202504091515\\db\/plugins/boardmanager/
2025-06-10 11:42:59,437 [INFO] ApiDb:261 - Set plugin images path to: C:\ST\STM32CubeIDE_1.18.1\STM32CubeIDE\plugins\com.st.stm32cube.common.mx_6.14.1.202504091515\\db\/plugins/mcufinder/images/
2025-06-10 11:42:59,437 [WARN] DbFile:41 - Overriding database path with different value: C:\Users\Admin\.stmcufinder\plugins\mcufinder/ => C:\Users\Admin\.stmcufinder\plugins\mcufinder
2025-06-10 11:42:59,437 [INFO] ApiDb:250 - Set database path to: C:\Users\Admin\.stmcufinder\plugins\mcufinder//mcu/
2025-06-10 11:42:59,437 [WARN] DbFile:41 - Overriding database path with different value: C:\Users\Admin\.stmcufinder\plugins\mcufinder/ => C:\Users\Admin\.stmcufinder\plugins\mcufinder
2025-06-10 11:42:59,437 [INFO] DbMcusAds:125 - Set database path to: C:\Users\Admin\.stmcufinder\plugins\mcufinder//mcu/
2025-06-10 11:42:59,438 [WARN] DbFile:41 - Overriding database path with different value: C:\Users\Admin\.stmcufinder\plugins\mcufinder/ => C:\Users\Admin\.stmcufinder\plugins\mcufinder
2025-06-10 11:42:59,438 [WARN] DbFile:41 - Overriding database path with different value: C:\Users\Admin\.stmcufinder\plugins\mcufinder/ => C:\Users\Admin\.stmcufinder\plugins\mcufinder
2025-06-10 11:42:59,438 [INFO] CrossReferenceDbSqlite:203 - Set database path to: C:\Users\Admin\.stmcufinder\plugins\mcufinder//mcu/cs/
2025-06-10 11:42:59,508 [INFO] MainPanel:272 - HeapMemory: 268435456
2025-06-10 11:42:59,609 [INFO] DbMcusXml:78 - Set database path to: C:\ST\STM32CubeIDE_1.18.1\STM32CubeIDE\plugins\com.st.stm32cube.common.mx_6.14.1.202504091515\\db\/mcu/
2025-06-10 11:42:59,610 [INFO] ApiDb:274 - Set plugin database path to: C:\ST\STM32CubeIDE_1.18.1\STM32CubeIDE\plugins\com.st.stm32cube.common.mx_6.14.1.202504091515\\db\/plugins/boardmanager/
2025-06-10 11:42:59,610 [INFO] ApiDb:261 - Set plugin images path to: C:\ST\STM32CubeIDE_1.18.1\STM32CubeIDE\plugins\com.st.stm32cube.common.mx_6.14.1.202504091515\\db\/plugins/mcufinder/images/
2025-06-10 11:42:59,610 [WARN] DbFile:41 - Overriding database path with different value: C:\Users\Admin\.stmcufinder\plugins\mcufinder/ => C:\Users\Admin\.stmcufinder\plugins\mcufinder
2025-06-10 11:42:59,610 [INFO] ApiDb:250 - Set database path to: C:\Users\Admin\.stmcufinder\plugins\mcufinder//mcu/
2025-06-10 11:42:59,610 [WARN] DbFile:41 - Overriding database path with different value: C:\Users\Admin\.stmcufinder\plugins\mcufinder/ => C:\Users\Admin\.stmcufinder\plugins\mcufinder
2025-06-10 11:42:59,610 [INFO] DbMcusAds:125 - Set database path to: C:\Users\Admin\.stmcufinder\plugins\mcufinder//mcu/
2025-06-10 11:42:59,610 [WARN] DbFile:41 - Overriding database path with different value: C:\Users\Admin\.stmcufinder\plugins\mcufinder/ => C:\Users\Admin\.stmcufinder\plugins\mcufinder
2025-06-10 11:42:59,610 [WARN] DbFile:41 - Overriding database path with different value: C:\Users\Admin\.stmcufinder\plugins\mcufinder/ => C:\Users\Admin\.stmcufinder\plugins\mcufinder
2025-06-10 11:42:59,610 [INFO] CrossReferenceDbSqlite:203 - Set database path to: C:\Users\Admin\.stmcufinder\plugins\mcufinder//mcu/cs/
2025-06-10 11:42:59,626 [INFO] ApplicationProperties:184 - Using Application install path: C:\ST\STM32CubeIDE_1.18.1\STM32CubeIDE\plugins\com.st.stm32cube.common.mx_6.14.1.202504091515
2025-06-10 11:42:59,627 [INFO] PluginManage:196 - Search for loadable plugins [exclusion list=, ]
2025-06-10 11:42:59,628 [INFO] PluginManage:310 - Check plugin analytics
2025-06-10 11:42:59,787 [INFO] AnalyticsPlugin:253 - Accepted Software Licenses: 
2025-06-10 11:42:59,788 [INFO] AnalyticsPlugin:255 - Accepted CMSIS Pack Licenses: 
2025-06-10 11:42:59,788 [INFO] AnalyticsPlugin:257 - Accepted Firmware Licenses: FW.F4.1.28.0
2025-06-10 11:42:59,790 [INFO] PluginManage:359 - Loaded plugin analytics (category:tool,tabindex:-1)
2025-06-10 11:42:59,790 [INFO] PluginManage:310 - Check plugin cadmodel
2025-06-10 11:42:59,797 [INFO] CADModel:105 - Init CAD model plugin
2025-06-10 11:42:59,797 [INFO] PluginManage:359 - Loaded plugin cadmodel (category:power,tabindex:5)
2025-06-10 11:42:59,797 [INFO] PluginManage:310 - Check plugin clock
2025-06-10 11:42:59,807 [INFO] PluginManage:359 - Loaded plugin clock (category:base,tabindex:2)
2025-06-10 11:42:59,807 [INFO] PluginManage:310 - Check plugin ddr
2025-06-10 11:42:59,809 [INFO] PluginManage:359 - Loaded plugin ddr (category:tool,tabindex:6)
2025-06-10 11:42:59,809 [INFO] PluginManage:310 - Check plugin filemanager
2025-06-10 11:42:59,942 [INFO] PluginManage:359 - Loaded plugin filemanager (category:base,tabindex:10)
2025-06-10 11:42:59,943 [INFO] PluginManage:310 - Check plugin ipmanager
2025-06-10 11:42:59,948 [INFO] PluginManage:359 - Loaded plugin ipmanager (category:base,tabindex:5)
2025-06-10 11:42:59,949 [INFO] PluginManage:310 - Check plugin lpbam
2025-06-10 11:42:59,956 [INFO] PluginManage:359 - Loaded plugin lpbam (category:base,tabindex:0)
2025-06-10 11:42:59,957 [INFO] PluginManage:310 - Check plugin memorymap
2025-06-10 11:42:59,973 [INFO] PluginManage:359 - Loaded plugin memorymap (category:base,tabindex:4)
2025-06-10 11:42:59,974 [INFO] PluginManage:310 - Check plugin pinoutandconfiguration
2025-06-10 11:42:59,999 [INFO] PluginManage:359 - Loaded plugin pinoutandconfiguration (category:base,tabindex:1)
2025-06-10 11:42:59,999 [INFO] PluginManage:310 - Check plugin pinoutconfig
2025-06-10 11:43:00,082 [WARN] SupportedApi:132 - Cannot load RTOS API schema: s4s-elt-must-match.1: The content of 'definitions' must match (annotation?, (simpleType | complexType)?, (unique | key | keyref)*)). A problem was found starting at: attribute.
2025-06-10 11:43:00,214 [INFO] PluginManage:359 - Loaded plugin pinoutconfig (category:base,tabindex:0)
2025-06-10 11:43:00,214 [INFO] PluginManage:310 - Check plugin power
2025-06-10 11:43:00,225 [INFO] PluginManage:359 - Loaded plugin power (category:power,tabindex:4)
2025-06-10 11:43:00,225 [INFO] PluginManage:310 - Check plugin projectmanager
2025-06-10 11:43:00,240 [INFO] PluginManage:359 - Loaded plugin projectmanager (category:projectmanager,tabindex:4)
2025-06-10 11:43:00,240 [INFO] PluginManage:310 - Check plugin rif
2025-06-10 11:43:00,248 [INFO] PluginManage:359 - Loaded plugin rif (category:base,tabindex:3)
2025-06-10 11:43:00,248 [INFO] PluginManage:310 - Check plugin thirdparty
2025-06-10 11:43:00,381 [INFO] PluginManage:359 - Loaded plugin thirdparty (category:base,tabindex:-1)
2025-06-10 11:43:00,381 [WARN] IntegrityCheckThread:84 - waiting for thirdparty lock release [integrity check]
2025-06-10 11:43:00,381 [INFO] PluginManage:310 - Check plugin tools
2025-06-10 11:43:00,381 [INFO] IntegrityCheckThread:86 - entering critical section [integrity check]
2025-06-10 11:43:00,381 [INFO] ThirdPartyUpdaterWithRetryManager:70 - Updater plugin not ready yet. [1/15]
2025-06-10 11:43:00,384 [INFO] PluginManage:359 - Loaded plugin tools (category:base,tabindex:7)
2025-06-10 11:43:00,385 [INFO] PluginManage:310 - Check plugin tutovideos
2025-06-10 11:43:00,543 [INFO] PluginManage:359 - Loaded plugin tutovideos (category:base,tabindex:-1)
2025-06-10 11:43:00,543 [INFO] PluginManage:310 - Check plugin updater
2025-06-10 11:43:00,563 [INFO] PluginManage:359 - Loaded plugin updater (category:base,tabindex:12)
2025-06-10 11:43:00,563 [INFO] PluginManage:310 - Check plugin userauth
2025-06-10 11:43:00,568 [INFO] UserAuth:118 - Init User Auth plugin
2025-06-10 11:43:00,569 [INFO] PluginManage:359 - Loaded plugin userauth (category:base,tabindex:14)
2025-06-10 11:43:00,569 [INFO] PluginManage:283 - PluginManage : Loaded plugins [18]
2025-06-10 11:43:00,749 [INFO] PinOutPanel:1589 - setPackage(No Configuration,No Configuration)
2025-06-10 11:43:00,823 [INFO] CADModel:165 - CPN selected for project level
2025-06-10 11:43:00,824 [INFO] CADModel:114 - Register for checkConnection events
2025-06-10 11:43:00,840 [INFO] IPUIPlugin:80 - create IPUIPlugin
2025-06-10 11:43:00,841 [INFO] PluginManager:220 - loadIPPluginJar : add adc
2025-06-10 11:43:00,843 [INFO] IPUIPlugin:80 - create IPUIPlugin
2025-06-10 11:43:00,844 [INFO] PluginManager:220 - loadIPPluginJar : add aes
2025-06-10 11:43:00,846 [INFO] IPUIPlugin:80 - create IPUIPlugin
2025-06-10 11:43:00,847 [INFO] PluginManager:220 - loadIPPluginJar : add can
2025-06-10 11:43:00,848 [INFO] IPUIPlugin:80 - create IPUIPlugin
2025-06-10 11:43:00,848 [INFO] PluginManager:220 - loadIPPluginJar : add comp
2025-06-10 11:43:00,851 [INFO] IPUIPlugin:80 - create IPUIPlugin
2025-06-10 11:43:00,851 [INFO] PluginManager:220 - loadIPPluginJar : add cryp
2025-06-10 11:43:00,854 [INFO] IPUIPlugin:80 - create IPUIPlugin
2025-06-10 11:43:00,854 [INFO] PluginManager:220 - loadIPPluginJar : add ddr_ctrl_phy
2025-06-10 11:43:00,857 [INFO] IPUIPlugin:80 - create IPUIPlugin
2025-06-10 11:43:00,857 [INFO] PluginManager:220 - loadIPPluginJar : add dfsdm
2025-06-10 11:43:00,861 [INFO] IPUIPlugin:80 - create IPUIPlugin
2025-06-10 11:43:00,862 [INFO] PluginManager:220 - loadIPPluginJar : add dma
2025-06-10 11:43:00,865 [INFO] IPUIPlugin:80 - create IPUIPlugin
2025-06-10 11:43:00,865 [INFO] PluginManager:220 - loadIPPluginJar : add dma3
2025-06-10 11:43:00,868 [INFO] IPUIPlugin:80 - create IPUIPlugin
2025-06-10 11:43:00,868 [INFO] PluginManager:220 - loadIPPluginJar : add extmemmanager
2025-06-10 11:43:00,870 [INFO] IPUIPlugin:80 - create IPUIPlugin
2025-06-10 11:43:00,870 [INFO] PluginManager:220 - loadIPPluginJar : add fatfs
2025-06-10 11:43:00,874 [INFO] IPUIPlugin:80 - create IPUIPlugin
2025-06-10 11:43:00,874 [INFO] PluginManager:220 - loadIPPluginJar : add fmc
2025-06-10 11:43:00,880 [INFO] IPUIPlugin:80 - create IPUIPlugin
2025-06-10 11:43:00,881 [INFO] PluginManager:220 - loadIPPluginJar : add freertos
2025-06-10 11:43:00,882 [INFO] IPUIPlugin:80 - create IPUIPlugin
2025-06-10 11:43:00,882 [INFO] PluginManager:220 - loadIPPluginJar : add genericplugin
2025-06-10 11:43:00,885 [INFO] IPUIPlugin:80 - create IPUIPlugin
2025-06-10 11:43:00,885 [INFO] PluginManager:220 - loadIPPluginJar : add gfxmmu
2025-06-10 11:43:00,889 [INFO] IPUIPlugin:80 - create IPUIPlugin
2025-06-10 11:43:00,889 [INFO] PluginManager:220 - loadIPPluginJar : add gic
2025-06-10 11:43:00,893 [INFO] IPUIPlugin:80 - create IPUIPlugin
2025-06-10 11:43:00,893 [INFO] PluginManager:220 - loadIPPluginJar : add gpio
2025-06-10 11:43:00,896 [INFO] IPUIPlugin:80 - create IPUIPlugin
2025-06-10 11:43:00,896 [INFO] PluginManager:220 - loadIPPluginJar : add gtzc
2025-06-10 11:43:00,899 [INFO] IPUIPlugin:80 - create IPUIPlugin
2025-06-10 11:43:00,899 [INFO] PluginManager:220 - loadIPPluginJar : add hash
2025-06-10 11:43:00,902 [INFO] IPUIPlugin:80 - create IPUIPlugin
2025-06-10 11:43:00,902 [INFO] PluginManager:220 - loadIPPluginJar : add i2c
2025-06-10 11:43:00,905 [INFO] IPUIPlugin:80 - create IPUIPlugin
2025-06-10 11:43:00,905 [INFO] PluginManager:220 - loadIPPluginJar : add i2s
2025-06-10 11:43:00,908 [INFO] IPUIPlugin:80 - create IPUIPlugin
2025-06-10 11:43:00,908 [INFO] PluginManager:220 - loadIPPluginJar : add i3c
2025-06-10 11:43:00,911 [INFO] IPUIPlugin:80 - create IPUIPlugin
2025-06-10 11:43:00,911 [INFO] PluginManager:220 - loadIPPluginJar : add ipddr
2025-06-10 11:43:00,917 [INFO] IPUIPlugin:80 - create IPUIPlugin
2025-06-10 11:43:00,917 [INFO] PluginManager:220 - loadIPPluginJar : add linkedlist
2025-06-10 11:43:00,920 [INFO] IPUIPlugin:80 - create IPUIPlugin
2025-06-10 11:43:00,920 [INFO] PluginManager:220 - loadIPPluginJar : add lorawan
2025-06-10 11:43:00,922 [INFO] IPUIPlugin:80 - create IPUIPlugin
2025-06-10 11:43:00,922 [INFO] PluginManager:220 - loadIPPluginJar : add ltdc
2025-06-10 11:43:00,927 [INFO] IPUIPlugin:80 - create IPUIPlugin
2025-06-10 11:43:00,927 [INFO] PluginManager:220 - loadIPPluginJar : add mdma
2025-06-10 11:43:00,931 [INFO] IPUIPlugin:80 - create IPUIPlugin
2025-06-10 11:43:00,931 [INFO] PluginManager:220 - loadIPPluginJar : add nvic
2025-06-10 11:43:00,935 [INFO] IPUIPlugin:80 - create IPUIPlugin
2025-06-10 11:43:00,935 [INFO] PluginManager:220 - loadIPPluginJar : add opamp
2025-06-10 11:43:00,938 [INFO] IPUIPlugin:80 - create IPUIPlugin
2025-06-10 11:43:00,939 [INFO] PluginManager:220 - loadIPPluginJar : add openamp
2025-06-10 11:43:00,942 [INFO] IPUIPlugin:80 - create IPUIPlugin
2025-06-10 11:43:00,942 [INFO] PluginManager:220 - loadIPPluginJar : add pdm2pcm
2025-06-10 11:43:00,947 [INFO] IPUIPlugin:80 - create IPUIPlugin
2025-06-10 11:43:00,949 [INFO] PluginManager:220 - loadIPPluginJar : add plateformsettings
2025-06-10 11:43:00,951 [INFO] IPUIPlugin:80 - create IPUIPlugin
2025-06-10 11:43:00,951 [INFO] PluginManager:220 - loadIPPluginJar : add quadspi
2025-06-10 11:43:00,953 [INFO] IPUIPlugin:80 - create IPUIPlugin
2025-06-10 11:43:00,953 [INFO] PluginManager:220 - loadIPPluginJar : add radio
2025-06-10 11:43:00,957 [INFO] IPUIPlugin:80 - create IPUIPlugin
2025-06-10 11:43:00,957 [INFO] PluginManager:220 - loadIPPluginJar : add resmgrutility
2025-06-10 11:43:00,960 [INFO] IPUIPlugin:80 - create IPUIPlugin
2025-06-10 11:43:00,960 [INFO] PluginManager:220 - loadIPPluginJar : add sai
2025-06-10 11:43:00,963 [INFO] IPUIPlugin:80 - create IPUIPlugin
2025-06-10 11:43:00,963 [INFO] PluginManager:220 - loadIPPluginJar : add spi
2025-06-10 11:43:00,969 [INFO] IPUIPlugin:80 - create IPUIPlugin
2025-06-10 11:43:00,969 [INFO] PluginManager:220 - loadIPPluginJar : add stm32_wpan
2025-06-10 11:43:00,971 [INFO] IPUIPlugin:80 - create IPUIPlugin
2025-06-10 11:43:00,971 [INFO] PluginManager:220 - loadIPPluginJar : add tim
2025-06-10 11:43:00,974 [INFO] IPUIPlugin:80 - create IPUIPlugin
2025-06-10 11:43:00,975 [INFO] PluginManager:220 - loadIPPluginJar : add touchsensing
2025-06-10 11:43:00,977 [INFO] IPUIPlugin:80 - create IPUIPlugin
2025-06-10 11:43:00,977 [INFO] PluginManager:220 - loadIPPluginJar : add tracer_emb
2025-06-10 11:43:00,979 [INFO] IPUIPlugin:80 - create IPUIPlugin
2025-06-10 11:43:00,980 [INFO] PluginManager:220 - loadIPPluginJar : add ts
2025-06-10 11:43:00,982 [INFO] IPUIPlugin:80 - create IPUIPlugin
2025-06-10 11:43:00,982 [INFO] PluginManager:220 - loadIPPluginJar : add tsc
2025-06-10 11:43:00,984 [INFO] IPUIPlugin:80 - create IPUIPlugin
2025-06-10 11:43:00,984 [INFO] PluginManager:220 - loadIPPluginJar : add ucpd
2025-06-10 11:43:00,986 [INFO] IPUIPlugin:80 - create IPUIPlugin
2025-06-10 11:43:00,986 [INFO] PluginManager:220 - loadIPPluginJar : add usart
2025-06-10 11:43:00,989 [INFO] IPUIPlugin:80 - create IPUIPlugin
2025-06-10 11:43:00,989 [INFO] PluginManager:220 - loadIPPluginJar : add usbx
2025-06-10 11:43:01,109 [FATAL] Updater:351 - Updater called before beeing initialized
2025-06-10 11:43:01,141 [INFO] RulesReader:64 - Compatibility file has been processed (302 Rules)
2025-06-10 11:43:01,150 [INFO] RulesReader:64 - Compatibility file has been processed (302 Rules)
2025-06-10 11:43:01,158 [INFO] CADModel:165 - CPN selected for project level
2025-06-10 11:43:01,158 [INFO] CADModel:114 - Register for checkConnection events
2025-06-10 11:43:01,158 [FATAL] Updater:351 - Updater called before beeing initialized
2025-06-10 11:43:01,158 [ERROR] CADModel:125 - Updater not yet initialized, retry later 
2025-06-10 11:43:01,289 [FATAL] Updater:351 - Updater called before beeing initialized
2025-06-10 11:43:01,290 [INFO] CADModel:165 - CPN selected for project level
2025-06-10 11:43:01,290 [INFO] CADModel:114 - Register for checkConnection events
2025-06-10 11:43:01,290 [FATAL] Updater:351 - Updater called before beeing initialized
2025-06-10 11:43:01,291 [ERROR] CADModel:125 - Updater not yet initialized, retry later 
2025-06-10 11:43:01,294 [FATAL] Updater:351 - Updater called before beeing initialized
2025-06-10 11:43:01,396 [FATAL] Updater:351 - Updater called before beeing initialized
2025-06-10 11:43:01,400 [INFO] DbMcusAds:53 - JSON generation date=Wed May 07 14:37:55 IST 2025 (1746608875484)
2025-06-10 11:43:01,400 [FATAL] Updater:351 - Updater called before beeing initialized
2025-06-10 11:43:01,438 [WARN] DetailPanel:346 - Failed to get advertising image, set to default
2025-06-10 11:43:01,668 [FATAL] Updater:351 - Updater called before beeing initialized
2025-06-10 11:43:01,670 [FATAL] Updater:351 - Updater called before beeing initialized
2025-06-10 11:43:01,671 [FATAL] Updater:351 - Updater called before beeing initialized
2025-06-10 11:43:01,671 [WARN] DetailPanel:346 - Failed to get advertising image, set to default
2025-06-10 11:43:01,671 [FATAL] Updater:351 - Updater called before beeing initialized
2025-06-10 11:43:01,711 [ERROR] Updater:1198 - MainUpdater not yet initialized. External WinMGr cannot be set.
2025-06-10 11:43:01,713 [INFO] Updater:1134 - Updater Version found : 6.14.1
2025-06-10 11:43:01,730 [INFO] ApplicationProperties:184 - Using Application install path: C:\ST\STM32CubeIDE_1.18.1\STM32CubeIDE\plugins\com.st.stm32cube.common.mx_6.14.1.202504091515
2025-06-10 11:43:03,302 [ERROR] LogOutputStream:75 - [STDERR_REDIRECT] Jun 10, 2025 11:43:03 AM java.util.prefs.WindowsPreferences <init>
2025-06-10 11:43:03,304 [ERROR] LogOutputStream:75 - [STDERR_REDIRECT] WARNING: Could not open/create prefs root node Software\JavaSoft\Prefs at root 0xffffffff80000002. Windows RegCreateKeyEx(...) returned error code 5.
2025-06-10 11:43:03,304 [ERROR] LogOutputStream:75 - [STDERR_REDIRECT] 
2025-06-10 11:43:03,383 [INFO] ThirdPartyUpdaterWithRetryManager:70 - Updater plugin not ready yet. [2/15]
2025-06-10 11:43:03,549 [INFO] MainUpdater:2872 - connection check result : 10
2025-06-10 11:43:03,549 [INFO] MainUpdater:289 - Updater Check For Update Now.
2025-06-10 11:43:03,549 [INFO] MicroXplorer:498 - Change Database Version : DB.6.0.141
2025-06-10 11:43:03,556 [INFO] McuFinderGlobals:63 - Set McuFinder mode to 2 (CubeIDE integrated)
2025-06-10 11:43:03,556 [INFO] UserAuth:171 - activating auth plugin
2025-06-10 11:43:03,559 [INFO] UserAuth:484 - Internet connection configuration mode: 1
2025-06-10 11:43:03,587 [INFO] JxBrowserEngine:152 - Initiate JxBrowser Engine with user profile folder
2025-06-10 11:43:03,736 [INFO] CheckServerUpdateThread:120 - End of CheckServer Thread
2025-06-10 11:43:05,112 [INFO] WebApp:169 - Instantiating new browser for Auth
2025-06-10 11:43:05,877 [INFO] WebApp:463 - Apply proxy settings
2025-06-10 11:43:05,878 [INFO] WebApp:548 - Chromium requires no authentication
2025-06-10 11:43:05,896 [INFO] WebApp:491 - Direct internet connection detected
2025-06-10 11:43:05,934 [INFO] WebApp:894 - Register for checkConnection events
2025-06-10 11:43:05,934 [INFO] WebApp:463 - Apply proxy settings
2025-06-10 11:43:05,934 [INFO] WebApp:548 - Chromium requires no authentication
2025-06-10 11:43:05,934 [INFO] WebApp:491 - Direct internet connection detected
2025-06-10 11:43:06,129 [INFO] WebApp:225 - Starting web application
2025-06-10 11:43:06,129 [INFO] WebApp:593 - Web application path used C:\ST\STM32CubeIDE_1.18.1\STM32CubeIDE\plugins\com.st.stm32cube.common.mx_6.14.1.202504091515\db\plugins\mcufinder\reactClient1\index.html
2025-06-10 11:43:06,249 [INFO] WebApp:191 - Connection restablished
2025-06-10 11:43:06,680 [WARN] PackLoader:240 - Cannot read IP mode file for STMicroelectronics.FP-SNS-MOTENVWB1.1.4.0
2025-06-10 11:43:06,698 [WARN] PackLoader:240 - Cannot read IP mode file for STMicroelectronics.X-CUBE-SMBUS.2.1.0
2025-06-10 11:43:06,706 [WARN] PackLoader:240 - Cannot read IP mode file for STMicroelectronics.X-CUBE-ST60.1.0.0
2025-06-10 11:43:06,754 [WARN] PackLoader:240 - Cannot read IP mode file for STMicroelectronics.X-CUBE-AZRTOS-F7.1.1.0
2025-06-10 11:43:06,815 [WARN] PackLoader:240 - Cannot read IP mode file for Infineon.AIROC-Wi-Fi-Bluetooth-STM32.1.7.0
2025-06-10 11:43:06,834 [WARN] PackLoader:240 - Cannot read IP mode file for STMicroelectronics.X-CUBE-DISPLAY.3.0.0
2025-06-10 11:43:06,855 [WARN] PackLoader:240 - Cannot read IP mode file for STMicroelectronics.X-CUBE-NFC10.1.0.0
2025-06-10 11:43:06,870 [WARN] PackLoader:240 - Cannot read IP mode file for STMicroelectronics.X-CUBE-BLEMGR.4.0.0
2025-06-10 11:43:06,881 [WARN] PackLoader:240 - Cannot read IP mode file for emotas.I-CUBE-CANOPEN.1.3.0
2025-06-10 11:43:06,886 [WARN] ConditionMgr:438 - getConditionDescription Invalid condition id : Cortex-A Device cause : null
2025-06-10 11:43:06,900 [WARN] ConditionMgr:1044 - genDependencies : Invalid condition id : Cortex-A Device cause : null
2025-06-10 11:43:06,900 [WARN] ConditionMgr:1044 - genDependencies : Invalid condition id : Cortex-A Device cause : null
2025-06-10 11:43:06,901 [WARN] ConditionMgr:1044 - genDependencies : Invalid condition id : Cortex-A Device cause : null
2025-06-10 11:43:06,906 [WARN] PackLoader:240 - Cannot read IP mode file for STMicroelectronics.X-CUBE-AI.10.0.0
2025-06-10 11:43:06,911 [WARN] PackLoader:240 - Cannot read IP mode file for STMicroelectronics.FP-SNS-SMARTAG2.1.2.0
2025-06-10 11:43:06,923 [INFO] LogOutputStream:77 - [STDOUT_REDIRECT] 1 : Invalid condition id : UX_CORESTACK_Condition cause : null
2025-06-10 11:43:06,924 [INFO] LogOutputStream:77 - [STDOUT_REDIRECT] 1 : Invalid condition id : UX_CORESTACK_Condition cause : null
2025-06-10 11:43:06,926 [INFO] LogOutputStream:77 - [STDOUT_REDIRECT] 1 : Invalid condition id : UX_CORESTACK_Condition cause : null
2025-06-10 11:43:06,927 [INFO] LogOutputStream:77 - [STDOUT_REDIRECT] 1 : Invalid condition id : UX_CORESTACK_Condition cause : null
2025-06-10 11:43:06,928 [INFO] LogOutputStream:77 - [STDOUT_REDIRECT] 1 : Invalid condition id : UX_CORESTACK_Condition cause : null
2025-06-10 11:43:06,931 [WARN] PackLoader:240 - Cannot read IP mode file for STMicroelectronics.X-CUBE-AZRTOS-WL.2.0.0
2025-06-10 11:43:06,938 [WARN] PackLoader:240 - Cannot read IP mode file for STMicroelectronics.FP-SNS-MOTENV1.5.0.0
2025-06-10 11:43:06,947 [WARN] PackLoader:240 - Cannot read IP mode file for WES.I-CUBE-Cesium.1.3.0
2025-06-10 11:43:06,952 [WARN] PackLoader:240 - Cannot read IP mode file for STMicroelectronics.X-CUBE-BLE2.3.3.0
2025-06-10 11:43:06,959 [WARN] PackLoader:240 - Cannot read IP mode file for STMicroelectronics.X-CUBE-NFC9.1.0.0
2025-06-10 11:43:06,965 [WARN] PackLoader:240 - Cannot read IP mode file for wolfSSL.I-CUBE-wolfSSL.5.8.0
2025-06-10 11:43:06,970 [WARN] PackLoader:240 - Cannot read IP mode file for wolfSSL.I-CUBE-wolfMQTT.1.19.2
2025-06-10 11:43:06,973 [WARN] PackLoader:240 - Cannot read IP mode file for STMicroelectronics.X-CUBE-AI.10.1.0
2025-06-10 11:43:06,989 [WARN] PackLoader:240 - Cannot read IP mode file for STMicroelectronics.X-CUBE-AZRTOS-G0.1.1.0
2025-06-10 11:43:06,997 [WARN] PackLoader:240 - Cannot read IP mode file for STMicroelectronics.X-CUBE-SAFEA1.1.2.2
2025-06-10 11:43:07,003 [WARN] PackLoader:240 - Cannot read IP mode file for STMicroelectronics.X-CUBE-NFC4.3.0.0
2025-06-10 11:43:07,013 [WARN] PackLoader:240 - Cannot read IP mode file for EmbeddedOffice.I-CUBE-FS-RTOS.1.0.1
2025-06-10 11:43:07,019 [WARN] PackLoader:240 - Cannot read IP mode file for STMicroelectronics.X-CUBE-WB05N.2.0.0
2025-06-10 11:43:07,024 [WARN] PackLoader:240 - Cannot read IP mode file for wolfSSL.I-CUBE-wolfTPM.3.8.0
2025-06-10 11:43:07,030 [WARN] PackLoader:240 - Cannot read IP mode file for STMicroelectronics.X-CUBE-TCPP.4.2.0
2025-06-10 11:43:07,037 [WARN] PackLoader:240 - Cannot read IP mode file for RealThread.X-CUBE-RT-Thread_Nano.4.1.1
2025-06-10 11:43:07,042 [WARN] PackLoader:240 - Cannot read IP mode file for STMicroelectronics.FP-ATR-SIGFOX1.3.2.0
2025-06-10 11:43:07,047 [WARN] PackLoader:240 - Cannot read IP mode file for STMicroelectronics.X-CUBE-EEPRMA1.5.1.0
2025-06-10 11:43:07,054 [WARN] PackLoader:240 - Cannot read IP mode file for ITTIA_DB.I-CUBE-ITTIADB.8.9.0
2025-06-10 11:43:07,059 [WARN] PackLoader:240 - Cannot read IP mode file for STMicroelectronics.X-CUBE-ST67W61.1.0.0
2025-06-10 11:43:07,096 [WARN] PackLoader:240 - Cannot read IP mode file for SEGGER.I-CUBE-embOS.1.3.1
2025-06-10 11:43:07,143 [WARN] PackLoader:240 - Cannot read IP mode file for STMicroelectronics.X-CUBE-ALGOBUILD.1.4.0
2025-06-10 11:43:07,159 [WARN] PackLoader:240 - Cannot read IP mode file for STMicroelectronics.X-CUBE-AZRTOS-F4.1.1.0
2025-06-10 11:43:07,163 [WARN] PackLoader:240 - Cannot read IP mode file for STMicroelectronics.X-CUBE-ISPU.2.1.0
2025-06-10 11:43:07,176 [WARN] PackLoader:240 - Cannot read IP mode file for STMicroelectronics.X-CUBE-AZRTOS-L5.2.0.0
2025-06-10 11:43:07,183 [WARN] PackLoader:240 - Cannot read IP mode file for STMicroelectronics.X-CUBE-NFC6.3.1.0
2025-06-10 11:43:07,196 [WARN] ConditionMgr:438 - getConditionDescription Invalid condition id : LAN8742 Phy interface Condition cause : null
2025-06-10 11:43:07,197 [WARN] PackLoader:240 - Cannot read IP mode file for STMicroelectronics.X-CUBE-AZRTOS-L4.2.0.0
2025-06-10 11:43:07,198 [WARN] ConditionMgr:1044 - genDependencies : Invalid condition id : LAN8742 Phy interface Condition cause : null
2025-06-10 11:43:07,198 [WARN] ConditionMgr:1044 - genDependencies : Invalid condition id : LAN8742 Phy interface Condition cause : null
2025-06-10 11:43:07,198 [WARN] ConditionMgr:1044 - genDependencies : Invalid condition id : LAN8742 Phy interface Condition cause : null
2025-06-10 11:43:07,204 [WARN] PackLoader:240 - Cannot read IP mode file for STMicroelectronics.X-CUBE-SFXS2LP1.4.0.0
2025-06-10 11:43:07,220 [WARN] PackLoader:240 - Cannot read IP mode file for STMicroelectronics.X-CUBE-AZRTOS-H7.3.3.0
2025-06-10 11:43:07,232 [WARN] ConditionMgr:438 - getConditionDescription Invalid condition id : UX DEVICE CLASS RTOS Condition cause : null
2025-06-10 11:43:07,232 [WARN] ConditionMgr:438 - getConditionDescription Invalid condition id : UX DEVICE CLASS RTOS Condition cause : null
2025-06-10 11:43:07,234 [WARN] PackLoader:240 - Cannot read IP mode file for STMicroelectronics.X-CUBE-AZRTOS-WB.2.0.0
2025-06-10 11:43:07,234 [WARN] ConditionMgr:1044 - genDependencies : Invalid condition id : UX DEVICE CLASS RTOS Condition cause : null
2025-06-10 11:43:07,234 [WARN] ConditionMgr:1044 - genDependencies : Invalid condition id : UX DEVICE CLASS RTOS Condition cause : null
2025-06-10 11:43:07,235 [WARN] ConditionMgr:1044 - genDependencies : Invalid condition id : UX DEVICE CLASS RTOS Condition cause : null
2025-06-10 11:43:07,235 [WARN] ConditionMgr:1044 - genDependencies : Invalid condition id : UX DEVICE CLASS RTOS Condition cause : null
2025-06-10 11:43:07,235 [WARN] ConditionMgr:1044 - genDependencies : Invalid condition id : UX DEVICE CLASS RTOS Condition cause : null
2025-06-10 11:43:07,241 [WARN] PackLoader:240 - Cannot read IP mode file for STMicroelectronics.X-CUBE-GNSS1.7.0.1
2025-06-10 11:43:07,250 [WARN] PackLoader:240 - Cannot read IP mode file for STMicroelectronics.FP-SNS-STBOX1.2.0.0
2025-06-10 11:43:07,261 [WARN] PackLoader:240 - Cannot read IP mode file for STMicroelectronics.X-CUBE-SUBG2.5.0.0
2025-06-10 11:43:07,280 [WARN] PackLoader:240 - Cannot read IP mode file for STMicroelectronics.X-CUBE-AZRTOS-H7RS.1.1.0
2025-06-10 11:43:07,284 [WARN] PackLoader:240 - Cannot read IP mode file for Cesanta.I-CUBE-Mongoose.7.13.0
2025-06-10 11:43:07,295 [WARN] PackLoader:240 - Cannot read IP mode file for STMicroelectronics.X-CUBE-AZRTOS-G4.2.0.0
2025-06-10 11:43:07,299 [WARN] PackLoader:240 - Cannot read IP mode file for wolfSSL.I-CUBE-wolfSSH.1.4.20
2025-06-10 11:43:07,309 [WARN] PackLoader:240 - Cannot read IP mode file for STMicroelectronics.X-CUBE-IPS.3.1.0
2025-06-10 11:43:07,315 [WARN] PackLoader:240 - Cannot read IP mode file for STMicroelectronics.X-CUBE-ALS.1.0.2
2025-06-10 11:43:07,320 [WARN] PackLoader:240 - Cannot read IP mode file for portGmbH.I-Cube-SoM-uGOAL.1.1.0
2025-06-10 11:43:07,321 [INFO] ThirdParty:978 - Integrity check success = true
2025-06-10 11:43:07,321 [INFO] IntegrityCheckThread:100 - exiting critical section [integrity check]
2025-06-10 11:43:07,321 [INFO] IntegrityCheckThread:103 - End integrity checks thread
2025-06-10 12:05:31,517 [ERROR] ConfigurationRetriever:142 - IOException on connection: Connect timed out
2025-06-10 12:59:05,315 [INFO] WebApp:194 - Connection lost
2025-06-10 13:17:49,973 [INFO] Activator:176 - 


2025-06-10 13:17:49,975 [INFO] Activator:177 - !SESSION log4j initialized
2025-06-10 13:17:55,202 [INFO] LogOutputStream:77 - [STDOUT_REDIRECT] 
2025-06-10 13:17:56,220 [INFO] ApplicationProperties:184 - Using Application install path: C:\ST\STM32CubeIDE_1.18.1\STM32CubeIDE\plugins\com.st.stm32cube.common.mx_6.14.1.202504091515
2025-06-10 13:17:56,237 [INFO] DbMcusXml:78 - Set database path to: C:\ST\STM32CubeIDE_1.18.1\STM32CubeIDE\plugins\com.st.stm32cube.common.mx_6.14.1.202504091515\\db\/mcu/
2025-06-10 13:17:56,237 [INFO] ApiDb:274 - Set plugin database path to: C:\ST\STM32CubeIDE_1.18.1\STM32CubeIDE\plugins\com.st.stm32cube.common.mx_6.14.1.202504091515\\db\/plugins/boardmanager/
2025-06-10 13:17:56,237 [WARN] ApiDb:259 - Overriding images path with different value:  => C:\ST\STM32CubeIDE_1.18.1\STM32CubeIDE\plugins\com.st.stm32cube.common.mx_6.14.1.202504091515\\db\/plugins/mcufinder/images/
2025-06-10 13:17:56,247 [INFO] ApiDb:250 - Set database path to: C:\Users\Admin\.stmcufinder\plugins\mcufinder//mcu/
2025-06-10 13:17:56,248 [INFO] DbMcusAds:125 - Set database path to: C:\Users\Admin\.stmcufinder\plugins\mcufinder//mcu/
2025-06-10 13:17:56,250 [INFO] CrossReferenceDbSqlite:203 - Set database path to: C:\Users\Admin\.stmcufinder\plugins\mcufinder//mcu/cs/
2025-06-10 13:17:56,349 [INFO] RulesReader:64 - Compatibility file has been processed (302 Rules)
2025-06-10 13:17:56,425 [INFO] DbMcusXml:78 - Set database path to: C:\ST\STM32CubeIDE_1.18.1\STM32CubeIDE\plugins\com.st.stm32cube.common.mx_6.14.1.202504091515\\db\/mcu/
2025-06-10 13:17:56,425 [INFO] ApiDb:274 - Set plugin database path to: C:\ST\STM32CubeIDE_1.18.1\STM32CubeIDE\plugins\com.st.stm32cube.common.mx_6.14.1.202504091515\\db\/plugins/boardmanager/
2025-06-10 13:17:56,426 [INFO] ApiDb:261 - Set plugin images path to: C:\ST\STM32CubeIDE_1.18.1\STM32CubeIDE\plugins\com.st.stm32cube.common.mx_6.14.1.202504091515\\db\/plugins/mcufinder/images/
2025-06-10 13:17:56,426 [WARN] DbFile:41 - Overriding database path with different value: C:\Users\Admin\.stmcufinder\plugins\mcufinder/ => C:\Users\Admin\.stmcufinder\plugins\mcufinder
2025-06-10 13:17:56,426 [INFO] ApiDb:250 - Set database path to: C:\Users\Admin\.stmcufinder\plugins\mcufinder//mcu/
2025-06-10 13:17:56,426 [WARN] DbFile:41 - Overriding database path with different value: C:\Users\Admin\.stmcufinder\plugins\mcufinder/ => C:\Users\Admin\.stmcufinder\plugins\mcufinder
2025-06-10 13:17:56,426 [INFO] DbMcusAds:125 - Set database path to: C:\Users\Admin\.stmcufinder\plugins\mcufinder//mcu/
2025-06-10 13:17:56,426 [WARN] DbFile:41 - Overriding database path with different value: C:\Users\Admin\.stmcufinder\plugins\mcufinder/ => C:\Users\Admin\.stmcufinder\plugins\mcufinder
2025-06-10 13:17:56,426 [WARN] DbFile:41 - Overriding database path with different value: C:\Users\Admin\.stmcufinder\plugins\mcufinder/ => C:\Users\Admin\.stmcufinder\plugins\mcufinder
2025-06-10 13:17:56,426 [INFO] CrossReferenceDbSqlite:203 - Set database path to: C:\Users\Admin\.stmcufinder\plugins\mcufinder//mcu/cs/
2025-06-10 13:17:56,497 [INFO] MainPanel:272 - HeapMemory: 268435456
2025-06-10 13:17:56,599 [INFO] DbMcusXml:78 - Set database path to: C:\ST\STM32CubeIDE_1.18.1\STM32CubeIDE\plugins\com.st.stm32cube.common.mx_6.14.1.202504091515\\db\/mcu/
2025-06-10 13:17:56,599 [INFO] ApiDb:274 - Set plugin database path to: C:\ST\STM32CubeIDE_1.18.1\STM32CubeIDE\plugins\com.st.stm32cube.common.mx_6.14.1.202504091515\\db\/plugins/boardmanager/
2025-06-10 13:17:56,599 [INFO] ApiDb:261 - Set plugin images path to: C:\ST\STM32CubeIDE_1.18.1\STM32CubeIDE\plugins\com.st.stm32cube.common.mx_6.14.1.202504091515\\db\/plugins/mcufinder/images/
2025-06-10 13:17:56,599 [WARN] DbFile:41 - Overriding database path with different value: C:\Users\Admin\.stmcufinder\plugins\mcufinder/ => C:\Users\Admin\.stmcufinder\plugins\mcufinder
2025-06-10 13:17:56,600 [INFO] ApiDb:250 - Set database path to: C:\Users\Admin\.stmcufinder\plugins\mcufinder//mcu/
2025-06-10 13:17:56,600 [WARN] DbFile:41 - Overriding database path with different value: C:\Users\Admin\.stmcufinder\plugins\mcufinder/ => C:\Users\Admin\.stmcufinder\plugins\mcufinder
2025-06-10 13:17:56,600 [INFO] DbMcusAds:125 - Set database path to: C:\Users\Admin\.stmcufinder\plugins\mcufinder//mcu/
2025-06-10 13:17:56,600 [WARN] DbFile:41 - Overriding database path with different value: C:\Users\Admin\.stmcufinder\plugins\mcufinder/ => C:\Users\Admin\.stmcufinder\plugins\mcufinder
2025-06-10 13:17:56,600 [WARN] DbFile:41 - Overriding database path with different value: C:\Users\Admin\.stmcufinder\plugins\mcufinder/ => C:\Users\Admin\.stmcufinder\plugins\mcufinder
2025-06-10 13:17:56,600 [INFO] CrossReferenceDbSqlite:203 - Set database path to: C:\Users\Admin\.stmcufinder\plugins\mcufinder//mcu/cs/
2025-06-10 13:17:56,617 [INFO] ApplicationProperties:184 - Using Application install path: C:\ST\STM32CubeIDE_1.18.1\STM32CubeIDE\plugins\com.st.stm32cube.common.mx_6.14.1.202504091515
2025-06-10 13:17:56,619 [INFO] PluginManage:196 - Search for loadable plugins [exclusion list=, ]
2025-06-10 13:17:56,619 [INFO] PluginManage:310 - Check plugin analytics
2025-06-10 13:17:56,777 [INFO] AnalyticsPlugin:253 - Accepted Software Licenses: 
2025-06-10 13:17:56,777 [INFO] AnalyticsPlugin:255 - Accepted CMSIS Pack Licenses: 
2025-06-10 13:17:56,777 [INFO] AnalyticsPlugin:257 - Accepted Firmware Licenses: FW.F4.1.28.0
2025-06-10 13:17:56,780 [INFO] PluginManage:359 - Loaded plugin analytics (category:tool,tabindex:-1)
2025-06-10 13:17:56,780 [INFO] PluginManage:310 - Check plugin cadmodel
2025-06-10 13:17:56,786 [INFO] CADModel:105 - Init CAD model plugin
2025-06-10 13:17:56,787 [INFO] PluginManage:359 - Loaded plugin cadmodel (category:power,tabindex:5)
2025-06-10 13:17:56,787 [INFO] PluginManage:310 - Check plugin clock
2025-06-10 13:17:56,796 [INFO] PluginManage:359 - Loaded plugin clock (category:base,tabindex:2)
2025-06-10 13:17:56,796 [INFO] PluginManage:310 - Check plugin ddr
2025-06-10 13:17:56,798 [INFO] PluginManage:359 - Loaded plugin ddr (category:tool,tabindex:6)
2025-06-10 13:17:56,799 [INFO] PluginManage:310 - Check plugin filemanager
2025-06-10 13:17:56,927 [INFO] PluginManage:359 - Loaded plugin filemanager (category:base,tabindex:10)
2025-06-10 13:17:56,927 [INFO] PluginManage:310 - Check plugin ipmanager
2025-06-10 13:17:56,933 [INFO] PluginManage:359 - Loaded plugin ipmanager (category:base,tabindex:5)
2025-06-10 13:17:56,933 [INFO] PluginManage:310 - Check plugin lpbam
2025-06-10 13:17:56,941 [INFO] PluginManage:359 - Loaded plugin lpbam (category:base,tabindex:0)
2025-06-10 13:17:56,941 [INFO] PluginManage:310 - Check plugin memorymap
2025-06-10 13:17:56,956 [INFO] PluginManage:359 - Loaded plugin memorymap (category:base,tabindex:4)
2025-06-10 13:17:56,956 [INFO] PluginManage:310 - Check plugin pinoutandconfiguration
2025-06-10 13:17:56,966 [INFO] PluginManage:359 - Loaded plugin pinoutandconfiguration (category:base,tabindex:1)
2025-06-10 13:17:56,966 [INFO] PluginManage:310 - Check plugin pinoutconfig
2025-06-10 13:17:57,059 [WARN] SupportedApi:132 - Cannot load RTOS API schema: s4s-elt-must-match.1: The content of 'definitions' must match (annotation?, (simpleType | complexType)?, (unique | key | keyref)*)). A problem was found starting at: attribute.
2025-06-10 13:17:57,192 [INFO] PluginManage:359 - Loaded plugin pinoutconfig (category:base,tabindex:0)
2025-06-10 13:17:57,192 [INFO] PluginManage:310 - Check plugin power
2025-06-10 13:17:57,204 [INFO] PluginManage:359 - Loaded plugin power (category:power,tabindex:4)
2025-06-10 13:17:57,204 [INFO] PluginManage:310 - Check plugin projectmanager
2025-06-10 13:17:57,218 [INFO] PluginManage:359 - Loaded plugin projectmanager (category:projectmanager,tabindex:4)
2025-06-10 13:17:57,218 [INFO] PluginManage:310 - Check plugin rif
2025-06-10 13:17:57,228 [INFO] PluginManage:359 - Loaded plugin rif (category:base,tabindex:3)
2025-06-10 13:17:57,228 [INFO] PluginManage:310 - Check plugin thirdparty
2025-06-10 13:17:57,368 [INFO] PluginManage:359 - Loaded plugin thirdparty (category:base,tabindex:-1)
2025-06-10 13:17:57,368 [WARN] IntegrityCheckThread:84 - waiting for thirdparty lock release [integrity check]
2025-06-10 13:17:57,368 [INFO] PluginManage:310 - Check plugin tools
2025-06-10 13:17:57,368 [INFO] IntegrityCheckThread:86 - entering critical section [integrity check]
2025-06-10 13:17:57,368 [INFO] ThirdPartyUpdaterWithRetryManager:70 - Updater plugin not ready yet. [1/15]
2025-06-10 13:17:57,370 [INFO] PluginManage:359 - Loaded plugin tools (category:base,tabindex:7)
2025-06-10 13:17:57,370 [INFO] PluginManage:310 - Check plugin tutovideos
2025-06-10 13:17:57,532 [INFO] PluginManage:359 - Loaded plugin tutovideos (category:base,tabindex:-1)
2025-06-10 13:17:57,533 [INFO] PluginManage:310 - Check plugin updater
2025-06-10 13:17:57,556 [INFO] PluginManage:359 - Loaded plugin updater (category:base,tabindex:12)
2025-06-10 13:17:57,556 [INFO] PluginManage:310 - Check plugin userauth
2025-06-10 13:17:57,560 [INFO] UserAuth:118 - Init User Auth plugin
2025-06-10 13:17:57,561 [INFO] PluginManage:359 - Loaded plugin userauth (category:base,tabindex:14)
2025-06-10 13:17:57,561 [INFO] PluginManage:283 - PluginManage : Loaded plugins [18]
2025-06-10 13:17:57,748 [INFO] PinOutPanel:1589 - setPackage(No Configuration,No Configuration)
2025-06-10 13:17:57,826 [INFO] CADModel:165 - CPN selected for project level
2025-06-10 13:17:57,826 [INFO] CADModel:114 - Register for checkConnection events
2025-06-10 13:17:57,843 [INFO] IPUIPlugin:80 - create IPUIPlugin
2025-06-10 13:17:57,843 [INFO] PluginManager:220 - loadIPPluginJar : add adc
2025-06-10 13:17:57,846 [INFO] IPUIPlugin:80 - create IPUIPlugin
2025-06-10 13:17:57,846 [INFO] PluginManager:220 - loadIPPluginJar : add aes
2025-06-10 13:17:57,849 [INFO] IPUIPlugin:80 - create IPUIPlugin
2025-06-10 13:17:57,849 [INFO] PluginManager:220 - loadIPPluginJar : add can
2025-06-10 13:17:57,851 [INFO] IPUIPlugin:80 - create IPUIPlugin
2025-06-10 13:17:57,851 [INFO] PluginManager:220 - loadIPPluginJar : add comp
2025-06-10 13:17:57,853 [INFO] IPUIPlugin:80 - create IPUIPlugin
2025-06-10 13:17:57,853 [INFO] PluginManager:220 - loadIPPluginJar : add cryp
2025-06-10 13:17:57,857 [INFO] IPUIPlugin:80 - create IPUIPlugin
2025-06-10 13:17:57,857 [INFO] PluginManager:220 - loadIPPluginJar : add ddr_ctrl_phy
2025-06-10 13:17:57,859 [INFO] IPUIPlugin:80 - create IPUIPlugin
2025-06-10 13:17:57,859 [INFO] PluginManager:220 - loadIPPluginJar : add dfsdm
2025-06-10 13:17:57,864 [INFO] IPUIPlugin:80 - create IPUIPlugin
2025-06-10 13:17:57,864 [INFO] PluginManager:220 - loadIPPluginJar : add dma
2025-06-10 13:17:57,867 [INFO] IPUIPlugin:80 - create IPUIPlugin
2025-06-10 13:17:57,867 [INFO] PluginManager:220 - loadIPPluginJar : add dma3
2025-06-10 13:17:57,870 [INFO] IPUIPlugin:80 - create IPUIPlugin
2025-06-10 13:17:57,870 [INFO] PluginManager:220 - loadIPPluginJar : add extmemmanager
2025-06-10 13:17:57,872 [INFO] IPUIPlugin:80 - create IPUIPlugin
2025-06-10 13:17:57,872 [INFO] PluginManager:220 - loadIPPluginJar : add fatfs
2025-06-10 13:17:57,875 [INFO] IPUIPlugin:80 - create IPUIPlugin
2025-06-10 13:17:57,876 [INFO] PluginManager:220 - loadIPPluginJar : add fmc
2025-06-10 13:17:57,882 [INFO] IPUIPlugin:80 - create IPUIPlugin
2025-06-10 13:17:57,882 [INFO] PluginManager:220 - loadIPPluginJar : add freertos
2025-06-10 13:17:57,884 [INFO] IPUIPlugin:80 - create IPUIPlugin
2025-06-10 13:17:57,884 [INFO] PluginManager:220 - loadIPPluginJar : add genericplugin
2025-06-10 13:17:57,887 [INFO] IPUIPlugin:80 - create IPUIPlugin
2025-06-10 13:17:57,887 [INFO] PluginManager:220 - loadIPPluginJar : add gfxmmu
2025-06-10 13:17:57,892 [INFO] IPUIPlugin:80 - create IPUIPlugin
2025-06-10 13:17:57,892 [INFO] PluginManager:220 - loadIPPluginJar : add gic
2025-06-10 13:17:57,896 [INFO] IPUIPlugin:80 - create IPUIPlugin
2025-06-10 13:17:57,896 [INFO] PluginManager:220 - loadIPPluginJar : add gpio
2025-06-10 13:17:57,900 [INFO] IPUIPlugin:80 - create IPUIPlugin
2025-06-10 13:17:57,900 [INFO] PluginManager:220 - loadIPPluginJar : add gtzc
2025-06-10 13:17:57,903 [INFO] IPUIPlugin:80 - create IPUIPlugin
2025-06-10 13:17:57,903 [INFO] PluginManager:220 - loadIPPluginJar : add hash
2025-06-10 13:17:57,906 [INFO] IPUIPlugin:80 - create IPUIPlugin
2025-06-10 13:17:57,906 [INFO] PluginManager:220 - loadIPPluginJar : add i2c
2025-06-10 13:17:57,909 [INFO] IPUIPlugin:80 - create IPUIPlugin
2025-06-10 13:17:57,909 [INFO] PluginManager:220 - loadIPPluginJar : add i2s
2025-06-10 13:17:57,912 [INFO] IPUIPlugin:80 - create IPUIPlugin
2025-06-10 13:17:57,913 [INFO] PluginManager:220 - loadIPPluginJar : add i3c
2025-06-10 13:17:57,916 [INFO] IPUIPlugin:80 - create IPUIPlugin
2025-06-10 13:17:57,916 [INFO] PluginManager:220 - loadIPPluginJar : add ipddr
2025-06-10 13:17:57,923 [INFO] IPUIPlugin:80 - create IPUIPlugin
2025-06-10 13:17:57,923 [INFO] PluginManager:220 - loadIPPluginJar : add linkedlist
2025-06-10 13:17:57,926 [INFO] IPUIPlugin:80 - create IPUIPlugin
2025-06-10 13:17:57,926 [INFO] PluginManager:220 - loadIPPluginJar : add lorawan
2025-06-10 13:17:57,928 [INFO] IPUIPlugin:80 - create IPUIPlugin
2025-06-10 13:17:57,928 [INFO] PluginManager:220 - loadIPPluginJar : add ltdc
2025-06-10 13:17:57,935 [INFO] IPUIPlugin:80 - create IPUIPlugin
2025-06-10 13:17:57,935 [INFO] PluginManager:220 - loadIPPluginJar : add mdma
2025-06-10 13:17:57,940 [INFO] IPUIPlugin:80 - create IPUIPlugin
2025-06-10 13:17:57,940 [INFO] PluginManager:220 - loadIPPluginJar : add nvic
2025-06-10 13:17:57,943 [INFO] IPUIPlugin:80 - create IPUIPlugin
2025-06-10 13:17:57,944 [INFO] PluginManager:220 - loadIPPluginJar : add opamp
2025-06-10 13:17:57,947 [INFO] IPUIPlugin:80 - create IPUIPlugin
2025-06-10 13:17:57,947 [INFO] PluginManager:220 - loadIPPluginJar : add openamp
2025-06-10 13:17:57,950 [INFO] IPUIPlugin:80 - create IPUIPlugin
2025-06-10 13:17:57,951 [INFO] PluginManager:220 - loadIPPluginJar : add pdm2pcm
2025-06-10 13:17:57,957 [INFO] IPUIPlugin:80 - create IPUIPlugin
2025-06-10 13:17:57,959 [INFO] PluginManager:220 - loadIPPluginJar : add plateformsettings
2025-06-10 13:17:57,961 [INFO] IPUIPlugin:80 - create IPUIPlugin
2025-06-10 13:17:57,961 [INFO] PluginManager:220 - loadIPPluginJar : add quadspi
2025-06-10 13:17:57,963 [INFO] IPUIPlugin:80 - create IPUIPlugin
2025-06-10 13:17:57,964 [INFO] PluginManager:220 - loadIPPluginJar : add radio
2025-06-10 13:17:57,968 [INFO] IPUIPlugin:80 - create IPUIPlugin
2025-06-10 13:17:57,969 [INFO] PluginManager:220 - loadIPPluginJar : add resmgrutility
2025-06-10 13:17:57,972 [INFO] IPUIPlugin:80 - create IPUIPlugin
2025-06-10 13:17:57,972 [INFO] PluginManager:220 - loadIPPluginJar : add sai
2025-06-10 13:17:57,974 [INFO] IPUIPlugin:80 - create IPUIPlugin
2025-06-10 13:17:57,974 [INFO] PluginManager:220 - loadIPPluginJar : add spi
2025-06-10 13:17:57,980 [INFO] IPUIPlugin:80 - create IPUIPlugin
2025-06-10 13:17:57,980 [INFO] PluginManager:220 - loadIPPluginJar : add stm32_wpan
2025-06-10 13:17:57,982 [INFO] IPUIPlugin:80 - create IPUIPlugin
2025-06-10 13:17:57,982 [INFO] PluginManager:220 - loadIPPluginJar : add tim
2025-06-10 13:17:57,986 [INFO] IPUIPlugin:80 - create IPUIPlugin
2025-06-10 13:17:57,986 [INFO] PluginManager:220 - loadIPPluginJar : add touchsensing
2025-06-10 13:17:57,988 [INFO] IPUIPlugin:80 - create IPUIPlugin
2025-06-10 13:17:57,988 [INFO] PluginManager:220 - loadIPPluginJar : add tracer_emb
2025-06-10 13:17:57,991 [INFO] IPUIPlugin:80 - create IPUIPlugin
2025-06-10 13:17:57,991 [INFO] PluginManager:220 - loadIPPluginJar : add ts
2025-06-10 13:17:57,993 [INFO] IPUIPlugin:80 - create IPUIPlugin
2025-06-10 13:17:57,994 [INFO] PluginManager:220 - loadIPPluginJar : add tsc
2025-06-10 13:17:57,996 [INFO] IPUIPlugin:80 - create IPUIPlugin
2025-06-10 13:17:57,996 [INFO] PluginManager:220 - loadIPPluginJar : add ucpd
2025-06-10 13:17:57,998 [INFO] IPUIPlugin:80 - create IPUIPlugin
2025-06-10 13:17:57,998 [INFO] PluginManager:220 - loadIPPluginJar : add usart
2025-06-10 13:17:58,002 [INFO] IPUIPlugin:80 - create IPUIPlugin
2025-06-10 13:17:58,002 [INFO] PluginManager:220 - loadIPPluginJar : add usbx
2025-06-10 13:17:58,124 [FATAL] Updater:351 - Updater called before beeing initialized
2025-06-10 13:17:58,161 [INFO] RulesReader:64 - Compatibility file has been processed (302 Rules)
2025-06-10 13:17:58,170 [INFO] RulesReader:64 - Compatibility file has been processed (302 Rules)
2025-06-10 13:17:58,178 [INFO] CADModel:165 - CPN selected for project level
2025-06-10 13:17:58,179 [INFO] CADModel:114 - Register for checkConnection events
2025-06-10 13:17:58,179 [FATAL] Updater:351 - Updater called before beeing initialized
2025-06-10 13:17:58,179 [ERROR] CADModel:125 - Updater not yet initialized, retry later 
2025-06-10 13:17:58,308 [FATAL] Updater:351 - Updater called before beeing initialized
2025-06-10 13:17:58,310 [INFO] CADModel:165 - CPN selected for project level
2025-06-10 13:17:58,310 [INFO] CADModel:114 - Register for checkConnection events
2025-06-10 13:17:58,310 [FATAL] Updater:351 - Updater called before beeing initialized
2025-06-10 13:17:58,310 [ERROR] CADModel:125 - Updater not yet initialized, retry later 
2025-06-10 13:17:58,312 [FATAL] Updater:351 - Updater called before beeing initialized
2025-06-10 13:17:58,408 [FATAL] Updater:351 - Updater called before beeing initialized
2025-06-10 13:17:58,411 [INFO] DbMcusAds:53 - JSON generation date=Wed May 07 14:37:55 IST 2025 (1746608875484)
2025-06-10 13:17:58,412 [FATAL] Updater:351 - Updater called before beeing initialized
2025-06-10 13:17:58,448 [WARN] DetailPanel:346 - Failed to get advertising image, set to default
2025-06-10 13:17:58,668 [FATAL] Updater:351 - Updater called before beeing initialized
2025-06-10 13:17:58,670 [FATAL] Updater:351 - Updater called before beeing initialized
2025-06-10 13:17:58,670 [FATAL] Updater:351 - Updater called before beeing initialized
2025-06-10 13:17:58,670 [WARN] DetailPanel:346 - Failed to get advertising image, set to default
2025-06-10 13:17:58,671 [FATAL] Updater:351 - Updater called before beeing initialized
2025-06-10 13:17:58,725 [ERROR] Updater:1198 - MainUpdater not yet initialized. External WinMGr cannot be set.
2025-06-10 13:17:58,727 [INFO] Updater:1134 - Updater Version found : 6.14.1
2025-06-10 13:17:58,744 [INFO] ApplicationProperties:184 - Using Application install path: C:\ST\STM32CubeIDE_1.18.1\STM32CubeIDE\plugins\com.st.stm32cube.common.mx_6.14.1.202504091515
2025-06-10 13:18:00,339 [ERROR] LogOutputStream:75 - [STDERR_REDIRECT] Jun 10, 2025 1:18:00 PM java.util.prefs.WindowsPreferences <init>
2025-06-10 13:18:00,342 [ERROR] LogOutputStream:75 - [STDERR_REDIRECT] WARNING: Could not open/create prefs root node Software\JavaSoft\Prefs at root 0xffffffff80000002. Windows RegCreateKeyEx(...) returned error code 5.
2025-06-10 13:18:00,342 [ERROR] LogOutputStream:75 - [STDERR_REDIRECT] 
2025-06-10 13:18:00,369 [INFO] ThirdPartyUpdaterWithRetryManager:70 - Updater plugin not ready yet. [2/15]
2025-06-10 13:18:00,596 [INFO] MainUpdater:2872 - connection check result : 10
2025-06-10 13:18:00,597 [INFO] MainUpdater:289 - Updater Check For Update Now.
2025-06-10 13:18:00,597 [INFO] MicroXplorer:498 - Change Database Version : DB.6.0.141
2025-06-10 13:18:00,603 [INFO] McuFinderGlobals:63 - Set McuFinder mode to 2 (CubeIDE integrated)
2025-06-10 13:18:00,604 [INFO] UserAuth:171 - activating auth plugin
2025-06-10 13:18:00,606 [INFO] UserAuth:484 - Internet connection configuration mode: 1
2025-06-10 13:18:00,635 [INFO] JxBrowserEngine:152 - Initiate JxBrowser Engine with user profile folder
2025-06-10 13:18:00,781 [INFO] CheckServerUpdateThread:120 - End of CheckServer Thread
2025-06-10 13:18:02,106 [INFO] WebApp:169 - Instantiating new browser for Auth
2025-06-10 13:18:02,895 [INFO] WebApp:463 - Apply proxy settings
2025-06-10 13:18:02,896 [INFO] WebApp:548 - Chromium requires no authentication
2025-06-10 13:18:02,916 [INFO] WebApp:491 - Direct internet connection detected
2025-06-10 13:18:02,967 [INFO] WebApp:894 - Register for checkConnection events
2025-06-10 13:18:02,968 [INFO] WebApp:463 - Apply proxy settings
2025-06-10 13:18:02,968 [INFO] WebApp:548 - Chromium requires no authentication
2025-06-10 13:18:02,968 [INFO] WebApp:491 - Direct internet connection detected
2025-06-10 13:18:03,178 [INFO] WebApp:191 - Connection restablished
2025-06-10 13:18:03,196 [INFO] WebApp:225 - Starting web application
2025-06-10 13:18:03,196 [INFO] WebApp:593 - Web application path used C:\ST\STM32CubeIDE_1.18.1\STM32CubeIDE\plugins\com.st.stm32cube.common.mx_6.14.1.202504091515\db\plugins\mcufinder\reactClient1\index.html
2025-06-10 13:18:03,637 [WARN] PackLoader:240 - Cannot read IP mode file for STMicroelectronics.FP-SNS-MOTENVWB1.1.4.0
2025-06-10 13:18:03,656 [WARN] PackLoader:240 - Cannot read IP mode file for STMicroelectronics.X-CUBE-SMBUS.2.1.0
2025-06-10 13:18:03,663 [WARN] PackLoader:240 - Cannot read IP mode file for STMicroelectronics.X-CUBE-ST60.1.0.0
2025-06-10 13:18:03,702 [WARN] PackLoader:240 - Cannot read IP mode file for STMicroelectronics.X-CUBE-AZRTOS-F7.1.1.0
2025-06-10 13:18:03,739 [WARN] PackLoader:240 - Cannot read IP mode file for Infineon.AIROC-Wi-Fi-Bluetooth-STM32.1.7.0
2025-06-10 13:18:03,755 [WARN] PackLoader:240 - Cannot read IP mode file for STMicroelectronics.X-CUBE-DISPLAY.3.0.0
2025-06-10 13:18:03,771 [WARN] PackLoader:240 - Cannot read IP mode file for STMicroelectronics.X-CUBE-NFC10.1.0.0
2025-06-10 13:18:03,784 [WARN] PackLoader:240 - Cannot read IP mode file for STMicroelectronics.X-CUBE-BLEMGR.4.0.0
2025-06-10 13:18:03,792 [WARN] PackLoader:240 - Cannot read IP mode file for emotas.I-CUBE-CANOPEN.1.3.0
2025-06-10 13:18:03,796 [WARN] ConditionMgr:438 - getConditionDescription Invalid condition id : Cortex-A Device cause : null
2025-06-10 13:18:03,808 [WARN] ConditionMgr:1044 - genDependencies : Invalid condition id : Cortex-A Device cause : null
2025-06-10 13:18:03,808 [WARN] ConditionMgr:1044 - genDependencies : Invalid condition id : Cortex-A Device cause : null
2025-06-10 13:18:03,808 [WARN] ConditionMgr:1044 - genDependencies : Invalid condition id : Cortex-A Device cause : null
2025-06-10 13:18:03,812 [WARN] PackLoader:240 - Cannot read IP mode file for STMicroelectronics.X-CUBE-AI.10.0.0
2025-06-10 13:18:03,817 [WARN] PackLoader:240 - Cannot read IP mode file for STMicroelectronics.FP-SNS-SMARTAG2.1.2.0
2025-06-10 13:18:03,827 [INFO] LogOutputStream:77 - [STDOUT_REDIRECT] 1 : Invalid condition id : UX_CORESTACK_Condition cause : null
2025-06-10 13:18:03,828 [INFO] LogOutputStream:77 - [STDOUT_REDIRECT] 1 : Invalid condition id : UX_CORESTACK_Condition cause : null
2025-06-10 13:18:03,829 [INFO] LogOutputStream:77 - [STDOUT_REDIRECT] 1 : Invalid condition id : UX_CORESTACK_Condition cause : null
2025-06-10 13:18:03,830 [INFO] LogOutputStream:77 - [STDOUT_REDIRECT] 1 : Invalid condition id : UX_CORESTACK_Condition cause : null
2025-06-10 13:18:03,831 [INFO] LogOutputStream:77 - [STDOUT_REDIRECT] 1 : Invalid condition id : UX_CORESTACK_Condition cause : null
2025-06-10 13:18:03,833 [WARN] PackLoader:240 - Cannot read IP mode file for STMicroelectronics.X-CUBE-AZRTOS-WL.2.0.0
2025-06-10 13:18:03,838 [WARN] PackLoader:240 - Cannot read IP mode file for STMicroelectronics.FP-SNS-MOTENV1.5.0.0
2025-06-10 13:18:03,844 [WARN] PackLoader:240 - Cannot read IP mode file for WES.I-CUBE-Cesium.1.3.0
2025-06-10 13:18:03,849 [WARN] PackLoader:240 - Cannot read IP mode file for STMicroelectronics.X-CUBE-BLE2.3.3.0
2025-06-10 13:18:03,854 [WARN] PackLoader:240 - Cannot read IP mode file for STMicroelectronics.X-CUBE-NFC9.1.0.0
2025-06-10 13:18:03,859 [WARN] PackLoader:240 - Cannot read IP mode file for wolfSSL.I-CUBE-wolfSSL.5.8.0
2025-06-10 13:18:03,862 [WARN] PackLoader:240 - Cannot read IP mode file for wolfSSL.I-CUBE-wolfMQTT.1.19.2
2025-06-10 13:18:03,865 [WARN] PackLoader:240 - Cannot read IP mode file for STMicroelectronics.X-CUBE-AI.10.1.0
2025-06-10 13:18:03,887 [WARN] PackLoader:240 - Cannot read IP mode file for STMicroelectronics.X-CUBE-AZRTOS-G0.1.1.0
2025-06-10 13:18:03,895 [WARN] PackLoader:240 - Cannot read IP mode file for STMicroelectronics.X-CUBE-SAFEA1.1.2.2
2025-06-10 13:18:03,903 [WARN] PackLoader:240 - Cannot read IP mode file for STMicroelectronics.X-CUBE-NFC4.3.0.0
2025-06-10 13:18:03,911 [WARN] PackLoader:240 - Cannot read IP mode file for EmbeddedOffice.I-CUBE-FS-RTOS.1.0.1
2025-06-10 13:18:03,917 [WARN] PackLoader:240 - Cannot read IP mode file for STMicroelectronics.X-CUBE-WB05N.2.0.0
2025-06-10 13:18:03,922 [WARN] PackLoader:240 - Cannot read IP mode file for wolfSSL.I-CUBE-wolfTPM.3.8.0
2025-06-10 13:18:03,927 [WARN] PackLoader:240 - Cannot read IP mode file for STMicroelectronics.X-CUBE-TCPP.4.2.0
2025-06-10 13:18:03,934 [WARN] PackLoader:240 - Cannot read IP mode file for RealThread.X-CUBE-RT-Thread_Nano.4.1.1
2025-06-10 13:18:03,939 [WARN] PackLoader:240 - Cannot read IP mode file for STMicroelectronics.FP-ATR-SIGFOX1.3.2.0
2025-06-10 13:18:03,945 [WARN] PackLoader:240 - Cannot read IP mode file for STMicroelectronics.X-CUBE-EEPRMA1.5.1.0
2025-06-10 13:18:03,952 [WARN] PackLoader:240 - Cannot read IP mode file for ITTIA_DB.I-CUBE-ITTIADB.8.9.0
2025-06-10 13:18:03,956 [WARN] PackLoader:240 - Cannot read IP mode file for STMicroelectronics.X-CUBE-ST67W61.1.0.0
2025-06-10 13:18:03,979 [WARN] PackLoader:240 - Cannot read IP mode file for SEGGER.I-CUBE-embOS.1.3.1
2025-06-10 13:18:04,024 [WARN] PackLoader:240 - Cannot read IP mode file for STMicroelectronics.X-CUBE-ALGOBUILD.1.4.0
2025-06-10 13:18:04,037 [WARN] PackLoader:240 - Cannot read IP mode file for STMicroelectronics.X-CUBE-AZRTOS-F4.1.1.0
2025-06-10 13:18:04,044 [WARN] PackLoader:240 - Cannot read IP mode file for STMicroelectronics.X-CUBE-ISPU.2.1.0
2025-06-10 13:18:04,059 [WARN] PackLoader:240 - Cannot read IP mode file for STMicroelectronics.X-CUBE-AZRTOS-L5.2.0.0
2025-06-10 13:18:04,074 [WARN] PackLoader:240 - Cannot read IP mode file for STMicroelectronics.X-CUBE-NFC6.3.1.0
2025-06-10 13:18:04,094 [WARN] ConditionMgr:438 - getConditionDescription Invalid condition id : LAN8742 Phy interface Condition cause : null
2025-06-10 13:18:04,095 [WARN] PackLoader:240 - Cannot read IP mode file for STMicroelectronics.X-CUBE-AZRTOS-L4.2.0.0
2025-06-10 13:18:04,096 [WARN] ConditionMgr:1044 - genDependencies : Invalid condition id : LAN8742 Phy interface Condition cause : null
2025-06-10 13:18:04,096 [WARN] ConditionMgr:1044 - genDependencies : Invalid condition id : LAN8742 Phy interface Condition cause : null
2025-06-10 13:18:04,097 [WARN] ConditionMgr:1044 - genDependencies : Invalid condition id : LAN8742 Phy interface Condition cause : null
2025-06-10 13:18:04,103 [WARN] PackLoader:240 - Cannot read IP mode file for STMicroelectronics.X-CUBE-SFXS2LP1.4.0.0
2025-06-10 13:18:04,119 [WARN] PackLoader:240 - Cannot read IP mode file for STMicroelectronics.X-CUBE-AZRTOS-H7.3.3.0
2025-06-10 13:18:04,130 [WARN] ConditionMgr:438 - getConditionDescription Invalid condition id : UX DEVICE CLASS RTOS Condition cause : null
2025-06-10 13:18:04,130 [WARN] ConditionMgr:438 - getConditionDescription Invalid condition id : UX DEVICE CLASS RTOS Condition cause : null
2025-06-10 13:18:04,132 [WARN] PackLoader:240 - Cannot read IP mode file for STMicroelectronics.X-CUBE-AZRTOS-WB.2.0.0
2025-06-10 13:18:04,133 [WARN] ConditionMgr:1044 - genDependencies : Invalid condition id : UX DEVICE CLASS RTOS Condition cause : null
2025-06-10 13:18:04,133 [WARN] ConditionMgr:1044 - genDependencies : Invalid condition id : UX DEVICE CLASS RTOS Condition cause : null
2025-06-10 13:18:04,133 [WARN] ConditionMgr:1044 - genDependencies : Invalid condition id : UX DEVICE CLASS RTOS Condition cause : null
2025-06-10 13:18:04,133 [WARN] ConditionMgr:1044 - genDependencies : Invalid condition id : UX DEVICE CLASS RTOS Condition cause : null
2025-06-10 13:18:04,133 [WARN] ConditionMgr:1044 - genDependencies : Invalid condition id : UX DEVICE CLASS RTOS Condition cause : null
2025-06-10 13:18:04,140 [WARN] PackLoader:240 - Cannot read IP mode file for STMicroelectronics.X-CUBE-GNSS1.7.0.1
2025-06-10 13:18:04,146 [WARN] PackLoader:240 - Cannot read IP mode file for STMicroelectronics.FP-SNS-STBOX1.2.0.0
2025-06-10 13:18:04,158 [WARN] PackLoader:240 - Cannot read IP mode file for STMicroelectronics.X-CUBE-SUBG2.5.0.0
2025-06-10 13:18:04,177 [WARN] PackLoader:240 - Cannot read IP mode file for STMicroelectronics.X-CUBE-AZRTOS-H7RS.1.1.0
2025-06-10 13:18:04,182 [WARN] PackLoader:240 - Cannot read IP mode file for Cesanta.I-CUBE-Mongoose.7.13.0
2025-06-10 13:18:04,193 [WARN] PackLoader:240 - Cannot read IP mode file for STMicroelectronics.X-CUBE-AZRTOS-G4.2.0.0
2025-06-10 13:18:04,197 [WARN] PackLoader:240 - Cannot read IP mode file for wolfSSL.I-CUBE-wolfSSH.1.4.20
2025-06-10 13:18:04,208 [WARN] PackLoader:240 - Cannot read IP mode file for STMicroelectronics.X-CUBE-IPS.3.1.0
2025-06-10 13:18:04,217 [WARN] PackLoader:240 - Cannot read IP mode file for STMicroelectronics.X-CUBE-ALS.1.0.2
2025-06-10 13:18:04,222 [WARN] PackLoader:240 - Cannot read IP mode file for portGmbH.I-Cube-SoM-uGOAL.1.1.0
2025-06-10 13:18:04,223 [INFO] ThirdParty:978 - Integrity check success = true
2025-06-10 13:18:04,223 [INFO] IntegrityCheckThread:100 - exiting critical section [integrity check]
2025-06-10 13:18:04,223 [INFO] IntegrityCheckThread:103 - End integrity checks thread
2025-06-10 19:10:40,773 [ERROR] LogOutputStream:75 - [STDERR_REDIRECT] 
2025-06-10 19:10:40,774 [ERROR] LogOutputStream:75 - [STDERR_REDIRECT] 
