2025-06-27 11:56:11,428 [ERROR] ConfigurationRetriever:142 - IOException on connection: Connect timed out
2025-06-27 11:56:13,432 [ERROR] ConfigurationRetriever:142 - IOException on connection: Connect timed out
2025-06-27 11:56:16,512 [ERROR] ConfigurationRetriever:142 - IOException on connection: sw-center.st.com
2025-06-27 11:56:30,552 [INFO] MainUpdater:2872 - connection check result : 10
2025-06-27 11:56:30,552 [INFO] MainUpdater:2872 - connection check result : 10
2025-06-27 11:56:30,671 [INFO] MicroXplorer:468 - Change Database Path : 
2025-06-27 11:56:30,671 [INFO] MicroXplorer:498 - Change Database Version : DB.6.0.141
2025-06-27 11:56:30,712 [ERROR] ProjectManagerView:395 - 
java.lang.NullPointerException: Cannot invoke "javax.swing.JTextField.getText()" because the return value of "java.util.List.get(int)" is null
	at com.st.microxplorer.plugins.projectmanager.gui.ProjectChoiceTab$9.caretUpdate(ProjectChoiceTab.java:2678) ~[filemanager.jar:?]
	at javax.swing.text.JTextComponent.fireCaretUpdate(JTextComponent.java:408) ~[?:?]
	at javax.swing.text.JTextComponent$MutableCaretEvent.fire(JTextComponent.java:4484) ~[?:?]
	at javax.swing.text.JTextComponent$MutableCaretEvent.stateChanged(JTextComponent.java:4506) ~[?:?]
	at javax.swing.text.DefaultCaret.fireStateChanged(DefaultCaret.java:857) ~[?:?]
	at javax.swing.text.DefaultCaret.changeCaretPosition(DefaultCaret.java:1343) ~[?:?]
	at javax.swing.text.DefaultCaret.handleSetDot(DefaultCaret.java:1242) ~[?:?]
	at javax.swing.text.DefaultCaret.setDot(DefaultCaret.java:1223) ~[?:?]
	at javax.swing.text.DefaultCaret$Handler.insertUpdate(DefaultCaret.java:1819) ~[?:?]
	at javax.swing.text.AbstractDocument.fireInsertUpdate(AbstractDocument.java:227) ~[?:?]
	at javax.swing.text.AbstractDocument.handleInsertString(AbstractDocument.java:781) ~[?:?]
	at javax.swing.text.AbstractDocument.insertString(AbstractDocument.java:740) ~[?:?]
	at javax.swing.text.PlainDocument.insertString(PlainDocument.java:131) ~[?:?]
	at javax.swing.text.AbstractDocument.replace(AbstractDocument.java:699) ~[?:?]
	at javax.swing.text.JTextComponent.setText(JTextComponent.java:1725) ~[?:?]
	at com.st.microxplorer.plugins.projectmanager.gui.ProjectChoiceTab.createHeapStackFields(ProjectChoiceTab.java:979) ~[filemanager.jar:?]
	at com.st.microxplorer.plugins.projectmanager.gui.ProjectChoiceTab.buildLinkSettingsPanel(ProjectChoiceTab.java:3766) ~[filemanager.jar:?]
	at com.st.microxplorer.plugins.projectmanager.gui.ProjectChoiceTab.defineWindowsFields(ProjectChoiceTab.java:1962) ~[filemanager.jar:?]
	at com.st.microxplorer.plugins.projectmanager.gui.ProjectChoiceTab.updateSettings(ProjectChoiceTab.java:555) ~[filemanager.jar:?]
	at com.st.microxplorer.plugins.projectmanager.gui.ProjectSettingsPanel.UpdateDialog(ProjectSettingsPanel.java:245) ~[filemanager.jar:?]
	at com.st.microxplorer.plugins.projectmanager.ProjectManagerView.propertyChange(ProjectManagerView.java:392) ~[filemanager.jar:?]
	at java.beans.PropertyChangeSupport.fire(PropertyChangeSupport.java:343) ~[?:?]
	at java.beans.PropertyChangeSupport.firePropertyChange(PropertyChangeSupport.java:335) ~[?:?]
	at java.beans.PropertyChangeSupport.firePropertyChange(PropertyChangeSupport.java:268) ~[?:?]
	at com.st.microxplorer.util.MXPropertyChangeSupport.firePropertyChange(MXPropertyChangeSupport.java:54) ~[STM32CubeMX.jar:?]
	at com.st.microxplorer.mxsystem.MxSystem.closeConfig(MxSystem.java:899) ~[STM32CubeMX.jar:?]
	at com.st.microxplorer.maingui.MainPanel.closeConfig(MainPanel.java:789) ~[STM32CubeMX.jar:?]
	at com.st.microxplorer.plugins.filemanager.engine.OpenFileManager.loadConfigurationFile(OpenFileManager.java:287) ~[filemanager.jar:?]
	at com.st.microxplorer.plugins.filemanager.engine.MainFileManager.userLoadConfig(MainFileManager.java:341) ~[filemanager.jar:?]
	at com.st.microxplorer.plugins.filemanager.engine.MainFileManager.userLoadConfig(MainFileManager.java:319) ~[filemanager.jar:?]
	at com.st.microxplorer.plugins.filemanager.FileManagerView.getSpecificTask(FileManagerView.java:246) ~[filemanager.jar:?]
	at com.st.stm32cube.common.mx.editor.CubeMxEditor.getMxTabbedPaneInstance(CubeMxEditor.java:1198) ~[com.st.stm32cube.common.mx_6.14.1.202504091515/:?]
	at com.st.stm32cube.common.mx.editor.CubeMxEditor$12$1.createSwingComponent(CubeMxEditor.java:1068) ~[com.st.stm32cube.common.mx_6.14.1.202504091515/:?]
	at com.st.stm32cube.common.mx.oss.core.awtswtbridge.EmbeddedSwingComposite.doComponentCreation(EmbeddedSwingComposite.java:492) ~[com.st.stm32cube.common.mx.oss_6.14.1.202504091515/:?]
	at com.st.stm32cube.common.mx.oss.core.awtswtbridge.EmbeddedSwingComposite$4.run(EmbeddedSwingComposite.java:291) ~[com.st.stm32cube.common.mx.oss_6.14.1.202504091515/:?]
	at com.st.stm32cube.common.mx.oss.core.awtswtbridge.AwtEnvironment$2.run(AwtEnvironment.java:166) ~[com.st.stm32cube.common.mx.oss_6.14.1.202504091515/:?]
	at java.awt.event.InvocationEvent.dispatch(InvocationEvent.java:318) ~[?:?]
	at java.awt.EventQueue.dispatchEventImpl(EventQueue.java:773) ~[?:?]
	at java.awt.EventQueue$4.run(EventQueue.java:720) ~[?:?]
	at java.awt.EventQueue$4.run(EventQueue.java:714) ~[?:?]
	at java.security.AccessController.doPrivileged(AccessController.java:400) ~[?:?]
	at java.security.ProtectionDomain$JavaSecurityAccessImpl.doIntersectionPrivilege(ProtectionDomain.java:87) ~[?:?]
	at java.awt.EventQueue.dispatchEvent(EventQueue.java:742) ~[?:?]
	at java.awt.EventDispatchThread.pumpOneEventForFilters(EventDispatchThread.java:203) ~[?:?]
	at java.awt.EventDispatchThread.pumpEventsForFilter(EventDispatchThread.java:124) ~[?:?]
	at java.awt.EventDispatchThread.pumpEventsForHierarchy(EventDispatchThread.java:113) ~[?:?]
	at java.awt.EventDispatchThread.pumpEvents(EventDispatchThread.java:109) ~[?:?]
	at java.awt.EventDispatchThread.pumpEvents(EventDispatchThread.java:101) ~[?:?]
	at java.awt.EventDispatchThread.run(EventDispatchThread.java:90) ~[?:?]
2025-06-27 11:56:30,713 [WARN] ThirdParty:871 - waiting for thirdparty lock release [close project]
2025-06-27 11:56:30,713 [INFO] ThirdParty:873 - entering critical section [close project]
2025-06-27 11:56:30,713 [INFO] ThirdParty:883 - exiting critical section [close project]
2025-06-27 11:56:30,717 [INFO] PinOutPanel:1589 - setPackage(No Configuration,No Configuration)
2025-06-27 11:56:30,730 [WARN] IpParametersView:155 - Warning: This peripheral hasn't parameters
2025-06-27 11:56:30,745 [WARN] MainPanel:289 - <html><b><center>Warning: This peripheral has no parameters to be configured<br></b></html>
2025-06-27 11:56:30,761 [INFO] UtilMem:75 - Begin LoadConfig() Used Memory: 332494664 Bytes (1059061760)
2025-06-27 11:56:30,773 [INFO] MicroXplorer:468 - Change Database Path : C:/Users/Admin/.stm32cubemx/databases/DB.6.0.140/db/
2025-06-27 11:56:30,773 [INFO] MicroXplorer:498 - Change Database Version : DB.6.0.140
2025-06-27 11:56:32,502 [INFO] OpenFileManager:354 - Change cursor
2025-06-27 11:56:32,535 [INFO] RulesReader:64 - Compatibility file has been processed (301 Rules)
2025-06-27 11:56:32,545 [INFO] Mcu:2011 - Initializing MCU STM32F407V(E-G)Tx STM32F407VETx STM32F407VET6
2025-06-27 11:56:33,884 [INFO] Context:756 - Trying to add GPIOservice into a context  which must be forbidden
2025-06-27 11:56:34,447 [INFO] ImportTextPane:218 - (OptionalMessage_ERROR) Pin40 (VP_RIF_VS_RIF1) cannot be retrieved for this MCU
2025-06-27 11:56:34,777 [INFO] RtosManager:558 - Registered RTOS mode: class=CMSIS, group=RTOS, mode=CMSIS_V1, owner=FREERTOS
2025-06-27 11:56:34,777 [INFO] RtosManager:558 - Registered RTOS mode: class=CMSIS, group=RTOS2, mode=CMSIS_V2, owner=FREERTOS
2025-06-27 11:56:34,777 [INFO] RtosManager:558 - Registered RTOS mode: class=RTOS, group=Core, mode=CMSIS_V1, owner=FREERTOS
2025-06-27 11:56:34,777 [INFO] RtosManager:558 - Registered RTOS mode: class=RTOS, group=Core, mode=CMSIS_V2, owner=FREERTOS
2025-06-27 11:56:34,777 [WARN] ModelIntegratedComponent:184 - Missing modes for component STMicroelectronics:FreeRTOS:0.0.1:STMicroelectronics:RTOS:FreeRTOS:Core:::10.2.0:
2025-06-27 11:56:34,789 [WARN] ModelIntegratedComponent:63 - No mode defined for component null
2025-06-27 11:56:34,789 [WARN] ModelIntegratedComponent:63 - No mode defined for component null
2025-06-27 11:56:34,789 [WARN] ModelIntegratedComponent:63 - No mode defined for component null
2025-06-27 11:56:34,789 [WARN] ModelIntegratedComponent:63 - No mode defined for component null
2025-06-27 11:56:34,789 [WARN] ModelIntegratedComponent:63 - No mode defined for component null
2025-06-27 11:56:34,790 [WARN] ModelIntegratedComponent:63 - No mode defined for component null
2025-06-27 11:56:34,790 [WARN] ModelIntegratedComponent:63 - No mode defined for component null
2025-06-27 11:56:34,790 [WARN] ModelIntegratedComponent:63 - No mode defined for component null
2025-06-27 11:56:34,790 [WARN] ModelIntegratedComponent:63 - No mode defined for component null
2025-06-27 11:56:34,790 [WARN] ModelIntegratedComponent:63 - No mode defined for component null
2025-06-27 11:56:34,790 [WARN] ModelIntegratedComponent:63 - No mode defined for component null
2025-06-27 11:56:34,790 [WARN] ModelIntegratedComponent:63 - No mode defined for component null
2025-06-27 11:56:34,790 [WARN] ModelIntegratedComponent:63 - No mode defined for component null
2025-06-27 11:56:34,790 [WARN] ModelIntegratedComponent:63 - No mode defined for component null
2025-06-27 11:56:34,790 [WARN] ModelIntegratedComponent:63 - No mode defined for component null
2025-06-27 11:56:34,790 [WARN] ModelIntegratedComponent:63 - No mode defined for component null
2025-06-27 11:56:34,790 [WARN] ModelIntegratedComponent:63 - No mode defined for component null
2025-06-27 11:56:34,790 [WARN] ModelIntegratedComponent:63 - No mode defined for component null
2025-06-27 11:56:34,790 [WARN] ModelIntegratedComponent:63 - No mode defined for component null
2025-06-27 11:56:34,790 [WARN] ModelIntegratedComponent:63 - No mode defined for component null
2025-06-27 11:56:34,790 [WARN] ModelIntegratedComponent:63 - No mode defined for component null
2025-06-27 11:56:34,790 [WARN] ModelIntegratedComponent:63 - No mode defined for component null
2025-06-27 11:56:34,790 [WARN] ModelIntegratedComponent:63 - No mode defined for component null
2025-06-27 11:56:34,790 [WARN] ModelIntegratedComponent:63 - No mode defined for component null
2025-06-27 11:56:34,791 [WARN] ModelIntegratedComponent:63 - No mode defined for component null
2025-06-27 11:56:34,791 [WARN] ModelIntegratedComponent:63 - No mode defined for component null
2025-06-27 11:56:34,791 [WARN] ModelIntegratedComponent:63 - No mode defined for component null
2025-06-27 11:56:34,791 [WARN] ModelIntegratedComponent:63 - No mode defined for component null
2025-06-27 11:56:34,791 [WARN] ModelIntegratedComponent:63 - No mode defined for component null
2025-06-27 11:56:34,791 [WARN] ModelIntegratedComponent:63 - No mode defined for component null
2025-06-27 11:56:34,791 [WARN] ModelIntegratedComponent:63 - No mode defined for component null
2025-06-27 11:56:34,791 [WARN] ModelIntegratedComponent:63 - No mode defined for component null
2025-06-27 11:56:34,791 [WARN] ModelIntegratedComponent:63 - No mode defined for component null
2025-06-27 11:56:34,791 [WARN] ModelIntegratedComponent:63 - No mode defined for component null
2025-06-27 11:56:34,791 [WARN] ModelIntegratedComponent:63 - No mode defined for component null
2025-06-27 11:56:34,791 [WARN] ModelPack:524 - Component already loaded: STMicroelectronics:HAL Drivers:0.0.0:STMicroelectronics:Device:STMicro_Driver:XSPI:HAL::0.0.1:HAL_XSPI
2025-06-27 11:56:34,946 [INFO] ThirdPartyModel:298 - Start build external matchings
2025-06-27 11:56:35,401 [INFO] ThirdPartyModel:316 - End build external matchings
2025-06-27 11:56:35,411 [INFO] RtosManager:967 - Current active RTOS is FREERTOS [Cortex-M4NS]
2025-06-27 11:56:35,415 [INFO] ImportTextPane:218 - (OptionalMessage_ERROR) IP (DMA) : Parameter (Instance) has Id (USART2_RX) currently not set
2025-06-27 11:56:35,415 [INFO] ImportTextPane:218 - (OptionalMessage_ERROR) IP (DMA) : Parameter (Channel) has Id (USART2_RX) currently not set
2025-06-27 11:56:35,415 [INFO] ImportTextPane:218 - (OptionalMessage_ERROR) IP (DMA) : Parameter (Direction) has Id (USART2_RX) currently not set
2025-06-27 11:56:35,415 [INFO] ImportTextPane:218 - (OptionalMessage_ERROR) IP (DMA) : Parameter (PeriphInc) has Id (USART2_RX) currently not set
2025-06-27 11:56:35,415 [INFO] ImportTextPane:218 - (OptionalMessage_ERROR) IP (DMA) : Parameter (MemInc) has Id (USART2_RX) currently not set
2025-06-27 11:56:35,416 [INFO] ImportTextPane:218 - (OptionalMessage_ERROR) IP (DMA) : Parameter (PeriphDataAlignment) has Id (USART2_RX) currently not set
2025-06-27 11:56:35,416 [INFO] ImportTextPane:218 - (OptionalMessage_ERROR) IP (DMA) : Parameter (MemDataAlignment) has Id (USART2_RX) currently not set
2025-06-27 11:56:35,416 [INFO] ImportTextPane:218 - (OptionalMessage_ERROR) IP (DMA) : Parameter (Mode) has Id (USART2_RX) currently not set
2025-06-27 11:56:35,416 [INFO] ImportTextPane:218 - (OptionalMessage_ERROR) IP (DMA) : Parameter (Priority) has Id (USART2_RX) currently not set
2025-06-27 11:56:35,416 [INFO] ImportTextPane:218 - (OptionalMessage_ERROR) IP (DMA) : Parameter (FIFOMode) has Id (USART2_RX) currently not set
2025-06-27 11:56:35,416 [INFO] ImportTextPane:218 - (OptionalMessage_ERROR) IP (DMA) : Parameter (Instance) has Id (USART1_RX) currently not set
2025-06-27 11:56:35,416 [INFO] ImportTextPane:218 - (OptionalMessage_ERROR) IP (DMA) : Parameter (Channel) has Id (USART1_RX) currently not set
2025-06-27 11:56:35,416 [INFO] ImportTextPane:218 - (OptionalMessage_ERROR) IP (DMA) : Parameter (Direction) has Id (USART1_RX) currently not set
2025-06-27 11:56:35,417 [INFO] ImportTextPane:218 - (OptionalMessage_ERROR) IP (DMA) : Parameter (PeriphInc) has Id (USART1_RX) currently not set
2025-06-27 11:56:35,417 [INFO] ImportTextPane:218 - (OptionalMessage_ERROR) IP (DMA) : Parameter (MemInc) has Id (USART1_RX) currently not set
2025-06-27 11:56:35,417 [INFO] ImportTextPane:218 - (OptionalMessage_ERROR) IP (DMA) : Parameter (PeriphDataAlignment) has Id (USART1_RX) currently not set
2025-06-27 11:56:35,417 [INFO] ImportTextPane:218 - (OptionalMessage_ERROR) IP (DMA) : Parameter (MemDataAlignment) has Id (USART1_RX) currently not set
2025-06-27 11:56:35,417 [INFO] ImportTextPane:218 - (OptionalMessage_ERROR) IP (DMA) : Parameter (Mode) has Id (USART1_RX) currently not set
2025-06-27 11:56:35,417 [INFO] ImportTextPane:218 - (OptionalMessage_ERROR) IP (DMA) : Parameter (Priority) has Id (USART1_RX) currently not set
2025-06-27 11:56:35,417 [INFO] ImportTextPane:218 - (OptionalMessage_ERROR) IP (DMA) : Parameter (FIFOMode) has Id (USART1_RX) currently not set
2025-06-27 11:56:35,422 [INFO] ImportTextPane:218 - (OptionalMessage_ERROR) IP (RCC) : Parameter (48MHZClocksFreq_Value) has invalid value (84000000)
2025-06-27 11:56:35,422 [INFO] ImportTextPane:218 - (OptionalMessage_ERROR) IP (RCC) : Parameter (RTCHSEDivFreq_Value) has invalid value (4000000)
2025-06-27 11:56:35,694 [INFO] UtilMem:75 - End LoadConfig() Used Memory: 754357224 Bytes (1059061760)
2025-06-27 11:56:35,737 [WARN] ThirdParty:833 - waiting for thirdparty lock release [change project]
2025-06-27 11:56:35,737 [INFO] ThirdParty:835 - entering critical section [change project]
2025-06-27 11:56:35,737 [INFO] ThirdParty:1030 - CMSIS Pack Vendor :STMicroelectronics X-CUBE-PM33A1 1.0.0
2025-06-27 11:56:35,737 [INFO] ThirdParty:1030 - CMSIS Pack Vendor :STMicroelectronics USBPD 4.1
2025-06-27 11:56:35,737 [INFO] ThirdParty:1030 - CMSIS Pack Vendor :STMicroelectronics X-CUBE-AZRTOS-H7 3.3.0
2025-06-27 11:56:35,738 [INFO] ThirdParty:1030 - CMSIS Pack Vendor :STMicroelectronics X-CUBE-NFC9 1.0.0
2025-06-27 11:56:35,738 [INFO] ThirdParty:1030 - CMSIS Pack Vendor :wolfSSL I-CUBE-wolfSSL 5.8.0
2025-06-27 11:56:35,738 [INFO] ThirdParty:1030 - CMSIS Pack Vendor :STMicroelectronics USB_HOST 2.0.0
2025-06-27 11:56:35,738 [INFO] ThirdParty:1030 - CMSIS Pack Vendor :STMicroelectronics FP-SNS-MOTENVWB1 1.4.0
2025-06-27 11:56:35,738 [INFO] ThirdParty:1030 - CMSIS Pack Vendor :STMicroelectronics X-CUBE-AZRTOS-F4 1.1.0
2025-06-27 11:56:35,738 [INFO] ThirdParty:1030 - CMSIS Pack Vendor :STMicroelectronics LIBJPEG 8.0.0
2025-06-27 11:56:35,738 [INFO] ThirdParty:1030 - CMSIS Pack Vendor :STMicroelectronics X-CUBE-SMBUS 2.1.0
2025-06-27 11:56:35,738 [INFO] ThirdParty:1030 - CMSIS Pack Vendor :wolfSSL I-CUBE-wolfMQTT 1.19.2
2025-06-27 11:56:35,738 [INFO] ThirdParty:1030 - CMSIS Pack Vendor :STMicroelectronics USB_DEVICE 3.0.0
2025-06-27 11:56:35,738 [INFO] ThirdParty:1030 - CMSIS Pack Vendor :STMicroelectronics X-CUBE-ISPU 2.1.0
2025-06-27 11:56:35,738 [INFO] ThirdParty:1030 - CMSIS Pack Vendor :STMicroelectronics X-CUBE-AZRTOS-WB 2.0.0
2025-06-27 11:56:35,738 [INFO] ThirdParty:1030 - CMSIS Pack Vendor :STMicroelectronics X-CUBE-ST60 1.0.0
2025-06-27 11:56:35,738 [INFO] ThirdParty:1030 - CMSIS Pack Vendor :STMicroelectronics X-CUBE-GNSS1 7.0.1
2025-06-27 11:56:35,738 [INFO] ThirdParty:1030 - CMSIS Pack Vendor :STMicroelectronics X-CUBE-AZRTOS-F7 1.1.0
2025-06-27 11:56:35,738 [INFO] ThirdParty:1030 - CMSIS Pack Vendor :STMicroelectronics X-CUBE-AZRTOS-L5 2.0.0
2025-06-27 11:56:35,738 [INFO] ThirdParty:1030 - CMSIS Pack Vendor :STMicroelectronics USB_DEVICE 2.0.0
2025-06-27 11:56:35,739 [INFO] ThirdParty:1030 - CMSIS Pack Vendor :STMicroelectronics X-CUBE-NFC6 3.1.0
2025-06-27 11:56:35,739 [INFO] ThirdParty:1030 - CMSIS Pack Vendor :STMicroelectronics X-CUBE-AI 10.1.0
2025-06-27 11:56:35,739 [INFO] ThirdParty:1030 - CMSIS Pack Vendor :STMicroelectronics FP-SNS-STBOX1 2.0.0
2025-06-27 11:56:35,739 [INFO] ThirdParty:1030 - CMSIS Pack Vendor :STMicroelectronics X-CUBE-MEMS1 11.2.0
2025-06-27 11:56:35,739 [INFO] ThirdParty:1030 - CMSIS Pack Vendor :STMicroelectronics FreeRTOS 0.0.1
2025-06-27 11:56:35,739 [INFO] ThirdParty:1030 - CMSIS Pack Vendor :STMicroelectronics X-CUBE-AZRTOS-G0 1.1.0
2025-06-27 11:56:35,739 [INFO] ThirdParty:1030 - CMSIS Pack Vendor :STMicroelectronics X-CUBE-SAFEA1 1.2.2
2025-06-27 11:56:35,739 [INFO] ThirdParty:1030 - CMSIS Pack Vendor :STMicroelectronics X-CUBE-NFC4 3.0.0
2025-06-27 11:56:35,739 [INFO] ThirdParty:1030 - CMSIS Pack Vendor :STMicroelectronics X-CUBE-SUBG2 5.0.0
2025-06-27 11:56:35,739 [INFO] ThirdParty:1030 - CMSIS Pack Vendor :STMicroelectronics X-CUBE-AZRTOS-H7RS 1.1.0
2025-06-27 11:56:35,740 [INFO] ThirdParty:1030 - CMSIS Pack Vendor :STMicroelectronics STM32_WPAN 1.0.0
2025-06-27 11:56:35,740 [INFO] ThirdParty:1030 - CMSIS Pack Vendor :EmbeddedOffice I-CUBE-FS-RTOS 1.0.1
2025-06-27 11:56:35,740 [INFO] ThirdParty:1030 - CMSIS Pack Vendor :STMicroelectronics lwIP 2.0.3
2025-06-27 11:56:35,740 [INFO] ThirdParty:1030 - CMSIS Pack Vendor :Cesanta I-CUBE-Mongoose 7.13.0
2025-06-27 11:56:35,740 [INFO] ThirdParty:1030 - CMSIS Pack Vendor :STMicroelectronics USB_HOST 1.0.0
2025-06-27 11:56:35,740 [INFO] ThirdParty:1030 - CMSIS Pack Vendor :Infineon AIROC-Wi-Fi-Bluetooth-STM32 1.7.0
2025-06-27 11:56:35,740 [INFO] ThirdParty:1030 - CMSIS Pack Vendor :STMicroelectronics X-CUBE-AZRTOS-G4 2.0.0
2025-06-27 11:56:35,740 [INFO] ThirdParty:1030 - CMSIS Pack Vendor :STMicroelectronics X-CUBE-WB05N 2.0.0
2025-06-27 11:56:35,740 [INFO] ThirdParty:1030 - CMSIS Pack Vendor :STMicroelectronics PDM2PCM 3.1.0
2025-06-27 11:56:35,740 [INFO] ThirdParty:1030 - CMSIS Pack Vendor :STMicroelectronics PDM2PCM 3.3.0
2025-06-27 11:56:35,740 [INFO] ThirdParty:1030 - CMSIS Pack Vendor :wolfSSL I-CUBE-wolfTPM 3.8.0
2025-06-27 11:56:35,741 [INFO] ThirdParty:1030 - CMSIS Pack Vendor :STMicroelectronics X-CUBE-DISPLAY 3.0.0
2025-06-27 11:56:35,741 [INFO] ThirdParty:1030 - CMSIS Pack Vendor :wolfSSL I-CUBE-wolfSSH 1.4.20
2025-06-27 11:56:35,741 [INFO] ThirdParty:1030 - CMSIS Pack Vendor :STMicroelectronics X-CUBE-TCPP 4.2.0
2025-06-27 11:56:35,741 [INFO] ThirdParty:1030 - CMSIS Pack Vendor :RealThread X-CUBE-RT-Thread_Nano 4.1.1
2025-06-27 11:56:35,741 [INFO] ThirdParty:1030 - CMSIS Pack Vendor :STMicroelectronics FP-ATR-SIGFOX1 3.2.0
2025-06-27 11:56:35,741 [INFO] ThirdParty:1030 - CMSIS Pack Vendor :STMicroelectronics X-CUBE-NFC10 1.0.0
2025-06-27 11:56:35,741 [INFO] ThirdParty:1030 - CMSIS Pack Vendor :STMicroelectronics X-CUBE-BLEMGR 4.0.0
2025-06-27 11:56:35,741 [INFO] ThirdParty:1030 - CMSIS Pack Vendor :STMicroelectronics X-CUBE-EEPRMA1 5.1.0
2025-06-27 11:56:35,742 [INFO] ThirdParty:1030 - CMSIS Pack Vendor :STMicroelectronics HAL Drivers 0.0.0
2025-06-27 11:56:35,742 [INFO] ThirdParty:1030 - CMSIS Pack Vendor :STMicroelectronics MBEDTLS 2.16.2
2025-06-27 11:56:35,742 [INFO] ThirdParty:1030 - CMSIS Pack Vendor :STMicroelectronics X-CUBE-IPS 3.1.0
2025-06-27 11:56:35,742 [INFO] ThirdParty:1030 - CMSIS Pack Vendor :STMicroelectronics X-CUBE-ALS 1.0.2
2025-06-27 11:56:35,742 [INFO] ThirdParty:1030 - CMSIS Pack Vendor :emotas I-CUBE-CANOPEN 1.3.0
2025-06-27 11:56:35,743 [INFO] ThirdParty:1030 - CMSIS Pack Vendor :STMicroelectronics MBEDTLS 2.14.1
2025-06-27 11:56:35,743 [INFO] ThirdParty:1030 - CMSIS Pack Vendor :ITTIA_DB I-CUBE-ITTIADB 8.9.0
2025-06-27 11:56:35,743 [INFO] ThirdParty:1030 - CMSIS Pack Vendor :portGmbH I-Cube-SoM-uGOAL 1.1.0
2025-06-27 11:56:35,743 [INFO] ThirdParty:1030 - CMSIS Pack Vendor :quantropi X-CUBE-qispace-sdk-base 2.0.0
2025-06-27 11:56:35,743 [INFO] ThirdParty:1030 - CMSIS Pack Vendor :STMicroelectronics X-CUBE-AI 10.0.0
2025-06-27 11:56:35,743 [INFO] ThirdParty:1030 - CMSIS Pack Vendor :STMicroelectronics X-CUBE-ST67W61 1.0.0
2025-06-27 11:56:35,743 [INFO] ThirdParty:1030 - CMSIS Pack Vendor :STMicroelectronics ThreadX 1.0.0
2025-06-27 11:56:35,743 [INFO] ThirdParty:1030 - CMSIS Pack Vendor :STMicroelectronics FP-SNS-SMARTAG2 1.2.0
2025-06-27 11:56:35,743 [INFO] ThirdParty:1030 - CMSIS Pack Vendor :STMicroelectronics X-CUBE-AZRTOS-WL 2.0.0
2025-06-27 11:56:35,743 [INFO] ThirdParty:1030 - CMSIS Pack Vendor :SEGGER I-CUBE-embOS 1.3.1
2025-06-27 11:56:35,743 [INFO] ThirdParty:1030 - CMSIS Pack Vendor :STMicroelectronics X-CUBE-ALGOBUILD 1.4.0
2025-06-27 11:56:35,743 [INFO] ThirdParty:1030 - CMSIS Pack Vendor :STMicroelectronics X-CUBE-MEMS1 11.3.0
2025-06-27 11:56:35,744 [INFO] ThirdParty:1030 - CMSIS Pack Vendor :STMicroelectronics FP-SNS-MOTENV1 5.0.0
2025-06-27 11:56:35,744 [INFO] ThirdParty:1030 - CMSIS Pack Vendor :STMicroelectronics USB_DEVICE 1.0.0
2025-06-27 11:56:35,744 [INFO] ThirdParty:1030 - CMSIS Pack Vendor :STMicroelectronics X-CUBE-AZRTOS-L4 2.0.0
2025-06-27 11:56:35,744 [INFO] ThirdParty:1030 - CMSIS Pack Vendor :STMicroelectronics ThreadX 0.0.2
2025-06-27 11:56:35,744 [INFO] ThirdParty:1030 - CMSIS Pack Vendor :WES I-CUBE-Cesium 1.3.0
2025-06-27 11:56:35,744 [INFO] ThirdParty:1030 - CMSIS Pack Vendor :STMicroelectronics lwIP 2.1.2
2025-06-27 11:56:35,744 [INFO] ThirdParty:1030 - CMSIS Pack Vendor :STMicroelectronics X-CUBE-SFXS2LP1 4.0.0
2025-06-27 11:56:35,744 [INFO] ThirdParty:1030 - CMSIS Pack Vendor :STMicroelectronics X-CUBE-BLE2 3.3.0
2025-06-27 11:56:35,744 [INFO] ThirdParty:1030 - CMSIS Pack Vendor :STMicroelectronics PDM2PCM 3.2.0
2025-06-27 11:56:35,744 [INFO] ThirdParty:841 - exiting critical section [change project]
2025-06-27 11:56:36,021 [INFO] PinOutPanel:1589 - setPackage(No Configuration,No Configuration)
2025-06-27 11:56:36,022 [INFO] PinOutPanel:1589 - setPackage(STM32F407VETx,LQFP100)
2025-06-27 11:56:36,375 [INFO] UtilMem:75 - Before build in PCC Used Memory: 441338928 Bytes (1059061760)
2025-06-27 11:56:36,629 [INFO] UtilMem:75 - After build in PCC Used Memory: 485385280 Bytes (1059061760)
2025-06-27 11:56:36,637 [INFO] ApiDbMcu:508 - Load IP Config File for FREERTOS
2025-06-27 11:56:36,660 [INFO] IPUIPlugin:80 - create IPUIPlugin
2025-06-27 11:56:36,660 [INFO] IPUIPlugin:80 - create IPUIPlugin
2025-06-27 11:56:36,660 [INFO] IPUIPlugin:80 - create IPUIPlugin
2025-06-27 11:56:36,660 [INFO] IPUIPlugin:80 - create IPUIPlugin
2025-06-27 11:56:36,660 [INFO] IPUIPlugin:80 - create IPUIPlugin
2025-06-27 11:56:36,661 [INFO] IPUIPlugin:80 - create IPUIPlugin
2025-06-27 11:56:36,661 [INFO] IPUIPlugin:80 - create IPUIPlugin
2025-06-27 11:56:36,661 [INFO] IPUIPlugin:80 - create IPUIPlugin
2025-06-27 11:56:36,661 [INFO] IPUIPlugin:80 - create IPUIPlugin
2025-06-27 11:56:36,661 [INFO] IPUIPlugin:80 - create IPUIPlugin
2025-06-27 11:56:36,662 [INFO] IPUIPlugin:80 - create IPUIPlugin
2025-06-27 11:56:36,662 [INFO] IPUIPlugin:80 - create IPUIPlugin
2025-06-27 11:56:36,662 [INFO] IPUIPlugin:80 - create IPUIPlugin
2025-06-27 11:56:36,662 [INFO] IPUIPlugin:80 - create IPUIPlugin
2025-06-27 11:56:36,662 [INFO] IPUIPlugin:80 - create IPUIPlugin
2025-06-27 11:56:36,662 [INFO] IPUIPlugin:80 - create IPUIPlugin
2025-06-27 11:56:36,662 [INFO] IPUIPlugin:80 - create IPUIPlugin
2025-06-27 11:56:36,662 [INFO] IPUIPlugin:80 - create IPUIPlugin
2025-06-27 11:56:36,662 [INFO] IPUIPlugin:80 - create IPUIPlugin
2025-06-27 11:56:36,663 [INFO] IPUIPlugin:80 - create IPUIPlugin
2025-06-27 11:56:36,663 [INFO] IPUIPlugin:80 - create IPUIPlugin
2025-06-27 11:56:36,663 [INFO] IPUIPlugin:80 - create IPUIPlugin
2025-06-27 11:56:36,663 [INFO] IPUIPlugin:80 - create IPUIPlugin
2025-06-27 11:56:36,663 [INFO] IPUIPlugin:80 - create IPUIPlugin
2025-06-27 11:56:36,663 [INFO] IPUIPlugin:80 - create IPUIPlugin
2025-06-27 11:56:36,664 [INFO] IPUIPlugin:80 - create IPUIPlugin
2025-06-27 11:56:36,664 [INFO] IPUIPlugin:80 - create IPUIPlugin
2025-06-27 11:56:36,664 [INFO] IPUIPlugin:80 - create IPUIPlugin
2025-06-27 11:56:36,664 [INFO] IPUIPlugin:80 - create IPUIPlugin
2025-06-27 11:56:36,664 [INFO] IPUIPlugin:80 - create IPUIPlugin
2025-06-27 11:56:36,664 [INFO] IPUIPlugin:80 - create IPUIPlugin
2025-06-27 11:56:36,665 [INFO] IPUIPlugin:80 - create IPUIPlugin
2025-06-27 11:56:36,665 [INFO] IPUIPlugin:80 - create IPUIPlugin
2025-06-27 11:56:36,665 [INFO] IPUIPlugin:80 - create IPUIPlugin
2025-06-27 11:56:36,665 [INFO] IPUIPlugin:80 - create IPUIPlugin
2025-06-27 11:56:36,666 [INFO] IPUIPlugin:80 - create IPUIPlugin
2025-06-27 11:56:36,666 [INFO] IPUIPlugin:80 - create IPUIPlugin
2025-06-27 11:56:36,666 [INFO] IPUIPlugin:80 - create IPUIPlugin
2025-06-27 11:56:36,666 [INFO] IPUIPlugin:80 - create IPUIPlugin
2025-06-27 11:56:36,666 [INFO] IPUIPlugin:80 - create IPUIPlugin
2025-06-27 11:56:36,666 [INFO] IPUIPlugin:80 - create IPUIPlugin
2025-06-27 11:56:36,667 [INFO] IPUIPlugin:80 - create IPUIPlugin
2025-06-27 11:56:36,667 [INFO] IPUIPlugin:80 - create IPUIPlugin
2025-06-27 11:56:36,667 [INFO] IPUIPlugin:80 - create IPUIPlugin
2025-06-27 11:56:36,667 [INFO] IPUIPlugin:80 - create IPUIPlugin
2025-06-27 11:56:36,668 [INFO] IPUIPlugin:80 - create IPUIPlugin
2025-06-27 11:56:36,668 [INFO] IPUIPlugin:80 - create IPUIPlugin
2025-06-27 11:56:36,668 [INFO] IPUIPlugin:80 - create IPUIPlugin
2025-06-27 11:56:36,668 [INFO] IPUIPlugin:80 - create IPUIPlugin
2025-06-27 11:56:36,669 [INFO] IPUIPlugin:80 - create IPUIPlugin
2025-06-27 11:56:36,669 [INFO] IPUIPlugin:80 - create IPUIPlugin
2025-06-27 11:56:36,669 [INFO] IPUIPlugin:80 - create IPUIPlugin
2025-06-27 11:56:36,669 [INFO] IPUIPlugin:80 - create IPUIPlugin
2025-06-27 11:56:36,670 [INFO] IPUIPlugin:80 - create IPUIPlugin
2025-06-27 11:56:36,670 [INFO] IPUIPlugin:80 - create IPUIPlugin
2025-06-27 11:56:36,671 [INFO] IPUIPlugin:80 - create IPUIPlugin
2025-06-27 11:56:36,671 [INFO] IPUIPlugin:80 - create IPUIPlugin
2025-06-27 11:56:36,671 [INFO] IPUIPlugin:80 - create IPUIPlugin
2025-06-27 11:56:36,675 [INFO] ApiDbMcu:508 - Load IP Config File for PDM2PCM
2025-06-27 11:56:36,686 [WARN] FreeRTOS:1023 - Null or empty value: should not occur! (nothing added to the table)
2025-06-27 11:56:36,742 [INFO] CADModel:165 - CPN selected for project levelSTM32F407VET6
2025-06-27 11:56:36,742 [INFO] CADModel:114 - Register for checkConnection events
2025-06-27 11:56:36,744 [INFO] RtosManager:725 - Active RTOS found at IOC load: FREERTOS [Cortex-M4NS]
2025-06-27 11:56:36,806 [INFO] OpenFileManager:385 - Restore cursor
2025-06-27 12:00:18,338 [INFO] NvicIntPanel:101 - NVIC parent = com.st.microxplorer.plugins.ip.nvic.MultiNvicIntPanel[,0,0,820x493,layout=javax.swing.BoxLayout,alignmentX=0.0,alignmentY=0.0,border=,flags=9,maximumSize=,minimumSize=,preferredSize=]
2025-06-27 12:00:49,616 [INFO] MainUpdater:2872 - connection check result : 10
2025-06-27 12:00:49,616 [INFO] MainUpdater:2872 - connection check result : 10
2025-06-27 12:00:49,706 [INFO] MicroXplorer:468 - Change Database Path : 
2025-06-27 12:00:49,707 [INFO] MicroXplorer:498 - Change Database Version : DB.6.0.141
2025-06-27 12:00:49,718 [ERROR] ProjectManagerView:395 - 
java.lang.NullPointerException: Cannot invoke "javax.swing.JTextField.getText()" because the return value of "java.util.List.get(int)" is null
	at com.st.microxplorer.plugins.projectmanager.gui.ProjectChoiceTab$9.caretUpdate(ProjectChoiceTab.java:2678) ~[filemanager.jar:?]
	at javax.swing.text.JTextComponent.fireCaretUpdate(JTextComponent.java:408) ~[?:?]
	at javax.swing.text.JTextComponent$MutableCaretEvent.fire(JTextComponent.java:4484) ~[?:?]
	at javax.swing.text.JTextComponent$MutableCaretEvent.stateChanged(JTextComponent.java:4506) ~[?:?]
	at javax.swing.text.DefaultCaret.fireStateChanged(DefaultCaret.java:857) ~[?:?]
	at javax.swing.text.DefaultCaret.changeCaretPosition(DefaultCaret.java:1343) ~[?:?]
	at javax.swing.text.DefaultCaret.handleSetDot(DefaultCaret.java:1242) ~[?:?]
	at javax.swing.text.DefaultCaret.setDot(DefaultCaret.java:1223) ~[?:?]
	at javax.swing.text.DefaultCaret$Handler.insertUpdate(DefaultCaret.java:1819) ~[?:?]
	at javax.swing.text.AbstractDocument.fireInsertUpdate(AbstractDocument.java:227) ~[?:?]
	at javax.swing.text.AbstractDocument.handleInsertString(AbstractDocument.java:781) ~[?:?]
	at javax.swing.text.AbstractDocument.insertString(AbstractDocument.java:740) ~[?:?]
	at javax.swing.text.PlainDocument.insertString(PlainDocument.java:131) ~[?:?]
	at javax.swing.text.AbstractDocument.replace(AbstractDocument.java:699) ~[?:?]
	at javax.swing.text.JTextComponent.setText(JTextComponent.java:1725) ~[?:?]
	at com.st.microxplorer.plugins.projectmanager.gui.ProjectChoiceTab.createHeapStackFields(ProjectChoiceTab.java:979) ~[filemanager.jar:?]
	at com.st.microxplorer.plugins.projectmanager.gui.ProjectChoiceTab.buildLinkSettingsPanel(ProjectChoiceTab.java:3766) ~[filemanager.jar:?]
	at com.st.microxplorer.plugins.projectmanager.gui.ProjectChoiceTab.defineWindowsFields(ProjectChoiceTab.java:1962) ~[filemanager.jar:?]
	at com.st.microxplorer.plugins.projectmanager.gui.ProjectChoiceTab.updateSettings(ProjectChoiceTab.java:555) ~[filemanager.jar:?]
	at com.st.microxplorer.plugins.projectmanager.gui.ProjectSettingsPanel.UpdateDialog(ProjectSettingsPanel.java:245) ~[filemanager.jar:?]
	at com.st.microxplorer.plugins.projectmanager.ProjectManagerView.propertyChange(ProjectManagerView.java:392) ~[filemanager.jar:?]
	at java.beans.PropertyChangeSupport.fire(PropertyChangeSupport.java:343) ~[?:?]
	at java.beans.PropertyChangeSupport.firePropertyChange(PropertyChangeSupport.java:335) ~[?:?]
	at java.beans.PropertyChangeSupport.firePropertyChange(PropertyChangeSupport.java:268) ~[?:?]
	at com.st.microxplorer.util.MXPropertyChangeSupport.firePropertyChange(MXPropertyChangeSupport.java:54) ~[STM32CubeMX.jar:?]
	at com.st.microxplorer.mxsystem.MxSystem.closeConfig(MxSystem.java:899) ~[STM32CubeMX.jar:?]
	at com.st.microxplorer.maingui.MainPanel.closeConfig(MainPanel.java:789) ~[STM32CubeMX.jar:?]
	at com.st.microxplorer.plugins.filemanager.engine.OpenFileManager.loadConfigurationFile(OpenFileManager.java:287) ~[filemanager.jar:?]
	at com.st.microxplorer.plugins.filemanager.engine.MainFileManager.userLoadConfig(MainFileManager.java:341) ~[filemanager.jar:?]
	at com.st.microxplorer.plugins.filemanager.engine.MainFileManager.userLoadConfig(MainFileManager.java:319) ~[filemanager.jar:?]
	at com.st.microxplorer.plugins.filemanager.FileManagerView.getSpecificTask(FileManagerView.java:246) ~[filemanager.jar:?]
	at com.st.stm32cube.common.mx.editor.CubeMxEditor.getMxTabbedPaneInstance(CubeMxEditor.java:1198) ~[com.st.stm32cube.common.mx_6.14.1.202504091515/:?]
	at com.st.stm32cube.common.mx.editor.CubeMxEditor$12$1.createSwingComponent(CubeMxEditor.java:1068) ~[com.st.stm32cube.common.mx_6.14.1.202504091515/:?]
	at com.st.stm32cube.common.mx.oss.core.awtswtbridge.EmbeddedSwingComposite.doComponentCreation(EmbeddedSwingComposite.java:492) ~[com.st.stm32cube.common.mx.oss_6.14.1.202504091515/:?]
	at com.st.stm32cube.common.mx.oss.core.awtswtbridge.EmbeddedSwingComposite$4.run(EmbeddedSwingComposite.java:291) ~[com.st.stm32cube.common.mx.oss_6.14.1.202504091515/:?]
	at com.st.stm32cube.common.mx.oss.core.awtswtbridge.AwtEnvironment$2.run(AwtEnvironment.java:166) ~[com.st.stm32cube.common.mx.oss_6.14.1.202504091515/:?]
	at java.awt.event.InvocationEvent.dispatch(InvocationEvent.java:318) ~[?:?]
	at java.awt.EventQueue.dispatchEventImpl(EventQueue.java:773) ~[?:?]
	at java.awt.EventQueue$4.run(EventQueue.java:720) ~[?:?]
	at java.awt.EventQueue$4.run(EventQueue.java:714) ~[?:?]
	at java.security.AccessController.doPrivileged(AccessController.java:400) ~[?:?]
	at java.security.ProtectionDomain$JavaSecurityAccessImpl.doIntersectionPrivilege(ProtectionDomain.java:87) ~[?:?]
	at java.awt.EventQueue.dispatchEvent(EventQueue.java:742) ~[?:?]
	at java.awt.EventDispatchThread.pumpOneEventForFilters(EventDispatchThread.java:203) ~[?:?]
	at java.awt.EventDispatchThread.pumpEventsForFilter(EventDispatchThread.java:124) ~[?:?]
	at java.awt.EventDispatchThread.pumpEventsForHierarchy(EventDispatchThread.java:113) ~[?:?]
	at java.awt.EventDispatchThread.pumpEvents(EventDispatchThread.java:109) ~[?:?]
	at java.awt.EventDispatchThread.pumpEvents(EventDispatchThread.java:101) ~[?:?]
	at java.awt.EventDispatchThread.run(EventDispatchThread.java:90) ~[?:?]
2025-06-27 12:00:49,719 [WARN] ThirdParty:871 - waiting for thirdparty lock release [close project]
2025-06-27 12:00:49,720 [INFO] ThirdParty:873 - entering critical section [close project]
2025-06-27 12:00:49,720 [INFO] ThirdParty:883 - exiting critical section [close project]
2025-06-27 12:00:49,721 [INFO] PinOutPanel:1589 - setPackage(No Configuration,No Configuration)
2025-06-27 12:00:49,727 [WARN] IpParametersView:155 - Warning: This peripheral hasn't parameters
2025-06-27 12:00:49,731 [WARN] MainPanel:289 - <html><b><center>Warning: This peripheral has no parameters to be configured<br></b></html>
2025-06-27 12:00:49,733 [INFO] UtilMem:75 - Begin LoadConfig() Used Memory: 713362448 Bytes (1059061760)
2025-06-27 12:00:49,734 [INFO] MicroXplorer:468 - Change Database Path : 
2025-06-27 12:00:49,734 [INFO] MicroXplorer:498 - Change Database Version : DB.6.0.141
2025-06-27 12:00:49,735 [INFO] OpenFileManager:354 - Change cursor
2025-06-27 12:00:49,740 [INFO] Mcu:2011 - Initializing MCU STM32F407V(E-G)Tx STM32F407VETx STM32F407VET6
2025-06-27 12:00:50,794 [INFO] Context:756 - Trying to add GPIOservice into a context  which must be forbidden
2025-06-27 12:00:51,184 [INFO] ImportTextPane:218 - (OptionalMessage_ERROR) Pin7 (VP_RIF_VS_RIF1) cannot be retrieved for this MCU
2025-06-27 12:00:51,247 [INFO] RtosManager:558 - Registered RTOS mode: class=CMSIS, group=RTOS, mode=CMSIS_V1, owner=FREERTOS
2025-06-27 12:00:51,247 [INFO] RtosManager:558 - Registered RTOS mode: class=CMSIS, group=RTOS2, mode=CMSIS_V2, owner=FREERTOS
2025-06-27 12:00:51,247 [INFO] RtosManager:558 - Registered RTOS mode: class=RTOS, group=Core, mode=CMSIS_V1, owner=FREERTOS
2025-06-27 12:00:51,247 [INFO] RtosManager:558 - Registered RTOS mode: class=RTOS, group=Core, mode=CMSIS_V2, owner=FREERTOS
2025-06-27 12:00:51,247 [WARN] ModelIntegratedComponent:184 - Missing modes for component STMicroelectronics:FreeRTOS:0.0.1:STMicroelectronics:RTOS:FreeRTOS:Core:::10.2.0:
2025-06-27 12:00:51,251 [WARN] ModelIntegratedComponent:63 - No mode defined for component null
2025-06-27 12:00:51,251 [WARN] ModelIntegratedComponent:63 - No mode defined for component null
2025-06-27 12:00:51,251 [WARN] ModelIntegratedComponent:63 - No mode defined for component null
2025-06-27 12:00:51,251 [WARN] ModelIntegratedComponent:63 - No mode defined for component null
2025-06-27 12:00:51,251 [WARN] ModelIntegratedComponent:63 - No mode defined for component null
2025-06-27 12:00:51,251 [WARN] ModelIntegratedComponent:63 - No mode defined for component null
2025-06-27 12:00:51,252 [WARN] ModelIntegratedComponent:63 - No mode defined for component null
2025-06-27 12:00:51,252 [WARN] ModelIntegratedComponent:63 - No mode defined for component null
2025-06-27 12:00:51,252 [WARN] ModelIntegratedComponent:63 - No mode defined for component null
2025-06-27 12:00:51,252 [WARN] ModelIntegratedComponent:63 - No mode defined for component null
2025-06-27 12:00:51,252 [WARN] ModelIntegratedComponent:63 - No mode defined for component null
2025-06-27 12:00:51,252 [WARN] ModelIntegratedComponent:63 - No mode defined for component null
2025-06-27 12:00:51,252 [WARN] ModelIntegratedComponent:63 - No mode defined for component null
2025-06-27 12:00:51,252 [WARN] ModelIntegratedComponent:63 - No mode defined for component null
2025-06-27 12:00:51,252 [WARN] ModelIntegratedComponent:63 - No mode defined for component null
2025-06-27 12:00:51,252 [WARN] ModelIntegratedComponent:63 - No mode defined for component null
2025-06-27 12:00:51,252 [WARN] ModelIntegratedComponent:63 - No mode defined for component null
2025-06-27 12:00:51,252 [WARN] ModelIntegratedComponent:63 - No mode defined for component null
2025-06-27 12:00:51,252 [WARN] ModelIntegratedComponent:63 - No mode defined for component null
2025-06-27 12:00:51,252 [WARN] ModelIntegratedComponent:63 - No mode defined for component null
2025-06-27 12:00:51,252 [WARN] ModelIntegratedComponent:63 - No mode defined for component null
2025-06-27 12:00:51,252 [WARN] ModelIntegratedComponent:63 - No mode defined for component null
2025-06-27 12:00:51,252 [WARN] ModelIntegratedComponent:63 - No mode defined for component null
2025-06-27 12:00:51,252 [WARN] ModelIntegratedComponent:63 - No mode defined for component null
2025-06-27 12:00:51,252 [WARN] ModelIntegratedComponent:63 - No mode defined for component null
2025-06-27 12:00:51,252 [WARN] ModelIntegratedComponent:63 - No mode defined for component null
2025-06-27 12:00:51,252 [WARN] ModelIntegratedComponent:63 - No mode defined for component null
2025-06-27 12:00:51,252 [WARN] ModelIntegratedComponent:63 - No mode defined for component null
2025-06-27 12:00:51,252 [WARN] ModelIntegratedComponent:63 - No mode defined for component null
2025-06-27 12:00:51,252 [WARN] ModelIntegratedComponent:63 - No mode defined for component null
2025-06-27 12:00:51,252 [WARN] ModelIntegratedComponent:63 - No mode defined for component null
2025-06-27 12:00:51,252 [WARN] ModelIntegratedComponent:63 - No mode defined for component null
2025-06-27 12:00:51,252 [WARN] ModelIntegratedComponent:63 - No mode defined for component null
2025-06-27 12:00:51,252 [WARN] ModelIntegratedComponent:63 - No mode defined for component null
2025-06-27 12:00:51,252 [WARN] ModelIntegratedComponent:63 - No mode defined for component null
2025-06-27 12:00:51,252 [WARN] ModelPack:524 - Component already loaded: STMicroelectronics:HAL Drivers:0.0.0:STMicroelectronics:Device:STMicro_Driver:XSPI:HAL::0.0.1:HAL_XSPI
2025-06-27 12:00:51,308 [INFO] ThirdPartyModel:298 - Start build external matchings
2025-06-27 12:00:51,740 [INFO] ThirdPartyModel:316 - End build external matchings
2025-06-27 12:00:51,748 [INFO] ImportTextPane:218 - (OptionalMessage_ERROR) IP (DMA) : Parameter (Instance) has Id (USART1_RX) currently not set
2025-06-27 12:00:51,748 [INFO] ImportTextPane:218 - (OptionalMessage_ERROR) IP (DMA) : Parameter (Channel) has Id (USART1_RX) currently not set
2025-06-27 12:00:51,748 [INFO] ImportTextPane:218 - (OptionalMessage_ERROR) IP (DMA) : Parameter (Direction) has Id (USART1_RX) currently not set
2025-06-27 12:00:51,748 [INFO] ImportTextPane:218 - (OptionalMessage_ERROR) IP (DMA) : Parameter (PeriphInc) has Id (USART1_RX) currently not set
2025-06-27 12:00:51,748 [INFO] ImportTextPane:218 - (OptionalMessage_ERROR) IP (DMA) : Parameter (MemInc) has Id (USART1_RX) currently not set
2025-06-27 12:00:51,748 [INFO] ImportTextPane:218 - (OptionalMessage_ERROR) IP (DMA) : Parameter (PeriphDataAlignment) has Id (USART1_RX) currently not set
2025-06-27 12:00:51,748 [INFO] ImportTextPane:218 - (OptionalMessage_ERROR) IP (DMA) : Parameter (MemDataAlignment) has Id (USART1_RX) currently not set
2025-06-27 12:00:51,748 [INFO] ImportTextPane:218 - (OptionalMessage_ERROR) IP (DMA) : Parameter (Mode) has Id (USART1_RX) currently not set
2025-06-27 12:00:51,748 [INFO] ImportTextPane:218 - (OptionalMessage_ERROR) IP (DMA) : Parameter (Priority) has Id (USART1_RX) currently not set
2025-06-27 12:00:51,748 [INFO] ImportTextPane:218 - (OptionalMessage_ERROR) IP (DMA) : Parameter (FIFOMode) has Id (USART1_RX) currently not set
2025-06-27 12:00:51,749 [INFO] ImportTextPane:218 - (OptionalMessage_ERROR) IP (RCC) : Parameter (RTCHSEDivFreq_Value) has invalid value (12500000)
2025-06-27 12:00:52,022 [INFO] UtilMem:75 - End LoadConfig() Used Memory: 608922600 Bytes (1059061760)
2025-06-27 12:00:52,067 [WARN] ThirdParty:833 - waiting for thirdparty lock release [change project]
2025-06-27 12:00:52,068 [INFO] ThirdParty:835 - entering critical section [change project]
2025-06-27 12:00:52,068 [INFO] ThirdParty:1030 - CMSIS Pack Vendor :STMicroelectronics X-CUBE-PM33A1 1.0.0
2025-06-27 12:00:52,068 [INFO] ThirdParty:1030 - CMSIS Pack Vendor :STMicroelectronics USBPD 4.1
2025-06-27 12:00:52,068 [INFO] ThirdParty:1030 - CMSIS Pack Vendor :STMicroelectronics X-CUBE-AZRTOS-H7 3.3.0
2025-06-27 12:00:52,068 [INFO] ThirdParty:1030 - CMSIS Pack Vendor :STMicroelectronics X-CUBE-NFC9 1.0.0
2025-06-27 12:00:52,068 [INFO] ThirdParty:1030 - CMSIS Pack Vendor :wolfSSL I-CUBE-wolfSSL 5.8.0
2025-06-27 12:00:52,068 [INFO] ThirdParty:1030 - CMSIS Pack Vendor :STMicroelectronics USB_HOST 2.0.0
2025-06-27 12:00:52,068 [INFO] ThirdParty:1030 - CMSIS Pack Vendor :STMicroelectronics FP-SNS-MOTENVWB1 1.4.0
2025-06-27 12:00:52,068 [INFO] ThirdParty:1030 - CMSIS Pack Vendor :STMicroelectronics X-CUBE-AZRTOS-F4 1.1.0
2025-06-27 12:00:52,068 [INFO] ThirdParty:1030 - CMSIS Pack Vendor :STMicroelectronics LIBJPEG 8.0.0
2025-06-27 12:00:52,068 [INFO] ThirdParty:1030 - CMSIS Pack Vendor :STMicroelectronics X-CUBE-SMBUS 2.1.0
2025-06-27 12:00:52,068 [INFO] ThirdParty:1030 - CMSIS Pack Vendor :wolfSSL I-CUBE-wolfMQTT 1.19.2
2025-06-27 12:00:52,068 [INFO] ThirdParty:1030 - CMSIS Pack Vendor :STMicroelectronics USB_DEVICE 3.0.0
2025-06-27 12:00:52,068 [INFO] ThirdParty:1030 - CMSIS Pack Vendor :STMicroelectronics X-CUBE-ISPU 2.1.0
2025-06-27 12:00:52,068 [INFO] ThirdParty:1030 - CMSIS Pack Vendor :STMicroelectronics X-CUBE-AZRTOS-WB 2.0.0
2025-06-27 12:00:52,068 [INFO] ThirdParty:1030 - CMSIS Pack Vendor :STMicroelectronics X-CUBE-ST60 1.0.0
2025-06-27 12:00:52,068 [INFO] ThirdParty:1030 - CMSIS Pack Vendor :STMicroelectronics X-CUBE-GNSS1 7.0.1
2025-06-27 12:00:52,068 [INFO] ThirdParty:1030 - CMSIS Pack Vendor :STMicroelectronics X-CUBE-AZRTOS-F7 1.1.0
2025-06-27 12:00:52,068 [INFO] ThirdParty:1030 - CMSIS Pack Vendor :STMicroelectronics X-CUBE-AZRTOS-L5 2.0.0
2025-06-27 12:00:52,068 [INFO] ThirdParty:1030 - CMSIS Pack Vendor :STMicroelectronics USB_DEVICE 2.0.0
2025-06-27 12:00:52,068 [INFO] ThirdParty:1030 - CMSIS Pack Vendor :STMicroelectronics X-CUBE-NFC6 3.1.0
2025-06-27 12:00:52,068 [INFO] ThirdParty:1030 - CMSIS Pack Vendor :STMicroelectronics X-CUBE-AI 10.1.0
2025-06-27 12:00:52,068 [INFO] ThirdParty:1030 - CMSIS Pack Vendor :STMicroelectronics FP-SNS-STBOX1 2.0.0
2025-06-27 12:00:52,068 [INFO] ThirdParty:1030 - CMSIS Pack Vendor :STMicroelectronics X-CUBE-MEMS1 11.2.0
2025-06-27 12:00:52,068 [INFO] ThirdParty:1030 - CMSIS Pack Vendor :STMicroelectronics FreeRTOS 0.0.1
2025-06-27 12:00:52,068 [INFO] ThirdParty:1030 - CMSIS Pack Vendor :STMicroelectronics X-CUBE-AZRTOS-G0 1.1.0
2025-06-27 12:00:52,068 [INFO] ThirdParty:1030 - CMSIS Pack Vendor :STMicroelectronics X-CUBE-SAFEA1 1.2.2
2025-06-27 12:00:52,068 [INFO] ThirdParty:1030 - CMSIS Pack Vendor :STMicroelectronics X-CUBE-NFC4 3.0.0
2025-06-27 12:00:52,068 [INFO] ThirdParty:1030 - CMSIS Pack Vendor :STMicroelectronics X-CUBE-SUBG2 5.0.0
2025-06-27 12:00:52,068 [INFO] ThirdParty:1030 - CMSIS Pack Vendor :STMicroelectronics X-CUBE-AZRTOS-H7RS 1.1.0
2025-06-27 12:00:52,069 [INFO] ThirdParty:1030 - CMSIS Pack Vendor :STMicroelectronics STM32_WPAN 1.0.0
2025-06-27 12:00:52,069 [INFO] ThirdParty:1030 - CMSIS Pack Vendor :EmbeddedOffice I-CUBE-FS-RTOS 1.0.1
2025-06-27 12:00:52,069 [INFO] ThirdParty:1030 - CMSIS Pack Vendor :STMicroelectronics lwIP 2.0.3
2025-06-27 12:00:52,069 [INFO] ThirdParty:1030 - CMSIS Pack Vendor :Cesanta I-CUBE-Mongoose 7.13.0
2025-06-27 12:00:52,069 [INFO] ThirdParty:1030 - CMSIS Pack Vendor :STMicroelectronics USB_HOST 1.0.0
2025-06-27 12:00:52,069 [INFO] ThirdParty:1030 - CMSIS Pack Vendor :Infineon AIROC-Wi-Fi-Bluetooth-STM32 1.7.0
2025-06-27 12:00:52,069 [INFO] ThirdParty:1030 - CMSIS Pack Vendor :STMicroelectronics X-CUBE-AZRTOS-G4 2.0.0
2025-06-27 12:00:52,069 [INFO] ThirdParty:1030 - CMSIS Pack Vendor :STMicroelectronics X-CUBE-WB05N 2.0.0
2025-06-27 12:00:52,069 [INFO] ThirdParty:1030 - CMSIS Pack Vendor :STMicroelectronics PDM2PCM 3.1.0
2025-06-27 12:00:52,069 [INFO] ThirdParty:1030 - CMSIS Pack Vendor :STMicroelectronics PDM2PCM 3.3.0
2025-06-27 12:00:52,069 [INFO] ThirdParty:1030 - CMSIS Pack Vendor :wolfSSL I-CUBE-wolfTPM 3.8.0
2025-06-27 12:00:52,069 [INFO] ThirdParty:1030 - CMSIS Pack Vendor :STMicroelectronics X-CUBE-DISPLAY 3.0.0
2025-06-27 12:00:52,069 [INFO] ThirdParty:1030 - CMSIS Pack Vendor :wolfSSL I-CUBE-wolfSSH 1.4.20
2025-06-27 12:00:52,069 [INFO] ThirdParty:1030 - CMSIS Pack Vendor :STMicroelectronics X-CUBE-TCPP 4.2.0
2025-06-27 12:00:52,069 [INFO] ThirdParty:1030 - CMSIS Pack Vendor :RealThread X-CUBE-RT-Thread_Nano 4.1.1
2025-06-27 12:00:52,069 [INFO] ThirdParty:1030 - CMSIS Pack Vendor :STMicroelectronics FP-ATR-SIGFOX1 3.2.0
2025-06-27 12:00:52,069 [INFO] ThirdParty:1030 - CMSIS Pack Vendor :STMicroelectronics X-CUBE-NFC10 1.0.0
2025-06-27 12:00:52,069 [INFO] ThirdParty:1030 - CMSIS Pack Vendor :STMicroelectronics X-CUBE-BLEMGR 4.0.0
2025-06-27 12:00:52,069 [INFO] ThirdParty:1030 - CMSIS Pack Vendor :STMicroelectronics X-CUBE-EEPRMA1 5.1.0
2025-06-27 12:00:52,069 [INFO] ThirdParty:1030 - CMSIS Pack Vendor :STMicroelectronics HAL Drivers 0.0.0
2025-06-27 12:00:52,069 [INFO] ThirdParty:1030 - CMSIS Pack Vendor :STMicroelectronics MBEDTLS 2.16.2
2025-06-27 12:00:52,069 [INFO] ThirdParty:1030 - CMSIS Pack Vendor :STMicroelectronics X-CUBE-IPS 3.1.0
2025-06-27 12:00:52,069 [INFO] ThirdParty:1030 - CMSIS Pack Vendor :STMicroelectronics X-CUBE-ALS 1.0.2
2025-06-27 12:00:52,069 [INFO] ThirdParty:1030 - CMSIS Pack Vendor :emotas I-CUBE-CANOPEN 1.3.0
2025-06-27 12:00:52,069 [INFO] ThirdParty:1030 - CMSIS Pack Vendor :STMicroelectronics MBEDTLS 2.14.1
2025-06-27 12:00:52,069 [INFO] ThirdParty:1030 - CMSIS Pack Vendor :ITTIA_DB I-CUBE-ITTIADB 8.9.0
2025-06-27 12:00:52,069 [INFO] ThirdParty:1030 - CMSIS Pack Vendor :portGmbH I-Cube-SoM-uGOAL 1.1.0
2025-06-27 12:00:52,069 [INFO] ThirdParty:1030 - CMSIS Pack Vendor :quantropi X-CUBE-qispace-sdk-base 2.0.0
2025-06-27 12:00:52,069 [INFO] ThirdParty:1030 - CMSIS Pack Vendor :STMicroelectronics X-CUBE-AI 10.0.0
2025-06-27 12:00:52,069 [INFO] ThirdParty:1030 - CMSIS Pack Vendor :STMicroelectronics X-CUBE-ST67W61 1.0.0
2025-06-27 12:00:52,069 [INFO] ThirdParty:1030 - CMSIS Pack Vendor :STMicroelectronics ThreadX 1.0.0
2025-06-27 12:00:52,069 [INFO] ThirdParty:1030 - CMSIS Pack Vendor :STMicroelectronics FP-SNS-SMARTAG2 1.2.0
2025-06-27 12:00:52,069 [INFO] ThirdParty:1030 - CMSIS Pack Vendor :STMicroelectronics X-CUBE-AZRTOS-WL 2.0.0
2025-06-27 12:00:52,069 [INFO] ThirdParty:1030 - CMSIS Pack Vendor :SEGGER I-CUBE-embOS 1.3.1
2025-06-27 12:00:52,069 [INFO] ThirdParty:1030 - CMSIS Pack Vendor :STMicroelectronics X-CUBE-ALGOBUILD 1.4.0
2025-06-27 12:00:52,069 [INFO] ThirdParty:1030 - CMSIS Pack Vendor :STMicroelectronics X-CUBE-MEMS1 11.3.0
2025-06-27 12:00:52,069 [INFO] ThirdParty:1030 - CMSIS Pack Vendor :STMicroelectronics FP-SNS-MOTENV1 5.0.0
2025-06-27 12:00:52,069 [INFO] ThirdParty:1030 - CMSIS Pack Vendor :STMicroelectronics USB_DEVICE 1.0.0
2025-06-27 12:00:52,069 [INFO] ThirdParty:1030 - CMSIS Pack Vendor :STMicroelectronics X-CUBE-AZRTOS-L4 2.0.0
2025-06-27 12:00:52,069 [INFO] ThirdParty:1030 - CMSIS Pack Vendor :STMicroelectronics ThreadX 0.0.2
2025-06-27 12:00:52,069 [INFO] ThirdParty:1030 - CMSIS Pack Vendor :WES I-CUBE-Cesium 1.3.0
2025-06-27 12:00:52,069 [INFO] ThirdParty:1030 - CMSIS Pack Vendor :STMicroelectronics lwIP 2.1.2
2025-06-27 12:00:52,069 [INFO] ThirdParty:1030 - CMSIS Pack Vendor :STMicroelectronics X-CUBE-SFXS2LP1 4.0.0
2025-06-27 12:00:52,070 [INFO] ThirdParty:1030 - CMSIS Pack Vendor :STMicroelectronics X-CUBE-BLE2 3.3.0
2025-06-27 12:00:52,070 [INFO] ThirdParty:1030 - CMSIS Pack Vendor :STMicroelectronics PDM2PCM 3.2.0
2025-06-27 12:00:52,070 [INFO] ThirdParty:841 - exiting critical section [change project]
2025-06-27 12:00:52,225 [INFO] PinOutPanel:1589 - setPackage(No Configuration,No Configuration)
2025-06-27 12:00:52,226 [INFO] PinOutPanel:1589 - setPackage(STM32F407VETx,LQFP100)
2025-06-27 12:00:52,364 [INFO] UtilMem:75 - Before build in PCC Used Memory: 362393648 Bytes (1059061760)
2025-06-27 12:00:52,559 [INFO] UtilMem:75 - After build in PCC Used Memory: 405914240 Bytes (1059061760)
2025-06-27 12:00:52,587 [INFO] IPUIPlugin:80 - create IPUIPlugin
2025-06-27 12:00:52,587 [INFO] IPUIPlugin:80 - create IPUIPlugin
2025-06-27 12:00:52,587 [INFO] IPUIPlugin:80 - create IPUIPlugin
2025-06-27 12:00:52,587 [INFO] IPUIPlugin:80 - create IPUIPlugin
2025-06-27 12:00:52,587 [INFO] IPUIPlugin:80 - create IPUIPlugin
2025-06-27 12:00:52,588 [INFO] IPUIPlugin:80 - create IPUIPlugin
2025-06-27 12:00:52,588 [INFO] IPUIPlugin:80 - create IPUIPlugin
2025-06-27 12:00:52,588 [INFO] IPUIPlugin:80 - create IPUIPlugin
2025-06-27 12:00:52,588 [INFO] IPUIPlugin:80 - create IPUIPlugin
2025-06-27 12:00:52,588 [INFO] IPUIPlugin:80 - create IPUIPlugin
2025-06-27 12:00:52,588 [INFO] IPUIPlugin:80 - create IPUIPlugin
2025-06-27 12:00:52,589 [INFO] IPUIPlugin:80 - create IPUIPlugin
2025-06-27 12:00:52,589 [INFO] IPUIPlugin:80 - create IPUIPlugin
2025-06-27 12:00:52,589 [INFO] IPUIPlugin:80 - create IPUIPlugin
2025-06-27 12:00:52,589 [INFO] IPUIPlugin:80 - create IPUIPlugin
2025-06-27 12:00:52,589 [INFO] IPUIPlugin:80 - create IPUIPlugin
2025-06-27 12:00:52,589 [INFO] IPUIPlugin:80 - create IPUIPlugin
2025-06-27 12:00:52,589 [INFO] IPUIPlugin:80 - create IPUIPlugin
2025-06-27 12:00:52,589 [INFO] IPUIPlugin:80 - create IPUIPlugin
2025-06-27 12:00:52,590 [INFO] IPUIPlugin:80 - create IPUIPlugin
2025-06-27 12:00:52,590 [INFO] IPUIPlugin:80 - create IPUIPlugin
2025-06-27 12:00:52,590 [INFO] IPUIPlugin:80 - create IPUIPlugin
2025-06-27 12:00:52,590 [INFO] IPUIPlugin:80 - create IPUIPlugin
2025-06-27 12:00:52,590 [INFO] IPUIPlugin:80 - create IPUIPlugin
2025-06-27 12:00:52,591 [INFO] IPUIPlugin:80 - create IPUIPlugin
2025-06-27 12:00:52,591 [INFO] IPUIPlugin:80 - create IPUIPlugin
2025-06-27 12:00:52,591 [INFO] IPUIPlugin:80 - create IPUIPlugin
2025-06-27 12:00:52,591 [INFO] IPUIPlugin:80 - create IPUIPlugin
2025-06-27 12:00:52,592 [INFO] IPUIPlugin:80 - create IPUIPlugin
2025-06-27 12:00:52,592 [INFO] IPUIPlugin:80 - create IPUIPlugin
2025-06-27 12:00:52,592 [INFO] IPUIPlugin:80 - create IPUIPlugin
2025-06-27 12:00:52,592 [INFO] IPUIPlugin:80 - create IPUIPlugin
2025-06-27 12:00:52,593 [INFO] IPUIPlugin:80 - create IPUIPlugin
2025-06-27 12:00:52,593 [INFO] IPUIPlugin:80 - create IPUIPlugin
2025-06-27 12:00:52,593 [INFO] IPUIPlugin:80 - create IPUIPlugin
2025-06-27 12:00:52,593 [INFO] IPUIPlugin:80 - create IPUIPlugin
2025-06-27 12:00:52,594 [INFO] IPUIPlugin:80 - create IPUIPlugin
2025-06-27 12:00:52,594 [INFO] IPUIPlugin:80 - create IPUIPlugin
2025-06-27 12:00:52,594 [INFO] IPUIPlugin:80 - create IPUIPlugin
2025-06-27 12:00:52,594 [INFO] IPUIPlugin:80 - create IPUIPlugin
2025-06-27 12:00:52,595 [INFO] IPUIPlugin:80 - create IPUIPlugin
2025-06-27 12:00:52,595 [INFO] IPUIPlugin:80 - create IPUIPlugin
2025-06-27 12:00:52,595 [INFO] IPUIPlugin:80 - create IPUIPlugin
2025-06-27 12:00:52,595 [INFO] IPUIPlugin:80 - create IPUIPlugin
2025-06-27 12:00:52,596 [INFO] IPUIPlugin:80 - create IPUIPlugin
2025-06-27 12:00:52,596 [INFO] IPUIPlugin:80 - create IPUIPlugin
2025-06-27 12:00:52,596 [INFO] IPUIPlugin:80 - create IPUIPlugin
2025-06-27 12:00:52,597 [INFO] IPUIPlugin:80 - create IPUIPlugin
2025-06-27 12:00:52,597 [INFO] IPUIPlugin:80 - create IPUIPlugin
2025-06-27 12:00:52,597 [INFO] IPUIPlugin:80 - create IPUIPlugin
2025-06-27 12:00:52,598 [INFO] IPUIPlugin:80 - create IPUIPlugin
2025-06-27 12:00:52,598 [INFO] IPUIPlugin:80 - create IPUIPlugin
2025-06-27 12:00:52,599 [INFO] IPUIPlugin:80 - create IPUIPlugin
2025-06-27 12:00:52,599 [INFO] IPUIPlugin:80 - create IPUIPlugin
2025-06-27 12:00:52,599 [INFO] IPUIPlugin:80 - create IPUIPlugin
2025-06-27 12:00:52,600 [INFO] IPUIPlugin:80 - create IPUIPlugin
2025-06-27 12:00:52,600 [INFO] IPUIPlugin:80 - create IPUIPlugin
2025-06-27 12:00:52,601 [INFO] IPUIPlugin:80 - create IPUIPlugin
2025-06-27 12:00:52,604 [INFO] ApiDbMcu:508 - Load IP Config File for PDM2PCM
2025-06-27 12:00:52,668 [INFO] CADModel:165 - CPN selected for project levelSTM32F407VET6
2025-06-27 12:00:52,668 [INFO] CADModel:114 - Register for checkConnection events
2025-06-27 12:00:52,729 [INFO] OpenFileManager:385 - Restore cursor
2025-06-27 12:01:10,118 [INFO] NvicIntPanel:101 - NVIC parent = com.st.microxplorer.plugins.ip.nvic.MultiNvicIntPanel[,0,0,0x0,invalid,layout=javax.swing.BoxLayout,alignmentX=0.0,alignmentY=0.0,border=,flags=9,maximumSize=,minimumSize=,preferredSize=]
2025-06-27 12:06:49,447 [INFO] UtilMem:75 - End SaveConfig() Used Memory: 865578528 Bytes (1059061760)
2025-06-27 12:06:55,718 [ERROR] ConfigurationRetriever:142 - IOException on connection: Read timed out
2025-06-27 12:06:59,578 [INFO] UtilMem:75 - End SaveConfig() Used Memory: 423622416 Bytes (1059061760)
2025-06-27 12:07:01,210 [INFO] UtilMem:75 - End SaveConfig() Used Memory: 454031120 Bytes (1059061760)
2025-06-27 12:07:03,570 [INFO] UtilMem:75 - End SaveConfig() Used Memory: 496496400 Bytes (1059061760)
2025-06-27 12:07:03,733 [INFO] BlockDiagram:2775 - set Specific Code input for plugin: TIM1_8
2025-06-27 12:07:03,733 [INFO] BlockDiagram:2775 - set Specific Code input for plugin: SYS
2025-06-27 12:07:03,733 [INFO] BlockDiagram:2775 - set Specific Code input for plugin: RCC
2025-06-27 12:07:03,733 [INFO] BlockDiagram:2775 - set Specific Code input for plugin: NVIC
2025-06-27 12:07:03,733 [INFO] BlockDiagram:2775 - set Specific Code input for plugin: USART
2025-06-27 12:07:03,733 [INFO] BlockDiagram:2775 - set Specific Code input for plugin: DMA
2025-06-27 12:07:03,734 [INFO] BlockDiagram:2775 - set Specific Code input for plugin: GPIO
2025-06-27 12:07:03,734 [INFO] CodeGenerator:882 - code generatio: config db path: C:\ST\STM32CubeIDE_1.18.1\STM32CubeIDE\plugins\com.st.stm32cube.common.mx_6.14.1.202504091515\\db\
2025-06-27 12:07:03,745 [INFO] Argument:325 - Argument : hdmavalue: null
2025-06-27 12:07:03,745 [INFO] Argument:327 - 	 sub Args: 
2025-06-27 12:07:03,745 [INFO] Argument:325 - Argument : Instancevalue: DMA2_Stream2
2025-06-27 12:07:03,745 [INFO] Argument:335 - Argument : Instancevalue: DMA2_Stream2
2025-06-27 12:07:03,745 [INFO] Argument:325 - Argument : Initvalue: null
2025-06-27 12:07:03,745 [INFO] Argument:327 - 	 sub Args: 
2025-06-27 12:07:03,745 [INFO] Argument:325 - Argument : Channelvalue: DMA_CHANNEL_4
2025-06-27 12:07:03,746 [INFO] Argument:335 - Argument : Channelvalue: DMA_CHANNEL_4
2025-06-27 12:07:03,746 [INFO] Argument:325 - Argument : Directionvalue: DMA_PERIPH_TO_MEMORY
2025-06-27 12:07:03,746 [INFO] Argument:335 - Argument : Directionvalue: DMA_PERIPH_TO_MEMORY
2025-06-27 12:07:03,746 [INFO] Argument:325 - Argument : PeriphIncvalue: DMA_PINC_DISABLE
2025-06-27 12:07:03,746 [INFO] Argument:335 - Argument : PeriphIncvalue: DMA_PINC_DISABLE
2025-06-27 12:07:03,746 [INFO] Argument:325 - Argument : MemIncvalue: DMA_MINC_ENABLE
2025-06-27 12:07:03,746 [INFO] Argument:335 - Argument : MemIncvalue: DMA_MINC_ENABLE
2025-06-27 12:07:03,746 [INFO] Argument:325 - Argument : PeriphDataAlignmentvalue: DMA_PDATAALIGN_BYTE
2025-06-27 12:07:03,746 [INFO] Argument:335 - Argument : PeriphDataAlignmentvalue: DMA_PDATAALIGN_BYTE
2025-06-27 12:07:03,746 [INFO] Argument:325 - Argument : MemDataAlignmentvalue: DMA_MDATAALIGN_BYTE
2025-06-27 12:07:03,746 [INFO] Argument:335 - Argument : MemDataAlignmentvalue: DMA_MDATAALIGN_BYTE
2025-06-27 12:07:03,746 [INFO] Argument:325 - Argument : Modevalue: DMA_CIRCULAR
2025-06-27 12:07:03,746 [INFO] Argument:335 - Argument : Modevalue: DMA_CIRCULAR
2025-06-27 12:07:03,746 [INFO] Argument:325 - Argument : Priorityvalue: DMA_PRIORITY_LOW
2025-06-27 12:07:03,746 [INFO] Argument:335 - Argument : Priorityvalue: DMA_PRIORITY_LOW
2025-06-27 12:07:03,746 [INFO] Argument:325 - Argument : FIFOModevalue: DMA_FIFOMODE_DISABLE
2025-06-27 12:07:03,746 [INFO] Argument:335 - Argument : FIFOModevalue: DMA_FIFOMODE_DISABLE
2025-06-27 12:07:03,746 [INFO] Argument:325 - Argument : FIFOThresholdvalue: null
2025-06-27 12:07:03,746 [INFO] Argument:335 - Argument : FIFOThresholdvalue: null
2025-06-27 12:07:03,746 [INFO] Argument:325 - Argument : MemBurstvalue: null
2025-06-27 12:07:03,746 [INFO] Argument:335 - Argument : MemBurstvalue: null
2025-06-27 12:07:03,746 [INFO] Argument:325 - Argument : PeriphBurstvalue: null
2025-06-27 12:07:03,746 [INFO] Argument:335 - Argument : PeriphBurstvalue: null
2025-06-27 12:07:03,746 [INFO] Argument:325 - Argument : Lockvalue: null
2025-06-27 12:07:03,746 [INFO] Argument:335 - Argument : Lockvalue: null
2025-06-27 12:07:03,746 [INFO] Argument:325 - Argument : Statevalue: null
2025-06-27 12:07:03,746 [INFO] Argument:335 - Argument : Statevalue: null
2025-06-27 12:07:03,746 [INFO] Argument:325 - Argument : Parentvalue: null
2025-06-27 12:07:03,746 [INFO] Argument:335 - Argument : Parentvalue: null
2025-06-27 12:07:03,746 [INFO] Argument:325 - Argument : XferCpltCallbackvalue: null
2025-06-27 12:07:03,746 [INFO] Argument:335 - Argument : XferCpltCallbackvalue: null
2025-06-27 12:07:03,746 [INFO] Argument:325 - Argument : XferHalfCpltCallbackvalue: null
2025-06-27 12:07:03,746 [INFO] Argument:335 - Argument : XferHalfCpltCallbackvalue: null
2025-06-27 12:07:03,746 [INFO] Argument:325 - Argument : XferM1CpltCallbackvalue: null
2025-06-27 12:07:03,746 [INFO] Argument:335 - Argument : XferM1CpltCallbackvalue: null
2025-06-27 12:07:03,746 [INFO] Argument:325 - Argument : XferErrorCallbackvalue: null
2025-06-27 12:07:03,746 [INFO] Argument:335 - Argument : XferErrorCallbackvalue: null
2025-06-27 12:07:03,746 [INFO] Argument:325 - Argument : ErrorCodevalue: null
2025-06-27 12:07:03,746 [INFO] Argument:335 - Argument : ErrorCodevalue: null
2025-06-27 12:07:03,835 [INFO] CodeEngine:263 - oldGeneratedFile, C:\Users\Admin\STM32CubeIDE\workspace_1.18.1\vent1.1\MXTmpFiles\license.tmp_save
2025-06-27 12:07:04,107 [INFO] CodeEngine:287 - Generated code: C:\Users\Admin\STM32CubeIDE\workspace_1.18.1\vent1.1\MXTmpFiles\license.tmp
2025-06-27 12:07:04,142 [INFO] CodeEngine:263 - oldGeneratedFile, C:\Users\Admin\STM32CubeIDE\workspace_1.18.1\vent1.1\MXTmpFiles\gpio.tmp_save
2025-06-27 12:07:04,255 [INFO] CodeEngine:287 - Generated code: C:\Users\Admin\STM32CubeIDE\workspace_1.18.1\vent1.1\MXTmpFiles\gpio.tmp
2025-06-27 12:07:04,317 [INFO] CodeEngine:263 - oldGeneratedFile, C:\Users\Admin\STM32CubeIDE\workspace_1.18.1\vent1.1\MXTmpFiles\dma.tmp_save
2025-06-27 12:07:04,406 [INFO] CodeEngine:287 - Generated code: C:\Users\Admin\STM32CubeIDE\workspace_1.18.1\vent1.1\MXTmpFiles\dma.tmp
2025-06-27 12:07:04,409 [INFO] CodeEngine:263 - oldGeneratedFile, C:\Users\Admin\STM32CubeIDE\workspace_1.18.1\vent1.1\MXTmpFiles\dma_GV.tmp_save
2025-06-27 12:07:04,489 [INFO] CodeEngine:287 - Generated code: C:\Users\Admin\STM32CubeIDE\workspace_1.18.1\vent1.1\MXTmpFiles\dma_GV.tmp
2025-06-27 12:07:04,501 [INFO] CodeEngine:263 - oldGeneratedFile, C:\Users\Admin\STM32CubeIDE\workspace_1.18.1\vent1.1\Core\Src\stm32f4xx_it.c_save
2025-06-27 12:07:04,792 [INFO] CodeEngine:287 - Generated code: C:\Users\Admin\STM32CubeIDE\workspace_1.18.1\vent1.1\Core\Src\stm32f4xx_it.c
2025-06-27 12:07:04,796 [INFO] CodeEngine:263 - oldGeneratedFile, C:\Users\Admin\STM32CubeIDE\workspace_1.18.1\vent1.1\Core\Inc\stm32f4xx_it.h_save
2025-06-27 12:07:04,879 [INFO] CodeEngine:287 - Generated code: C:\Users\Admin\STM32CubeIDE\workspace_1.18.1\vent1.1\Core\Inc\stm32f4xx_it.h
2025-06-27 12:07:04,891 [INFO] CodeEngine:263 - oldGeneratedFile, C:\Users\Admin\STM32CubeIDE\workspace_1.18.1\vent1.1\Core\Src\stm32f4xx_hal_msp.c_save
2025-06-27 12:07:05,010 [INFO] CodeEngine:287 - Generated code: C:\Users\Admin\STM32CubeIDE\workspace_1.18.1\vent1.1\Core\Src\stm32f4xx_hal_msp.c
2025-06-27 12:07:05,013 [INFO] CodeEngine:263 - oldGeneratedFile, C:\Users\Admin\STM32CubeIDE\workspace_1.18.1\vent1.1\MXTmpFiles\system.tmp_save
2025-06-27 12:07:05,061 [INFO] CodeEngine:287 - Generated code: C:\Users\Admin\STM32CubeIDE\workspace_1.18.1\vent1.1\MXTmpFiles\system.tmp
2025-06-27 12:07:05,070 [INFO] CodeEngine:319 - oldGeneratedFile, C:\Users\Admin\STM32CubeIDE\workspace_1.18.1\vent1.1\Core\Inc\stm32f4xx_hal_conf.h_save
2025-06-27 12:07:05,126 [INFO] CodeEngine:343 - Generated code: C:\Users\Admin\STM32CubeIDE\workspace_1.18.1\vent1.1\Core\Inc\stm32f4xx_hal_conf.h
2025-06-27 12:07:05,152 [INFO] ApiDbMcu:508 - Load IP Config File for TIM1
2025-06-27 12:07:05,154 [INFO] ApiDbMcu:508 - Load IP Config File for USART1
2025-06-27 12:07:05,156 [INFO] ApiDbMcu:508 - Load IP Config File for RCC
2025-06-27 12:07:05,157 [WARN] IPConfigManager:3790 - IP not found : TIM
2025-06-27 12:07:05,158 [WARN] CodeGenerator:4198 - IP not found : null
2025-06-27 12:07:05,164 [INFO] CodeEngine:263 - oldGeneratedFile, C:\Users\Admin\STM32CubeIDE\workspace_1.18.1\vent1.1\Core\Inc\main.h_save
2025-06-27 12:07:05,244 [INFO] CodeEngine:287 - Generated code: C:\Users\Admin\STM32CubeIDE\workspace_1.18.1\vent1.1\Core\Inc\main.h
2025-06-27 12:07:05,249 [INFO] CodeEngine:263 - oldGeneratedFile, C:\Users\Admin\STM32CubeIDE\workspace_1.18.1\vent1.1\Core\Src\main.c_save
2025-06-27 12:07:05,343 [INFO] CodeEngine:287 - Generated code: C:\Users\Admin\STM32CubeIDE\workspace_1.18.1\vent1.1\Core\Src\main.c
2025-06-27 12:07:05,620 [INFO] ProjectBuilder:3324 - Time for Copy HAL[1] : 130mS.
2025-06-27 12:07:05,624 [INFO] ProjectBuilder:4912 - Project Generator version: 4.6.0.1-B1
2025-06-27 12:07:05,701 [INFO] ConfigFileManager:1590 - The Die is : DIE413
2025-06-27 12:07:05,703 [INFO] ApiDbMcu:508 - Load IP Config File for FATFS
2025-06-27 12:07:05,708 [INFO] ApiDbMcu:508 - Load IP Config File for FREERTOS
2025-06-27 12:07:05,710 [INFO] ApiDbMcu:508 - Load IP Config File for LIBJPEG
2025-06-27 12:07:05,715 [INFO] ApiDbMcu:508 - Load IP Config File for LWIP
2025-06-27 12:07:05,718 [INFO] ApiDbMcu:508 - Load IP Config File for MBEDTLS
2025-06-27 12:07:05,725 [INFO] ApiDbMcu:508 - Load IP Config File for USB_DEVICE
2025-06-27 12:07:05,728 [INFO] ApiDbMcu:508 - Load IP Config File for USB_HOST
2025-06-27 12:07:06,582 [INFO] ProjectBuilder:5191 - Time for Generating toolchain IDE Files: 957mS.
2025-06-27 12:07:06,582 [INFO] ProjectBuilder:3181 - Time for Copy CMSIS : 0mS.
2025-06-27 12:07:06,585 [INFO] ProjectBuilder:3181 - Time for Copy CMSIS : 0mS.
2025-06-27 12:09:20,137 [INFO] UtilMem:75 - End SaveConfig() Used Memory: 674274072 Bytes (1059061760)
2025-06-27 12:09:21,148 [INFO] UtilMem:75 - End SaveConfig() Used Memory: 712552768 Bytes (1059061760)
2025-06-27 12:09:22,638 [INFO] UtilMem:75 - End SaveConfig() Used Memory: 764985344 Bytes (1059061760)
2025-06-27 12:09:22,845 [INFO] BlockDiagram:2775 - set Specific Code input for plugin: TIM1_8
2025-06-27 12:09:22,845 [INFO] BlockDiagram:2775 - set Specific Code input for plugin: SYS
2025-06-27 12:09:22,845 [INFO] BlockDiagram:2775 - set Specific Code input for plugin: RCC
2025-06-27 12:09:22,845 [INFO] BlockDiagram:2775 - set Specific Code input for plugin: NVIC
2025-06-27 12:09:22,845 [INFO] BlockDiagram:2775 - set Specific Code input for plugin: USART
2025-06-27 12:09:22,846 [INFO] BlockDiagram:2775 - set Specific Code input for plugin: DMA
2025-06-27 12:09:22,846 [INFO] BlockDiagram:2775 - set Specific Code input for plugin: GPIO
2025-06-27 12:09:22,847 [INFO] CodeGenerator:882 - code generatio: config db path: C:\ST\STM32CubeIDE_1.18.1\STM32CubeIDE\plugins\com.st.stm32cube.common.mx_6.14.1.202504091515\\db\
2025-06-27 12:09:22,855 [INFO] Argument:325 - Argument : hdmavalue: null
2025-06-27 12:09:22,856 [INFO] Argument:327 - 	 sub Args: 
2025-06-27 12:09:22,856 [INFO] Argument:325 - Argument : Instancevalue: DMA2_Stream2
2025-06-27 12:09:22,856 [INFO] Argument:335 - Argument : Instancevalue: DMA2_Stream2
2025-06-27 12:09:22,856 [INFO] Argument:325 - Argument : Initvalue: null
2025-06-27 12:09:22,856 [INFO] Argument:327 - 	 sub Args: 
2025-06-27 12:09:22,856 [INFO] Argument:325 - Argument : Channelvalue: DMA_CHANNEL_4
2025-06-27 12:09:22,856 [INFO] Argument:335 - Argument : Channelvalue: DMA_CHANNEL_4
2025-06-27 12:09:22,856 [INFO] Argument:325 - Argument : Directionvalue: DMA_PERIPH_TO_MEMORY
2025-06-27 12:09:22,856 [INFO] Argument:335 - Argument : Directionvalue: DMA_PERIPH_TO_MEMORY
2025-06-27 12:09:22,856 [INFO] Argument:325 - Argument : PeriphIncvalue: DMA_PINC_DISABLE
2025-06-27 12:09:22,857 [INFO] Argument:335 - Argument : PeriphIncvalue: DMA_PINC_DISABLE
2025-06-27 12:09:22,857 [INFO] Argument:325 - Argument : MemIncvalue: DMA_MINC_ENABLE
2025-06-27 12:09:22,857 [INFO] Argument:335 - Argument : MemIncvalue: DMA_MINC_ENABLE
2025-06-27 12:09:22,857 [INFO] Argument:325 - Argument : PeriphDataAlignmentvalue: DMA_PDATAALIGN_BYTE
2025-06-27 12:09:22,857 [INFO] Argument:335 - Argument : PeriphDataAlignmentvalue: DMA_PDATAALIGN_BYTE
2025-06-27 12:09:22,857 [INFO] Argument:325 - Argument : MemDataAlignmentvalue: DMA_MDATAALIGN_BYTE
2025-06-27 12:09:22,857 [INFO] Argument:335 - Argument : MemDataAlignmentvalue: DMA_MDATAALIGN_BYTE
2025-06-27 12:09:22,857 [INFO] Argument:325 - Argument : Modevalue: DMA_CIRCULAR
2025-06-27 12:09:22,857 [INFO] Argument:335 - Argument : Modevalue: DMA_CIRCULAR
2025-06-27 12:09:22,857 [INFO] Argument:325 - Argument : Priorityvalue: DMA_PRIORITY_LOW
2025-06-27 12:09:22,857 [INFO] Argument:335 - Argument : Priorityvalue: DMA_PRIORITY_LOW
2025-06-27 12:09:22,857 [INFO] Argument:325 - Argument : FIFOModevalue: DMA_FIFOMODE_DISABLE
2025-06-27 12:09:22,857 [INFO] Argument:335 - Argument : FIFOModevalue: DMA_FIFOMODE_DISABLE
2025-06-27 12:09:22,857 [INFO] Argument:325 - Argument : FIFOThresholdvalue: null
2025-06-27 12:09:22,857 [INFO] Argument:335 - Argument : FIFOThresholdvalue: null
2025-06-27 12:09:22,858 [INFO] Argument:325 - Argument : MemBurstvalue: null
2025-06-27 12:09:22,858 [INFO] Argument:335 - Argument : MemBurstvalue: null
2025-06-27 12:09:22,858 [INFO] Argument:325 - Argument : PeriphBurstvalue: null
2025-06-27 12:09:22,858 [INFO] Argument:335 - Argument : PeriphBurstvalue: null
2025-06-27 12:09:22,858 [INFO] Argument:325 - Argument : Lockvalue: null
2025-06-27 12:09:22,858 [INFO] Argument:335 - Argument : Lockvalue: null
2025-06-27 12:09:22,858 [INFO] Argument:325 - Argument : Statevalue: null
2025-06-27 12:09:22,858 [INFO] Argument:335 - Argument : Statevalue: null
2025-06-27 12:09:22,858 [INFO] Argument:325 - Argument : Parentvalue: null
2025-06-27 12:09:22,858 [INFO] Argument:335 - Argument : Parentvalue: null
2025-06-27 12:09:22,858 [INFO] Argument:325 - Argument : XferCpltCallbackvalue: null
2025-06-27 12:09:22,858 [INFO] Argument:335 - Argument : XferCpltCallbackvalue: null
2025-06-27 12:09:22,858 [INFO] Argument:325 - Argument : XferHalfCpltCallbackvalue: null
2025-06-27 12:09:22,858 [INFO] Argument:335 - Argument : XferHalfCpltCallbackvalue: null
2025-06-27 12:09:22,858 [INFO] Argument:325 - Argument : XferM1CpltCallbackvalue: null
2025-06-27 12:09:22,858 [INFO] Argument:335 - Argument : XferM1CpltCallbackvalue: null
2025-06-27 12:09:22,858 [INFO] Argument:325 - Argument : XferErrorCallbackvalue: null
2025-06-27 12:09:22,859 [INFO] Argument:335 - Argument : XferErrorCallbackvalue: null
2025-06-27 12:09:22,859 [INFO] Argument:325 - Argument : ErrorCodevalue: null
2025-06-27 12:09:22,859 [INFO] Argument:335 - Argument : ErrorCodevalue: null
2025-06-27 12:09:22,929 [INFO] CodeEngine:263 - oldGeneratedFile, C:\Users\Admin\STM32CubeIDE\workspace_1.18.1\vent1.1\MXTmpFiles\license.tmp_save
2025-06-27 12:09:23,104 [INFO] CodeEngine:287 - Generated code: C:\Users\Admin\STM32CubeIDE\workspace_1.18.1\vent1.1\MXTmpFiles\license.tmp
2025-06-27 12:09:23,128 [INFO] CodeEngine:263 - oldGeneratedFile, C:\Users\Admin\STM32CubeIDE\workspace_1.18.1\vent1.1\MXTmpFiles\gpio.tmp_save
2025-06-27 12:09:23,242 [INFO] CodeEngine:287 - Generated code: C:\Users\Admin\STM32CubeIDE\workspace_1.18.1\vent1.1\MXTmpFiles\gpio.tmp
2025-06-27 12:09:23,410 [INFO] CodeEngine:263 - oldGeneratedFile, C:\Users\Admin\STM32CubeIDE\workspace_1.18.1\vent1.1\MXTmpFiles\dma.tmp_save
2025-06-27 12:09:23,506 [INFO] CodeEngine:287 - Generated code: C:\Users\Admin\STM32CubeIDE\workspace_1.18.1\vent1.1\MXTmpFiles\dma.tmp
2025-06-27 12:09:23,509 [INFO] CodeEngine:263 - oldGeneratedFile, C:\Users\Admin\STM32CubeIDE\workspace_1.18.1\vent1.1\MXTmpFiles\dma_GV.tmp_save
2025-06-27 12:09:23,610 [INFO] CodeEngine:287 - Generated code: C:\Users\Admin\STM32CubeIDE\workspace_1.18.1\vent1.1\MXTmpFiles\dma_GV.tmp
2025-06-27 12:09:23,622 [INFO] CodeEngine:263 - oldGeneratedFile, C:\Users\Admin\STM32CubeIDE\workspace_1.18.1\vent1.1\Core\Src\stm32f4xx_it.c_save
2025-06-27 12:09:23,727 [INFO] CodeEngine:287 - Generated code: C:\Users\Admin\STM32CubeIDE\workspace_1.18.1\vent1.1\Core\Src\stm32f4xx_it.c
2025-06-27 12:09:23,732 [INFO] CodeEngine:263 - oldGeneratedFile, C:\Users\Admin\STM32CubeIDE\workspace_1.18.1\vent1.1\Core\Inc\stm32f4xx_it.h_save
2025-06-27 12:09:23,812 [INFO] CodeEngine:287 - Generated code: C:\Users\Admin\STM32CubeIDE\workspace_1.18.1\vent1.1\Core\Inc\stm32f4xx_it.h
2025-06-27 12:09:23,822 [INFO] CodeEngine:263 - oldGeneratedFile, C:\Users\Admin\STM32CubeIDE\workspace_1.18.1\vent1.1\Core\Src\stm32f4xx_hal_msp.c_save
2025-06-27 12:09:23,945 [INFO] CodeEngine:287 - Generated code: C:\Users\Admin\STM32CubeIDE\workspace_1.18.1\vent1.1\Core\Src\stm32f4xx_hal_msp.c
2025-06-27 12:09:23,949 [INFO] CodeEngine:263 - oldGeneratedFile, C:\Users\Admin\STM32CubeIDE\workspace_1.18.1\vent1.1\MXTmpFiles\system.tmp_save
2025-06-27 12:09:24,025 [INFO] CodeEngine:287 - Generated code: C:\Users\Admin\STM32CubeIDE\workspace_1.18.1\vent1.1\MXTmpFiles\system.tmp
2025-06-27 12:09:24,033 [INFO] CodeEngine:319 - oldGeneratedFile, C:\Users\Admin\STM32CubeIDE\workspace_1.18.1\vent1.1\Core\Inc\stm32f4xx_hal_conf.h_save
2025-06-27 12:09:24,129 [INFO] CodeEngine:343 - Generated code: C:\Users\Admin\STM32CubeIDE\workspace_1.18.1\vent1.1\Core\Inc\stm32f4xx_hal_conf.h
2025-06-27 12:09:24,154 [WARN] IPConfigManager:3790 - IP not found : TIM
2025-06-27 12:09:24,155 [WARN] CodeGenerator:4198 - IP not found : null
2025-06-27 12:09:24,161 [INFO] CodeEngine:263 - oldGeneratedFile, C:\Users\Admin\STM32CubeIDE\workspace_1.18.1\vent1.1\Core\Inc\main.h_save
2025-06-27 12:09:24,250 [INFO] CodeEngine:287 - Generated code: C:\Users\Admin\STM32CubeIDE\workspace_1.18.1\vent1.1\Core\Inc\main.h
2025-06-27 12:09:24,254 [INFO] CodeEngine:263 - oldGeneratedFile, C:\Users\Admin\STM32CubeIDE\workspace_1.18.1\vent1.1\Core\Src\main.c_save
2025-06-27 12:09:24,407 [INFO] CodeEngine:287 - Generated code: C:\Users\Admin\STM32CubeIDE\workspace_1.18.1\vent1.1\Core\Src\main.c
2025-06-27 12:09:24,823 [INFO] ProjectBuilder:3324 - Time for Copy HAL[1] : 161mS.
2025-06-27 12:09:24,826 [INFO] ProjectBuilder:4912 - Project Generator version: 4.6.0.1-B1
2025-06-27 12:09:24,906 [INFO] ConfigFileManager:1590 - The Die is : DIE413
2025-06-27 12:09:25,918 [INFO] ProjectBuilder:5191 - Time for Generating toolchain IDE Files: 1092mS.
2025-06-27 12:09:25,918 [INFO] ProjectBuilder:3181 - Time for Copy CMSIS : 0mS.
2025-06-27 12:09:25,920 [INFO] ProjectBuilder:3181 - Time for Copy CMSIS : 0mS.
2025-06-27 12:12:04,123 [INFO] NvicIntPanel:101 - NVIC parent = com.st.microxplorer.plugins.ip.nvic.MultiNvicIntPanel[,0,0,0x0,invalid,layout=javax.swing.BoxLayout,alignmentX=0.0,alignmentY=0.0,border=,flags=9,maximumSize=,minimumSize=,preferredSize=]
2025-06-27 12:12:15,172 [INFO] NvicIntPanel:101 - NVIC parent = com.st.microxplorer.plugins.ip.nvic.MultiNvicIntPanel[,0,0,0x0,invalid,layout=javax.swing.BoxLayout,alignmentX=0.0,alignmentY=0.0,border=,flags=9,maximumSize=,minimumSize=,preferredSize=]
2025-06-27 12:12:21,562 [INFO] UtilMem:75 - End SaveConfig() Used Memory: 383496664 Bytes (1059061760)
2025-06-27 12:12:23,670 [INFO] UtilMem:75 - End SaveConfig() Used Memory: 413379032 Bytes (1059061760)
2025-06-27 12:12:24,622 [INFO] UtilMem:75 - End SaveConfig() Used Memory: 462139864 Bytes (1059061760)
2025-06-27 12:12:24,723 [INFO] BlockDiagram:2775 - set Specific Code input for plugin: TIM1_8
2025-06-27 12:12:24,723 [INFO] BlockDiagram:2775 - set Specific Code input for plugin: SYS
2025-06-27 12:12:24,723 [INFO] BlockDiagram:2775 - set Specific Code input for plugin: RCC
2025-06-27 12:12:24,723 [INFO] BlockDiagram:2775 - set Specific Code input for plugin: NVIC
2025-06-27 12:12:24,723 [INFO] BlockDiagram:2775 - set Specific Code input for plugin: USART
2025-06-27 12:12:24,723 [INFO] BlockDiagram:2775 - set Specific Code input for plugin: DMA
2025-06-27 12:12:24,724 [INFO] BlockDiagram:2775 - set Specific Code input for plugin: GPIO
2025-06-27 12:12:24,724 [INFO] CodeGenerator:882 - code generatio: config db path: C:\ST\STM32CubeIDE_1.18.1\STM32CubeIDE\plugins\com.st.stm32cube.common.mx_6.14.1.202504091515\\db\
2025-06-27 12:12:24,740 [INFO] Argument:325 - Argument : hdmavalue: null
2025-06-27 12:12:24,740 [INFO] Argument:327 - 	 sub Args: 
2025-06-27 12:12:24,740 [INFO] Argument:325 - Argument : Instancevalue: DMA2_Stream2
2025-06-27 12:12:24,740 [INFO] Argument:335 - Argument : Instancevalue: DMA2_Stream2
2025-06-27 12:12:24,740 [INFO] Argument:325 - Argument : Initvalue: null
2025-06-27 12:12:24,740 [INFO] Argument:327 - 	 sub Args: 
2025-06-27 12:12:24,740 [INFO] Argument:325 - Argument : Channelvalue: DMA_CHANNEL_4
2025-06-27 12:12:24,740 [INFO] Argument:335 - Argument : Channelvalue: DMA_CHANNEL_4
2025-06-27 12:12:24,740 [INFO] Argument:325 - Argument : Directionvalue: DMA_PERIPH_TO_MEMORY
2025-06-27 12:12:24,740 [INFO] Argument:335 - Argument : Directionvalue: DMA_PERIPH_TO_MEMORY
2025-06-27 12:12:24,740 [INFO] Argument:325 - Argument : PeriphIncvalue: DMA_PINC_DISABLE
2025-06-27 12:12:24,740 [INFO] Argument:335 - Argument : PeriphIncvalue: DMA_PINC_DISABLE
2025-06-27 12:12:24,740 [INFO] Argument:325 - Argument : MemIncvalue: DMA_MINC_ENABLE
2025-06-27 12:12:24,741 [INFO] Argument:335 - Argument : MemIncvalue: DMA_MINC_ENABLE
2025-06-27 12:12:24,741 [INFO] Argument:325 - Argument : PeriphDataAlignmentvalue: DMA_PDATAALIGN_BYTE
2025-06-27 12:12:24,741 [INFO] Argument:335 - Argument : PeriphDataAlignmentvalue: DMA_PDATAALIGN_BYTE
2025-06-27 12:12:24,741 [INFO] Argument:325 - Argument : MemDataAlignmentvalue: DMA_MDATAALIGN_BYTE
2025-06-27 12:12:24,741 [INFO] Argument:335 - Argument : MemDataAlignmentvalue: DMA_MDATAALIGN_BYTE
2025-06-27 12:12:24,741 [INFO] Argument:325 - Argument : Modevalue: DMA_CIRCULAR
2025-06-27 12:12:24,741 [INFO] Argument:335 - Argument : Modevalue: DMA_CIRCULAR
2025-06-27 12:12:24,741 [INFO] Argument:325 - Argument : Priorityvalue: DMA_PRIORITY_LOW
2025-06-27 12:12:24,741 [INFO] Argument:335 - Argument : Priorityvalue: DMA_PRIORITY_LOW
2025-06-27 12:12:24,741 [INFO] Argument:325 - Argument : FIFOModevalue: DMA_FIFOMODE_DISABLE
2025-06-27 12:12:24,741 [INFO] Argument:335 - Argument : FIFOModevalue: DMA_FIFOMODE_DISABLE
2025-06-27 12:12:24,741 [INFO] Argument:325 - Argument : FIFOThresholdvalue: null
2025-06-27 12:12:24,741 [INFO] Argument:335 - Argument : FIFOThresholdvalue: null
2025-06-27 12:12:24,741 [INFO] Argument:325 - Argument : MemBurstvalue: null
2025-06-27 12:12:24,741 [INFO] Argument:335 - Argument : MemBurstvalue: null
2025-06-27 12:12:24,741 [INFO] Argument:325 - Argument : PeriphBurstvalue: null
2025-06-27 12:12:24,741 [INFO] Argument:335 - Argument : PeriphBurstvalue: null
2025-06-27 12:12:24,741 [INFO] Argument:325 - Argument : Lockvalue: null
2025-06-27 12:12:24,741 [INFO] Argument:335 - Argument : Lockvalue: null
2025-06-27 12:12:24,741 [INFO] Argument:325 - Argument : Statevalue: null
2025-06-27 12:12:24,741 [INFO] Argument:335 - Argument : Statevalue: null
2025-06-27 12:12:24,741 [INFO] Argument:325 - Argument : Parentvalue: null
2025-06-27 12:12:24,741 [INFO] Argument:335 - Argument : Parentvalue: null
2025-06-27 12:12:24,741 [INFO] Argument:325 - Argument : XferCpltCallbackvalue: null
2025-06-27 12:12:24,741 [INFO] Argument:335 - Argument : XferCpltCallbackvalue: null
2025-06-27 12:12:24,741 [INFO] Argument:325 - Argument : XferHalfCpltCallbackvalue: null
2025-06-27 12:12:24,741 [INFO] Argument:335 - Argument : XferHalfCpltCallbackvalue: null
2025-06-27 12:12:24,742 [INFO] Argument:325 - Argument : XferM1CpltCallbackvalue: null
2025-06-27 12:12:24,742 [INFO] Argument:335 - Argument : XferM1CpltCallbackvalue: null
2025-06-27 12:12:24,742 [INFO] Argument:325 - Argument : XferErrorCallbackvalue: null
2025-06-27 12:12:24,742 [INFO] Argument:335 - Argument : XferErrorCallbackvalue: null
2025-06-27 12:12:24,742 [INFO] Argument:325 - Argument : ErrorCodevalue: null
2025-06-27 12:12:24,742 [INFO] Argument:335 - Argument : ErrorCodevalue: null
2025-06-27 12:12:24,796 [INFO] CodeEngine:263 - oldGeneratedFile, C:\Users\Admin\STM32CubeIDE\workspace_1.18.1\vent1.1\MXTmpFiles\license.tmp_save
2025-06-27 12:12:24,841 [INFO] CodeEngine:287 - Generated code: C:\Users\Admin\STM32CubeIDE\workspace_1.18.1\vent1.1\MXTmpFiles\license.tmp
2025-06-27 12:12:24,855 [INFO] CodeEngine:263 - oldGeneratedFile, C:\Users\Admin\STM32CubeIDE\workspace_1.18.1\vent1.1\MXTmpFiles\gpio.tmp_save
2025-06-27 12:12:24,910 [INFO] CodeEngine:287 - Generated code: C:\Users\Admin\STM32CubeIDE\workspace_1.18.1\vent1.1\MXTmpFiles\gpio.tmp
2025-06-27 12:12:24,984 [INFO] CodeEngine:263 - oldGeneratedFile, C:\Users\Admin\STM32CubeIDE\workspace_1.18.1\vent1.1\MXTmpFiles\dma.tmp_save
2025-06-27 12:12:25,028 [INFO] CodeEngine:287 - Generated code: C:\Users\Admin\STM32CubeIDE\workspace_1.18.1\vent1.1\MXTmpFiles\dma.tmp
2025-06-27 12:12:25,031 [INFO] CodeEngine:263 - oldGeneratedFile, C:\Users\Admin\STM32CubeIDE\workspace_1.18.1\vent1.1\MXTmpFiles\dma_GV.tmp_save
2025-06-27 12:12:25,072 [INFO] CodeEngine:287 - Generated code: C:\Users\Admin\STM32CubeIDE\workspace_1.18.1\vent1.1\MXTmpFiles\dma_GV.tmp
2025-06-27 12:12:25,083 [INFO] CodeEngine:263 - oldGeneratedFile, C:\Users\Admin\STM32CubeIDE\workspace_1.18.1\vent1.1\Core\Src\stm32f4xx_it.c_save
2025-06-27 12:12:25,134 [INFO] CodeEngine:287 - Generated code: C:\Users\Admin\STM32CubeIDE\workspace_1.18.1\vent1.1\Core\Src\stm32f4xx_it.c
2025-06-27 12:12:25,140 [INFO] CodeEngine:263 - oldGeneratedFile, C:\Users\Admin\STM32CubeIDE\workspace_1.18.1\vent1.1\Core\Inc\stm32f4xx_it.h_save
2025-06-27 12:12:25,189 [INFO] CodeEngine:287 - Generated code: C:\Users\Admin\STM32CubeIDE\workspace_1.18.1\vent1.1\Core\Inc\stm32f4xx_it.h
2025-06-27 12:12:25,201 [INFO] CodeEngine:263 - oldGeneratedFile, C:\Users\Admin\STM32CubeIDE\workspace_1.18.1\vent1.1\Core\Src\stm32f4xx_hal_msp.c_save
2025-06-27 12:12:25,266 [INFO] CodeEngine:287 - Generated code: C:\Users\Admin\STM32CubeIDE\workspace_1.18.1\vent1.1\Core\Src\stm32f4xx_hal_msp.c
2025-06-27 12:12:25,270 [INFO] CodeEngine:263 - oldGeneratedFile, C:\Users\Admin\STM32CubeIDE\workspace_1.18.1\vent1.1\MXTmpFiles\system.tmp_save
2025-06-27 12:12:25,315 [INFO] CodeEngine:287 - Generated code: C:\Users\Admin\STM32CubeIDE\workspace_1.18.1\vent1.1\MXTmpFiles\system.tmp
2025-06-27 12:12:25,323 [INFO] CodeEngine:319 - oldGeneratedFile, C:\Users\Admin\STM32CubeIDE\workspace_1.18.1\vent1.1\Core\Inc\stm32f4xx_hal_conf.h_save
2025-06-27 12:12:25,374 [INFO] CodeEngine:343 - Generated code: C:\Users\Admin\STM32CubeIDE\workspace_1.18.1\vent1.1\Core\Inc\stm32f4xx_hal_conf.h
2025-06-27 12:12:25,389 [WARN] IPConfigManager:3790 - IP not found : TIM
2025-06-27 12:12:25,390 [WARN] CodeGenerator:4198 - IP not found : null
2025-06-27 12:12:25,396 [INFO] CodeEngine:263 - oldGeneratedFile, C:\Users\Admin\STM32CubeIDE\workspace_1.18.1\vent1.1\Core\Inc\main.h_save
2025-06-27 12:12:25,445 [INFO] CodeEngine:287 - Generated code: C:\Users\Admin\STM32CubeIDE\workspace_1.18.1\vent1.1\Core\Inc\main.h
2025-06-27 12:12:25,451 [INFO] CodeEngine:263 - oldGeneratedFile, C:\Users\Admin\STM32CubeIDE\workspace_1.18.1\vent1.1\Core\Src\main.c_save
2025-06-27 12:12:25,546 [INFO] CodeEngine:287 - Generated code: C:\Users\Admin\STM32CubeIDE\workspace_1.18.1\vent1.1\Core\Src\main.c
2025-06-27 12:12:25,823 [INFO] ProjectBuilder:3324 - Time for Copy HAL[1] : 111mS.
2025-06-27 12:12:25,825 [INFO] ProjectBuilder:4912 - Project Generator version: 4.6.0.1-B1
2025-06-27 12:12:25,889 [INFO] ConfigFileManager:1590 - The Die is : DIE413
2025-06-27 12:12:26,501 [INFO] ProjectBuilder:5191 - Time for Generating toolchain IDE Files: 676mS.
2025-06-27 12:12:26,502 [INFO] ProjectBuilder:3181 - Time for Copy CMSIS : 1mS.
2025-06-27 12:12:26,504 [INFO] ProjectBuilder:3181 - Time for Copy CMSIS : 0mS.
2025-06-27 12:52:50,752 [INFO] NvicIntPanel:101 - NVIC parent = com.st.microxplorer.plugins.ip.nvic.MultiNvicIntPanel[,0,0,0x0,invalid,layout=javax.swing.BoxLayout,alignmentX=0.0,alignmentY=0.0,border=,flags=9,maximumSize=,minimumSize=,preferredSize=]
2025-06-27 12:53:09,597 [INFO] NvicIntPanel:101 - NVIC parent = com.st.microxplorer.plugins.ip.nvic.MultiNvicIntPanel[,0,0,0x0,invalid,layout=javax.swing.BoxLayout,alignmentX=0.0,alignmentY=0.0,border=,flags=9,maximumSize=,minimumSize=,preferredSize=]
2025-06-27 12:53:09,737 [INFO] NvicIntPanel:101 - NVIC parent = com.st.microxplorer.plugins.ip.nvic.MultiNvicIntPanel[,0,0,0x0,invalid,layout=javax.swing.BoxLayout,alignmentX=0.0,alignmentY=0.0,border=,flags=9,maximumSize=,minimumSize=,preferredSize=]
2025-06-27 12:53:53,256 [INFO] NvicIntPanel:101 - NVIC parent = com.st.microxplorer.plugins.ip.nvic.MultiNvicIntPanel[,0,0,0x0,invalid,layout=javax.swing.BoxLayout,alignmentX=0.0,alignmentY=0.0,border=,flags=9,maximumSize=,minimumSize=,preferredSize=]
2025-06-27 12:55:22,618 [INFO] NvicIntPanel:101 - NVIC parent = com.st.microxplorer.plugins.ip.nvic.MultiNvicIntPanel[,0,0,0x0,invalid,layout=javax.swing.BoxLayout,alignmentX=0.0,alignmentY=0.0,border=,flags=9,maximumSize=,minimumSize=,preferredSize=]
2025-06-27 12:56:03,628 [INFO] NvicIntPanel:101 - NVIC parent = com.st.microxplorer.plugins.ip.nvic.MultiNvicIntPanel[,0,0,0x0,invalid,layout=javax.swing.BoxLayout,alignmentX=0.0,alignmentY=0.0,border=,flags=9,maximumSize=,minimumSize=,preferredSize=]
2025-06-27 12:56:20,784 [INFO] UtilMem:75 - End SaveConfig() Used Memory: 743925368 Bytes (1059061760)
2025-06-27 12:56:22,586 [INFO] UtilMem:75 - End SaveConfig() Used Memory: 775904888 Bytes (1059061760)
2025-06-27 12:56:23,903 [INFO] UtilMem:75 - End SaveConfig() Used Memory: 823617144 Bytes (1059061760)
2025-06-27 12:56:24,194 [INFO] BlockDiagram:2775 - set Specific Code input for plugin: TIM1_8
2025-06-27 12:56:24,194 [INFO] BlockDiagram:2775 - set Specific Code input for plugin: SYS
2025-06-27 12:56:24,195 [INFO] BlockDiagram:2775 - set Specific Code input for plugin: RCC
2025-06-27 12:56:24,195 [INFO] BlockDiagram:2775 - set Specific Code input for plugin: NVIC
2025-06-27 12:56:24,195 [INFO] BlockDiagram:2775 - set Specific Code input for plugin: USART
2025-06-27 12:56:24,195 [INFO] BlockDiagram:2775 - set Specific Code input for plugin: USART
2025-06-27 12:56:24,195 [INFO] BlockDiagram:2775 - set Specific Code input for plugin: DMA
2025-06-27 12:56:24,196 [INFO] BlockDiagram:2775 - set Specific Code input for plugin: GPIO
2025-06-27 12:56:24,196 [INFO] CodeGenerator:882 - code generatio: config db path: C:\ST\STM32CubeIDE_1.18.1\STM32CubeIDE\plugins\com.st.stm32cube.common.mx_6.14.1.202504091515\\db\
2025-06-27 12:56:24,212 [INFO] Argument:325 - Argument : hdmavalue: null
2025-06-27 12:56:24,213 [INFO] Argument:327 - 	 sub Args: 
2025-06-27 12:56:24,213 [INFO] Argument:325 - Argument : Instancevalue: DMA2_Stream2
2025-06-27 12:56:24,213 [INFO] Argument:335 - Argument : Instancevalue: DMA2_Stream2
2025-06-27 12:56:24,213 [INFO] Argument:325 - Argument : Initvalue: null
2025-06-27 12:56:24,213 [INFO] Argument:327 - 	 sub Args: 
2025-06-27 12:56:24,213 [INFO] Argument:325 - Argument : Channelvalue: DMA_CHANNEL_4
2025-06-27 12:56:24,213 [INFO] Argument:335 - Argument : Channelvalue: DMA_CHANNEL_4
2025-06-27 12:56:24,213 [INFO] Argument:325 - Argument : Directionvalue: DMA_PERIPH_TO_MEMORY
2025-06-27 12:56:24,213 [INFO] Argument:335 - Argument : Directionvalue: DMA_PERIPH_TO_MEMORY
2025-06-27 12:56:24,214 [INFO] Argument:325 - Argument : PeriphIncvalue: DMA_PINC_DISABLE
2025-06-27 12:56:24,214 [INFO] Argument:335 - Argument : PeriphIncvalue: DMA_PINC_DISABLE
2025-06-27 12:56:24,214 [INFO] Argument:325 - Argument : MemIncvalue: DMA_MINC_ENABLE
2025-06-27 12:56:24,214 [INFO] Argument:335 - Argument : MemIncvalue: DMA_MINC_ENABLE
2025-06-27 12:56:24,214 [INFO] Argument:325 - Argument : PeriphDataAlignmentvalue: DMA_PDATAALIGN_BYTE
2025-06-27 12:56:24,214 [INFO] Argument:335 - Argument : PeriphDataAlignmentvalue: DMA_PDATAALIGN_BYTE
2025-06-27 12:56:24,214 [INFO] Argument:325 - Argument : MemDataAlignmentvalue: DMA_MDATAALIGN_BYTE
2025-06-27 12:56:24,214 [INFO] Argument:335 - Argument : MemDataAlignmentvalue: DMA_MDATAALIGN_BYTE
2025-06-27 12:56:24,214 [INFO] Argument:325 - Argument : Modevalue: DMA_CIRCULAR
2025-06-27 12:56:24,214 [INFO] Argument:335 - Argument : Modevalue: DMA_CIRCULAR
2025-06-27 12:56:24,214 [INFO] Argument:325 - Argument : Priorityvalue: DMA_PRIORITY_LOW
2025-06-27 12:56:24,214 [INFO] Argument:335 - Argument : Priorityvalue: DMA_PRIORITY_LOW
2025-06-27 12:56:24,214 [INFO] Argument:325 - Argument : FIFOModevalue: DMA_FIFOMODE_DISABLE
2025-06-27 12:56:24,215 [INFO] Argument:335 - Argument : FIFOModevalue: DMA_FIFOMODE_DISABLE
2025-06-27 12:56:24,215 [INFO] Argument:325 - Argument : FIFOThresholdvalue: null
2025-06-27 12:56:24,215 [INFO] Argument:335 - Argument : FIFOThresholdvalue: null
2025-06-27 12:56:24,215 [INFO] Argument:325 - Argument : MemBurstvalue: null
2025-06-27 12:56:24,215 [INFO] Argument:335 - Argument : MemBurstvalue: null
2025-06-27 12:56:24,215 [INFO] Argument:325 - Argument : PeriphBurstvalue: null
2025-06-27 12:56:24,215 [INFO] Argument:335 - Argument : PeriphBurstvalue: null
2025-06-27 12:56:24,215 [INFO] Argument:325 - Argument : Lockvalue: null
2025-06-27 12:56:24,215 [INFO] Argument:335 - Argument : Lockvalue: null
2025-06-27 12:56:24,215 [INFO] Argument:325 - Argument : Statevalue: null
2025-06-27 12:56:24,215 [INFO] Argument:335 - Argument : Statevalue: null
2025-06-27 12:56:24,215 [INFO] Argument:325 - Argument : Parentvalue: null
2025-06-27 12:56:24,215 [INFO] Argument:335 - Argument : Parentvalue: null
2025-06-27 12:56:24,215 [INFO] Argument:325 - Argument : XferCpltCallbackvalue: null
2025-06-27 12:56:24,216 [INFO] Argument:335 - Argument : XferCpltCallbackvalue: null
2025-06-27 12:56:24,216 [INFO] Argument:325 - Argument : XferHalfCpltCallbackvalue: null
2025-06-27 12:56:24,216 [INFO] Argument:335 - Argument : XferHalfCpltCallbackvalue: null
2025-06-27 12:56:24,216 [INFO] Argument:325 - Argument : XferM1CpltCallbackvalue: null
2025-06-27 12:56:24,216 [INFO] Argument:335 - Argument : XferM1CpltCallbackvalue: null
2025-06-27 12:56:24,216 [INFO] Argument:325 - Argument : XferErrorCallbackvalue: null
2025-06-27 12:56:24,216 [INFO] Argument:335 - Argument : XferErrorCallbackvalue: null
2025-06-27 12:56:24,216 [INFO] Argument:325 - Argument : ErrorCodevalue: null
2025-06-27 12:56:24,216 [INFO] Argument:335 - Argument : ErrorCodevalue: null
2025-06-27 12:56:24,331 [INFO] CodeEngine:263 - oldGeneratedFile, C:\Users\Admin\STM32CubeIDE\workspace_1.18.1\vent1.1\MXTmpFiles\license.tmp_save
2025-06-27 12:56:24,585 [INFO] CodeEngine:287 - Generated code: C:\Users\Admin\STM32CubeIDE\workspace_1.18.1\vent1.1\MXTmpFiles\license.tmp
2025-06-27 12:56:24,609 [INFO] CodeEngine:263 - oldGeneratedFile, C:\Users\Admin\STM32CubeIDE\workspace_1.18.1\vent1.1\MXTmpFiles\gpio.tmp_save
2025-06-27 12:56:24,748 [INFO] CodeEngine:287 - Generated code: C:\Users\Admin\STM32CubeIDE\workspace_1.18.1\vent1.1\MXTmpFiles\gpio.tmp
2025-06-27 12:56:25,014 [INFO] CodeEngine:263 - oldGeneratedFile, C:\Users\Admin\STM32CubeIDE\workspace_1.18.1\vent1.1\MXTmpFiles\dma.tmp_save
2025-06-27 12:56:25,111 [INFO] CodeEngine:287 - Generated code: C:\Users\Admin\STM32CubeIDE\workspace_1.18.1\vent1.1\MXTmpFiles\dma.tmp
2025-06-27 12:56:25,115 [INFO] CodeEngine:263 - oldGeneratedFile, C:\Users\Admin\STM32CubeIDE\workspace_1.18.1\vent1.1\MXTmpFiles\dma_GV.tmp_save
2025-06-27 12:56:25,197 [INFO] CodeEngine:287 - Generated code: C:\Users\Admin\STM32CubeIDE\workspace_1.18.1\vent1.1\MXTmpFiles\dma_GV.tmp
2025-06-27 12:56:25,210 [INFO] CodeEngine:263 - oldGeneratedFile, C:\Users\Admin\STM32CubeIDE\workspace_1.18.1\vent1.1\Core\Src\stm32f4xx_it.c_save
2025-06-27 12:56:25,433 [INFO] CodeEngine:287 - Generated code: C:\Users\Admin\STM32CubeIDE\workspace_1.18.1\vent1.1\Core\Src\stm32f4xx_it.c
2025-06-27 12:56:25,437 [INFO] CodeEngine:263 - oldGeneratedFile, C:\Users\Admin\STM32CubeIDE\workspace_1.18.1\vent1.1\Core\Inc\stm32f4xx_it.h_save
2025-06-27 12:56:25,521 [INFO] CodeEngine:287 - Generated code: C:\Users\Admin\STM32CubeIDE\workspace_1.18.1\vent1.1\Core\Inc\stm32f4xx_it.h
2025-06-27 12:56:25,533 [INFO] CodeEngine:263 - oldGeneratedFile, C:\Users\Admin\STM32CubeIDE\workspace_1.18.1\vent1.1\Core\Src\stm32f4xx_hal_msp.c_save
2025-06-27 12:56:25,650 [INFO] CodeEngine:287 - Generated code: C:\Users\Admin\STM32CubeIDE\workspace_1.18.1\vent1.1\Core\Src\stm32f4xx_hal_msp.c
2025-06-27 12:56:25,654 [INFO] CodeEngine:263 - oldGeneratedFile, C:\Users\Admin\STM32CubeIDE\workspace_1.18.1\vent1.1\MXTmpFiles\system.tmp_save
2025-06-27 12:56:25,717 [INFO] CodeEngine:287 - Generated code: C:\Users\Admin\STM32CubeIDE\workspace_1.18.1\vent1.1\MXTmpFiles\system.tmp
2025-06-27 12:56:25,725 [INFO] CodeEngine:319 - oldGeneratedFile, C:\Users\Admin\STM32CubeIDE\workspace_1.18.1\vent1.1\Core\Inc\stm32f4xx_hal_conf.h_save
2025-06-27 12:56:25,783 [INFO] CodeEngine:343 - Generated code: C:\Users\Admin\STM32CubeIDE\workspace_1.18.1\vent1.1\Core\Inc\stm32f4xx_hal_conf.h
2025-06-27 12:56:25,803 [INFO] ApiDbMcu:508 - Load IP Config File for USART2
2025-06-27 12:56:25,804 [WARN] IPConfigManager:3790 - IP not found : TIM
2025-06-27 12:56:25,805 [WARN] CodeGenerator:4198 - IP not found : null
2025-06-27 12:56:25,811 [INFO] CodeEngine:263 - oldGeneratedFile, C:\Users\Admin\STM32CubeIDE\workspace_1.18.1\vent1.1\Core\Inc\main.h_save
2025-06-27 12:56:25,892 [INFO] CodeEngine:287 - Generated code: C:\Users\Admin\STM32CubeIDE\workspace_1.18.1\vent1.1\Core\Inc\main.h
2025-06-27 12:56:25,896 [INFO] CodeEngine:263 - oldGeneratedFile, C:\Users\Admin\STM32CubeIDE\workspace_1.18.1\vent1.1\Core\Src\main.c_save
2025-06-27 12:56:25,991 [INFO] CodeEngine:287 - Generated code: C:\Users\Admin\STM32CubeIDE\workspace_1.18.1\vent1.1\Core\Src\main.c
2025-06-27 12:56:26,261 [INFO] ProjectBuilder:3324 - Time for Copy HAL[1] : 120mS.
2025-06-27 12:56:26,264 [INFO] ProjectBuilder:4912 - Project Generator version: 4.6.0.1-B1
2025-06-27 12:56:26,344 [INFO] ConfigFileManager:1590 - The Die is : DIE413
2025-06-27 12:56:27,032 [INFO] ProjectBuilder:5191 - Time for Generating toolchain IDE Files: 768mS.
2025-06-27 12:56:27,033 [INFO] ProjectBuilder:3181 - Time for Copy CMSIS : 0mS.
2025-06-27 12:56:27,036 [INFO] ProjectBuilder:3181 - Time for Copy CMSIS : 1mS.
