2025-07-03 11:37:49,006 [INFO] LogOutputStream:77 - [STDOUT_REDIRECT] 
2025-07-03 11:37:50,898 [INFO] ProjectBuilder:5191 - Time for Generating toolchain IDE Files: 2312mS.
2025-07-03 11:37:50,898 [INFO] ProjectBuilder:3181 - Time for Copy CMSIS : 0mS.
2025-07-03 11:37:50,900 [INFO] ProjectBuilder:3181 - Time for Copy CMSIS : 0mS.
2025-07-03 11:37:51,760 [INFO] McuFinderGlobals:76 - Set McuFinderConnectedMode to true
2025-07-03 11:37:51,762 [INFO] ApiDb:448 - Save user favorites file C:\Users\Admin/.stm32cubeide/favorites.mcus.txt: 2 item(s)
2025-07-03 11:37:51,763 [INFO] ApiDb:452 - User favorites MCUs=[STM32F407VET6, STM32WB5MMGH6]
2025-07-03 11:39:27,598 [INFO] RtosManager:967 - Current active RTOS is FREERTOS [Cortex-M4NS]
2025-07-03 11:39:28,339 [ERROR] RtosPanel:558 - Can not restore the selected Tab for FREERTOS(A reason can be that the tab is no more available.)
2025-07-03 11:39:28,498 [ERROR] RtosPanel:558 - Can not restore the selected Tab for FREERTOS(A reason can be that the tab is no more available.)
2025-07-03 11:39:31,450 [INFO] TasksAndQueuesTab:757 - Dynamic
2025-07-03 11:39:31,451 [WARN] TasksAndQueuesTab:763 - 128 128
2025-07-03 11:39:31,452 [WARN] TasksAndQueuesTab:775 - max value is: 3840.0
2025-07-03 11:39:33,924 [INFO] EditThreadDialog:704 - RAM SIZE (in KB): 128
2025-07-03 11:39:33,924 [INFO] EditThreadDialog:706 - RAM SIZE (in words): 32768
2025-07-03 11:39:36,215 [INFO] TasksAndQueuesTab:757 - Dynamic
2025-07-03 11:39:36,215 [WARN] TasksAndQueuesTab:763 - 128 128
2025-07-03 11:39:36,216 [WARN] TasksAndQueuesTab:775 - max value is: 3840.0
2025-07-03 11:39:36,216 [INFO] TasksAndQueuesTab:757 - Dynamic
2025-07-03 11:39:36,216 [WARN] TasksAndQueuesTab:763 - 128 128
2025-07-03 11:39:36,216 [WARN] TasksAndQueuesTab:775 - max value is: 3840.0
2025-07-03 11:39:36,319 [ERROR] RtosPanel:558 - Can not restore the selected Tab for FREERTOS(A reason can be that the tab is no more available.)
2025-07-03 11:39:37,980 [INFO] TasksAndQueuesTab:757 - Dynamic
2025-07-03 11:39:37,980 [WARN] TasksAndQueuesTab:763 - 128 128
2025-07-03 11:39:37,981 [WARN] TasksAndQueuesTab:775 - max value is: 3840.0
2025-07-03 11:39:37,981 [INFO] TasksAndQueuesTab:757 - Dynamic
2025-07-03 11:39:37,981 [WARN] TasksAndQueuesTab:763 - 128 128
2025-07-03 11:39:37,981 [WARN] TasksAndQueuesTab:775 - max value is: 3840.0
2025-07-03 11:39:40,406 [INFO] UtilMem:75 - End SaveConfig() Used Memory: 601158984 Bytes (825229312)
2025-07-03 11:39:41,739 [INFO] UtilMem:75 - End SaveConfig() Used Memory: 652016968 Bytes (825229312)
2025-07-03 11:39:46,057 [INFO] UtilMem:75 - End SaveConfig() Used Memory: 337627864 Bytes (825229312)
2025-07-03 11:39:47,738 [INFO] BlockDiagram:2775 - set Specific Code input for plugin: FREERTOS
2025-07-03 11:39:47,738 [INFO] BlockDiagram:2775 - set Specific Code input for plugin: SYS
2025-07-03 11:39:47,738 [INFO] BlockDiagram:2775 - set Specific Code input for plugin: RCC
2025-07-03 11:39:47,738 [INFO] BlockDiagram:2775 - set Specific Code input for plugin: NVIC
2025-07-03 11:39:47,739 [INFO] BlockDiagram:2775 - set Specific Code input for plugin: GPIO
2025-07-03 11:39:47,740 [INFO] CodeGenerator:882 - code generatio: config db path: C:\ST\STM32CubeIDE_1.18.1\STM32CubeIDE\plugins\com.st.stm32cube.common.mx_6.14.1.202504091515\\db\
2025-07-03 11:39:47,825 [INFO] CodeEngine:263 - oldGeneratedFile, C:\Users\Admin\STM32CubeIDE\workspace_1.18.1\rtos\MXTmpFiles\license.tmp_save
2025-07-03 11:39:47,967 [INFO] CodeEngine:287 - Generated code: C:\Users\Admin\STM32CubeIDE\workspace_1.18.1\rtos\MXTmpFiles\license.tmp
2025-07-03 11:39:48,001 [INFO] CodeEngine:263 - oldGeneratedFile, C:\Users\Admin\STM32CubeIDE\workspace_1.18.1\rtos\MXTmpFiles\gpio.tmp_save
2025-07-03 11:39:48,114 [INFO] CodeEngine:287 - Generated code: C:\Users\Admin\STM32CubeIDE\workspace_1.18.1\rtos\MXTmpFiles\gpio.tmp
2025-07-03 11:39:48,177 [INFO] Middleware:1452 - No code input for Bsp Dependency
2025-07-03 11:39:48,184 [INFO] CodeEngine:263 - oldGeneratedFile, C:\Users\Admin\STM32CubeIDE\workspace_1.18.1\rtos\MXTmpFiles\rtos_inc.tmp_save
2025-07-03 11:39:48,252 [INFO] CodeEngine:287 - Generated code: C:\Users\Admin\STM32CubeIDE\workspace_1.18.1\rtos\MXTmpFiles\rtos_inc.tmp
2025-07-03 11:39:48,256 [INFO] CodeEngine:263 - oldGeneratedFile, C:\Users\Admin\STM32CubeIDE\workspace_1.18.1\rtos\MXTmpFiles\rtos_vars.tmp_save
2025-07-03 11:39:48,312 [INFO] CodeEngine:287 - Generated code: C:\Users\Admin\STM32CubeIDE\workspace_1.18.1\rtos\MXTmpFiles\rtos_vars.tmp
2025-07-03 11:39:48,316 [INFO] CodeEngine:263 - oldGeneratedFile, C:\Users\Admin\STM32CubeIDE\workspace_1.18.1\rtos\MXTmpFiles\rtos_pfp.tmp_save
2025-07-03 11:39:48,371 [INFO] CodeEngine:287 - Generated code: C:\Users\Admin\STM32CubeIDE\workspace_1.18.1\rtos\MXTmpFiles\rtos_pfp.tmp
2025-07-03 11:39:48,375 [INFO] CodeEngine:263 - oldGeneratedFile, C:\Users\Admin\STM32CubeIDE\workspace_1.18.1\rtos\MXTmpFiles\rtos_obj_creat.tmp_save
2025-07-03 11:39:48,443 [INFO] CodeEngine:287 - Generated code: C:\Users\Admin\STM32CubeIDE\workspace_1.18.1\rtos\MXTmpFiles\rtos_obj_creat.tmp
2025-07-03 11:39:48,447 [INFO] CodeEngine:263 - oldGeneratedFile, C:\Users\Admin\STM32CubeIDE\workspace_1.18.1\rtos\MXTmpFiles\rtos_kernelStart.tmp_save
2025-07-03 11:39:48,499 [INFO] CodeEngine:287 - Generated code: C:\Users\Admin\STM32CubeIDE\workspace_1.18.1\rtos\MXTmpFiles\rtos_kernelStart.tmp
2025-07-03 11:39:48,503 [INFO] CodeEngine:263 - oldGeneratedFile, C:\Users\Admin\STM32CubeIDE\workspace_1.18.1\rtos\MXTmpFiles\rtos_default_thread.tmp_save
2025-07-03 11:39:48,553 [INFO] CodeEngine:287 - Generated code: C:\Users\Admin\STM32CubeIDE\workspace_1.18.1\rtos\MXTmpFiles\rtos_default_thread.tmp
2025-07-03 11:39:48,557 [INFO] CodeEngine:263 - oldGeneratedFile, C:\Users\Admin\STM32CubeIDE\workspace_1.18.1\rtos\MXTmpFiles\rtos_threads.tmp_save
2025-07-03 11:39:48,605 [INFO] CodeEngine:287 - Generated code: C:\Users\Admin\STM32CubeIDE\workspace_1.18.1\rtos\MXTmpFiles\rtos_threads.tmp
2025-07-03 11:39:48,616 [INFO] Middleware:1452 - No code input for Bsp Dependency
2025-07-03 11:39:48,625 [INFO] CodeEngine:263 - oldGeneratedFile, C:\Users\Admin\STM32CubeIDE\workspace_1.18.1\rtos\MXTmpFiles\rtos_inc.tmp_save
2025-07-03 11:39:48,671 [INFO] CodeEngine:287 - Generated code: C:\Users\Admin\STM32CubeIDE\workspace_1.18.1\rtos\MXTmpFiles\rtos_inc.tmp
2025-07-03 11:39:48,675 [INFO] CodeEngine:263 - oldGeneratedFile, C:\Users\Admin\STM32CubeIDE\workspace_1.18.1\rtos\MXTmpFiles\rtos_vars.tmp_save
2025-07-03 11:39:48,723 [INFO] CodeEngine:287 - Generated code: C:\Users\Admin\STM32CubeIDE\workspace_1.18.1\rtos\MXTmpFiles\rtos_vars.tmp
2025-07-03 11:39:48,728 [INFO] CodeEngine:263 - oldGeneratedFile, C:\Users\Admin\STM32CubeIDE\workspace_1.18.1\rtos\MXTmpFiles\rtos_pfp.tmp_save
2025-07-03 11:39:48,782 [INFO] CodeEngine:287 - Generated code: C:\Users\Admin\STM32CubeIDE\workspace_1.18.1\rtos\MXTmpFiles\rtos_pfp.tmp
2025-07-03 11:39:48,787 [INFO] CodeEngine:263 - oldGeneratedFile, C:\Users\Admin\STM32CubeIDE\workspace_1.18.1\rtos\MXTmpFiles\rtos_obj_creat.tmp_save
2025-07-03 11:39:48,839 [INFO] CodeEngine:287 - Generated code: C:\Users\Admin\STM32CubeIDE\workspace_1.18.1\rtos\MXTmpFiles\rtos_obj_creat.tmp
2025-07-03 11:39:48,844 [INFO] CodeEngine:263 - oldGeneratedFile, C:\Users\Admin\STM32CubeIDE\workspace_1.18.1\rtos\MXTmpFiles\rtos_kernelStart.tmp_save
2025-07-03 11:39:48,890 [INFO] CodeEngine:287 - Generated code: C:\Users\Admin\STM32CubeIDE\workspace_1.18.1\rtos\MXTmpFiles\rtos_kernelStart.tmp
2025-07-03 11:39:48,894 [INFO] CodeEngine:263 - oldGeneratedFile, C:\Users\Admin\STM32CubeIDE\workspace_1.18.1\rtos\MXTmpFiles\rtos_default_thread.tmp_save
2025-07-03 11:39:48,956 [INFO] CodeEngine:287 - Generated code: C:\Users\Admin\STM32CubeIDE\workspace_1.18.1\rtos\MXTmpFiles\rtos_default_thread.tmp
2025-07-03 11:39:48,961 [INFO] CodeEngine:263 - oldGeneratedFile, C:\Users\Admin\STM32CubeIDE\workspace_1.18.1\rtos\MXTmpFiles\rtos_threads.tmp_save
2025-07-03 11:39:49,006 [INFO] CodeEngine:287 - Generated code: C:\Users\Admin\STM32CubeIDE\workspace_1.18.1\rtos\MXTmpFiles\rtos_threads.tmp
2025-07-03 11:39:49,010 [INFO] CodeEngine:263 - oldGeneratedFile, C:\Users\Admin\STM32CubeIDE\workspace_1.18.1\rtos\Core\Inc\FreeRTOSConfig.h_save
2025-07-03 11:39:49,075 [INFO] CodeEngine:287 - Generated code: C:\Users\Admin\STM32CubeIDE\workspace_1.18.1\rtos\Core\Inc\FreeRTOSConfig.h
2025-07-03 11:39:49,079 [INFO] CodeEngine:263 - oldGeneratedFile, C:\Users\Admin\STM32CubeIDE\workspace_1.18.1\rtos\Core\Src\freertos.c_save
2025-07-03 11:39:49,132 [INFO] CodeEngine:287 - Generated code: C:\Users\Admin\STM32CubeIDE\workspace_1.18.1\rtos\Core\Src\freertos.c
2025-07-03 11:39:49,141 [INFO] CodeEngine:263 - oldGeneratedFile, C:\Users\Admin\STM32CubeIDE\workspace_1.18.1\rtos\Core\Src\stm32f4xx_it.c_save
2025-07-03 11:39:49,202 [INFO] CodeEngine:287 - Generated code: C:\Users\Admin\STM32CubeIDE\workspace_1.18.1\rtos\Core\Src\stm32f4xx_it.c
2025-07-03 11:39:49,207 [INFO] CodeEngine:263 - oldGeneratedFile, C:\Users\Admin\STM32CubeIDE\workspace_1.18.1\rtos\Core\Inc\stm32f4xx_it.h_save
2025-07-03 11:39:49,253 [INFO] CodeEngine:287 - Generated code: C:\Users\Admin\STM32CubeIDE\workspace_1.18.1\rtos\Core\Inc\stm32f4xx_it.h
2025-07-03 11:39:49,264 [INFO] CodeEngine:263 - oldGeneratedFile, C:\Users\Admin\STM32CubeIDE\workspace_1.18.1\rtos\Core\Src\stm32f4xx_hal_msp.c_save
2025-07-03 11:39:49,330 [INFO] CodeEngine:287 - Generated code: C:\Users\Admin\STM32CubeIDE\workspace_1.18.1\rtos\Core\Src\stm32f4xx_hal_msp.c
2025-07-03 11:39:49,335 [INFO] CodeEngine:263 - oldGeneratedFile, C:\Users\Admin\STM32CubeIDE\workspace_1.18.1\rtos\MXTmpFiles\system.tmp_save
2025-07-03 11:39:49,377 [INFO] CodeEngine:287 - Generated code: C:\Users\Admin\STM32CubeIDE\workspace_1.18.1\rtos\MXTmpFiles\system.tmp
2025-07-03 11:39:49,387 [INFO] CodeEngine:319 - oldGeneratedFile, C:\Users\Admin\STM32CubeIDE\workspace_1.18.1\rtos\Core\Inc\stm32f4xx_hal_conf.h_save
2025-07-03 11:39:49,439 [INFO] CodeEngine:343 - Generated code: C:\Users\Admin\STM32CubeIDE\workspace_1.18.1\rtos\Core\Inc\stm32f4xx_hal_conf.h
2025-07-03 11:39:49,469 [INFO] CodeEngine:263 - oldGeneratedFile, C:\Users\Admin\STM32CubeIDE\workspace_1.18.1\rtos\Core\Inc\main.h_save
2025-07-03 11:39:49,553 [INFO] CodeEngine:287 - Generated code: C:\Users\Admin\STM32CubeIDE\workspace_1.18.1\rtos\Core\Inc\main.h
2025-07-03 11:39:49,558 [INFO] CodeEngine:263 - oldGeneratedFile, C:\Users\Admin\STM32CubeIDE\workspace_1.18.1\rtos\Core\Src\main.c_save
2025-07-03 11:39:49,669 [INFO] CodeEngine:287 - Generated code: C:\Users\Admin\STM32CubeIDE\workspace_1.18.1\rtos\Core\Src\main.c
2025-07-03 11:39:50,006 [INFO] ProjectBuilder:3324 - Time for Copy HAL[1] : 185mS.
2025-07-03 11:39:50,010 [INFO] ProjectBuilder:4912 - Project Generator version: 4.6.0.1-B1
2025-07-03 11:39:50,089 [INFO] ConfigFileManager:1590 - The Die is : DIE413
2025-07-03 11:39:51,030 [INFO] ProjectBuilder:5191 - Time for Generating toolchain IDE Files: 1020mS.
2025-07-03 11:39:51,031 [INFO] ProjectBuilder:3181 - Time for Copy CMSIS : 1mS.
2025-07-03 11:39:51,035 [INFO] ProjectBuilder:3181 - Time for Copy CMSIS : 0mS.
2025-07-03 11:44:37,548 [ERROR] RtosPanel:558 - Can not restore the selected Tab for FREERTOS(A reason can be that the tab is no more available.)
2025-07-03 11:45:28,257 [INFO] UtilMem:75 - End SaveConfig() Used Memory: 500682488 Bytes (877658112)
2025-07-03 11:45:29,532 [INFO] UtilMem:75 - End SaveConfig() Used Memory: 533188344 Bytes (877658112)
2025-07-03 11:45:30,614 [INFO] UtilMem:75 - End SaveConfig() Used Memory: 576702200 Bytes (877658112)
2025-07-03 11:45:32,253 [INFO] BlockDiagram:2775 - set Specific Code input for plugin: FREERTOS
2025-07-03 11:45:32,253 [INFO] BlockDiagram:2775 - set Specific Code input for plugin: TIM1_8
2025-07-03 11:45:32,253 [INFO] BlockDiagram:2775 - set Specific Code input for plugin: SYS
2025-07-03 11:45:32,253 [INFO] BlockDiagram:2775 - set Specific Code input for plugin: RCC
2025-07-03 11:45:32,254 [INFO] BlockDiagram:2775 - set Specific Code input for plugin: NVIC
2025-07-03 11:45:32,254 [INFO] BlockDiagram:2775 - set Specific Code input for plugin: GPIO
2025-07-03 11:45:32,255 [INFO] CodeGenerator:882 - code generatio: config db path: C:\ST\STM32CubeIDE_1.18.1\STM32CubeIDE\plugins\com.st.stm32cube.common.mx_6.14.1.202504091515\\db\
2025-07-03 11:45:32,331 [INFO] CodeEngine:263 - oldGeneratedFile, C:\Users\Admin\STM32CubeIDE\workspace_1.18.1\rtos\MXTmpFiles\license.tmp_save
2025-07-03 11:45:32,489 [INFO] CodeEngine:287 - Generated code: C:\Users\Admin\STM32CubeIDE\workspace_1.18.1\rtos\MXTmpFiles\license.tmp
2025-07-03 11:45:32,512 [INFO] CodeEngine:263 - oldGeneratedFile, C:\Users\Admin\STM32CubeIDE\workspace_1.18.1\rtos\MXTmpFiles\gpio.tmp_save
2025-07-03 11:45:32,657 [INFO] CodeEngine:287 - Generated code: C:\Users\Admin\STM32CubeIDE\workspace_1.18.1\rtos\MXTmpFiles\gpio.tmp
2025-07-03 11:45:32,819 [INFO] Middleware:1452 - No code input for Bsp Dependency
2025-07-03 11:45:32,825 [INFO] CodeEngine:263 - oldGeneratedFile, C:\Users\Admin\STM32CubeIDE\workspace_1.18.1\rtos\MXTmpFiles\rtos_inc.tmp_save
2025-07-03 11:45:32,898 [INFO] CodeEngine:287 - Generated code: C:\Users\Admin\STM32CubeIDE\workspace_1.18.1\rtos\MXTmpFiles\rtos_inc.tmp
2025-07-03 11:45:32,901 [INFO] CodeEngine:263 - oldGeneratedFile, C:\Users\Admin\STM32CubeIDE\workspace_1.18.1\rtos\MXTmpFiles\rtos_vars.tmp_save
2025-07-03 11:45:32,963 [INFO] CodeEngine:287 - Generated code: C:\Users\Admin\STM32CubeIDE\workspace_1.18.1\rtos\MXTmpFiles\rtos_vars.tmp
2025-07-03 11:45:32,966 [INFO] CodeEngine:263 - oldGeneratedFile, C:\Users\Admin\STM32CubeIDE\workspace_1.18.1\rtos\MXTmpFiles\rtos_pfp.tmp_save
2025-07-03 11:45:33,024 [INFO] CodeEngine:287 - Generated code: C:\Users\Admin\STM32CubeIDE\workspace_1.18.1\rtos\MXTmpFiles\rtos_pfp.tmp
2025-07-03 11:45:33,027 [INFO] CodeEngine:263 - oldGeneratedFile, C:\Users\Admin\STM32CubeIDE\workspace_1.18.1\rtos\MXTmpFiles\rtos_obj_creat.tmp_save
2025-07-03 11:45:33,083 [INFO] CodeEngine:287 - Generated code: C:\Users\Admin\STM32CubeIDE\workspace_1.18.1\rtos\MXTmpFiles\rtos_obj_creat.tmp
2025-07-03 11:45:33,086 [INFO] CodeEngine:263 - oldGeneratedFile, C:\Users\Admin\STM32CubeIDE\workspace_1.18.1\rtos\MXTmpFiles\rtos_kernelStart.tmp_save
2025-07-03 11:45:33,133 [INFO] CodeEngine:287 - Generated code: C:\Users\Admin\STM32CubeIDE\workspace_1.18.1\rtos\MXTmpFiles\rtos_kernelStart.tmp
2025-07-03 11:45:33,136 [INFO] CodeEngine:263 - oldGeneratedFile, C:\Users\Admin\STM32CubeIDE\workspace_1.18.1\rtos\MXTmpFiles\rtos_default_thread.tmp_save
2025-07-03 11:45:33,184 [INFO] CodeEngine:287 - Generated code: C:\Users\Admin\STM32CubeIDE\workspace_1.18.1\rtos\MXTmpFiles\rtos_default_thread.tmp
2025-07-03 11:45:33,187 [INFO] CodeEngine:263 - oldGeneratedFile, C:\Users\Admin\STM32CubeIDE\workspace_1.18.1\rtos\MXTmpFiles\rtos_threads.tmp_save
2025-07-03 11:45:33,235 [INFO] CodeEngine:287 - Generated code: C:\Users\Admin\STM32CubeIDE\workspace_1.18.1\rtos\MXTmpFiles\rtos_threads.tmp
2025-07-03 11:45:33,246 [INFO] Middleware:1452 - No code input for Bsp Dependency
2025-07-03 11:45:33,253 [INFO] CodeEngine:263 - oldGeneratedFile, C:\Users\Admin\STM32CubeIDE\workspace_1.18.1\rtos\MXTmpFiles\rtos_inc.tmp_save
2025-07-03 11:45:33,321 [INFO] CodeEngine:287 - Generated code: C:\Users\Admin\STM32CubeIDE\workspace_1.18.1\rtos\MXTmpFiles\rtos_inc.tmp
2025-07-03 11:45:33,326 [INFO] CodeEngine:263 - oldGeneratedFile, C:\Users\Admin\STM32CubeIDE\workspace_1.18.1\rtos\MXTmpFiles\rtos_vars.tmp_save
2025-07-03 11:45:33,378 [INFO] CodeEngine:287 - Generated code: C:\Users\Admin\STM32CubeIDE\workspace_1.18.1\rtos\MXTmpFiles\rtos_vars.tmp
2025-07-03 11:45:33,383 [INFO] CodeEngine:263 - oldGeneratedFile, C:\Users\Admin\STM32CubeIDE\workspace_1.18.1\rtos\MXTmpFiles\rtos_pfp.tmp_save
2025-07-03 11:45:33,430 [INFO] CodeEngine:287 - Generated code: C:\Users\Admin\STM32CubeIDE\workspace_1.18.1\rtos\MXTmpFiles\rtos_pfp.tmp
2025-07-03 11:45:33,435 [INFO] CodeEngine:263 - oldGeneratedFile, C:\Users\Admin\STM32CubeIDE\workspace_1.18.1\rtos\MXTmpFiles\rtos_obj_creat.tmp_save
2025-07-03 11:45:33,482 [INFO] CodeEngine:287 - Generated code: C:\Users\Admin\STM32CubeIDE\workspace_1.18.1\rtos\MXTmpFiles\rtos_obj_creat.tmp
2025-07-03 11:45:33,487 [INFO] CodeEngine:263 - oldGeneratedFile, C:\Users\Admin\STM32CubeIDE\workspace_1.18.1\rtos\MXTmpFiles\rtos_kernelStart.tmp_save
2025-07-03 11:45:33,532 [INFO] CodeEngine:287 - Generated code: C:\Users\Admin\STM32CubeIDE\workspace_1.18.1\rtos\MXTmpFiles\rtos_kernelStart.tmp
2025-07-03 11:45:33,536 [INFO] CodeEngine:263 - oldGeneratedFile, C:\Users\Admin\STM32CubeIDE\workspace_1.18.1\rtos\MXTmpFiles\rtos_default_thread.tmp_save
2025-07-03 11:45:33,582 [INFO] CodeEngine:287 - Generated code: C:\Users\Admin\STM32CubeIDE\workspace_1.18.1\rtos\MXTmpFiles\rtos_default_thread.tmp
2025-07-03 11:45:33,586 [INFO] CodeEngine:263 - oldGeneratedFile, C:\Users\Admin\STM32CubeIDE\workspace_1.18.1\rtos\MXTmpFiles\rtos_threads.tmp_save
2025-07-03 11:45:33,629 [INFO] CodeEngine:287 - Generated code: C:\Users\Admin\STM32CubeIDE\workspace_1.18.1\rtos\MXTmpFiles\rtos_threads.tmp
2025-07-03 11:45:33,633 [INFO] CodeEngine:263 - oldGeneratedFile, C:\Users\Admin\STM32CubeIDE\workspace_1.18.1\rtos\Core\Inc\FreeRTOSConfig.h_save
2025-07-03 11:45:33,692 [INFO] CodeEngine:287 - Generated code: C:\Users\Admin\STM32CubeIDE\workspace_1.18.1\rtos\Core\Inc\FreeRTOSConfig.h
2025-07-03 11:45:33,697 [INFO] CodeEngine:263 - oldGeneratedFile, C:\Users\Admin\STM32CubeIDE\workspace_1.18.1\rtos\Core\Src\freertos.c_save
2025-07-03 11:45:33,746 [INFO] CodeEngine:287 - Generated code: C:\Users\Admin\STM32CubeIDE\workspace_1.18.1\rtos\Core\Src\freertos.c
2025-07-03 11:45:33,757 [INFO] CodeEngine:263 - oldGeneratedFile, C:\Users\Admin\STM32CubeIDE\workspace_1.18.1\rtos\Core\Src\stm32f4xx_it.c_save
2025-07-03 11:45:33,810 [INFO] CodeEngine:287 - Generated code: C:\Users\Admin\STM32CubeIDE\workspace_1.18.1\rtos\Core\Src\stm32f4xx_it.c
2025-07-03 11:45:33,816 [INFO] CodeEngine:263 - oldGeneratedFile, C:\Users\Admin\STM32CubeIDE\workspace_1.18.1\rtos\Core\Inc\stm32f4xx_it.h_save
2025-07-03 11:45:33,888 [INFO] CodeEngine:287 - Generated code: C:\Users\Admin\STM32CubeIDE\workspace_1.18.1\rtos\Core\Inc\stm32f4xx_it.h
2025-07-03 11:45:33,899 [INFO] CodeEngine:263 - oldGeneratedFile, C:\Users\Admin\STM32CubeIDE\workspace_1.18.1\rtos\Core\Src\stm32f4xx_hal_msp.c_save
2025-07-03 11:45:33,976 [INFO] CodeEngine:287 - Generated code: C:\Users\Admin\STM32CubeIDE\workspace_1.18.1\rtos\Core\Src\stm32f4xx_hal_msp.c
2025-07-03 11:45:33,980 [INFO] CodeEngine:263 - oldGeneratedFile, C:\Users\Admin\STM32CubeIDE\workspace_1.18.1\rtos\MXTmpFiles\system.tmp_save
2025-07-03 11:45:34,039 [INFO] CodeEngine:287 - Generated code: C:\Users\Admin\STM32CubeIDE\workspace_1.18.1\rtos\MXTmpFiles\system.tmp
2025-07-03 11:45:34,048 [INFO] CodeEngine:319 - oldGeneratedFile, C:\Users\Admin\STM32CubeIDE\workspace_1.18.1\rtos\Core\Inc\stm32f4xx_hal_conf.h_save
2025-07-03 11:45:34,134 [INFO] CodeEngine:343 - Generated code: C:\Users\Admin\STM32CubeIDE\workspace_1.18.1\rtos\Core\Inc\stm32f4xx_hal_conf.h
2025-07-03 11:45:34,165 [INFO] ApiDbMcu:508 - Load IP Config File for TIM4
2025-07-03 11:45:34,167 [WARN] IPConfigManager:3790 - IP not found : TIM
2025-07-03 11:45:34,167 [WARN] CodeGenerator:4198 - IP not found : null
2025-07-03 11:45:34,174 [INFO] CodeEngine:263 - oldGeneratedFile, C:\Users\Admin\STM32CubeIDE\workspace_1.18.1\rtos\Core\Inc\main.h_save
2025-07-03 11:45:34,230 [INFO] CodeEngine:287 - Generated code: C:\Users\Admin\STM32CubeIDE\workspace_1.18.1\rtos\Core\Inc\main.h
2025-07-03 11:45:34,236 [INFO] CodeEngine:263 - oldGeneratedFile, C:\Users\Admin\STM32CubeIDE\workspace_1.18.1\rtos\Core\Src\main.c_save
2025-07-03 11:45:34,345 [INFO] CodeEngine:287 - Generated code: C:\Users\Admin\STM32CubeIDE\workspace_1.18.1\rtos\Core\Src\main.c
2025-07-03 11:45:34,704 [INFO] ProjectBuilder:3324 - Time for Copy HAL[1] : 173mS.
2025-07-03 11:45:34,708 [INFO] ProjectBuilder:4912 - Project Generator version: 4.6.0.1-B1
2025-07-03 11:45:34,772 [INFO] ConfigFileManager:1590 - The Die is : DIE413
2025-07-03 11:45:35,863 [INFO] ProjectBuilder:5191 - Time for Generating toolchain IDE Files: 1155mS.
2025-07-03 11:45:35,864 [INFO] ProjectBuilder:3181 - Time for Copy CMSIS : 1mS.
2025-07-03 11:45:35,869 [INFO] ProjectBuilder:3181 - Time for Copy CMSIS : 0mS.
2025-07-03 11:48:28,137 [INFO] NvicIntPanel:101 - NVIC parent = com.st.microxplorer.plugins.ip.nvic.MultiNvicIntPanel[,0,0,0x0,invalid,layout=javax.swing.BoxLayout,alignmentX=0.0,alignmentY=0.0,border=,flags=9,maximumSize=,minimumSize=,preferredSize=]
2025-07-03 11:48:29,588 [INFO] UtilMem:75 - End SaveConfig() Used Memory: 300773736 Bytes (877658112)
2025-07-03 11:48:30,878 [INFO] UtilMem:75 - End SaveConfig() Used Memory: 326461800 Bytes (877658112)
2025-07-03 11:48:32,262 [INFO] UtilMem:75 - End SaveConfig() Used Memory: 374174056 Bytes (877658112)
2025-07-03 11:48:44,026 [INFO] BlockDiagram:2775 - set Specific Code input for plugin: FREERTOS
2025-07-03 11:48:44,026 [INFO] BlockDiagram:2775 - set Specific Code input for plugin: TIM1_8
2025-07-03 11:48:44,026 [INFO] BlockDiagram:2775 - set Specific Code input for plugin: SYS
2025-07-03 11:48:44,026 [INFO] BlockDiagram:2775 - set Specific Code input for plugin: RCC
2025-07-03 11:48:44,026 [INFO] BlockDiagram:2775 - set Specific Code input for plugin: NVIC
2025-07-03 11:48:44,026 [INFO] BlockDiagram:2775 - set Specific Code input for plugin: GPIO
2025-07-03 11:48:44,027 [INFO] CodeGenerator:882 - code generatio: config db path: C:\ST\STM32CubeIDE_1.18.1\STM32CubeIDE\plugins\com.st.stm32cube.common.mx_6.14.1.202504091515\\db\
2025-07-03 11:48:44,098 [INFO] CodeEngine:263 - oldGeneratedFile, C:\Users\Admin\STM32CubeIDE\workspace_1.18.1\rtos\MXTmpFiles\license.tmp_save
2025-07-03 11:48:44,256 [INFO] CodeEngine:287 - Generated code: C:\Users\Admin\STM32CubeIDE\workspace_1.18.1\rtos\MXTmpFiles\license.tmp
2025-07-03 11:48:44,277 [INFO] CodeEngine:263 - oldGeneratedFile, C:\Users\Admin\STM32CubeIDE\workspace_1.18.1\rtos\MXTmpFiles\gpio.tmp_save
2025-07-03 11:48:44,381 [INFO] CodeEngine:287 - Generated code: C:\Users\Admin\STM32CubeIDE\workspace_1.18.1\rtos\MXTmpFiles\gpio.tmp
2025-07-03 11:48:44,528 [INFO] Middleware:1452 - No code input for Bsp Dependency
2025-07-03 11:48:44,535 [INFO] CodeEngine:263 - oldGeneratedFile, C:\Users\Admin\STM32CubeIDE\workspace_1.18.1\rtos\MXTmpFiles\rtos_inc.tmp_save
2025-07-03 11:48:44,613 [INFO] CodeEngine:287 - Generated code: C:\Users\Admin\STM32CubeIDE\workspace_1.18.1\rtos\MXTmpFiles\rtos_inc.tmp
2025-07-03 11:48:44,616 [INFO] CodeEngine:263 - oldGeneratedFile, C:\Users\Admin\STM32CubeIDE\workspace_1.18.1\rtos\MXTmpFiles\rtos_vars.tmp_save
2025-07-03 11:48:44,701 [INFO] CodeEngine:287 - Generated code: C:\Users\Admin\STM32CubeIDE\workspace_1.18.1\rtos\MXTmpFiles\rtos_vars.tmp
2025-07-03 11:48:44,704 [INFO] CodeEngine:263 - oldGeneratedFile, C:\Users\Admin\STM32CubeIDE\workspace_1.18.1\rtos\MXTmpFiles\rtos_pfp.tmp_save
2025-07-03 11:48:44,773 [INFO] CodeEngine:287 - Generated code: C:\Users\Admin\STM32CubeIDE\workspace_1.18.1\rtos\MXTmpFiles\rtos_pfp.tmp
2025-07-03 11:48:44,776 [INFO] CodeEngine:263 - oldGeneratedFile, C:\Users\Admin\STM32CubeIDE\workspace_1.18.1\rtos\MXTmpFiles\rtos_obj_creat.tmp_save
2025-07-03 11:48:44,842 [INFO] CodeEngine:287 - Generated code: C:\Users\Admin\STM32CubeIDE\workspace_1.18.1\rtos\MXTmpFiles\rtos_obj_creat.tmp
2025-07-03 11:48:44,845 [INFO] CodeEngine:263 - oldGeneratedFile, C:\Users\Admin\STM32CubeIDE\workspace_1.18.1\rtos\MXTmpFiles\rtos_kernelStart.tmp_save
2025-07-03 11:48:44,899 [INFO] CodeEngine:287 - Generated code: C:\Users\Admin\STM32CubeIDE\workspace_1.18.1\rtos\MXTmpFiles\rtos_kernelStart.tmp
2025-07-03 11:48:44,902 [INFO] CodeEngine:263 - oldGeneratedFile, C:\Users\Admin\STM32CubeIDE\workspace_1.18.1\rtos\MXTmpFiles\rtos_default_thread.tmp_save
2025-07-03 11:48:44,951 [INFO] CodeEngine:287 - Generated code: C:\Users\Admin\STM32CubeIDE\workspace_1.18.1\rtos\MXTmpFiles\rtos_default_thread.tmp
2025-07-03 11:48:44,954 [INFO] CodeEngine:263 - oldGeneratedFile, C:\Users\Admin\STM32CubeIDE\workspace_1.18.1\rtos\MXTmpFiles\rtos_threads.tmp_save
2025-07-03 11:48:45,000 [INFO] CodeEngine:287 - Generated code: C:\Users\Admin\STM32CubeIDE\workspace_1.18.1\rtos\MXTmpFiles\rtos_threads.tmp
2025-07-03 11:48:45,013 [INFO] Middleware:1452 - No code input for Bsp Dependency
2025-07-03 11:48:45,021 [INFO] CodeEngine:263 - oldGeneratedFile, C:\Users\Admin\STM32CubeIDE\workspace_1.18.1\rtos\MXTmpFiles\rtos_inc.tmp_save
2025-07-03 11:48:45,079 [INFO] CodeEngine:287 - Generated code: C:\Users\Admin\STM32CubeIDE\workspace_1.18.1\rtos\MXTmpFiles\rtos_inc.tmp
2025-07-03 11:48:45,083 [INFO] CodeEngine:263 - oldGeneratedFile, C:\Users\Admin\STM32CubeIDE\workspace_1.18.1\rtos\MXTmpFiles\rtos_vars.tmp_save
2025-07-03 11:48:45,134 [INFO] CodeEngine:287 - Generated code: C:\Users\Admin\STM32CubeIDE\workspace_1.18.1\rtos\MXTmpFiles\rtos_vars.tmp
2025-07-03 11:48:45,139 [INFO] CodeEngine:263 - oldGeneratedFile, C:\Users\Admin\STM32CubeIDE\workspace_1.18.1\rtos\MXTmpFiles\rtos_pfp.tmp_save
2025-07-03 11:48:45,187 [INFO] CodeEngine:287 - Generated code: C:\Users\Admin\STM32CubeIDE\workspace_1.18.1\rtos\MXTmpFiles\rtos_pfp.tmp
2025-07-03 11:48:45,192 [INFO] CodeEngine:263 - oldGeneratedFile, C:\Users\Admin\STM32CubeIDE\workspace_1.18.1\rtos\MXTmpFiles\rtos_obj_creat.tmp_save
2025-07-03 11:48:45,239 [INFO] CodeEngine:287 - Generated code: C:\Users\Admin\STM32CubeIDE\workspace_1.18.1\rtos\MXTmpFiles\rtos_obj_creat.tmp
2025-07-03 11:48:45,244 [INFO] CodeEngine:263 - oldGeneratedFile, C:\Users\Admin\STM32CubeIDE\workspace_1.18.1\rtos\MXTmpFiles\rtos_kernelStart.tmp_save
2025-07-03 11:48:45,291 [INFO] CodeEngine:287 - Generated code: C:\Users\Admin\STM32CubeIDE\workspace_1.18.1\rtos\MXTmpFiles\rtos_kernelStart.tmp
2025-07-03 11:48:45,295 [INFO] CodeEngine:263 - oldGeneratedFile, C:\Users\Admin\STM32CubeIDE\workspace_1.18.1\rtos\MXTmpFiles\rtos_default_thread.tmp_save
2025-07-03 11:48:45,343 [INFO] CodeEngine:287 - Generated code: C:\Users\Admin\STM32CubeIDE\workspace_1.18.1\rtos\MXTmpFiles\rtos_default_thread.tmp
2025-07-03 11:48:45,347 [INFO] CodeEngine:263 - oldGeneratedFile, C:\Users\Admin\STM32CubeIDE\workspace_1.18.1\rtos\MXTmpFiles\rtos_threads.tmp_save
2025-07-03 11:48:45,394 [INFO] CodeEngine:287 - Generated code: C:\Users\Admin\STM32CubeIDE\workspace_1.18.1\rtos\MXTmpFiles\rtos_threads.tmp
2025-07-03 11:48:45,399 [INFO] CodeEngine:263 - oldGeneratedFile, C:\Users\Admin\STM32CubeIDE\workspace_1.18.1\rtos\Core\Inc\FreeRTOSConfig.h_save
2025-07-03 11:48:45,464 [INFO] CodeEngine:287 - Generated code: C:\Users\Admin\STM32CubeIDE\workspace_1.18.1\rtos\Core\Inc\FreeRTOSConfig.h
2025-07-03 11:48:45,469 [INFO] CodeEngine:263 - oldGeneratedFile, C:\Users\Admin\STM32CubeIDE\workspace_1.18.1\rtos\Core\Src\freertos.c_save
2025-07-03 11:48:45,521 [INFO] CodeEngine:287 - Generated code: C:\Users\Admin\STM32CubeIDE\workspace_1.18.1\rtos\Core\Src\freertos.c
2025-07-03 11:48:45,532 [INFO] CodeEngine:263 - oldGeneratedFile, C:\Users\Admin\STM32CubeIDE\workspace_1.18.1\rtos\Core\Src\stm32f4xx_it.c_save
2025-07-03 11:48:45,584 [INFO] CodeEngine:287 - Generated code: C:\Users\Admin\STM32CubeIDE\workspace_1.18.1\rtos\Core\Src\stm32f4xx_it.c
2025-07-03 11:48:45,589 [INFO] CodeEngine:263 - oldGeneratedFile, C:\Users\Admin\STM32CubeIDE\workspace_1.18.1\rtos\Core\Inc\stm32f4xx_it.h_save
2025-07-03 11:48:45,634 [INFO] CodeEngine:287 - Generated code: C:\Users\Admin\STM32CubeIDE\workspace_1.18.1\rtos\Core\Inc\stm32f4xx_it.h
2025-07-03 11:48:45,645 [INFO] CodeEngine:263 - oldGeneratedFile, C:\Users\Admin\STM32CubeIDE\workspace_1.18.1\rtos\Core\Src\stm32f4xx_hal_msp.c_save
2025-07-03 11:48:45,718 [INFO] CodeEngine:287 - Generated code: C:\Users\Admin\STM32CubeIDE\workspace_1.18.1\rtos\Core\Src\stm32f4xx_hal_msp.c
2025-07-03 11:48:45,721 [INFO] CodeEngine:263 - oldGeneratedFile, C:\Users\Admin\STM32CubeIDE\workspace_1.18.1\rtos\MXTmpFiles\system.tmp_save
2025-07-03 11:48:45,762 [INFO] CodeEngine:287 - Generated code: C:\Users\Admin\STM32CubeIDE\workspace_1.18.1\rtos\MXTmpFiles\system.tmp
2025-07-03 11:48:45,772 [INFO] CodeEngine:319 - oldGeneratedFile, C:\Users\Admin\STM32CubeIDE\workspace_1.18.1\rtos\Core\Inc\stm32f4xx_hal_conf.h_save
2025-07-03 11:48:45,824 [INFO] CodeEngine:343 - Generated code: C:\Users\Admin\STM32CubeIDE\workspace_1.18.1\rtos\Core\Inc\stm32f4xx_hal_conf.h
2025-07-03 11:48:45,848 [WARN] IPConfigManager:3790 - IP not found : TIM
2025-07-03 11:48:45,849 [WARN] CodeGenerator:4198 - IP not found : null
2025-07-03 11:48:45,855 [INFO] CodeEngine:263 - oldGeneratedFile, C:\Users\Admin\STM32CubeIDE\workspace_1.18.1\rtos\Core\Inc\main.h_save
2025-07-03 11:48:45,904 [INFO] CodeEngine:287 - Generated code: C:\Users\Admin\STM32CubeIDE\workspace_1.18.1\rtos\Core\Inc\main.h
2025-07-03 11:48:45,909 [INFO] CodeEngine:263 - oldGeneratedFile, C:\Users\Admin\STM32CubeIDE\workspace_1.18.1\rtos\Core\Src\main.c_save
2025-07-03 11:48:45,995 [INFO] CodeEngine:287 - Generated code: C:\Users\Admin\STM32CubeIDE\workspace_1.18.1\rtos\Core\Src\main.c
2025-07-03 11:48:46,321 [INFO] ProjectBuilder:3324 - Time for Copy HAL[1] : 161mS.
2025-07-03 11:48:46,325 [INFO] ProjectBuilder:4912 - Project Generator version: 4.6.0.1-B1
2025-07-03 11:48:46,388 [INFO] ConfigFileManager:1590 - The Die is : DIE413
2025-07-03 11:48:47,174 [INFO] ProjectBuilder:5191 - Time for Generating toolchain IDE Files: 848mS.
2025-07-03 11:48:47,174 [INFO] ProjectBuilder:3181 - Time for Copy CMSIS : 0mS.
2025-07-03 11:48:47,181 [INFO] ProjectBuilder:3181 - Time for Copy CMSIS : 0mS.
2025-07-03 11:52:47,042 [INFO] NvicIntPanel:101 - NVIC parent = com.st.microxplorer.plugins.ip.nvic.MultiNvicIntPanel[,0,0,0x0,invalid,layout=javax.swing.BoxLayout,alignmentX=0.0,alignmentY=0.0,border=,flags=9,maximumSize=,minimumSize=,preferredSize=]
2025-07-03 11:52:47,987 [INFO] UtilMem:75 - End SaveConfig() Used Memory: 538984344 Bytes (877658112)
2025-07-03 11:52:48,983 [INFO] UtilMem:75 - End SaveConfig() Used Memory: 566247320 Bytes (877658112)
2025-07-03 11:52:50,326 [INFO] UtilMem:75 - End SaveConfig() Used Memory: 612906904 Bytes (877658112)
2025-07-03 11:52:51,634 [INFO] BlockDiagram:2775 - set Specific Code input for plugin: FREERTOS
2025-07-03 11:52:51,634 [INFO] BlockDiagram:2775 - set Specific Code input for plugin: TIM1_8
2025-07-03 11:52:51,634 [INFO] BlockDiagram:2775 - set Specific Code input for plugin: SYS
2025-07-03 11:52:51,634 [INFO] BlockDiagram:2775 - set Specific Code input for plugin: RCC
2025-07-03 11:52:51,634 [INFO] BlockDiagram:2775 - set Specific Code input for plugin: NVIC
2025-07-03 11:52:51,634 [INFO] BlockDiagram:2775 - set Specific Code input for plugin: GPIO
2025-07-03 11:52:51,635 [INFO] CodeGenerator:882 - code generatio: config db path: C:\ST\STM32CubeIDE_1.18.1\STM32CubeIDE\plugins\com.st.stm32cube.common.mx_6.14.1.202504091515\\db\
2025-07-03 11:52:51,700 [INFO] CodeEngine:263 - oldGeneratedFile, C:\Users\Admin\STM32CubeIDE\workspace_1.18.1\rtos\MXTmpFiles\license.tmp_save
2025-07-03 11:52:51,745 [INFO] CodeEngine:287 - Generated code: C:\Users\Admin\STM32CubeIDE\workspace_1.18.1\rtos\MXTmpFiles\license.tmp
2025-07-03 11:52:51,756 [INFO] CodeEngine:263 - oldGeneratedFile, C:\Users\Admin\STM32CubeIDE\workspace_1.18.1\rtos\MXTmpFiles\gpio.tmp_save
2025-07-03 11:52:51,801 [INFO] CodeEngine:287 - Generated code: C:\Users\Admin\STM32CubeIDE\workspace_1.18.1\rtos\MXTmpFiles\gpio.tmp
2025-07-03 11:52:51,848 [INFO] Middleware:1452 - No code input for Bsp Dependency
2025-07-03 11:52:51,853 [INFO] CodeEngine:263 - oldGeneratedFile, C:\Users\Admin\STM32CubeIDE\workspace_1.18.1\rtos\MXTmpFiles\rtos_inc.tmp_save
2025-07-03 11:52:51,896 [INFO] CodeEngine:287 - Generated code: C:\Users\Admin\STM32CubeIDE\workspace_1.18.1\rtos\MXTmpFiles\rtos_inc.tmp
2025-07-03 11:52:51,899 [INFO] CodeEngine:263 - oldGeneratedFile, C:\Users\Admin\STM32CubeIDE\workspace_1.18.1\rtos\MXTmpFiles\rtos_vars.tmp_save
2025-07-03 11:52:51,949 [INFO] CodeEngine:287 - Generated code: C:\Users\Admin\STM32CubeIDE\workspace_1.18.1\rtos\MXTmpFiles\rtos_vars.tmp
2025-07-03 11:52:51,952 [INFO] CodeEngine:263 - oldGeneratedFile, C:\Users\Admin\STM32CubeIDE\workspace_1.18.1\rtos\MXTmpFiles\rtos_pfp.tmp_save
2025-07-03 11:52:52,021 [INFO] CodeEngine:287 - Generated code: C:\Users\Admin\STM32CubeIDE\workspace_1.18.1\rtos\MXTmpFiles\rtos_pfp.tmp
2025-07-03 11:52:52,024 [INFO] CodeEngine:263 - oldGeneratedFile, C:\Users\Admin\STM32CubeIDE\workspace_1.18.1\rtos\MXTmpFiles\rtos_obj_creat.tmp_save
2025-07-03 11:52:52,092 [INFO] CodeEngine:287 - Generated code: C:\Users\Admin\STM32CubeIDE\workspace_1.18.1\rtos\MXTmpFiles\rtos_obj_creat.tmp
2025-07-03 11:52:52,095 [INFO] CodeEngine:263 - oldGeneratedFile, C:\Users\Admin\STM32CubeIDE\workspace_1.18.1\rtos\MXTmpFiles\rtos_kernelStart.tmp_save
2025-07-03 11:52:52,160 [INFO] CodeEngine:287 - Generated code: C:\Users\Admin\STM32CubeIDE\workspace_1.18.1\rtos\MXTmpFiles\rtos_kernelStart.tmp
2025-07-03 11:52:52,163 [INFO] CodeEngine:263 - oldGeneratedFile, C:\Users\Admin\STM32CubeIDE\workspace_1.18.1\rtos\MXTmpFiles\rtos_default_thread.tmp_save
2025-07-03 11:52:52,226 [INFO] CodeEngine:287 - Generated code: C:\Users\Admin\STM32CubeIDE\workspace_1.18.1\rtos\MXTmpFiles\rtos_default_thread.tmp
2025-07-03 11:52:52,229 [INFO] CodeEngine:263 - oldGeneratedFile, C:\Users\Admin\STM32CubeIDE\workspace_1.18.1\rtos\MXTmpFiles\rtos_threads.tmp_save
2025-07-03 11:52:52,269 [INFO] CodeEngine:287 - Generated code: C:\Users\Admin\STM32CubeIDE\workspace_1.18.1\rtos\MXTmpFiles\rtos_threads.tmp
2025-07-03 11:52:52,280 [INFO] Middleware:1452 - No code input for Bsp Dependency
2025-07-03 11:52:52,286 [INFO] CodeEngine:263 - oldGeneratedFile, C:\Users\Admin\STM32CubeIDE\workspace_1.18.1\rtos\MXTmpFiles\rtos_inc.tmp_save
2025-07-03 11:52:52,330 [INFO] CodeEngine:287 - Generated code: C:\Users\Admin\STM32CubeIDE\workspace_1.18.1\rtos\MXTmpFiles\rtos_inc.tmp
2025-07-03 11:52:52,349 [INFO] CodeEngine:263 - oldGeneratedFile, C:\Users\Admin\STM32CubeIDE\workspace_1.18.1\rtos\MXTmpFiles\rtos_vars.tmp_save
2025-07-03 11:52:52,394 [INFO] CodeEngine:287 - Generated code: C:\Users\Admin\STM32CubeIDE\workspace_1.18.1\rtos\MXTmpFiles\rtos_vars.tmp
2025-07-03 11:52:52,399 [INFO] CodeEngine:263 - oldGeneratedFile, C:\Users\Admin\STM32CubeIDE\workspace_1.18.1\rtos\MXTmpFiles\rtos_pfp.tmp_save
2025-07-03 11:52:52,442 [INFO] CodeEngine:287 - Generated code: C:\Users\Admin\STM32CubeIDE\workspace_1.18.1\rtos\MXTmpFiles\rtos_pfp.tmp
2025-07-03 11:52:52,447 [INFO] CodeEngine:263 - oldGeneratedFile, C:\Users\Admin\STM32CubeIDE\workspace_1.18.1\rtos\MXTmpFiles\rtos_obj_creat.tmp_save
2025-07-03 11:52:52,491 [INFO] CodeEngine:287 - Generated code: C:\Users\Admin\STM32CubeIDE\workspace_1.18.1\rtos\MXTmpFiles\rtos_obj_creat.tmp
2025-07-03 11:52:52,496 [INFO] CodeEngine:263 - oldGeneratedFile, C:\Users\Admin\STM32CubeIDE\workspace_1.18.1\rtos\MXTmpFiles\rtos_kernelStart.tmp_save
2025-07-03 11:52:52,541 [INFO] CodeEngine:287 - Generated code: C:\Users\Admin\STM32CubeIDE\workspace_1.18.1\rtos\MXTmpFiles\rtos_kernelStart.tmp
2025-07-03 11:52:52,546 [INFO] CodeEngine:263 - oldGeneratedFile, C:\Users\Admin\STM32CubeIDE\workspace_1.18.1\rtos\MXTmpFiles\rtos_default_thread.tmp_save
2025-07-03 11:52:52,587 [INFO] CodeEngine:287 - Generated code: C:\Users\Admin\STM32CubeIDE\workspace_1.18.1\rtos\MXTmpFiles\rtos_default_thread.tmp
2025-07-03 11:52:52,591 [INFO] CodeEngine:263 - oldGeneratedFile, C:\Users\Admin\STM32CubeIDE\workspace_1.18.1\rtos\MXTmpFiles\rtos_threads.tmp_save
2025-07-03 11:52:52,634 [INFO] CodeEngine:287 - Generated code: C:\Users\Admin\STM32CubeIDE\workspace_1.18.1\rtos\MXTmpFiles\rtos_threads.tmp
2025-07-03 11:52:52,640 [INFO] CodeEngine:263 - oldGeneratedFile, C:\Users\Admin\STM32CubeIDE\workspace_1.18.1\rtos\Core\Inc\FreeRTOSConfig.h_save
2025-07-03 11:52:52,694 [INFO] CodeEngine:287 - Generated code: C:\Users\Admin\STM32CubeIDE\workspace_1.18.1\rtos\Core\Inc\FreeRTOSConfig.h
2025-07-03 11:52:52,699 [INFO] CodeEngine:263 - oldGeneratedFile, C:\Users\Admin\STM32CubeIDE\workspace_1.18.1\rtos\Core\Src\freertos.c_save
2025-07-03 11:52:52,745 [INFO] CodeEngine:287 - Generated code: C:\Users\Admin\STM32CubeIDE\workspace_1.18.1\rtos\Core\Src\freertos.c
2025-07-03 11:52:52,754 [INFO] CodeEngine:263 - oldGeneratedFile, C:\Users\Admin\STM32CubeIDE\workspace_1.18.1\rtos\Core\Src\stm32f4xx_it.c_save
2025-07-03 11:52:52,802 [INFO] CodeEngine:287 - Generated code: C:\Users\Admin\STM32CubeIDE\workspace_1.18.1\rtos\Core\Src\stm32f4xx_it.c
2025-07-03 11:52:52,806 [INFO] CodeEngine:263 - oldGeneratedFile, C:\Users\Admin\STM32CubeIDE\workspace_1.18.1\rtos\Core\Inc\stm32f4xx_it.h_save
2025-07-03 11:52:52,849 [INFO] CodeEngine:287 - Generated code: C:\Users\Admin\STM32CubeIDE\workspace_1.18.1\rtos\Core\Inc\stm32f4xx_it.h
2025-07-03 11:52:52,860 [INFO] CodeEngine:263 - oldGeneratedFile, C:\Users\Admin\STM32CubeIDE\workspace_1.18.1\rtos\Core\Src\stm32f4xx_hal_msp.c_save
2025-07-03 11:52:52,927 [INFO] CodeEngine:287 - Generated code: C:\Users\Admin\STM32CubeIDE\workspace_1.18.1\rtos\Core\Src\stm32f4xx_hal_msp.c
2025-07-03 11:52:52,931 [INFO] CodeEngine:263 - oldGeneratedFile, C:\Users\Admin\STM32CubeIDE\workspace_1.18.1\rtos\MXTmpFiles\system.tmp_save
2025-07-03 11:52:52,971 [INFO] CodeEngine:287 - Generated code: C:\Users\Admin\STM32CubeIDE\workspace_1.18.1\rtos\MXTmpFiles\system.tmp
2025-07-03 11:52:52,979 [INFO] CodeEngine:319 - oldGeneratedFile, C:\Users\Admin\STM32CubeIDE\workspace_1.18.1\rtos\Core\Inc\stm32f4xx_hal_conf.h_save
2025-07-03 11:52:53,027 [INFO] CodeEngine:343 - Generated code: C:\Users\Admin\STM32CubeIDE\workspace_1.18.1\rtos\Core\Inc\stm32f4xx_hal_conf.h
2025-07-03 11:52:53,043 [WARN] IPConfigManager:3790 - IP not found : TIM
2025-07-03 11:52:53,043 [WARN] CodeGenerator:4198 - IP not found : null
2025-07-03 11:52:53,049 [INFO] CodeEngine:263 - oldGeneratedFile, C:\Users\Admin\STM32CubeIDE\workspace_1.18.1\rtos\Core\Inc\main.h_save
2025-07-03 11:52:53,096 [INFO] CodeEngine:287 - Generated code: C:\Users\Admin\STM32CubeIDE\workspace_1.18.1\rtos\Core\Inc\main.h
2025-07-03 11:52:53,100 [INFO] CodeEngine:263 - oldGeneratedFile, C:\Users\Admin\STM32CubeIDE\workspace_1.18.1\rtos\Core\Src\main.c_save
2025-07-03 11:52:53,189 [INFO] CodeEngine:287 - Generated code: C:\Users\Admin\STM32CubeIDE\workspace_1.18.1\rtos\Core\Src\main.c
2025-07-03 11:52:53,510 [INFO] ProjectBuilder:3324 - Time for Copy HAL[1] : 171mS.
2025-07-03 11:52:53,512 [INFO] ProjectBuilder:4912 - Project Generator version: 4.6.0.1-B1
2025-07-03 11:52:53,579 [INFO] ConfigFileManager:1590 - The Die is : DIE413
2025-07-03 11:52:54,315 [INFO] ProjectBuilder:5191 - Time for Generating toolchain IDE Files: 803mS.
2025-07-03 11:52:54,316 [INFO] ProjectBuilder:3181 - Time for Copy CMSIS : 0mS.
2025-07-03 11:52:54,322 [INFO] ProjectBuilder:3181 - Time for Copy CMSIS : 0mS.
2025-07-03 11:59:45,430 [INFO] UtilMem:75 - End SaveConfig() Used Memory: 763679952 Bytes (979369984)
2025-07-03 11:59:46,545 [INFO] UtilMem:75 - End SaveConfig() Used Memory: 791469264 Bytes (979369984)
2025-07-03 11:59:47,550 [INFO] UtilMem:75 - End SaveConfig() Used Memory: 839177424 Bytes (979369984)
2025-07-03 11:59:49,700 [INFO] BlockDiagram:2775 - set Specific Code input for plugin: FREERTOS
2025-07-03 11:59:49,700 [INFO] BlockDiagram:2775 - set Specific Code input for plugin: TIM1_8
2025-07-03 11:59:49,700 [INFO] BlockDiagram:2775 - set Specific Code input for plugin: SYS
2025-07-03 11:59:49,700 [INFO] BlockDiagram:2775 - set Specific Code input for plugin: RCC
2025-07-03 11:59:49,700 [INFO] BlockDiagram:2775 - set Specific Code input for plugin: NVIC
2025-07-03 11:59:49,701 [INFO] BlockDiagram:2775 - set Specific Code input for plugin: GPIO
2025-07-03 11:59:49,702 [INFO] CodeGenerator:882 - code generatio: config db path: C:\ST\STM32CubeIDE_1.18.1\STM32CubeIDE\plugins\com.st.stm32cube.common.mx_6.14.1.202504091515\\db\
2025-07-03 11:59:49,777 [INFO] CodeEngine:263 - oldGeneratedFile, C:\Users\Admin\STM32CubeIDE\workspace_1.18.1\rtos\MXTmpFiles\license.tmp_save
2025-07-03 11:59:49,937 [INFO] CodeEngine:287 - Generated code: C:\Users\Admin\STM32CubeIDE\workspace_1.18.1\rtos\MXTmpFiles\license.tmp
2025-07-03 11:59:49,959 [INFO] CodeEngine:263 - oldGeneratedFile, C:\Users\Admin\STM32CubeIDE\workspace_1.18.1\rtos\MXTmpFiles\gpio.tmp_save
2025-07-03 11:59:50,064 [INFO] CodeEngine:287 - Generated code: C:\Users\Admin\STM32CubeIDE\workspace_1.18.1\rtos\MXTmpFiles\gpio.tmp
2025-07-03 11:59:50,219 [INFO] Middleware:1452 - No code input for Bsp Dependency
2025-07-03 11:59:50,225 [INFO] CodeEngine:263 - oldGeneratedFile, C:\Users\Admin\STM32CubeIDE\workspace_1.18.1\rtos\MXTmpFiles\rtos_inc.tmp_save
2025-07-03 11:59:50,314 [INFO] CodeEngine:287 - Generated code: C:\Users\Admin\STM32CubeIDE\workspace_1.18.1\rtos\MXTmpFiles\rtos_inc.tmp
2025-07-03 11:59:50,318 [INFO] CodeEngine:263 - oldGeneratedFile, C:\Users\Admin\STM32CubeIDE\workspace_1.18.1\rtos\MXTmpFiles\rtos_vars.tmp_save
2025-07-03 11:59:50,404 [INFO] CodeEngine:287 - Generated code: C:\Users\Admin\STM32CubeIDE\workspace_1.18.1\rtos\MXTmpFiles\rtos_vars.tmp
2025-07-03 11:59:50,407 [INFO] CodeEngine:263 - oldGeneratedFile, C:\Users\Admin\STM32CubeIDE\workspace_1.18.1\rtos\MXTmpFiles\rtos_pfp.tmp_save
2025-07-03 11:59:50,490 [INFO] CodeEngine:287 - Generated code: C:\Users\Admin\STM32CubeIDE\workspace_1.18.1\rtos\MXTmpFiles\rtos_pfp.tmp
2025-07-03 11:59:50,494 [INFO] CodeEngine:263 - oldGeneratedFile, C:\Users\Admin\STM32CubeIDE\workspace_1.18.1\rtos\MXTmpFiles\rtos_obj_creat.tmp_save
2025-07-03 11:59:50,576 [INFO] CodeEngine:287 - Generated code: C:\Users\Admin\STM32CubeIDE\workspace_1.18.1\rtos\MXTmpFiles\rtos_obj_creat.tmp
2025-07-03 11:59:50,579 [INFO] CodeEngine:263 - oldGeneratedFile, C:\Users\Admin\STM32CubeIDE\workspace_1.18.1\rtos\MXTmpFiles\rtos_kernelStart.tmp_save
2025-07-03 11:59:50,645 [INFO] CodeEngine:287 - Generated code: C:\Users\Admin\STM32CubeIDE\workspace_1.18.1\rtos\MXTmpFiles\rtos_kernelStart.tmp
2025-07-03 11:59:50,649 [INFO] CodeEngine:263 - oldGeneratedFile, C:\Users\Admin\STM32CubeIDE\workspace_1.18.1\rtos\MXTmpFiles\rtos_default_thread.tmp_save
2025-07-03 11:59:50,709 [INFO] CodeEngine:287 - Generated code: C:\Users\Admin\STM32CubeIDE\workspace_1.18.1\rtos\MXTmpFiles\rtos_default_thread.tmp
2025-07-03 11:59:50,714 [INFO] CodeEngine:263 - oldGeneratedFile, C:\Users\Admin\STM32CubeIDE\workspace_1.18.1\rtos\MXTmpFiles\rtos_threads.tmp_save
2025-07-03 11:59:50,775 [INFO] CodeEngine:287 - Generated code: C:\Users\Admin\STM32CubeIDE\workspace_1.18.1\rtos\MXTmpFiles\rtos_threads.tmp
2025-07-03 11:59:50,787 [INFO] Middleware:1452 - No code input for Bsp Dependency
2025-07-03 11:59:50,795 [INFO] CodeEngine:263 - oldGeneratedFile, C:\Users\Admin\STM32CubeIDE\workspace_1.18.1\rtos\MXTmpFiles\rtos_inc.tmp_save
2025-07-03 11:59:50,842 [INFO] CodeEngine:287 - Generated code: C:\Users\Admin\STM32CubeIDE\workspace_1.18.1\rtos\MXTmpFiles\rtos_inc.tmp
2025-07-03 11:59:50,846 [INFO] CodeEngine:263 - oldGeneratedFile, C:\Users\Admin\STM32CubeIDE\workspace_1.18.1\rtos\MXTmpFiles\rtos_vars.tmp_save
2025-07-03 11:59:50,905 [INFO] CodeEngine:287 - Generated code: C:\Users\Admin\STM32CubeIDE\workspace_1.18.1\rtos\MXTmpFiles\rtos_vars.tmp
2025-07-03 11:59:50,909 [INFO] CodeEngine:263 - oldGeneratedFile, C:\Users\Admin\STM32CubeIDE\workspace_1.18.1\rtos\MXTmpFiles\rtos_pfp.tmp_save
2025-07-03 11:59:50,957 [INFO] CodeEngine:287 - Generated code: C:\Users\Admin\STM32CubeIDE\workspace_1.18.1\rtos\MXTmpFiles\rtos_pfp.tmp
2025-07-03 11:59:50,962 [INFO] CodeEngine:263 - oldGeneratedFile, C:\Users\Admin\STM32CubeIDE\workspace_1.18.1\rtos\MXTmpFiles\rtos_obj_creat.tmp_save
2025-07-03 11:59:51,011 [INFO] CodeEngine:287 - Generated code: C:\Users\Admin\STM32CubeIDE\workspace_1.18.1\rtos\MXTmpFiles\rtos_obj_creat.tmp
2025-07-03 11:59:51,015 [INFO] CodeEngine:263 - oldGeneratedFile, C:\Users\Admin\STM32CubeIDE\workspace_1.18.1\rtos\MXTmpFiles\rtos_kernelStart.tmp_save
2025-07-03 11:59:51,065 [INFO] CodeEngine:287 - Generated code: C:\Users\Admin\STM32CubeIDE\workspace_1.18.1\rtos\MXTmpFiles\rtos_kernelStart.tmp
2025-07-03 11:59:51,069 [INFO] CodeEngine:263 - oldGeneratedFile, C:\Users\Admin\STM32CubeIDE\workspace_1.18.1\rtos\MXTmpFiles\rtos_default_thread.tmp_save
2025-07-03 11:59:51,117 [INFO] CodeEngine:287 - Generated code: C:\Users\Admin\STM32CubeIDE\workspace_1.18.1\rtos\MXTmpFiles\rtos_default_thread.tmp
2025-07-03 11:59:51,121 [INFO] CodeEngine:263 - oldGeneratedFile, C:\Users\Admin\STM32CubeIDE\workspace_1.18.1\rtos\MXTmpFiles\rtos_threads.tmp_save
2025-07-03 11:59:51,166 [INFO] CodeEngine:287 - Generated code: C:\Users\Admin\STM32CubeIDE\workspace_1.18.1\rtos\MXTmpFiles\rtos_threads.tmp
2025-07-03 11:59:51,170 [INFO] CodeEngine:263 - oldGeneratedFile, C:\Users\Admin\STM32CubeIDE\workspace_1.18.1\rtos\Core\Inc\FreeRTOSConfig.h_save
2025-07-03 11:59:51,238 [INFO] CodeEngine:287 - Generated code: C:\Users\Admin\STM32CubeIDE\workspace_1.18.1\rtos\Core\Inc\FreeRTOSConfig.h
2025-07-03 11:59:51,243 [INFO] CodeEngine:263 - oldGeneratedFile, C:\Users\Admin\STM32CubeIDE\workspace_1.18.1\rtos\Core\Src\freertos.c_save
2025-07-03 11:59:51,295 [INFO] CodeEngine:287 - Generated code: C:\Users\Admin\STM32CubeIDE\workspace_1.18.1\rtos\Core\Src\freertos.c
2025-07-03 11:59:51,306 [INFO] CodeEngine:263 - oldGeneratedFile, C:\Users\Admin\STM32CubeIDE\workspace_1.18.1\rtos\Core\Src\stm32f4xx_it.c_save
2025-07-03 11:59:51,363 [INFO] CodeEngine:287 - Generated code: C:\Users\Admin\STM32CubeIDE\workspace_1.18.1\rtos\Core\Src\stm32f4xx_it.c
2025-07-03 11:59:51,369 [INFO] CodeEngine:263 - oldGeneratedFile, C:\Users\Admin\STM32CubeIDE\workspace_1.18.1\rtos\Core\Inc\stm32f4xx_it.h_save
2025-07-03 11:59:51,420 [INFO] CodeEngine:287 - Generated code: C:\Users\Admin\STM32CubeIDE\workspace_1.18.1\rtos\Core\Inc\stm32f4xx_it.h
2025-07-03 11:59:51,431 [INFO] CodeEngine:263 - oldGeneratedFile, C:\Users\Admin\STM32CubeIDE\workspace_1.18.1\rtos\Core\Src\stm32f4xx_hal_msp.c_save
2025-07-03 11:59:51,501 [INFO] CodeEngine:287 - Generated code: C:\Users\Admin\STM32CubeIDE\workspace_1.18.1\rtos\Core\Src\stm32f4xx_hal_msp.c
2025-07-03 11:59:51,504 [INFO] CodeEngine:263 - oldGeneratedFile, C:\Users\Admin\STM32CubeIDE\workspace_1.18.1\rtos\MXTmpFiles\system.tmp_save
2025-07-03 11:59:51,546 [INFO] CodeEngine:287 - Generated code: C:\Users\Admin\STM32CubeIDE\workspace_1.18.1\rtos\MXTmpFiles\system.tmp
2025-07-03 11:59:51,554 [INFO] CodeEngine:319 - oldGeneratedFile, C:\Users\Admin\STM32CubeIDE\workspace_1.18.1\rtos\Core\Inc\stm32f4xx_hal_conf.h_save
2025-07-03 11:59:51,613 [INFO] CodeEngine:343 - Generated code: C:\Users\Admin\STM32CubeIDE\workspace_1.18.1\rtos\Core\Inc\stm32f4xx_hal_conf.h
2025-07-03 11:59:51,637 [WARN] IPConfigManager:3790 - IP not found : TIM
2025-07-03 11:59:51,638 [WARN] CodeGenerator:4198 - IP not found : null
2025-07-03 11:59:51,645 [INFO] CodeEngine:263 - oldGeneratedFile, C:\Users\Admin\STM32CubeIDE\workspace_1.18.1\rtos\Core\Inc\main.h_save
2025-07-03 11:59:51,700 [INFO] CodeEngine:287 - Generated code: C:\Users\Admin\STM32CubeIDE\workspace_1.18.1\rtos\Core\Inc\main.h
2025-07-03 11:59:51,705 [INFO] CodeEngine:263 - oldGeneratedFile, C:\Users\Admin\STM32CubeIDE\workspace_1.18.1\rtos\Core\Src\main.c_save
2025-07-03 11:59:51,802 [INFO] CodeEngine:287 - Generated code: C:\Users\Admin\STM32CubeIDE\workspace_1.18.1\rtos\Core\Src\main.c
2025-07-03 11:59:52,125 [INFO] ProjectBuilder:3324 - Time for Copy HAL[1] : 165mS.
2025-07-03 11:59:52,129 [INFO] ProjectBuilder:4912 - Project Generator version: 4.6.0.1-B1
2025-07-03 11:59:52,198 [INFO] ConfigFileManager:1590 - The Die is : DIE413
2025-07-03 11:59:53,157 [INFO] ProjectBuilder:5191 - Time for Generating toolchain IDE Files: 1028mS.
2025-07-03 11:59:53,158 [INFO] ProjectBuilder:3181 - Time for Copy CMSIS : 1mS.
2025-07-03 11:59:53,164 [INFO] ProjectBuilder:3181 - Time for Copy CMSIS : 0mS.
2025-07-03 12:38:20,806 [ERROR] ConfigurationRetriever:142 - IOException on connection: Read timed out
2025-07-03 12:38:23,407 [ERROR] ConfigurationRetriever:142 - IOException on connection: Read timed out
