2025-08-01 11:22:54,609 [INFO] Activator:176 - 


2025-08-01 11:22:54,614 [INFO] Activator:177 - !SESSION log4j initialized
2025-08-01 11:23:00,304 [INFO] LogOutputStream:77 - [STDOUT_REDIRECT] 
2025-08-01 11:23:01,628 [INFO] ApplicationProperties:184 - Using Application install path: C:\ST\STM32CubeIDE_1.18.1\STM32CubeIDE\plugins\com.st.stm32cube.common.mx_6.14.1.202504091515
2025-08-01 11:23:01,648 [INFO] DbMcusXml:78 - Set database path to: C:\ST\STM32CubeIDE_1.18.1\STM32CubeIDE\plugins\com.st.stm32cube.common.mx_6.14.1.202504091515\\db\/mcu/
2025-08-01 11:23:01,648 [INFO] ApiDb:274 - Set plugin database path to: C:\ST\STM32CubeIDE_1.18.1\STM32CubeIDE\plugins\com.st.stm32cube.common.mx_6.14.1.202504091515\\db\/plugins/boardmanager/
2025-08-01 11:23:01,649 [WARN] ApiDb:259 - Overriding images path with different value:  => C:\ST\STM32CubeIDE_1.18.1\STM32CubeIDE\plugins\com.st.stm32cube.common.mx_6.14.1.202504091515\\db\/plugins/mcufinder/images/
2025-08-01 11:23:01,661 [INFO] ApiDb:250 - Set database path to: C:\Users\Admin\.stmcufinder\plugins\mcufinder//mcu/
2025-08-01 11:23:01,662 [INFO] DbMcusAds:125 - Set database path to: C:\Users\Admin\.stmcufinder\plugins\mcufinder//mcu/
2025-08-01 11:23:01,664 [INFO] CrossReferenceDbSqlite:203 - Set database path to: C:\Users\Admin\.stmcufinder\plugins\mcufinder//mcu/cs/
2025-08-01 11:23:01,769 [INFO] RulesReader:64 - Compatibility file has been processed (302 Rules)
2025-08-01 11:23:01,850 [INFO] DbMcusXml:78 - Set database path to: C:\ST\STM32CubeIDE_1.18.1\STM32CubeIDE\plugins\com.st.stm32cube.common.mx_6.14.1.202504091515\\db\/mcu/
2025-08-01 11:23:01,850 [INFO] ApiDb:274 - Set plugin database path to: C:\ST\STM32CubeIDE_1.18.1\STM32CubeIDE\plugins\com.st.stm32cube.common.mx_6.14.1.202504091515\\db\/plugins/boardmanager/
2025-08-01 11:23:01,850 [INFO] ApiDb:261 - Set plugin images path to: C:\ST\STM32CubeIDE_1.18.1\STM32CubeIDE\plugins\com.st.stm32cube.common.mx_6.14.1.202504091515\\db\/plugins/mcufinder/images/
2025-08-01 11:23:01,850 [WARN] DbFile:41 - Overriding database path with different value: C:\Users\Admin\.stmcufinder\plugins\mcufinder/ => C:\Users\Admin\.stmcufinder\plugins\mcufinder
2025-08-01 11:23:01,850 [INFO] ApiDb:250 - Set database path to: C:\Users\Admin\.stmcufinder\plugins\mcufinder//mcu/
2025-08-01 11:23:01,850 [WARN] DbFile:41 - Overriding database path with different value: C:\Users\Admin\.stmcufinder\plugins\mcufinder/ => C:\Users\Admin\.stmcufinder\plugins\mcufinder
2025-08-01 11:23:01,850 [INFO] DbMcusAds:125 - Set database path to: C:\Users\Admin\.stmcufinder\plugins\mcufinder//mcu/
2025-08-01 11:23:01,851 [WARN] DbFile:41 - Overriding database path with different value: C:\Users\Admin\.stmcufinder\plugins\mcufinder/ => C:\Users\Admin\.stmcufinder\plugins\mcufinder
2025-08-01 11:23:01,851 [WARN] DbFile:41 - Overriding database path with different value: C:\Users\Admin\.stmcufinder\plugins\mcufinder/ => C:\Users\Admin\.stmcufinder\plugins\mcufinder
2025-08-01 11:23:01,851 [INFO] CrossReferenceDbSqlite:203 - Set database path to: C:\Users\Admin\.stmcufinder\plugins\mcufinder//mcu/cs/
2025-08-01 11:23:01,925 [INFO] MainPanel:272 - HeapMemory: 268435456
2025-08-01 11:23:02,051 [INFO] DbMcusXml:78 - Set database path to: C:\ST\STM32CubeIDE_1.18.1\STM32CubeIDE\plugins\com.st.stm32cube.common.mx_6.14.1.202504091515\\db\/mcu/
2025-08-01 11:23:02,051 [INFO] ApiDb:274 - Set plugin database path to: C:\ST\STM32CubeIDE_1.18.1\STM32CubeIDE\plugins\com.st.stm32cube.common.mx_6.14.1.202504091515\\db\/plugins/boardmanager/
2025-08-01 11:23:02,051 [INFO] ApiDb:261 - Set plugin images path to: C:\ST\STM32CubeIDE_1.18.1\STM32CubeIDE\plugins\com.st.stm32cube.common.mx_6.14.1.202504091515\\db\/plugins/mcufinder/images/
2025-08-01 11:23:02,051 [WARN] DbFile:41 - Overriding database path with different value: C:\Users\Admin\.stmcufinder\plugins\mcufinder/ => C:\Users\Admin\.stmcufinder\plugins\mcufinder
2025-08-01 11:23:02,051 [INFO] ApiDb:250 - Set database path to: C:\Users\Admin\.stmcufinder\plugins\mcufinder//mcu/
2025-08-01 11:23:02,052 [WARN] DbFile:41 - Overriding database path with different value: C:\Users\Admin\.stmcufinder\plugins\mcufinder/ => C:\Users\Admin\.stmcufinder\plugins\mcufinder
2025-08-01 11:23:02,052 [INFO] DbMcusAds:125 - Set database path to: C:\Users\Admin\.stmcufinder\plugins\mcufinder//mcu/
2025-08-01 11:23:02,052 [WARN] DbFile:41 - Overriding database path with different value: C:\Users\Admin\.stmcufinder\plugins\mcufinder/ => C:\Users\Admin\.stmcufinder\plugins\mcufinder
2025-08-01 11:23:02,052 [WARN] DbFile:41 - Overriding database path with different value: C:\Users\Admin\.stmcufinder\plugins\mcufinder/ => C:\Users\Admin\.stmcufinder\plugins\mcufinder
2025-08-01 11:23:02,052 [INFO] CrossReferenceDbSqlite:203 - Set database path to: C:\Users\Admin\.stmcufinder\plugins\mcufinder//mcu/cs/
2025-08-01 11:23:02,077 [INFO] ApplicationProperties:184 - Using Application install path: C:\ST\STM32CubeIDE_1.18.1\STM32CubeIDE\plugins\com.st.stm32cube.common.mx_6.14.1.202504091515
2025-08-01 11:23:02,078 [INFO] PluginManage:196 - Search for loadable plugins [exclusion list=, ]
2025-08-01 11:23:02,080 [INFO] PluginManage:310 - Check plugin analytics
2025-08-01 11:23:02,280 [INFO] AnalyticsPlugin:253 - Accepted Software Licenses: 
2025-08-01 11:23:02,281 [INFO] AnalyticsPlugin:255 - Accepted CMSIS Pack Licenses: 
2025-08-01 11:23:02,281 [INFO] AnalyticsPlugin:257 - Accepted Firmware Licenses: FW.F4.1.28.0,FW.WB.1.22.0
2025-08-01 11:23:02,284 [INFO] PluginManage:359 - Loaded plugin analytics (category:tool,tabindex:-1)
2025-08-01 11:23:02,284 [INFO] PluginManage:310 - Check plugin cadmodel
2025-08-01 11:23:02,291 [INFO] CADModel:105 - Init CAD model plugin
2025-08-01 11:23:02,291 [INFO] PluginManage:359 - Loaded plugin cadmodel (category:power,tabindex:5)
2025-08-01 11:23:02,291 [INFO] PluginManage:310 - Check plugin clock
2025-08-01 11:23:02,302 [INFO] PluginManage:359 - Loaded plugin clock (category:base,tabindex:2)
2025-08-01 11:23:02,302 [INFO] PluginManage:310 - Check plugin ddr
2025-08-01 11:23:02,305 [INFO] PluginManage:359 - Loaded plugin ddr (category:tool,tabindex:6)
2025-08-01 11:23:02,305 [INFO] PluginManage:310 - Check plugin filemanager
2025-08-01 11:23:02,433 [INFO] PluginManage:359 - Loaded plugin filemanager (category:base,tabindex:10)
2025-08-01 11:23:02,433 [INFO] PluginManage:310 - Check plugin ipmanager
2025-08-01 11:23:02,439 [INFO] PluginManage:359 - Loaded plugin ipmanager (category:base,tabindex:5)
2025-08-01 11:23:02,439 [INFO] PluginManage:310 - Check plugin lpbam
2025-08-01 11:23:02,448 [INFO] PluginManage:359 - Loaded plugin lpbam (category:base,tabindex:0)
2025-08-01 11:23:02,448 [INFO] PluginManage:310 - Check plugin memorymap
2025-08-01 11:23:02,464 [INFO] PluginManage:359 - Loaded plugin memorymap (category:base,tabindex:4)
2025-08-01 11:23:02,464 [INFO] PluginManage:310 - Check plugin pinoutandconfiguration
2025-08-01 11:23:02,476 [INFO] PluginManage:359 - Loaded plugin pinoutandconfiguration (category:base,tabindex:1)
2025-08-01 11:23:02,476 [INFO] PluginManage:310 - Check plugin pinoutconfig
2025-08-01 11:23:02,568 [WARN] SupportedApi:132 - Cannot load RTOS API schema: s4s-elt-must-match.1: The content of 'definitions' must match (annotation?, (simpleType | complexType)?, (unique | key | keyref)*)). A problem was found starting at: attribute.
2025-08-01 11:23:02,701 [INFO] PluginManage:359 - Loaded plugin pinoutconfig (category:base,tabindex:0)
2025-08-01 11:23:02,702 [INFO] PluginManage:310 - Check plugin power
2025-08-01 11:23:02,714 [INFO] PluginManage:359 - Loaded plugin power (category:power,tabindex:4)
2025-08-01 11:23:02,715 [INFO] PluginManage:310 - Check plugin projectmanager
2025-08-01 11:23:02,730 [INFO] PluginManage:359 - Loaded plugin projectmanager (category:projectmanager,tabindex:4)
2025-08-01 11:23:02,730 [INFO] PluginManage:310 - Check plugin rif
2025-08-01 11:23:02,742 [INFO] PluginManage:359 - Loaded plugin rif (category:base,tabindex:3)
2025-08-01 11:23:02,743 [INFO] PluginManage:310 - Check plugin thirdparty
2025-08-01 11:23:02,886 [WARN] IntegrityCheckThread:84 - waiting for thirdparty lock release [integrity check]
2025-08-01 11:23:02,886 [INFO] PluginManage:359 - Loaded plugin thirdparty (category:base,tabindex:-1)
2025-08-01 11:23:02,886 [INFO] IntegrityCheckThread:86 - entering critical section [integrity check]
2025-08-01 11:23:02,886 [INFO] PluginManage:310 - Check plugin tools
2025-08-01 11:23:02,886 [INFO] ThirdPartyUpdaterWithRetryManager:70 - Updater plugin not ready yet. [1/15]
2025-08-01 11:23:02,890 [INFO] PluginManage:359 - Loaded plugin tools (category:base,tabindex:7)
2025-08-01 11:23:02,890 [INFO] PluginManage:310 - Check plugin tutovideos
2025-08-01 11:23:03,048 [INFO] PluginManage:359 - Loaded plugin tutovideos (category:base,tabindex:-1)
2025-08-01 11:23:03,048 [INFO] PluginManage:310 - Check plugin updater
2025-08-01 11:23:03,066 [INFO] PluginManage:359 - Loaded plugin updater (category:base,tabindex:12)
2025-08-01 11:23:03,067 [INFO] PluginManage:310 - Check plugin userauth
2025-08-01 11:23:03,070 [INFO] UserAuth:118 - Init User Auth plugin
2025-08-01 11:23:03,071 [INFO] PluginManage:359 - Loaded plugin userauth (category:base,tabindex:14)
2025-08-01 11:23:03,071 [INFO] PluginManage:283 - PluginManage : Loaded plugins [18]
2025-08-01 11:23:03,253 [INFO] PinOutPanel:1589 - setPackage(No Configuration,No Configuration)
2025-08-01 11:23:03,329 [INFO] CADModel:165 - CPN selected for project level
2025-08-01 11:23:03,329 [INFO] CADModel:114 - Register for checkConnection events
2025-08-01 11:23:03,347 [INFO] IPUIPlugin:80 - create IPUIPlugin
2025-08-01 11:23:03,347 [INFO] PluginManager:220 - loadIPPluginJar : add adc
2025-08-01 11:23:03,350 [INFO] IPUIPlugin:80 - create IPUIPlugin
2025-08-01 11:23:03,350 [INFO] PluginManager:220 - loadIPPluginJar : add aes
2025-08-01 11:23:03,353 [INFO] IPUIPlugin:80 - create IPUIPlugin
2025-08-01 11:23:03,353 [INFO] PluginManager:220 - loadIPPluginJar : add can
2025-08-01 11:23:03,355 [INFO] IPUIPlugin:80 - create IPUIPlugin
2025-08-01 11:23:03,355 [INFO] PluginManager:220 - loadIPPluginJar : add comp
2025-08-01 11:23:03,358 [INFO] IPUIPlugin:80 - create IPUIPlugin
2025-08-01 11:23:03,358 [INFO] PluginManager:220 - loadIPPluginJar : add cryp
2025-08-01 11:23:03,361 [INFO] IPUIPlugin:80 - create IPUIPlugin
2025-08-01 11:23:03,361 [INFO] PluginManager:220 - loadIPPluginJar : add ddr_ctrl_phy
2025-08-01 11:23:03,364 [INFO] IPUIPlugin:80 - create IPUIPlugin
2025-08-01 11:23:03,364 [INFO] PluginManager:220 - loadIPPluginJar : add dfsdm
2025-08-01 11:23:03,369 [INFO] IPUIPlugin:80 - create IPUIPlugin
2025-08-01 11:23:03,369 [INFO] PluginManager:220 - loadIPPluginJar : add dma
2025-08-01 11:23:03,372 [INFO] IPUIPlugin:80 - create IPUIPlugin
2025-08-01 11:23:03,372 [INFO] PluginManager:220 - loadIPPluginJar : add dma3
2025-08-01 11:23:03,375 [INFO] IPUIPlugin:80 - create IPUIPlugin
2025-08-01 11:23:03,376 [INFO] PluginManager:220 - loadIPPluginJar : add extmemmanager
2025-08-01 11:23:03,377 [INFO] IPUIPlugin:80 - create IPUIPlugin
2025-08-01 11:23:03,377 [INFO] PluginManager:220 - loadIPPluginJar : add fatfs
2025-08-01 11:23:03,390 [INFO] IPUIPlugin:80 - create IPUIPlugin
2025-08-01 11:23:03,390 [INFO] PluginManager:220 - loadIPPluginJar : add fmc
2025-08-01 11:23:03,425 [INFO] IPUIPlugin:80 - create IPUIPlugin
2025-08-01 11:23:03,425 [INFO] PluginManager:220 - loadIPPluginJar : add freertos
2025-08-01 11:23:03,427 [INFO] IPUIPlugin:80 - create IPUIPlugin
2025-08-01 11:23:03,427 [INFO] PluginManager:220 - loadIPPluginJar : add genericplugin
2025-08-01 11:23:03,430 [INFO] IPUIPlugin:80 - create IPUIPlugin
2025-08-01 11:23:03,430 [INFO] PluginManager:220 - loadIPPluginJar : add gfxmmu
2025-08-01 11:23:03,434 [INFO] IPUIPlugin:80 - create IPUIPlugin
2025-08-01 11:23:03,434 [INFO] PluginManager:220 - loadIPPluginJar : add gic
2025-08-01 11:23:03,439 [INFO] IPUIPlugin:80 - create IPUIPlugin
2025-08-01 11:23:03,439 [INFO] PluginManager:220 - loadIPPluginJar : add gpio
2025-08-01 11:23:03,444 [INFO] IPUIPlugin:80 - create IPUIPlugin
2025-08-01 11:23:03,444 [INFO] PluginManager:220 - loadIPPluginJar : add gtzc
2025-08-01 11:23:03,447 [INFO] IPUIPlugin:80 - create IPUIPlugin
2025-08-01 11:23:03,447 [INFO] PluginManager:220 - loadIPPluginJar : add hash
2025-08-01 11:23:03,451 [INFO] IPUIPlugin:80 - create IPUIPlugin
2025-08-01 11:23:03,451 [INFO] PluginManager:220 - loadIPPluginJar : add i2c
2025-08-01 11:23:03,454 [INFO] IPUIPlugin:80 - create IPUIPlugin
2025-08-01 11:23:03,454 [INFO] PluginManager:220 - loadIPPluginJar : add i2s
2025-08-01 11:23:03,457 [INFO] IPUIPlugin:80 - create IPUIPlugin
2025-08-01 11:23:03,457 [INFO] PluginManager:220 - loadIPPluginJar : add i3c
2025-08-01 11:23:03,461 [INFO] IPUIPlugin:80 - create IPUIPlugin
2025-08-01 11:23:03,461 [INFO] PluginManager:220 - loadIPPluginJar : add ipddr
2025-08-01 11:23:03,467 [INFO] IPUIPlugin:80 - create IPUIPlugin
2025-08-01 11:23:03,468 [INFO] PluginManager:220 - loadIPPluginJar : add linkedlist
2025-08-01 11:23:03,471 [INFO] IPUIPlugin:80 - create IPUIPlugin
2025-08-01 11:23:03,471 [INFO] PluginManager:220 - loadIPPluginJar : add lorawan
2025-08-01 11:23:03,473 [INFO] IPUIPlugin:80 - create IPUIPlugin
2025-08-01 11:23:03,473 [INFO] PluginManager:220 - loadIPPluginJar : add ltdc
2025-08-01 11:23:03,478 [INFO] IPUIPlugin:80 - create IPUIPlugin
2025-08-01 11:23:03,478 [INFO] PluginManager:220 - loadIPPluginJar : add mdma
2025-08-01 11:23:03,482 [INFO] IPUIPlugin:80 - create IPUIPlugin
2025-08-01 11:23:03,482 [INFO] PluginManager:220 - loadIPPluginJar : add nvic
2025-08-01 11:23:03,486 [INFO] IPUIPlugin:80 - create IPUIPlugin
2025-08-01 11:23:03,486 [INFO] PluginManager:220 - loadIPPluginJar : add opamp
2025-08-01 11:23:03,489 [INFO] IPUIPlugin:80 - create IPUIPlugin
2025-08-01 11:23:03,489 [INFO] PluginManager:220 - loadIPPluginJar : add openamp
2025-08-01 11:23:03,492 [INFO] IPUIPlugin:80 - create IPUIPlugin
2025-08-01 11:23:03,492 [INFO] PluginManager:220 - loadIPPluginJar : add pdm2pcm
2025-08-01 11:23:03,498 [INFO] IPUIPlugin:80 - create IPUIPlugin
2025-08-01 11:23:03,500 [INFO] PluginManager:220 - loadIPPluginJar : add plateformsettings
2025-08-01 11:23:03,502 [INFO] IPUIPlugin:80 - create IPUIPlugin
2025-08-01 11:23:03,502 [INFO] PluginManager:220 - loadIPPluginJar : add quadspi
2025-08-01 11:23:03,504 [INFO] IPUIPlugin:80 - create IPUIPlugin
2025-08-01 11:23:03,505 [INFO] PluginManager:220 - loadIPPluginJar : add radio
2025-08-01 11:23:03,509 [INFO] IPUIPlugin:80 - create IPUIPlugin
2025-08-01 11:23:03,509 [INFO] PluginManager:220 - loadIPPluginJar : add resmgrutility
2025-08-01 11:23:03,513 [INFO] IPUIPlugin:80 - create IPUIPlugin
2025-08-01 11:23:03,513 [INFO] PluginManager:220 - loadIPPluginJar : add sai
2025-08-01 11:23:03,517 [INFO] IPUIPlugin:80 - create IPUIPlugin
2025-08-01 11:23:03,517 [INFO] PluginManager:220 - loadIPPluginJar : add spi
2025-08-01 11:23:03,523 [INFO] IPUIPlugin:80 - create IPUIPlugin
2025-08-01 11:23:03,523 [INFO] PluginManager:220 - loadIPPluginJar : add stm32_wpan
2025-08-01 11:23:03,525 [INFO] IPUIPlugin:80 - create IPUIPlugin
2025-08-01 11:23:03,525 [INFO] PluginManager:220 - loadIPPluginJar : add tim
2025-08-01 11:23:03,529 [INFO] IPUIPlugin:80 - create IPUIPlugin
2025-08-01 11:23:03,529 [INFO] PluginManager:220 - loadIPPluginJar : add touchsensing
2025-08-01 11:23:03,531 [INFO] IPUIPlugin:80 - create IPUIPlugin
2025-08-01 11:23:03,531 [INFO] PluginManager:220 - loadIPPluginJar : add tracer_emb
2025-08-01 11:23:03,534 [INFO] IPUIPlugin:80 - create IPUIPlugin
2025-08-01 11:23:03,534 [INFO] PluginManager:220 - loadIPPluginJar : add ts
2025-08-01 11:23:03,536 [INFO] IPUIPlugin:80 - create IPUIPlugin
2025-08-01 11:23:03,536 [INFO] PluginManager:220 - loadIPPluginJar : add tsc
2025-08-01 11:23:03,538 [INFO] IPUIPlugin:80 - create IPUIPlugin
2025-08-01 11:23:03,539 [INFO] PluginManager:220 - loadIPPluginJar : add ucpd
2025-08-01 11:23:03,542 [INFO] IPUIPlugin:80 - create IPUIPlugin
2025-08-01 11:23:03,542 [INFO] PluginManager:220 - loadIPPluginJar : add usart
2025-08-01 11:23:03,545 [INFO] IPUIPlugin:80 - create IPUIPlugin
2025-08-01 11:23:03,546 [INFO] PluginManager:220 - loadIPPluginJar : add usbx
2025-08-01 11:23:03,668 [FATAL] Updater:351 - Updater called before beeing initialized
2025-08-01 11:23:03,714 [INFO] RulesReader:64 - Compatibility file has been processed (302 Rules)
2025-08-01 11:23:03,725 [INFO] RulesReader:64 - Compatibility file has been processed (302 Rules)
2025-08-01 11:23:03,733 [INFO] CADModel:165 - CPN selected for project level
2025-08-01 11:23:03,733 [INFO] CADModel:114 - Register for checkConnection events
2025-08-01 11:23:03,733 [FATAL] Updater:351 - Updater called before beeing initialized
2025-08-01 11:23:03,733 [ERROR] CADModel:125 - Updater not yet initialized, retry later 
2025-08-01 11:23:03,878 [FATAL] Updater:351 - Updater called before beeing initialized
2025-08-01 11:23:03,880 [INFO] CADModel:165 - CPN selected for project level
2025-08-01 11:23:03,880 [INFO] CADModel:114 - Register for checkConnection events
2025-08-01 11:23:03,880 [FATAL] Updater:351 - Updater called before beeing initialized
2025-08-01 11:23:03,880 [ERROR] CADModel:125 - Updater not yet initialized, retry later 
2025-08-01 11:23:03,884 [FATAL] Updater:351 - Updater called before beeing initialized
2025-08-01 11:23:03,990 [FATAL] Updater:351 - Updater called before beeing initialized
2025-08-01 11:23:03,995 [INFO] DbMcusAds:53 - JSON generation date=Tue Jul 08 13:44:23 IST 2025 (1751962463593)
2025-08-01 11:23:03,995 [FATAL] Updater:351 - Updater called before beeing initialized
2025-08-01 11:23:04,034 [WARN] DetailPanel:346 - Failed to get advertising image, set to default
2025-08-01 11:23:04,259 [FATAL] Updater:351 - Updater called before beeing initialized
2025-08-01 11:23:04,261 [FATAL] Updater:351 - Updater called before beeing initialized
2025-08-01 11:23:04,261 [FATAL] Updater:351 - Updater called before beeing initialized
2025-08-01 11:23:04,261 [WARN] DetailPanel:346 - Failed to get advertising image, set to default
2025-08-01 11:23:04,262 [FATAL] Updater:351 - Updater called before beeing initialized
2025-08-01 11:23:04,304 [ERROR] Updater:1198 - MainUpdater not yet initialized. External WinMGr cannot be set.
2025-08-01 11:23:04,305 [INFO] Updater:1134 - Updater Version found : 6.14.1
2025-08-01 11:23:04,323 [INFO] ApplicationProperties:184 - Using Application install path: C:\ST\STM32CubeIDE_1.18.1\STM32CubeIDE\plugins\com.st.stm32cube.common.mx_6.14.1.202504091515
2025-08-01 11:23:05,887 [INFO] ThirdPartyUpdaterWithRetryManager:70 - Updater plugin not ready yet. [2/15]
2025-08-01 11:23:05,896 [ERROR] LogOutputStream:75 - [STDERR_REDIRECT] Aug 01, 2025 11:23:05 AM java.util.prefs.WindowsPreferences <init>
2025-08-01 11:23:05,897 [ERROR] LogOutputStream:75 - [STDERR_REDIRECT] WARNING: Could not open/create prefs root node Software\JavaSoft\Prefs at root 0xffffffff80000002. Windows RegCreateKeyEx(...) returned error code 5.
2025-08-01 11:23:05,897 [ERROR] LogOutputStream:75 - [STDERR_REDIRECT] 
2025-08-01 11:23:06,138 [INFO] MainUpdater:2872 - connection check result : 10
2025-08-01 11:23:06,138 [INFO] MainUpdater:289 - Updater Check For Update Now.
2025-08-01 11:23:06,138 [INFO] MicroXplorer:498 - Change Database Version : DB.6.0.141
2025-08-01 11:23:06,145 [INFO] McuFinderGlobals:63 - Set McuFinder mode to 2 (CubeIDE integrated)
2025-08-01 11:23:06,147 [INFO] UserAuth:484 - Internet connection configuration mode: 1
2025-08-01 11:23:06,177 [INFO] JxBrowserEngine:152 - Initiate JxBrowser Engine with user profile folder
2025-08-01 11:23:06,326 [INFO] CheckServerUpdateThread:120 - End of CheckServer Thread
2025-08-01 11:23:07,753 [INFO] WebApp:169 - Instantiating new browser for Auth
2025-08-01 11:23:08,578 [INFO] WebApp:463 - Apply proxy settings
2025-08-01 11:23:08,579 [INFO] WebApp:548 - Chromium requires no authentication
2025-08-01 11:23:08,607 [INFO] WebApp:491 - Direct internet connection detected
2025-08-01 11:23:08,649 [INFO] WebApp:894 - Register for checkConnection events
2025-08-01 11:23:08,649 [INFO] WebApp:463 - Apply proxy settings
2025-08-01 11:23:08,649 [INFO] WebApp:548 - Chromium requires no authentication
2025-08-01 11:23:08,649 [INFO] WebApp:491 - Direct internet connection detected
2025-08-01 11:23:08,839 [INFO] WebApp:225 - Starting web application
2025-08-01 11:23:08,840 [INFO] WebApp:593 - Web application path used C:\ST\STM32CubeIDE_1.18.1\STM32CubeIDE\plugins\com.st.stm32cube.common.mx_6.14.1.202504091515\db\plugins\mcufinder\reactClient1\index.html
2025-08-01 11:23:09,015 [INFO] UserAuth:484 - Internet connection configuration mode: 1
2025-08-01 11:23:09,184 [WARN] PackLoader:240 - Cannot read IP mode file for STMicroelectronics.FP-SNS-MOTENVWB1.1.4.0
2025-08-01 11:23:09,198 [WARN] PackLoader:240 - Cannot read IP mode file for STMicroelectronics.X-CUBE-SMBUS.2.1.0
2025-08-01 11:23:09,205 [WARN] PackLoader:240 - Cannot read IP mode file for STMicroelectronics.X-CUBE-ST60.1.0.0
2025-08-01 11:23:09,242 [WARN] PackLoader:240 - Cannot read IP mode file for STMicroelectronics.X-CUBE-AZRTOS-F7.1.1.0
2025-08-01 11:23:09,281 [WARN] PackLoader:240 - Cannot read IP mode file for Infineon.AIROC-Wi-Fi-Bluetooth-STM32.1.7.0
2025-08-01 11:23:09,314 [WARN] PackLoader:240 - Cannot read IP mode file for STMicroelectronics.X-CUBE-AZRTOS-H7.3.4.0
2025-08-01 11:23:09,323 [WARN] PackLoader:240 - Cannot read IP mode file for STMicroelectronics.X-CUBE-DISPLAY.3.0.0
2025-08-01 11:23:09,348 [WARN] PackLoader:240 - Cannot read IP mode file for STMicroelectronics.X-CUBE-NFC10.1.0.0
2025-08-01 11:23:09,367 [WARN] PackLoader:240 - Cannot read IP mode file for STMicroelectronics.X-CUBE-BLEMGR.4.0.0
2025-08-01 11:23:09,381 [WARN] PackLoader:240 - Cannot read IP mode file for emotas.I-CUBE-CANOPEN.1.3.0
2025-08-01 11:23:09,386 [WARN] ConditionMgr:438 - getConditionDescription Invalid condition id : Cortex-A Device cause : null
2025-08-01 11:23:09,401 [WARN] ConditionMgr:1044 - genDependencies : Invalid condition id : Cortex-A Device cause : null
2025-08-01 11:23:09,402 [WARN] ConditionMgr:1044 - genDependencies : Invalid condition id : Cortex-A Device cause : null
2025-08-01 11:23:09,402 [WARN] ConditionMgr:1044 - genDependencies : Invalid condition id : Cortex-A Device cause : null
2025-08-01 11:23:09,407 [WARN] PackLoader:240 - Cannot read IP mode file for STMicroelectronics.X-CUBE-AI.10.0.0
2025-08-01 11:23:09,412 [WARN] PackLoader:240 - Cannot read IP mode file for STMicroelectronics.FP-SNS-SMARTAG2.1.2.0
2025-08-01 11:23:09,426 [INFO] LogOutputStream:77 - [STDOUT_REDIRECT] 1 : Invalid condition id : UX_CORESTACK_Condition cause : null
2025-08-01 11:23:09,427 [INFO] LogOutputStream:77 - [STDOUT_REDIRECT] 1 : Invalid condition id : UX_CORESTACK_Condition cause : null
2025-08-01 11:23:09,448 [INFO] LogOutputStream:77 - [STDOUT_REDIRECT] 1 : Invalid condition id : UX_CORESTACK_Condition cause : null
2025-08-01 11:23:09,450 [INFO] LogOutputStream:77 - [STDOUT_REDIRECT] 1 : Invalid condition id : UX_CORESTACK_Condition cause : null
2025-08-01 11:23:09,451 [INFO] LogOutputStream:77 - [STDOUT_REDIRECT] 1 : Invalid condition id : UX_CORESTACK_Condition cause : null
2025-08-01 11:23:09,455 [WARN] PackLoader:240 - Cannot read IP mode file for STMicroelectronics.X-CUBE-AZRTOS-WL.2.0.0
2025-08-01 11:23:09,463 [WARN] PackLoader:240 - Cannot read IP mode file for STMicroelectronics.FP-SNS-MOTENV1.5.0.0
2025-08-01 11:23:09,472 [WARN] PackLoader:240 - Cannot read IP mode file for WES.I-CUBE-Cesium.1.3.0
2025-08-01 11:23:09,490 [WARN] PackLoader:240 - Cannot read IP mode file for STMicroelectronics.X-CUBE-BLE2.3.3.0
2025-08-01 11:23:09,498 [WARN] PackLoader:240 - Cannot read IP mode file for STMicroelectronics.X-CUBE-NFC9.1.0.0
2025-08-01 11:23:09,505 [WARN] PackLoader:240 - Cannot read IP mode file for wolfSSL.I-CUBE-wolfSSL.5.8.0
2025-08-01 11:23:09,510 [WARN] PackLoader:240 - Cannot read IP mode file for wolfSSL.I-CUBE-wolfMQTT.1.19.2
2025-08-01 11:23:09,516 [WARN] PackLoader:240 - Cannot read IP mode file for STMicroelectronics.X-CUBE-EEPRMA1.5.2.0
2025-08-01 11:23:09,521 [WARN] PackLoader:240 - Cannot read IP mode file for STMicroelectronics.X-CUBE-AI.10.1.0
2025-08-01 11:23:09,559 [WARN] PackLoader:240 - Cannot read IP mode file for STMicroelectronics.X-CUBE-MEMS1.11.2.0
2025-08-01 11:23:09,700 [WARN] PackLoader:240 - Cannot read IP mode file for STMicroelectronics.X-CUBE-AZRTOS-G0.1.1.0
2025-08-01 11:23:09,706 [WARN] PackLoader:240 - Cannot read IP mode file for STMicroelectronics.X-CUBE-SAFEA1.1.2.2
2025-08-01 11:23:09,711 [WARN] PackLoader:240 - Cannot read IP mode file for STMicroelectronics.X-CUBE-NFC4.3.0.0
2025-08-01 11:23:09,718 [WARN] PackLoader:240 - Cannot read IP mode file for EmbeddedOffice.I-CUBE-FS-RTOS.1.0.1
2025-08-01 11:23:09,723 [WARN] PackLoader:240 - Cannot read IP mode file for STMicroelectronics.X-CUBE-WB05N.2.0.0
2025-08-01 11:23:09,727 [WARN] PackLoader:240 - Cannot read IP mode file for wolfSSL.I-CUBE-wolfTPM.3.8.0
2025-08-01 11:23:09,732 [WARN] PackLoader:240 - Cannot read IP mode file for STMicroelectronics.X-CUBE-TCPP.4.2.0
2025-08-01 11:23:09,738 [WARN] PackLoader:240 - Cannot read IP mode file for RealThread.X-CUBE-RT-Thread_Nano.4.1.1
2025-08-01 11:23:09,743 [WARN] PackLoader:240 - Cannot read IP mode file for STMicroelectronics.FP-ATR-SIGFOX1.3.2.0
2025-08-01 11:23:09,747 [WARN] PackLoader:240 - Cannot read IP mode file for STMicroelectronics.X-CUBE-EEPRMA1.5.1.0
2025-08-01 11:23:09,753 [WARN] PackLoader:240 - Cannot read IP mode file for ITTIA_DB.I-CUBE-ITTIADB.8.9.0
2025-08-01 11:23:09,758 [WARN] PackLoader:240 - Cannot read IP mode file for STMicroelectronics.X-CUBE-ST67W61.1.0.0
2025-08-01 11:23:09,781 [WARN] PackLoader:240 - Cannot read IP mode file for SEGGER.I-CUBE-embOS.1.3.1
2025-08-01 11:23:09,820 [WARN] PackLoader:240 - Cannot read IP mode file for STMicroelectronics.X-CUBE-ALGOBUILD.1.4.0
2025-08-01 11:23:09,856 [WARN] PackLoader:240 - Cannot read IP mode file for STMicroelectronics.X-CUBE-MEMS1.11.3.0
2025-08-01 11:23:09,942 [WARN] PackLoader:240 - Cannot read IP mode file for STMicroelectronics.X-CUBE-PM33A1.1.0.0
2025-08-01 11:23:09,962 [WARN] PackLoader:240 - Cannot read IP mode file for STMicroelectronics.X-CUBE-AZRTOS-F4.1.1.0
2025-08-01 11:23:09,968 [WARN] PackLoader:240 - Cannot read IP mode file for STMicroelectronics.X-CUBE-ISPU.2.1.0
2025-08-01 11:23:09,976 [WARN] PackLoader:240 - Cannot read IP mode file for STMicroelectronics.X-CUBE-NFC12.1.0.0
2025-08-01 11:23:09,991 [WARN] PackLoader:240 - Cannot read IP mode file for STMicroelectronics.X-CUBE-AZRTOS-L5.2.0.0
2025-08-01 11:23:09,999 [WARN] PackLoader:240 - Cannot read IP mode file for STMicroelectronics.X-CUBE-NFC6.3.1.0
2025-08-01 11:23:10,005 [WARN] PackLoader:240 - Cannot read IP mode file for STMicroelectronics.FP-SNS-STAIOTCFT.1.0.0
2025-08-01 11:23:10,043 [WARN] ConditionMgr:438 - getConditionDescription Invalid condition id : LAN8742 Phy interface Condition cause : null
2025-08-01 11:23:10,045 [WARN] PackLoader:240 - Cannot read IP mode file for STMicroelectronics.X-CUBE-AZRTOS-L4.2.0.0
2025-08-01 11:23:10,046 [WARN] ConditionMgr:1044 - genDependencies : Invalid condition id : LAN8742 Phy interface Condition cause : null
2025-08-01 11:23:10,046 [WARN] ConditionMgr:1044 - genDependencies : Invalid condition id : LAN8742 Phy interface Condition cause : null
2025-08-01 11:23:10,047 [WARN] ConditionMgr:1044 - genDependencies : Invalid condition id : LAN8742 Phy interface Condition cause : null
2025-08-01 11:23:10,057 [WARN] PackLoader:240 - Cannot read IP mode file for STMicroelectronics.X-CUBE-SFXS2LP1.4.0.0
2025-08-01 11:23:10,087 [WARN] PackLoader:240 - Cannot read IP mode file for STMicroelectronics.X-CUBE-AZRTOS-H7.3.3.0
2025-08-01 11:23:10,106 [WARN] PackLoader:240 - Cannot read IP mode file for STMicroelectronics.X-CUBE-BLEMGR.4.1.0
2025-08-01 11:23:10,127 [WARN] ConditionMgr:438 - getConditionDescription Invalid condition id : UX DEVICE CLASS RTOS Condition cause : null
2025-08-01 11:23:10,127 [WARN] ConditionMgr:438 - getConditionDescription Invalid condition id : UX DEVICE CLASS RTOS Condition cause : null
2025-08-01 11:23:10,134 [WARN] PackLoader:240 - Cannot read IP mode file for STMicroelectronics.X-CUBE-AZRTOS-WB.2.0.0
2025-08-01 11:23:10,135 [WARN] ConditionMgr:1044 - genDependencies : Invalid condition id : UX DEVICE CLASS RTOS Condition cause : null
2025-08-01 11:23:10,135 [WARN] ConditionMgr:1044 - genDependencies : Invalid condition id : UX DEVICE CLASS RTOS Condition cause : null
2025-08-01 11:23:10,135 [WARN] ConditionMgr:1044 - genDependencies : Invalid condition id : UX DEVICE CLASS RTOS Condition cause : null
2025-08-01 11:23:10,136 [WARN] ConditionMgr:1044 - genDependencies : Invalid condition id : UX DEVICE CLASS RTOS Condition cause : null
2025-08-01 11:23:10,136 [WARN] ConditionMgr:1044 - genDependencies : Invalid condition id : UX DEVICE CLASS RTOS Condition cause : null
2025-08-01 11:23:10,141 [WARN] PackLoader:240 - Cannot read IP mode file for STMicroelectronics.X-CUBE-GNSS1.7.0.1
2025-08-01 11:23:10,149 [WARN] PackLoader:240 - Cannot read IP mode file for STMicroelectronics.FP-SNS-STBOX1.2.0.0
2025-08-01 11:23:10,162 [WARN] PackLoader:240 - Cannot read IP mode file for STMicroelectronics.X-CUBE-SUBG2.5.0.0
2025-08-01 11:23:10,185 [WARN] PackLoader:240 - Cannot read IP mode file for STMicroelectronics.X-CUBE-AZRTOS-H7RS.1.1.0
2025-08-01 11:23:10,191 [WARN] PackLoader:240 - Cannot read IP mode file for Cesanta.I-CUBE-Mongoose.7.13.0
2025-08-01 11:23:10,193 [INFO] WebApp:191 - Connection restablished
2025-08-01 11:23:10,204 [WARN] PackLoader:240 - Cannot read IP mode file for STMicroelectronics.X-CUBE-AZRTOS-G4.2.0.0
2025-08-01 11:23:10,210 [WARN] PackLoader:240 - Cannot read IP mode file for wolfSSL.I-CUBE-wolfSSH.1.4.20
2025-08-01 11:23:10,222 [WARN] PackLoader:240 - Cannot read IP mode file for STMicroelectronics.X-CUBE-IPS.3.1.0
2025-08-01 11:23:10,231 [WARN] PackLoader:240 - Cannot read IP mode file for STMicroelectronics.X-CUBE-ALS.1.0.2
2025-08-01 11:23:10,237 [WARN] PackLoader:240 - Cannot read IP mode file for portGmbH.I-Cube-SoM-uGOAL.1.1.0
2025-08-01 11:23:10,238 [INFO] ThirdParty:978 - Integrity check success = true
2025-08-01 11:23:10,239 [INFO] IntegrityCheckThread:100 - exiting critical section [integrity check]
2025-08-01 11:23:10,239 [INFO] IntegrityCheckThread:103 - End integrity checks thread
2025-08-01 11:48:42,242 [INFO] WebApp:194 - Connection lost
2025-08-01 11:48:42,731 [INFO] WebApp:191 - Connection restablished
2025-08-01 11:48:44,372 [INFO] WebApp:194 - Connection lost
2025-08-01 11:48:44,776 [INFO] WebApp:191 - Connection restablished
2025-08-01 12:45:29,559 [INFO] WebApp:194 - Connection lost
2025-08-01 12:48:27,394 [INFO] WebApp:191 - Connection restablished
2025-08-01 15:01:01,963 [INFO] WebApp:194 - Connection lost
2025-08-01 15:01:06,033 [INFO] WebApp:191 - Connection restablished
2025-08-01 15:01:08,610 [INFO] WebApp:194 - Connection lost
2025-08-01 15:01:08,788 [INFO] WebApp:191 - Connection restablished
2025-08-01 15:01:11,623 [INFO] WebApp:194 - Connection lost
2025-08-01 15:01:11,782 [INFO] WebApp:191 - Connection restablished
2025-08-01 16:22:38,908 [INFO] WebApp:194 - Connection lost
2025-08-01 16:22:42,698 [INFO] WebApp:191 - Connection restablished
2025-08-01 16:22:45,182 [INFO] WebApp:194 - Connection lost
2025-08-01 16:22:45,355 [INFO] WebApp:191 - Connection restablished
2025-08-01 16:22:48,210 [INFO] WebApp:194 - Connection lost
2025-08-01 16:22:48,366 [INFO] WebApp:191 - Connection restablished
