2025-06-20 11:52:20,068 [INFO] Activator:176 - 


2025-06-20 11:52:20,068 [INFO] Activator:177 - !SESSION log4j initialized
2025-06-20 11:52:25,359 [INFO] LogOutputStream:77 - [STDOUT_REDIRECT] 
2025-06-20 11:52:26,616 [INFO] ApplicationProperties:184 - Using Application install path: C:\ST\STM32CubeIDE_1.18.1\STM32CubeIDE\plugins\com.st.stm32cube.common.mx_6.14.1.202504091515
2025-06-20 11:52:26,632 [INFO] DbMcusXml:78 - Set database path to: C:\ST\STM32CubeIDE_1.18.1\STM32CubeIDE\plugins\com.st.stm32cube.common.mx_6.14.1.202504091515\\db\/mcu/
2025-06-20 11:52:26,633 [INFO] ApiDb:274 - Set plugin database path to: C:\ST\STM32CubeIDE_1.18.1\STM32CubeIDE\plugins\com.st.stm32cube.common.mx_6.14.1.202504091515\\db\/plugins/boardmanager/
2025-06-20 11:52:26,633 [WARN] ApiDb:259 - Overriding images path with different value:  => C:\ST\STM32CubeIDE_1.18.1\STM32CubeIDE\plugins\com.st.stm32cube.common.mx_6.14.1.202504091515\\db\/plugins/mcufinder/images/
2025-06-20 11:52:26,640 [INFO] ApiDb:250 - Set database path to: C:\Users\Admin\.stmcufinder\plugins\mcufinder//mcu/
2025-06-20 11:52:26,641 [INFO] DbMcusAds:125 - Set database path to: C:\Users\Admin\.stmcufinder\plugins\mcufinder//mcu/
2025-06-20 11:52:26,643 [INFO] CrossReferenceDbSqlite:203 - Set database path to: C:\Users\Admin\.stmcufinder\plugins\mcufinder//mcu/cs/
2025-06-20 11:52:26,744 [INFO] RulesReader:64 - Compatibility file has been processed (302 Rules)
2025-06-20 11:52:26,821 [INFO] DbMcusXml:78 - Set database path to: C:\ST\STM32CubeIDE_1.18.1\STM32CubeIDE\plugins\com.st.stm32cube.common.mx_6.14.1.202504091515\\db\/mcu/
2025-06-20 11:52:26,821 [INFO] ApiDb:274 - Set plugin database path to: C:\ST\STM32CubeIDE_1.18.1\STM32CubeIDE\plugins\com.st.stm32cube.common.mx_6.14.1.202504091515\\db\/plugins/boardmanager/
2025-06-20 11:52:26,821 [INFO] ApiDb:261 - Set plugin images path to: C:\ST\STM32CubeIDE_1.18.1\STM32CubeIDE\plugins\com.st.stm32cube.common.mx_6.14.1.202504091515\\db\/plugins/mcufinder/images/
2025-06-20 11:52:26,822 [WARN] DbFile:41 - Overriding database path with different value: C:\Users\Admin\.stmcufinder\plugins\mcufinder/ => C:\Users\Admin\.stmcufinder\plugins\mcufinder
2025-06-20 11:52:26,822 [INFO] ApiDb:250 - Set database path to: C:\Users\Admin\.stmcufinder\plugins\mcufinder//mcu/
2025-06-20 11:52:26,822 [WARN] DbFile:41 - Overriding database path with different value: C:\Users\Admin\.stmcufinder\plugins\mcufinder/ => C:\Users\Admin\.stmcufinder\plugins\mcufinder
2025-06-20 11:52:26,822 [INFO] DbMcusAds:125 - Set database path to: C:\Users\Admin\.stmcufinder\plugins\mcufinder//mcu/
2025-06-20 11:52:26,822 [WARN] DbFile:41 - Overriding database path with different value: C:\Users\Admin\.stmcufinder\plugins\mcufinder/ => C:\Users\Admin\.stmcufinder\plugins\mcufinder
2025-06-20 11:52:26,822 [WARN] DbFile:41 - Overriding database path with different value: C:\Users\Admin\.stmcufinder\plugins\mcufinder/ => C:\Users\Admin\.stmcufinder\plugins\mcufinder
2025-06-20 11:52:26,822 [INFO] CrossReferenceDbSqlite:203 - Set database path to: C:\Users\Admin\.stmcufinder\plugins\mcufinder//mcu/cs/
2025-06-20 11:52:26,894 [INFO] MainPanel:272 - HeapMemory: 268435456
2025-06-20 11:52:27,000 [INFO] DbMcusXml:78 - Set database path to: C:\ST\STM32CubeIDE_1.18.1\STM32CubeIDE\plugins\com.st.stm32cube.common.mx_6.14.1.202504091515\\db\/mcu/
2025-06-20 11:52:27,000 [INFO] ApiDb:274 - Set plugin database path to: C:\ST\STM32CubeIDE_1.18.1\STM32CubeIDE\plugins\com.st.stm32cube.common.mx_6.14.1.202504091515\\db\/plugins/boardmanager/
2025-06-20 11:52:27,000 [INFO] ApiDb:261 - Set plugin images path to: C:\ST\STM32CubeIDE_1.18.1\STM32CubeIDE\plugins\com.st.stm32cube.common.mx_6.14.1.202504091515\\db\/plugins/mcufinder/images/
2025-06-20 11:52:27,000 [WARN] DbFile:41 - Overriding database path with different value: C:\Users\Admin\.stmcufinder\plugins\mcufinder/ => C:\Users\Admin\.stmcufinder\plugins\mcufinder
2025-06-20 11:52:27,000 [INFO] ApiDb:250 - Set database path to: C:\Users\Admin\.stmcufinder\plugins\mcufinder//mcu/
2025-06-20 11:52:27,000 [WARN] DbFile:41 - Overriding database path with different value: C:\Users\Admin\.stmcufinder\plugins\mcufinder/ => C:\Users\Admin\.stmcufinder\plugins\mcufinder
2025-06-20 11:52:27,001 [INFO] DbMcusAds:125 - Set database path to: C:\Users\Admin\.stmcufinder\plugins\mcufinder//mcu/
2025-06-20 11:52:27,001 [WARN] DbFile:41 - Overriding database path with different value: C:\Users\Admin\.stmcufinder\plugins\mcufinder/ => C:\Users\Admin\.stmcufinder\plugins\mcufinder
2025-06-20 11:52:27,001 [WARN] DbFile:41 - Overriding database path with different value: C:\Users\Admin\.stmcufinder\plugins\mcufinder/ => C:\Users\Admin\.stmcufinder\plugins\mcufinder
2025-06-20 11:52:27,001 [INFO] CrossReferenceDbSqlite:203 - Set database path to: C:\Users\Admin\.stmcufinder\plugins\mcufinder//mcu/cs/
2025-06-20 11:52:27,019 [INFO] ApplicationProperties:184 - Using Application install path: C:\ST\STM32CubeIDE_1.18.1\STM32CubeIDE\plugins\com.st.stm32cube.common.mx_6.14.1.202504091515
2025-06-20 11:52:27,020 [INFO] PluginManage:196 - Search for loadable plugins [exclusion list=, ]
2025-06-20 11:52:27,021 [INFO] PluginManage:310 - Check plugin analytics
2025-06-20 11:52:27,193 [INFO] AnalyticsPlugin:253 - Accepted Software Licenses: 
2025-06-20 11:52:27,193 [INFO] AnalyticsPlugin:255 - Accepted CMSIS Pack Licenses: 
2025-06-20 11:52:27,194 [INFO] AnalyticsPlugin:257 - Accepted Firmware Licenses: FW.F4.1.28.0,FW.WB.1.22.0
2025-06-20 11:52:27,196 [INFO] PluginManage:359 - Loaded plugin analytics (category:tool,tabindex:-1)
2025-06-20 11:52:27,197 [INFO] PluginManage:310 - Check plugin cadmodel
2025-06-20 11:52:27,204 [INFO] CADModel:105 - Init CAD model plugin
2025-06-20 11:52:27,204 [INFO] PluginManage:359 - Loaded plugin cadmodel (category:power,tabindex:5)
2025-06-20 11:52:27,204 [INFO] PluginManage:310 - Check plugin clock
2025-06-20 11:52:27,214 [INFO] PluginManage:359 - Loaded plugin clock (category:base,tabindex:2)
2025-06-20 11:52:27,215 [INFO] PluginManage:310 - Check plugin ddr
2025-06-20 11:52:27,217 [INFO] PluginManage:359 - Loaded plugin ddr (category:tool,tabindex:6)
2025-06-20 11:52:27,217 [INFO] PluginManage:310 - Check plugin filemanager
2025-06-20 11:52:27,359 [INFO] PluginManage:359 - Loaded plugin filemanager (category:base,tabindex:10)
2025-06-20 11:52:27,359 [INFO] PluginManage:310 - Check plugin ipmanager
2025-06-20 11:52:27,364 [INFO] PluginManage:359 - Loaded plugin ipmanager (category:base,tabindex:5)
2025-06-20 11:52:27,364 [INFO] PluginManage:310 - Check plugin lpbam
2025-06-20 11:52:27,372 [INFO] PluginManage:359 - Loaded plugin lpbam (category:base,tabindex:0)
2025-06-20 11:52:27,373 [INFO] PluginManage:310 - Check plugin memorymap
2025-06-20 11:52:27,390 [INFO] PluginManage:359 - Loaded plugin memorymap (category:base,tabindex:4)
2025-06-20 11:52:27,390 [INFO] PluginManage:310 - Check plugin pinoutandconfiguration
2025-06-20 11:52:27,402 [INFO] PluginManage:359 - Loaded plugin pinoutandconfiguration (category:base,tabindex:1)
2025-06-20 11:52:27,402 [INFO] PluginManage:310 - Check plugin pinoutconfig
2025-06-20 11:52:27,494 [WARN] SupportedApi:132 - Cannot load RTOS API schema: s4s-elt-must-match.1: The content of 'definitions' must match (annotation?, (simpleType | complexType)?, (unique | key | keyref)*)). A problem was found starting at: attribute.
2025-06-20 11:52:27,624 [INFO] PluginManage:359 - Loaded plugin pinoutconfig (category:base,tabindex:0)
2025-06-20 11:52:27,624 [INFO] PluginManage:310 - Check plugin power
2025-06-20 11:52:27,638 [INFO] PluginManage:359 - Loaded plugin power (category:power,tabindex:4)
2025-06-20 11:52:27,639 [INFO] PluginManage:310 - Check plugin projectmanager
2025-06-20 11:52:27,653 [INFO] PluginManage:359 - Loaded plugin projectmanager (category:projectmanager,tabindex:4)
2025-06-20 11:52:27,653 [INFO] PluginManage:310 - Check plugin rif
2025-06-20 11:52:27,661 [INFO] PluginManage:359 - Loaded plugin rif (category:base,tabindex:3)
2025-06-20 11:52:27,661 [INFO] PluginManage:310 - Check plugin thirdparty
2025-06-20 11:52:27,793 [INFO] PluginManage:359 - Loaded plugin thirdparty (category:base,tabindex:-1)
2025-06-20 11:52:27,793 [WARN] IntegrityCheckThread:84 - waiting for thirdparty lock release [integrity check]
2025-06-20 11:52:27,793 [INFO] IntegrityCheckThread:86 - entering critical section [integrity check]
2025-06-20 11:52:27,793 [INFO] PluginManage:310 - Check plugin tools
2025-06-20 11:52:27,793 [INFO] ThirdPartyUpdaterWithRetryManager:70 - Updater plugin not ready yet. [1/15]
2025-06-20 11:52:27,797 [INFO] PluginManage:359 - Loaded plugin tools (category:base,tabindex:7)
2025-06-20 11:52:27,797 [INFO] PluginManage:310 - Check plugin tutovideos
2025-06-20 11:52:27,947 [INFO] PluginManage:359 - Loaded plugin tutovideos (category:base,tabindex:-1)
2025-06-20 11:52:27,947 [INFO] PluginManage:310 - Check plugin updater
2025-06-20 11:52:27,967 [INFO] PluginManage:359 - Loaded plugin updater (category:base,tabindex:12)
2025-06-20 11:52:27,967 [INFO] PluginManage:310 - Check plugin userauth
2025-06-20 11:52:27,971 [INFO] UserAuth:118 - Init User Auth plugin
2025-06-20 11:52:27,972 [INFO] PluginManage:359 - Loaded plugin userauth (category:base,tabindex:14)
2025-06-20 11:52:27,973 [INFO] PluginManage:283 - PluginManage : Loaded plugins [18]
2025-06-20 11:52:28,166 [INFO] PinOutPanel:1589 - setPackage(No Configuration,No Configuration)
2025-06-20 11:52:28,245 [INFO] CADModel:165 - CPN selected for project level
2025-06-20 11:52:28,245 [INFO] CADModel:114 - Register for checkConnection events
2025-06-20 11:52:28,262 [INFO] IPUIPlugin:80 - create IPUIPlugin
2025-06-20 11:52:28,262 [INFO] PluginManager:220 - loadIPPluginJar : add adc
2025-06-20 11:52:28,265 [INFO] IPUIPlugin:80 - create IPUIPlugin
2025-06-20 11:52:28,265 [INFO] PluginManager:220 - loadIPPluginJar : add aes
2025-06-20 11:52:28,268 [INFO] IPUIPlugin:80 - create IPUIPlugin
2025-06-20 11:52:28,268 [INFO] PluginManager:220 - loadIPPluginJar : add can
2025-06-20 11:52:28,269 [INFO] IPUIPlugin:80 - create IPUIPlugin
2025-06-20 11:52:28,269 [INFO] PluginManager:220 - loadIPPluginJar : add comp
2025-06-20 11:52:28,272 [INFO] IPUIPlugin:80 - create IPUIPlugin
2025-06-20 11:52:28,272 [INFO] PluginManager:220 - loadIPPluginJar : add cryp
2025-06-20 11:52:28,276 [INFO] IPUIPlugin:80 - create IPUIPlugin
2025-06-20 11:52:28,276 [INFO] PluginManager:220 - loadIPPluginJar : add ddr_ctrl_phy
2025-06-20 11:52:28,279 [INFO] IPUIPlugin:80 - create IPUIPlugin
2025-06-20 11:52:28,279 [INFO] PluginManager:220 - loadIPPluginJar : add dfsdm
2025-06-20 11:52:28,284 [INFO] IPUIPlugin:80 - create IPUIPlugin
2025-06-20 11:52:28,285 [INFO] PluginManager:220 - loadIPPluginJar : add dma
2025-06-20 11:52:28,287 [INFO] IPUIPlugin:80 - create IPUIPlugin
2025-06-20 11:52:28,288 [INFO] PluginManager:220 - loadIPPluginJar : add dma3
2025-06-20 11:52:28,290 [INFO] IPUIPlugin:80 - create IPUIPlugin
2025-06-20 11:52:28,290 [INFO] PluginManager:220 - loadIPPluginJar : add extmemmanager
2025-06-20 11:52:28,292 [INFO] IPUIPlugin:80 - create IPUIPlugin
2025-06-20 11:52:28,292 [INFO] PluginManager:220 - loadIPPluginJar : add fatfs
2025-06-20 11:52:28,296 [INFO] IPUIPlugin:80 - create IPUIPlugin
2025-06-20 11:52:28,296 [INFO] PluginManager:220 - loadIPPluginJar : add fmc
2025-06-20 11:52:28,303 [INFO] IPUIPlugin:80 - create IPUIPlugin
2025-06-20 11:52:28,303 [INFO] PluginManager:220 - loadIPPluginJar : add freertos
2025-06-20 11:52:28,305 [INFO] IPUIPlugin:80 - create IPUIPlugin
2025-06-20 11:52:28,305 [INFO] PluginManager:220 - loadIPPluginJar : add genericplugin
2025-06-20 11:52:28,308 [INFO] IPUIPlugin:80 - create IPUIPlugin
2025-06-20 11:52:28,308 [INFO] PluginManager:220 - loadIPPluginJar : add gfxmmu
2025-06-20 11:52:28,312 [INFO] IPUIPlugin:80 - create IPUIPlugin
2025-06-20 11:52:28,312 [INFO] PluginManager:220 - loadIPPluginJar : add gic
2025-06-20 11:52:28,317 [INFO] IPUIPlugin:80 - create IPUIPlugin
2025-06-20 11:52:28,317 [INFO] PluginManager:220 - loadIPPluginJar : add gpio
2025-06-20 11:52:28,320 [INFO] IPUIPlugin:80 - create IPUIPlugin
2025-06-20 11:52:28,320 [INFO] PluginManager:220 - loadIPPluginJar : add gtzc
2025-06-20 11:52:28,323 [INFO] IPUIPlugin:80 - create IPUIPlugin
2025-06-20 11:52:28,323 [INFO] PluginManager:220 - loadIPPluginJar : add hash
2025-06-20 11:52:28,326 [INFO] IPUIPlugin:80 - create IPUIPlugin
2025-06-20 11:52:28,326 [INFO] PluginManager:220 - loadIPPluginJar : add i2c
2025-06-20 11:52:28,329 [INFO] IPUIPlugin:80 - create IPUIPlugin
2025-06-20 11:52:28,329 [INFO] PluginManager:220 - loadIPPluginJar : add i2s
2025-06-20 11:52:28,332 [INFO] IPUIPlugin:80 - create IPUIPlugin
2025-06-20 11:52:28,332 [INFO] PluginManager:220 - loadIPPluginJar : add i3c
2025-06-20 11:52:28,335 [INFO] IPUIPlugin:80 - create IPUIPlugin
2025-06-20 11:52:28,335 [INFO] PluginManager:220 - loadIPPluginJar : add ipddr
2025-06-20 11:52:28,341 [INFO] IPUIPlugin:80 - create IPUIPlugin
2025-06-20 11:52:28,342 [INFO] PluginManager:220 - loadIPPluginJar : add linkedlist
2025-06-20 11:52:28,344 [INFO] IPUIPlugin:80 - create IPUIPlugin
2025-06-20 11:52:28,344 [INFO] PluginManager:220 - loadIPPluginJar : add lorawan
2025-06-20 11:52:28,346 [INFO] IPUIPlugin:80 - create IPUIPlugin
2025-06-20 11:52:28,346 [INFO] PluginManager:220 - loadIPPluginJar : add ltdc
2025-06-20 11:52:28,352 [INFO] IPUIPlugin:80 - create IPUIPlugin
2025-06-20 11:52:28,352 [INFO] PluginManager:220 - loadIPPluginJar : add mdma
2025-06-20 11:52:28,356 [INFO] IPUIPlugin:80 - create IPUIPlugin
2025-06-20 11:52:28,356 [INFO] PluginManager:220 - loadIPPluginJar : add nvic
2025-06-20 11:52:28,360 [INFO] IPUIPlugin:80 - create IPUIPlugin
2025-06-20 11:52:28,360 [INFO] PluginManager:220 - loadIPPluginJar : add opamp
2025-06-20 11:52:28,363 [INFO] IPUIPlugin:80 - create IPUIPlugin
2025-06-20 11:52:28,363 [INFO] PluginManager:220 - loadIPPluginJar : add openamp
2025-06-20 11:52:28,367 [INFO] IPUIPlugin:80 - create IPUIPlugin
2025-06-20 11:52:28,367 [INFO] PluginManager:220 - loadIPPluginJar : add pdm2pcm
2025-06-20 11:52:28,372 [INFO] IPUIPlugin:80 - create IPUIPlugin
2025-06-20 11:52:28,375 [INFO] PluginManager:220 - loadIPPluginJar : add plateformsettings
2025-06-20 11:52:28,376 [INFO] IPUIPlugin:80 - create IPUIPlugin
2025-06-20 11:52:28,376 [INFO] PluginManager:220 - loadIPPluginJar : add quadspi
2025-06-20 11:52:28,378 [INFO] IPUIPlugin:80 - create IPUIPlugin
2025-06-20 11:52:28,379 [INFO] PluginManager:220 - loadIPPluginJar : add radio
2025-06-20 11:52:28,384 [INFO] IPUIPlugin:80 - create IPUIPlugin
2025-06-20 11:52:28,384 [INFO] PluginManager:220 - loadIPPluginJar : add resmgrutility
2025-06-20 11:52:28,387 [INFO] IPUIPlugin:80 - create IPUIPlugin
2025-06-20 11:52:28,388 [INFO] PluginManager:220 - loadIPPluginJar : add sai
2025-06-20 11:52:28,390 [INFO] IPUIPlugin:80 - create IPUIPlugin
2025-06-20 11:52:28,390 [INFO] PluginManager:220 - loadIPPluginJar : add spi
2025-06-20 11:52:28,396 [INFO] IPUIPlugin:80 - create IPUIPlugin
2025-06-20 11:52:28,396 [INFO] PluginManager:220 - loadIPPluginJar : add stm32_wpan
2025-06-20 11:52:28,398 [INFO] IPUIPlugin:80 - create IPUIPlugin
2025-06-20 11:52:28,398 [INFO] PluginManager:220 - loadIPPluginJar : add tim
2025-06-20 11:52:28,401 [INFO] IPUIPlugin:80 - create IPUIPlugin
2025-06-20 11:52:28,401 [INFO] PluginManager:220 - loadIPPluginJar : add touchsensing
2025-06-20 11:52:28,404 [INFO] IPUIPlugin:80 - create IPUIPlugin
2025-06-20 11:52:28,404 [INFO] PluginManager:220 - loadIPPluginJar : add tracer_emb
2025-06-20 11:52:28,406 [INFO] IPUIPlugin:80 - create IPUIPlugin
2025-06-20 11:52:28,406 [INFO] PluginManager:220 - loadIPPluginJar : add ts
2025-06-20 11:52:28,408 [INFO] IPUIPlugin:80 - create IPUIPlugin
2025-06-20 11:52:28,408 [INFO] PluginManager:220 - loadIPPluginJar : add tsc
2025-06-20 11:52:28,410 [INFO] IPUIPlugin:80 - create IPUIPlugin
2025-06-20 11:52:28,410 [INFO] PluginManager:220 - loadIPPluginJar : add ucpd
2025-06-20 11:52:28,412 [INFO] IPUIPlugin:80 - create IPUIPlugin
2025-06-20 11:52:28,413 [INFO] PluginManager:220 - loadIPPluginJar : add usart
2025-06-20 11:52:28,416 [INFO] IPUIPlugin:80 - create IPUIPlugin
2025-06-20 11:52:28,416 [INFO] PluginManager:220 - loadIPPluginJar : add usbx
2025-06-20 11:52:28,538 [FATAL] Updater:351 - Updater called before beeing initialized
2025-06-20 11:52:28,577 [INFO] RulesReader:64 - Compatibility file has been processed (302 Rules)
2025-06-20 11:52:28,586 [INFO] RulesReader:64 - Compatibility file has been processed (302 Rules)
2025-06-20 11:52:28,595 [INFO] CADModel:165 - CPN selected for project level
2025-06-20 11:52:28,595 [INFO] CADModel:114 - Register for checkConnection events
2025-06-20 11:52:28,595 [FATAL] Updater:351 - Updater called before beeing initialized
2025-06-20 11:52:28,595 [ERROR] CADModel:125 - Updater not yet initialized, retry later 
2025-06-20 11:52:28,723 [FATAL] Updater:351 - Updater called before beeing initialized
2025-06-20 11:52:28,728 [INFO] CADModel:165 - CPN selected for project level
2025-06-20 11:52:28,728 [INFO] CADModel:114 - Register for checkConnection events
2025-06-20 11:52:28,728 [FATAL] Updater:351 - Updater called before beeing initialized
2025-06-20 11:52:28,728 [ERROR] CADModel:125 - Updater not yet initialized, retry later 
2025-06-20 11:52:28,728 [FATAL] Updater:351 - Updater called before beeing initialized
2025-06-20 11:52:28,822 [FATAL] Updater:351 - Updater called before beeing initialized
2025-06-20 11:52:28,822 [INFO] DbMcusAds:53 - JSON generation date=Wed May 07 14:37:55 IST 2025 (1746608875484)
2025-06-20 11:52:28,822 [FATAL] Updater:351 - Updater called before beeing initialized
2025-06-20 11:52:28,869 [WARN] DetailPanel:346 - Failed to get advertising image, set to default
2025-06-20 11:52:29,087 [FATAL] Updater:351 - Updater called before beeing initialized
2025-06-20 11:52:29,103 [FATAL] Updater:351 - Updater called before beeing initialized
2025-06-20 11:52:29,103 [FATAL] Updater:351 - Updater called before beeing initialized
2025-06-20 11:52:29,103 [WARN] DetailPanel:346 - Failed to get advertising image, set to default
2025-06-20 11:52:29,103 [FATAL] Updater:351 - Updater called before beeing initialized
2025-06-20 11:52:29,133 [ERROR] Updater:1198 - MainUpdater not yet initialized. External WinMGr cannot be set.
2025-06-20 11:52:29,133 [INFO] Updater:1134 - Updater Version found : 6.14.1
2025-06-20 11:52:29,149 [INFO] ApplicationProperties:184 - Using Application install path: C:\ST\STM32CubeIDE_1.18.1\STM32CubeIDE\plugins\com.st.stm32cube.common.mx_6.14.1.202504091515
2025-06-20 11:52:30,749 [ERROR] LogOutputStream:75 - [STDERR_REDIRECT] Jun 20, 2025 11:52:30 AM java.util.prefs.WindowsPreferences <init>
2025-06-20 11:52:30,749 [ERROR] LogOutputStream:75 - [STDERR_REDIRECT] WARNING: Could not open/create prefs root node Software\JavaSoft\Prefs at root 0xffffffff80000002. Windows RegCreateKeyEx(...) returned error code 5.
2025-06-20 11:52:30,749 [ERROR] LogOutputStream:75 - [STDERR_REDIRECT] 
2025-06-20 11:52:30,796 [INFO] ThirdPartyUpdaterWithRetryManager:70 - Updater plugin not ready yet. [2/15]
2025-06-20 11:52:31,030 [INFO] MainUpdater:2872 - connection check result : 10
2025-06-20 11:52:31,030 [INFO] MainUpdater:289 - Updater Check For Update Now.
2025-06-20 11:52:31,030 [INFO] MicroXplorer:498 - Change Database Version : DB.6.0.141
2025-06-20 11:52:31,037 [INFO] McuFinderGlobals:63 - Set McuFinder mode to 2 (CubeIDE integrated)
2025-06-20 11:52:31,037 [INFO] UserAuth:171 - activating auth plugin
2025-06-20 11:52:31,045 [INFO] UserAuth:484 - Internet connection configuration mode: 1
2025-06-20 11:52:31,066 [INFO] JxBrowserEngine:152 - Initiate JxBrowser Engine with user profile folder
2025-06-20 11:52:31,231 [INFO] CheckServerUpdateThread:120 - End of CheckServer Thread
2025-06-20 11:52:32,559 [INFO] WebApp:169 - Instantiating new browser for Auth
2025-06-20 11:52:33,421 [INFO] WebApp:463 - Apply proxy settings
2025-06-20 11:52:33,421 [INFO] WebApp:548 - Chromium requires no authentication
2025-06-20 11:52:33,445 [INFO] WebApp:491 - Direct internet connection detected
2025-06-20 11:52:33,475 [INFO] WebApp:894 - Register for checkConnection events
2025-06-20 11:52:33,475 [INFO] WebApp:463 - Apply proxy settings
2025-06-20 11:52:33,475 [INFO] WebApp:548 - Chromium requires no authentication
2025-06-20 11:52:33,475 [INFO] WebApp:491 - Direct internet connection detected
2025-06-20 11:52:33,687 [INFO] WebApp:225 - Starting web application
2025-06-20 11:52:33,687 [INFO] WebApp:593 - Web application path used C:\ST\STM32CubeIDE_1.18.1\STM32CubeIDE\plugins\com.st.stm32cube.common.mx_6.14.1.202504091515\db\plugins\mcufinder\reactClient1\index.html
2025-06-20 11:52:33,801 [INFO] WebApp:191 - Connection restablished
2025-06-20 11:52:34,092 [WARN] PackLoader:240 - Cannot read IP mode file for STMicroelectronics.FP-SNS-MOTENVWB1.1.4.0
2025-06-20 11:52:34,107 [WARN] PackLoader:240 - Cannot read IP mode file for STMicroelectronics.X-CUBE-SMBUS.2.1.0
2025-06-20 11:52:34,115 [WARN] PackLoader:240 - Cannot read IP mode file for STMicroelectronics.X-CUBE-ST60.1.0.0
2025-06-20 11:52:34,162 [WARN] PackLoader:240 - Cannot read IP mode file for STMicroelectronics.X-CUBE-AZRTOS-F7.1.1.0
2025-06-20 11:52:34,204 [WARN] PackLoader:240 - Cannot read IP mode file for Infineon.AIROC-Wi-Fi-Bluetooth-STM32.1.7.0
2025-06-20 11:52:34,252 [WARN] PackLoader:240 - Cannot read IP mode file for STMicroelectronics.X-CUBE-DISPLAY.3.0.0
2025-06-20 11:52:34,270 [WARN] PackLoader:240 - Cannot read IP mode file for STMicroelectronics.X-CUBE-NFC10.1.0.0
2025-06-20 11:52:34,285 [WARN] PackLoader:240 - Cannot read IP mode file for STMicroelectronics.X-CUBE-BLEMGR.4.0.0
2025-06-20 11:52:34,297 [WARN] PackLoader:240 - Cannot read IP mode file for emotas.I-CUBE-CANOPEN.1.3.0
2025-06-20 11:52:34,302 [WARN] ConditionMgr:438 - getConditionDescription Invalid condition id : Cortex-A Device cause : null
2025-06-20 11:52:34,317 [WARN] ConditionMgr:1044 - genDependencies : Invalid condition id : Cortex-A Device cause : null
2025-06-20 11:52:34,317 [WARN] ConditionMgr:1044 - genDependencies : Invalid condition id : Cortex-A Device cause : null
2025-06-20 11:52:34,317 [WARN] ConditionMgr:1044 - genDependencies : Invalid condition id : Cortex-A Device cause : null
2025-06-20 11:52:34,323 [WARN] PackLoader:240 - Cannot read IP mode file for STMicroelectronics.X-CUBE-AI.10.0.0
2025-06-20 11:52:34,329 [WARN] PackLoader:240 - Cannot read IP mode file for STMicroelectronics.FP-SNS-SMARTAG2.1.2.0
2025-06-20 11:52:34,371 [INFO] LogOutputStream:77 - [STDOUT_REDIRECT] 1 : Invalid condition id : UX_CORESTACK_Condition cause : null
2025-06-20 11:52:34,372 [INFO] LogOutputStream:77 - [STDOUT_REDIRECT] 1 : Invalid condition id : UX_CORESTACK_Condition cause : null
2025-06-20 11:52:34,373 [INFO] LogOutputStream:77 - [STDOUT_REDIRECT] 1 : Invalid condition id : UX_CORESTACK_Condition cause : null
2025-06-20 11:52:34,375 [INFO] LogOutputStream:77 - [STDOUT_REDIRECT] 1 : Invalid condition id : UX_CORESTACK_Condition cause : null
2025-06-20 11:52:34,377 [INFO] LogOutputStream:77 - [STDOUT_REDIRECT] 1 : Invalid condition id : UX_CORESTACK_Condition cause : null
2025-06-20 11:52:34,382 [WARN] PackLoader:240 - Cannot read IP mode file for STMicroelectronics.X-CUBE-AZRTOS-WL.2.0.0
2025-06-20 11:52:34,391 [WARN] PackLoader:240 - Cannot read IP mode file for STMicroelectronics.FP-SNS-MOTENV1.5.0.0
2025-06-20 11:52:34,402 [WARN] PackLoader:240 - Cannot read IP mode file for WES.I-CUBE-Cesium.1.3.0
2025-06-20 11:52:34,408 [WARN] PackLoader:240 - Cannot read IP mode file for STMicroelectronics.X-CUBE-BLE2.3.3.0
2025-06-20 11:52:34,417 [WARN] PackLoader:240 - Cannot read IP mode file for STMicroelectronics.X-CUBE-NFC9.1.0.0
2025-06-20 11:52:34,424 [WARN] PackLoader:240 - Cannot read IP mode file for wolfSSL.I-CUBE-wolfSSL.5.8.0
2025-06-20 11:52:34,430 [WARN] PackLoader:240 - Cannot read IP mode file for wolfSSL.I-CUBE-wolfMQTT.1.19.2
2025-06-20 11:52:34,434 [WARN] PackLoader:240 - Cannot read IP mode file for STMicroelectronics.X-CUBE-AI.10.1.0
2025-06-20 11:52:34,510 [WARN] PackLoader:240 - Cannot read IP mode file for STMicroelectronics.X-CUBE-MEMS1.11.2.0
2025-06-20 11:52:34,715 [WARN] PackLoader:240 - Cannot read IP mode file for STMicroelectronics.X-CUBE-AZRTOS-G0.1.1.0
2025-06-20 11:52:34,722 [WARN] PackLoader:240 - Cannot read IP mode file for STMicroelectronics.X-CUBE-SAFEA1.1.2.2
2025-06-20 11:52:34,727 [WARN] PackLoader:240 - Cannot read IP mode file for STMicroelectronics.X-CUBE-NFC4.3.0.0
2025-06-20 11:52:34,736 [WARN] PackLoader:240 - Cannot read IP mode file for EmbeddedOffice.I-CUBE-FS-RTOS.1.0.1
2025-06-20 11:52:34,742 [WARN] PackLoader:240 - Cannot read IP mode file for STMicroelectronics.X-CUBE-WB05N.2.0.0
2025-06-20 11:52:34,747 [WARN] PackLoader:240 - Cannot read IP mode file for wolfSSL.I-CUBE-wolfTPM.3.8.0
2025-06-20 11:52:34,752 [WARN] PackLoader:240 - Cannot read IP mode file for STMicroelectronics.X-CUBE-TCPP.4.2.0
2025-06-20 11:52:34,759 [WARN] PackLoader:240 - Cannot read IP mode file for RealThread.X-CUBE-RT-Thread_Nano.4.1.1
2025-06-20 11:52:34,764 [WARN] PackLoader:240 - Cannot read IP mode file for STMicroelectronics.FP-ATR-SIGFOX1.3.2.0
2025-06-20 11:52:34,770 [WARN] PackLoader:240 - Cannot read IP mode file for STMicroelectronics.X-CUBE-EEPRMA1.5.1.0
2025-06-20 11:52:34,777 [WARN] PackLoader:240 - Cannot read IP mode file for ITTIA_DB.I-CUBE-ITTIADB.8.9.0
2025-06-20 11:52:34,783 [WARN] PackLoader:240 - Cannot read IP mode file for STMicroelectronics.X-CUBE-ST67W61.1.0.0
2025-06-20 11:52:34,815 [WARN] PackLoader:240 - Cannot read IP mode file for SEGGER.I-CUBE-embOS.1.3.1
2025-06-20 11:52:34,842 [WARN] PackLoader:240 - Cannot read IP mode file for STMicroelectronics.X-CUBE-ALGOBUILD.1.4.0
2025-06-20 11:52:34,873 [WARN] PackLoader:240 - Cannot read IP mode file for STMicroelectronics.X-CUBE-MEMS1.11.3.0
2025-06-20 11:52:34,968 [WARN] PackLoader:240 - Cannot read IP mode file for STMicroelectronics.X-CUBE-AZRTOS-F4.1.1.0
2025-06-20 11:52:34,974 [WARN] PackLoader:240 - Cannot read IP mode file for STMicroelectronics.X-CUBE-ISPU.2.1.0
2025-06-20 11:52:34,993 [WARN] PackLoader:240 - Cannot read IP mode file for STMicroelectronics.X-CUBE-AZRTOS-L5.2.0.0
2025-06-20 11:52:35,002 [WARN] PackLoader:240 - Cannot read IP mode file for STMicroelectronics.X-CUBE-NFC6.3.1.0
2025-06-20 11:52:35,021 [WARN] ConditionMgr:438 - getConditionDescription Invalid condition id : LAN8742 Phy interface Condition cause : null
2025-06-20 11:52:35,022 [WARN] PackLoader:240 - Cannot read IP mode file for STMicroelectronics.X-CUBE-AZRTOS-L4.2.0.0
2025-06-20 11:52:35,023 [WARN] ConditionMgr:1044 - genDependencies : Invalid condition id : LAN8742 Phy interface Condition cause : null
2025-06-20 11:52:35,023 [WARN] ConditionMgr:1044 - genDependencies : Invalid condition id : LAN8742 Phy interface Condition cause : null
2025-06-20 11:52:35,024 [WARN] ConditionMgr:1044 - genDependencies : Invalid condition id : LAN8742 Phy interface Condition cause : null
2025-06-20 11:52:35,032 [WARN] PackLoader:240 - Cannot read IP mode file for STMicroelectronics.X-CUBE-SFXS2LP1.4.0.0
2025-06-20 11:52:35,060 [WARN] PackLoader:240 - Cannot read IP mode file for STMicroelectronics.X-CUBE-AZRTOS-H7.3.3.0
2025-06-20 11:52:35,078 [WARN] ConditionMgr:438 - getConditionDescription Invalid condition id : UX DEVICE CLASS RTOS Condition cause : null
2025-06-20 11:52:35,079 [WARN] ConditionMgr:438 - getConditionDescription Invalid condition id : UX DEVICE CLASS RTOS Condition cause : null
2025-06-20 11:52:35,081 [WARN] PackLoader:240 - Cannot read IP mode file for STMicroelectronics.X-CUBE-AZRTOS-WB.2.0.0
2025-06-20 11:52:35,082 [WARN] ConditionMgr:1044 - genDependencies : Invalid condition id : UX DEVICE CLASS RTOS Condition cause : null
2025-06-20 11:52:35,082 [WARN] ConditionMgr:1044 - genDependencies : Invalid condition id : UX DEVICE CLASS RTOS Condition cause : null
2025-06-20 11:52:35,082 [WARN] ConditionMgr:1044 - genDependencies : Invalid condition id : UX DEVICE CLASS RTOS Condition cause : null
2025-06-20 11:52:35,082 [WARN] ConditionMgr:1044 - genDependencies : Invalid condition id : UX DEVICE CLASS RTOS Condition cause : null
2025-06-20 11:52:35,082 [WARN] ConditionMgr:1044 - genDependencies : Invalid condition id : UX DEVICE CLASS RTOS Condition cause : null
2025-06-20 11:52:35,087 [WARN] PackLoader:240 - Cannot read IP mode file for STMicroelectronics.X-CUBE-GNSS1.7.0.1
2025-06-20 11:52:35,092 [WARN] PackLoader:240 - Cannot read IP mode file for STMicroelectronics.FP-SNS-STBOX1.2.0.0
2025-06-20 11:52:35,102 [WARN] PackLoader:240 - Cannot read IP mode file for STMicroelectronics.X-CUBE-SUBG2.5.0.0
2025-06-20 11:52:35,141 [WARN] PackLoader:240 - Cannot read IP mode file for STMicroelectronics.X-CUBE-AZRTOS-H7RS.1.1.0
2025-06-20 11:52:35,149 [WARN] PackLoader:240 - Cannot read IP mode file for Cesanta.I-CUBE-Mongoose.7.13.0
2025-06-20 11:52:35,161 [WARN] PackLoader:240 - Cannot read IP mode file for STMicroelectronics.X-CUBE-AZRTOS-G4.2.0.0
2025-06-20 11:52:35,166 [WARN] PackLoader:240 - Cannot read IP mode file for wolfSSL.I-CUBE-wolfSSH.1.4.20
2025-06-20 11:52:35,176 [WARN] PackLoader:240 - Cannot read IP mode file for STMicroelectronics.X-CUBE-IPS.3.1.0
2025-06-20 11:52:35,184 [WARN] PackLoader:240 - Cannot read IP mode file for STMicroelectronics.X-CUBE-ALS.1.0.2
2025-06-20 11:52:35,189 [WARN] PackLoader:240 - Cannot read IP mode file for portGmbH.I-Cube-SoM-uGOAL.1.1.0
2025-06-20 11:52:35,190 [INFO] ThirdParty:978 - Integrity check success = true
2025-06-20 11:52:35,190 [INFO] IntegrityCheckThread:100 - exiting critical section [integrity check]
2025-06-20 11:52:35,190 [INFO] IntegrityCheckThread:103 - End integrity checks thread
2025-06-20 13:11:22,177 [INFO] WebApp:194 - Connection lost
2025-06-20 13:27:25,177 [INFO] Activator:176 - 


2025-06-20 13:27:25,177 [INFO] Activator:177 - !SESSION log4j initialized
2025-06-20 13:27:30,068 [INFO] LogOutputStream:77 - [STDOUT_REDIRECT] 
2025-06-20 13:27:30,991 [INFO] ApplicationProperties:184 - Using Application install path: C:\ST\STM32CubeIDE_1.18.1\STM32CubeIDE\plugins\com.st.stm32cube.common.mx_6.14.1.202504091515
2025-06-20 13:27:31,010 [INFO] DbMcusXml:78 - Set database path to: C:\ST\STM32CubeIDE_1.18.1\STM32CubeIDE\plugins\com.st.stm32cube.common.mx_6.14.1.202504091515\\db\/mcu/
2025-06-20 13:27:31,010 [INFO] ApiDb:274 - Set plugin database path to: C:\ST\STM32CubeIDE_1.18.1\STM32CubeIDE\plugins\com.st.stm32cube.common.mx_6.14.1.202504091515\\db\/plugins/boardmanager/
2025-06-20 13:27:31,010 [WARN] ApiDb:259 - Overriding images path with different value:  => C:\ST\STM32CubeIDE_1.18.1\STM32CubeIDE\plugins\com.st.stm32cube.common.mx_6.14.1.202504091515\\db\/plugins/mcufinder/images/
2025-06-20 13:27:31,023 [INFO] ApiDb:250 - Set database path to: C:\Users\Admin\.stmcufinder\plugins\mcufinder//mcu/
2025-06-20 13:27:31,024 [INFO] DbMcusAds:125 - Set database path to: C:\Users\Admin\.stmcufinder\plugins\mcufinder//mcu/
2025-06-20 13:27:31,027 [INFO] CrossReferenceDbSqlite:203 - Set database path to: C:\Users\Admin\.stmcufinder\plugins\mcufinder//mcu/cs/
2025-06-20 13:27:31,132 [INFO] RulesReader:64 - Compatibility file has been processed (302 Rules)
2025-06-20 13:27:31,210 [INFO] DbMcusXml:78 - Set database path to: C:\ST\STM32CubeIDE_1.18.1\STM32CubeIDE\plugins\com.st.stm32cube.common.mx_6.14.1.202504091515\\db\/mcu/
2025-06-20 13:27:31,210 [INFO] ApiDb:274 - Set plugin database path to: C:\ST\STM32CubeIDE_1.18.1\STM32CubeIDE\plugins\com.st.stm32cube.common.mx_6.14.1.202504091515\\db\/plugins/boardmanager/
2025-06-20 13:27:31,210 [INFO] ApiDb:261 - Set plugin images path to: C:\ST\STM32CubeIDE_1.18.1\STM32CubeIDE\plugins\com.st.stm32cube.common.mx_6.14.1.202504091515\\db\/plugins/mcufinder/images/
2025-06-20 13:27:31,210 [WARN] DbFile:41 - Overriding database path with different value: C:\Users\Admin\.stmcufinder\plugins\mcufinder/ => C:\Users\Admin\.stmcufinder\plugins\mcufinder
2025-06-20 13:27:31,210 [INFO] ApiDb:250 - Set database path to: C:\Users\Admin\.stmcufinder\plugins\mcufinder//mcu/
2025-06-20 13:27:31,210 [WARN] DbFile:41 - Overriding database path with different value: C:\Users\Admin\.stmcufinder\plugins\mcufinder/ => C:\Users\Admin\.stmcufinder\plugins\mcufinder
2025-06-20 13:27:31,211 [INFO] DbMcusAds:125 - Set database path to: C:\Users\Admin\.stmcufinder\plugins\mcufinder//mcu/
2025-06-20 13:27:31,211 [WARN] DbFile:41 - Overriding database path with different value: C:\Users\Admin\.stmcufinder\plugins\mcufinder/ => C:\Users\Admin\.stmcufinder\plugins\mcufinder
2025-06-20 13:27:31,211 [WARN] DbFile:41 - Overriding database path with different value: C:\Users\Admin\.stmcufinder\plugins\mcufinder/ => C:\Users\Admin\.stmcufinder\plugins\mcufinder
2025-06-20 13:27:31,211 [INFO] CrossReferenceDbSqlite:203 - Set database path to: C:\Users\Admin\.stmcufinder\plugins\mcufinder//mcu/cs/
2025-06-20 13:27:31,281 [INFO] MainPanel:272 - HeapMemory: 268435456
2025-06-20 13:27:31,384 [INFO] DbMcusXml:78 - Set database path to: C:\ST\STM32CubeIDE_1.18.1\STM32CubeIDE\plugins\com.st.stm32cube.common.mx_6.14.1.202504091515\\db\/mcu/
2025-06-20 13:27:31,384 [INFO] ApiDb:274 - Set plugin database path to: C:\ST\STM32CubeIDE_1.18.1\STM32CubeIDE\plugins\com.st.stm32cube.common.mx_6.14.1.202504091515\\db\/plugins/boardmanager/
2025-06-20 13:27:31,384 [INFO] ApiDb:261 - Set plugin images path to: C:\ST\STM32CubeIDE_1.18.1\STM32CubeIDE\plugins\com.st.stm32cube.common.mx_6.14.1.202504091515\\db\/plugins/mcufinder/images/
2025-06-20 13:27:31,385 [WARN] DbFile:41 - Overriding database path with different value: C:\Users\Admin\.stmcufinder\plugins\mcufinder/ => C:\Users\Admin\.stmcufinder\plugins\mcufinder
2025-06-20 13:27:31,385 [INFO] ApiDb:250 - Set database path to: C:\Users\Admin\.stmcufinder\plugins\mcufinder//mcu/
2025-06-20 13:27:31,385 [WARN] DbFile:41 - Overriding database path with different value: C:\Users\Admin\.stmcufinder\plugins\mcufinder/ => C:\Users\Admin\.stmcufinder\plugins\mcufinder
2025-06-20 13:27:31,385 [INFO] DbMcusAds:125 - Set database path to: C:\Users\Admin\.stmcufinder\plugins\mcufinder//mcu/
2025-06-20 13:27:31,385 [WARN] DbFile:41 - Overriding database path with different value: C:\Users\Admin\.stmcufinder\plugins\mcufinder/ => C:\Users\Admin\.stmcufinder\plugins\mcufinder
2025-06-20 13:27:31,385 [WARN] DbFile:41 - Overriding database path with different value: C:\Users\Admin\.stmcufinder\plugins\mcufinder/ => C:\Users\Admin\.stmcufinder\plugins\mcufinder
2025-06-20 13:27:31,385 [INFO] CrossReferenceDbSqlite:203 - Set database path to: C:\Users\Admin\.stmcufinder\plugins\mcufinder//mcu/cs/
2025-06-20 13:27:31,402 [INFO] ApplicationProperties:184 - Using Application install path: C:\ST\STM32CubeIDE_1.18.1\STM32CubeIDE\plugins\com.st.stm32cube.common.mx_6.14.1.202504091515
2025-06-20 13:27:31,403 [INFO] PluginManage:196 - Search for loadable plugins [exclusion list=, ]
2025-06-20 13:27:31,404 [INFO] PluginManage:310 - Check plugin analytics
2025-06-20 13:27:31,562 [INFO] AnalyticsPlugin:253 - Accepted Software Licenses: 
2025-06-20 13:27:31,563 [INFO] AnalyticsPlugin:255 - Accepted CMSIS Pack Licenses: 
2025-06-20 13:27:31,563 [INFO] AnalyticsPlugin:257 - Accepted Firmware Licenses: FW.F4.1.28.0,FW.WB.1.22.0
2025-06-20 13:27:31,565 [INFO] PluginManage:359 - Loaded plugin analytics (category:tool,tabindex:-1)
2025-06-20 13:27:31,566 [INFO] PluginManage:310 - Check plugin cadmodel
2025-06-20 13:27:31,574 [INFO] CADModel:105 - Init CAD model plugin
2025-06-20 13:27:31,574 [INFO] PluginManage:359 - Loaded plugin cadmodel (category:power,tabindex:5)
2025-06-20 13:27:31,574 [INFO] PluginManage:310 - Check plugin clock
2025-06-20 13:27:31,585 [INFO] PluginManage:359 - Loaded plugin clock (category:base,tabindex:2)
2025-06-20 13:27:31,585 [INFO] PluginManage:310 - Check plugin ddr
2025-06-20 13:27:31,588 [INFO] PluginManage:359 - Loaded plugin ddr (category:tool,tabindex:6)
2025-06-20 13:27:31,588 [INFO] PluginManage:310 - Check plugin filemanager
2025-06-20 13:27:31,723 [INFO] PluginManage:359 - Loaded plugin filemanager (category:base,tabindex:10)
2025-06-20 13:27:31,723 [INFO] PluginManage:310 - Check plugin ipmanager
2025-06-20 13:27:31,729 [INFO] PluginManage:359 - Loaded plugin ipmanager (category:base,tabindex:5)
2025-06-20 13:27:31,729 [INFO] PluginManage:310 - Check plugin lpbam
2025-06-20 13:27:31,736 [INFO] PluginManage:359 - Loaded plugin lpbam (category:base,tabindex:0)
2025-06-20 13:27:31,737 [INFO] PluginManage:310 - Check plugin memorymap
2025-06-20 13:27:31,750 [INFO] PluginManage:359 - Loaded plugin memorymap (category:base,tabindex:4)
2025-06-20 13:27:31,750 [INFO] PluginManage:310 - Check plugin pinoutandconfiguration
2025-06-20 13:27:31,760 [INFO] PluginManage:359 - Loaded plugin pinoutandconfiguration (category:base,tabindex:1)
2025-06-20 13:27:31,761 [INFO] PluginManage:310 - Check plugin pinoutconfig
2025-06-20 13:27:31,850 [WARN] SupportedApi:132 - Cannot load RTOS API schema: s4s-elt-must-match.1: The content of 'definitions' must match (annotation?, (simpleType | complexType)?, (unique | key | keyref)*)). A problem was found starting at: attribute.
2025-06-20 13:27:31,985 [INFO] PluginManage:359 - Loaded plugin pinoutconfig (category:base,tabindex:0)
2025-06-20 13:27:31,985 [INFO] PluginManage:310 - Check plugin power
2025-06-20 13:27:31,998 [INFO] PluginManage:359 - Loaded plugin power (category:power,tabindex:4)
2025-06-20 13:27:31,998 [INFO] PluginManage:310 - Check plugin projectmanager
2025-06-20 13:27:32,013 [INFO] PluginManage:359 - Loaded plugin projectmanager (category:projectmanager,tabindex:4)
2025-06-20 13:27:32,013 [INFO] PluginManage:310 - Check plugin rif
2025-06-20 13:27:32,023 [INFO] PluginManage:359 - Loaded plugin rif (category:base,tabindex:3)
2025-06-20 13:27:32,023 [INFO] PluginManage:310 - Check plugin thirdparty
2025-06-20 13:27:32,155 [INFO] PluginManage:359 - Loaded plugin thirdparty (category:base,tabindex:-1)
2025-06-20 13:27:32,155 [WARN] IntegrityCheckThread:84 - waiting for thirdparty lock release [integrity check]
2025-06-20 13:27:32,155 [INFO] PluginManage:310 - Check plugin tools
2025-06-20 13:27:32,155 [INFO] IntegrityCheckThread:86 - entering critical section [integrity check]
2025-06-20 13:27:32,155 [INFO] ThirdPartyUpdaterWithRetryManager:70 - Updater plugin not ready yet. [1/15]
2025-06-20 13:27:32,158 [INFO] PluginManage:359 - Loaded plugin tools (category:base,tabindex:7)
2025-06-20 13:27:32,158 [INFO] PluginManage:310 - Check plugin tutovideos
2025-06-20 13:27:32,316 [INFO] PluginManage:359 - Loaded plugin tutovideos (category:base,tabindex:-1)
2025-06-20 13:27:32,316 [INFO] PluginManage:310 - Check plugin updater
2025-06-20 13:27:32,338 [INFO] PluginManage:359 - Loaded plugin updater (category:base,tabindex:12)
2025-06-20 13:27:32,338 [INFO] PluginManage:310 - Check plugin userauth
2025-06-20 13:27:32,342 [INFO] UserAuth:118 - Init User Auth plugin
2025-06-20 13:27:32,342 [INFO] PluginManage:359 - Loaded plugin userauth (category:base,tabindex:14)
2025-06-20 13:27:32,343 [INFO] PluginManage:283 - PluginManage : Loaded plugins [18]
2025-06-20 13:27:32,529 [INFO] PinOutPanel:1589 - setPackage(No Configuration,No Configuration)
2025-06-20 13:27:32,605 [INFO] CADModel:165 - CPN selected for project level
2025-06-20 13:27:32,606 [INFO] CADModel:114 - Register for checkConnection events
2025-06-20 13:27:32,624 [INFO] IPUIPlugin:80 - create IPUIPlugin
2025-06-20 13:27:32,624 [INFO] PluginManager:220 - loadIPPluginJar : add adc
2025-06-20 13:27:32,628 [INFO] IPUIPlugin:80 - create IPUIPlugin
2025-06-20 13:27:32,628 [INFO] PluginManager:220 - loadIPPluginJar : add aes
2025-06-20 13:27:32,631 [INFO] IPUIPlugin:80 - create IPUIPlugin
2025-06-20 13:27:32,631 [INFO] PluginManager:220 - loadIPPluginJar : add can
2025-06-20 13:27:32,633 [INFO] IPUIPlugin:80 - create IPUIPlugin
2025-06-20 13:27:32,633 [INFO] PluginManager:220 - loadIPPluginJar : add comp
2025-06-20 13:27:32,637 [INFO] IPUIPlugin:80 - create IPUIPlugin
2025-06-20 13:27:32,637 [INFO] PluginManager:220 - loadIPPluginJar : add cryp
2025-06-20 13:27:32,641 [INFO] IPUIPlugin:80 - create IPUIPlugin
2025-06-20 13:27:32,641 [INFO] PluginManager:220 - loadIPPluginJar : add ddr_ctrl_phy
2025-06-20 13:27:32,644 [INFO] IPUIPlugin:80 - create IPUIPlugin
2025-06-20 13:27:32,644 [INFO] PluginManager:220 - loadIPPluginJar : add dfsdm
2025-06-20 13:27:32,651 [INFO] IPUIPlugin:80 - create IPUIPlugin
2025-06-20 13:27:32,652 [INFO] PluginManager:220 - loadIPPluginJar : add dma
2025-06-20 13:27:32,655 [INFO] IPUIPlugin:80 - create IPUIPlugin
2025-06-20 13:27:32,655 [INFO] PluginManager:220 - loadIPPluginJar : add dma3
2025-06-20 13:27:32,658 [INFO] IPUIPlugin:80 - create IPUIPlugin
2025-06-20 13:27:32,658 [INFO] PluginManager:220 - loadIPPluginJar : add extmemmanager
2025-06-20 13:27:32,660 [INFO] IPUIPlugin:80 - create IPUIPlugin
2025-06-20 13:27:32,660 [INFO] PluginManager:220 - loadIPPluginJar : add fatfs
2025-06-20 13:27:32,664 [INFO] IPUIPlugin:80 - create IPUIPlugin
2025-06-20 13:27:32,664 [INFO] PluginManager:220 - loadIPPluginJar : add fmc
2025-06-20 13:27:32,671 [INFO] IPUIPlugin:80 - create IPUIPlugin
2025-06-20 13:27:32,671 [INFO] PluginManager:220 - loadIPPluginJar : add freertos
2025-06-20 13:27:32,672 [INFO] IPUIPlugin:80 - create IPUIPlugin
2025-06-20 13:27:32,672 [INFO] PluginManager:220 - loadIPPluginJar : add genericplugin
2025-06-20 13:27:32,675 [INFO] IPUIPlugin:80 - create IPUIPlugin
2025-06-20 13:27:32,675 [INFO] PluginManager:220 - loadIPPluginJar : add gfxmmu
2025-06-20 13:27:32,679 [INFO] IPUIPlugin:80 - create IPUIPlugin
2025-06-20 13:27:32,680 [INFO] PluginManager:220 - loadIPPluginJar : add gic
2025-06-20 13:27:32,684 [INFO] IPUIPlugin:80 - create IPUIPlugin
2025-06-20 13:27:32,684 [INFO] PluginManager:220 - loadIPPluginJar : add gpio
2025-06-20 13:27:32,687 [INFO] IPUIPlugin:80 - create IPUIPlugin
2025-06-20 13:27:32,687 [INFO] PluginManager:220 - loadIPPluginJar : add gtzc
2025-06-20 13:27:32,689 [INFO] IPUIPlugin:80 - create IPUIPlugin
2025-06-20 13:27:32,689 [INFO] PluginManager:220 - loadIPPluginJar : add hash
2025-06-20 13:27:32,692 [INFO] IPUIPlugin:80 - create IPUIPlugin
2025-06-20 13:27:32,692 [INFO] PluginManager:220 - loadIPPluginJar : add i2c
2025-06-20 13:27:32,695 [INFO] IPUIPlugin:80 - create IPUIPlugin
2025-06-20 13:27:32,695 [INFO] PluginManager:220 - loadIPPluginJar : add i2s
2025-06-20 13:27:32,698 [INFO] IPUIPlugin:80 - create IPUIPlugin
2025-06-20 13:27:32,698 [INFO] PluginManager:220 - loadIPPluginJar : add i3c
2025-06-20 13:27:32,701 [INFO] IPUIPlugin:80 - create IPUIPlugin
2025-06-20 13:27:32,701 [INFO] PluginManager:220 - loadIPPluginJar : add ipddr
2025-06-20 13:27:32,708 [INFO] IPUIPlugin:80 - create IPUIPlugin
2025-06-20 13:27:32,708 [INFO] PluginManager:220 - loadIPPluginJar : add linkedlist
2025-06-20 13:27:32,711 [INFO] IPUIPlugin:80 - create IPUIPlugin
2025-06-20 13:27:32,711 [INFO] PluginManager:220 - loadIPPluginJar : add lorawan
2025-06-20 13:27:32,713 [INFO] IPUIPlugin:80 - create IPUIPlugin
2025-06-20 13:27:32,713 [INFO] PluginManager:220 - loadIPPluginJar : add ltdc
2025-06-20 13:27:32,718 [INFO] IPUIPlugin:80 - create IPUIPlugin
2025-06-20 13:27:32,718 [INFO] PluginManager:220 - loadIPPluginJar : add mdma
2025-06-20 13:27:32,722 [INFO] IPUIPlugin:80 - create IPUIPlugin
2025-06-20 13:27:32,722 [INFO] PluginManager:220 - loadIPPluginJar : add nvic
2025-06-20 13:27:32,725 [INFO] IPUIPlugin:80 - create IPUIPlugin
2025-06-20 13:27:32,725 [INFO] PluginManager:220 - loadIPPluginJar : add opamp
2025-06-20 13:27:32,728 [INFO] IPUIPlugin:80 - create IPUIPlugin
2025-06-20 13:27:32,728 [INFO] PluginManager:220 - loadIPPluginJar : add openamp
2025-06-20 13:27:32,731 [INFO] IPUIPlugin:80 - create IPUIPlugin
2025-06-20 13:27:32,731 [INFO] PluginManager:220 - loadIPPluginJar : add pdm2pcm
2025-06-20 13:27:32,737 [INFO] IPUIPlugin:80 - create IPUIPlugin
2025-06-20 13:27:32,739 [INFO] PluginManager:220 - loadIPPluginJar : add plateformsettings
2025-06-20 13:27:32,740 [INFO] IPUIPlugin:80 - create IPUIPlugin
2025-06-20 13:27:32,741 [INFO] PluginManager:220 - loadIPPluginJar : add quadspi
2025-06-20 13:27:32,742 [INFO] IPUIPlugin:80 - create IPUIPlugin
2025-06-20 13:27:32,743 [INFO] PluginManager:220 - loadIPPluginJar : add radio
2025-06-20 13:27:32,747 [INFO] IPUIPlugin:80 - create IPUIPlugin
2025-06-20 13:27:32,747 [INFO] PluginManager:220 - loadIPPluginJar : add resmgrutility
2025-06-20 13:27:32,750 [INFO] IPUIPlugin:80 - create IPUIPlugin
2025-06-20 13:27:32,750 [INFO] PluginManager:220 - loadIPPluginJar : add sai
2025-06-20 13:27:32,752 [INFO] IPUIPlugin:80 - create IPUIPlugin
2025-06-20 13:27:32,753 [INFO] PluginManager:220 - loadIPPluginJar : add spi
2025-06-20 13:27:32,758 [INFO] IPUIPlugin:80 - create IPUIPlugin
2025-06-20 13:27:32,758 [INFO] PluginManager:220 - loadIPPluginJar : add stm32_wpan
2025-06-20 13:27:32,760 [INFO] IPUIPlugin:80 - create IPUIPlugin
2025-06-20 13:27:32,760 [INFO] PluginManager:220 - loadIPPluginJar : add tim
2025-06-20 13:27:32,763 [INFO] IPUIPlugin:80 - create IPUIPlugin
2025-06-20 13:27:32,763 [INFO] PluginManager:220 - loadIPPluginJar : add touchsensing
2025-06-20 13:27:32,765 [INFO] IPUIPlugin:80 - create IPUIPlugin
2025-06-20 13:27:32,765 [INFO] PluginManager:220 - loadIPPluginJar : add tracer_emb
2025-06-20 13:27:32,767 [INFO] IPUIPlugin:80 - create IPUIPlugin
2025-06-20 13:27:32,767 [INFO] PluginManager:220 - loadIPPluginJar : add ts
2025-06-20 13:27:32,769 [INFO] IPUIPlugin:80 - create IPUIPlugin
2025-06-20 13:27:32,769 [INFO] PluginManager:220 - loadIPPluginJar : add tsc
2025-06-20 13:27:32,771 [INFO] IPUIPlugin:80 - create IPUIPlugin
2025-06-20 13:27:32,771 [INFO] PluginManager:220 - loadIPPluginJar : add ucpd
2025-06-20 13:27:32,773 [INFO] IPUIPlugin:80 - create IPUIPlugin
2025-06-20 13:27:32,773 [INFO] PluginManager:220 - loadIPPluginJar : add usart
2025-06-20 13:27:32,776 [INFO] IPUIPlugin:80 - create IPUIPlugin
2025-06-20 13:27:32,777 [INFO] PluginManager:220 - loadIPPluginJar : add usbx
2025-06-20 13:27:32,898 [FATAL] Updater:351 - Updater called before beeing initialized
2025-06-20 13:27:32,928 [INFO] RulesReader:64 - Compatibility file has been processed (302 Rules)
2025-06-20 13:27:32,938 [INFO] RulesReader:64 - Compatibility file has been processed (302 Rules)
2025-06-20 13:27:32,945 [INFO] CADModel:165 - CPN selected for project level
2025-06-20 13:27:32,945 [INFO] CADModel:114 - Register for checkConnection events
2025-06-20 13:27:32,945 [FATAL] Updater:351 - Updater called before beeing initialized
2025-06-20 13:27:32,945 [ERROR] CADModel:125 - Updater not yet initialized, retry later 
2025-06-20 13:27:33,076 [FATAL] Updater:351 - Updater called before beeing initialized
2025-06-20 13:27:33,078 [INFO] CADModel:165 - CPN selected for project level
2025-06-20 13:27:33,078 [INFO] CADModel:114 - Register for checkConnection events
2025-06-20 13:27:33,078 [FATAL] Updater:351 - Updater called before beeing initialized
2025-06-20 13:27:33,078 [ERROR] CADModel:125 - Updater not yet initialized, retry later 
2025-06-20 13:27:33,082 [FATAL] Updater:351 - Updater called before beeing initialized
2025-06-20 13:27:33,181 [FATAL] Updater:351 - Updater called before beeing initialized
2025-06-20 13:27:33,184 [INFO] DbMcusAds:53 - JSON generation date=Wed May 07 14:37:55 IST 2025 (1746608875484)
2025-06-20 13:27:33,184 [FATAL] Updater:351 - Updater called before beeing initialized
2025-06-20 13:27:33,225 [WARN] DetailPanel:346 - Failed to get advertising image, set to default
2025-06-20 13:27:33,453 [FATAL] Updater:351 - Updater called before beeing initialized
2025-06-20 13:27:33,455 [FATAL] Updater:351 - Updater called before beeing initialized
2025-06-20 13:27:33,455 [FATAL] Updater:351 - Updater called before beeing initialized
2025-06-20 13:27:33,455 [WARN] DetailPanel:346 - Failed to get advertising image, set to default
2025-06-20 13:27:33,456 [FATAL] Updater:351 - Updater called before beeing initialized
2025-06-20 13:27:33,499 [ERROR] Updater:1198 - MainUpdater not yet initialized. External WinMGr cannot be set.
2025-06-20 13:27:33,501 [INFO] Updater:1134 - Updater Version found : 6.14.1
2025-06-20 13:27:33,518 [INFO] ApplicationProperties:184 - Using Application install path: C:\ST\STM32CubeIDE_1.18.1\STM32CubeIDE\plugins\com.st.stm32cube.common.mx_6.14.1.202504091515
2025-06-20 13:27:35,092 [ERROR] LogOutputStream:75 - [STDERR_REDIRECT] Jun 20, 2025 1:27:35 PM java.util.prefs.WindowsPreferences <init>
2025-06-20 13:27:35,094 [ERROR] LogOutputStream:75 - [STDERR_REDIRECT] WARNING: Could not open/create prefs root node Software\JavaSoft\Prefs at root 0xffffffff80000002. Windows RegCreateKeyEx(...) returned error code 5.
2025-06-20 13:27:35,094 [ERROR] LogOutputStream:75 - [STDERR_REDIRECT] 
2025-06-20 13:27:35,157 [INFO] ThirdPartyUpdaterWithRetryManager:70 - Updater plugin not ready yet. [2/15]
2025-06-20 13:27:35,333 [INFO] MainUpdater:2872 - connection check result : 10
2025-06-20 13:27:35,334 [INFO] MainUpdater:289 - Updater Check For Update Now.
2025-06-20 13:27:35,334 [INFO] MicroXplorer:498 - Change Database Version : DB.6.0.141
2025-06-20 13:27:35,340 [INFO] McuFinderGlobals:63 - Set McuFinder mode to 2 (CubeIDE integrated)
2025-06-20 13:27:35,340 [INFO] UserAuth:171 - activating auth plugin
2025-06-20 13:27:35,342 [INFO] UserAuth:484 - Internet connection configuration mode: 1
2025-06-20 13:27:35,369 [INFO] JxBrowserEngine:152 - Initiate JxBrowser Engine with user profile folder
2025-06-20 13:27:35,511 [INFO] CheckServerUpdateThread:120 - End of CheckServer Thread
2025-06-20 13:27:36,878 [INFO] WebApp:169 - Instantiating new browser for Auth
2025-06-20 13:27:37,671 [INFO] WebApp:463 - Apply proxy settings
2025-06-20 13:27:37,672 [INFO] WebApp:548 - Chromium requires no authentication
2025-06-20 13:27:37,688 [INFO] WebApp:491 - Direct internet connection detected
2025-06-20 13:27:37,729 [INFO] WebApp:894 - Register for checkConnection events
2025-06-20 13:27:37,729 [INFO] WebApp:463 - Apply proxy settings
2025-06-20 13:27:37,729 [INFO] WebApp:548 - Chromium requires no authentication
2025-06-20 13:27:37,730 [INFO] WebApp:491 - Direct internet connection detected
2025-06-20 13:27:37,945 [INFO] WebApp:191 - Connection restablished
2025-06-20 13:27:37,967 [INFO] WebApp:225 - Starting web application
2025-06-20 13:27:37,968 [INFO] WebApp:593 - Web application path used C:\ST\STM32CubeIDE_1.18.1\STM32CubeIDE\plugins\com.st.stm32cube.common.mx_6.14.1.202504091515\db\plugins\mcufinder\reactClient1\index.html
2025-06-20 13:27:38,459 [WARN] PackLoader:240 - Cannot read IP mode file for STMicroelectronics.FP-SNS-MOTENVWB1.1.4.0
2025-06-20 13:27:38,473 [WARN] PackLoader:240 - Cannot read IP mode file for STMicroelectronics.X-CUBE-SMBUS.2.1.0
2025-06-20 13:27:38,481 [WARN] PackLoader:240 - Cannot read IP mode file for STMicroelectronics.X-CUBE-ST60.1.0.0
2025-06-20 13:27:38,518 [WARN] PackLoader:240 - Cannot read IP mode file for STMicroelectronics.X-CUBE-AZRTOS-F7.1.1.0
2025-06-20 13:27:38,557 [WARN] PackLoader:240 - Cannot read IP mode file for Infineon.AIROC-Wi-Fi-Bluetooth-STM32.1.7.0
2025-06-20 13:27:38,574 [WARN] PackLoader:240 - Cannot read IP mode file for STMicroelectronics.X-CUBE-DISPLAY.3.0.0
2025-06-20 13:27:38,587 [WARN] PackLoader:240 - Cannot read IP mode file for STMicroelectronics.X-CUBE-NFC10.1.0.0
2025-06-20 13:27:38,602 [WARN] PackLoader:240 - Cannot read IP mode file for STMicroelectronics.X-CUBE-BLEMGR.4.0.0
2025-06-20 13:27:38,610 [WARN] PackLoader:240 - Cannot read IP mode file for emotas.I-CUBE-CANOPEN.1.3.0
2025-06-20 13:27:38,615 [WARN] ConditionMgr:438 - getConditionDescription Invalid condition id : Cortex-A Device cause : null
2025-06-20 13:27:38,629 [WARN] ConditionMgr:1044 - genDependencies : Invalid condition id : Cortex-A Device cause : null
2025-06-20 13:27:38,629 [WARN] ConditionMgr:1044 - genDependencies : Invalid condition id : Cortex-A Device cause : null
2025-06-20 13:27:38,629 [WARN] ConditionMgr:1044 - genDependencies : Invalid condition id : Cortex-A Device cause : null
2025-06-20 13:27:38,634 [WARN] PackLoader:240 - Cannot read IP mode file for STMicroelectronics.X-CUBE-AI.10.0.0
2025-06-20 13:27:38,640 [WARN] PackLoader:240 - Cannot read IP mode file for STMicroelectronics.FP-SNS-SMARTAG2.1.2.0
2025-06-20 13:27:38,652 [INFO] LogOutputStream:77 - [STDOUT_REDIRECT] 1 : Invalid condition id : UX_CORESTACK_Condition cause : null
2025-06-20 13:27:38,652 [INFO] LogOutputStream:77 - [STDOUT_REDIRECT] 1 : Invalid condition id : UX_CORESTACK_Condition cause : null
2025-06-20 13:27:38,654 [INFO] LogOutputStream:77 - [STDOUT_REDIRECT] 1 : Invalid condition id : UX_CORESTACK_Condition cause : null
2025-06-20 13:27:38,655 [INFO] LogOutputStream:77 - [STDOUT_REDIRECT] 1 : Invalid condition id : UX_CORESTACK_Condition cause : null
2025-06-20 13:27:38,657 [INFO] LogOutputStream:77 - [STDOUT_REDIRECT] 1 : Invalid condition id : UX_CORESTACK_Condition cause : null
2025-06-20 13:27:38,661 [WARN] PackLoader:240 - Cannot read IP mode file for STMicroelectronics.X-CUBE-AZRTOS-WL.2.0.0
2025-06-20 13:27:38,667 [WARN] PackLoader:240 - Cannot read IP mode file for STMicroelectronics.FP-SNS-MOTENV1.5.0.0
2025-06-20 13:27:38,677 [WARN] PackLoader:240 - Cannot read IP mode file for WES.I-CUBE-Cesium.1.3.0
2025-06-20 13:27:38,682 [WARN] PackLoader:240 - Cannot read IP mode file for STMicroelectronics.X-CUBE-BLE2.3.3.0
2025-06-20 13:27:38,690 [WARN] PackLoader:240 - Cannot read IP mode file for STMicroelectronics.X-CUBE-NFC9.1.0.0
2025-06-20 13:27:38,696 [WARN] PackLoader:240 - Cannot read IP mode file for wolfSSL.I-CUBE-wolfSSL.5.8.0
2025-06-20 13:27:38,700 [WARN] PackLoader:240 - Cannot read IP mode file for wolfSSL.I-CUBE-wolfMQTT.1.19.2
2025-06-20 13:27:38,703 [WARN] PackLoader:240 - Cannot read IP mode file for STMicroelectronics.X-CUBE-AI.10.1.0
2025-06-20 13:27:38,754 [WARN] PackLoader:240 - Cannot read IP mode file for STMicroelectronics.X-CUBE-MEMS1.11.2.0
2025-06-20 13:27:38,901 [WARN] PackLoader:240 - Cannot read IP mode file for STMicroelectronics.X-CUBE-AZRTOS-G0.1.1.0
2025-06-20 13:27:38,907 [WARN] PackLoader:240 - Cannot read IP mode file for STMicroelectronics.X-CUBE-SAFEA1.1.2.2
2025-06-20 13:27:38,912 [WARN] PackLoader:240 - Cannot read IP mode file for STMicroelectronics.X-CUBE-NFC4.3.0.0
2025-06-20 13:27:38,919 [WARN] PackLoader:240 - Cannot read IP mode file for EmbeddedOffice.I-CUBE-FS-RTOS.1.0.1
2025-06-20 13:27:38,924 [WARN] PackLoader:240 - Cannot read IP mode file for STMicroelectronics.X-CUBE-WB05N.2.0.0
2025-06-20 13:27:38,928 [WARN] PackLoader:240 - Cannot read IP mode file for wolfSSL.I-CUBE-wolfTPM.3.8.0
2025-06-20 13:27:38,932 [WARN] PackLoader:240 - Cannot read IP mode file for STMicroelectronics.X-CUBE-TCPP.4.2.0
2025-06-20 13:27:38,936 [WARN] PackLoader:240 - Cannot read IP mode file for RealThread.X-CUBE-RT-Thread_Nano.4.1.1
2025-06-20 13:27:38,941 [WARN] PackLoader:240 - Cannot read IP mode file for STMicroelectronics.FP-ATR-SIGFOX1.3.2.0
2025-06-20 13:27:38,946 [WARN] PackLoader:240 - Cannot read IP mode file for STMicroelectronics.X-CUBE-EEPRMA1.5.1.0
2025-06-20 13:27:38,953 [WARN] PackLoader:240 - Cannot read IP mode file for ITTIA_DB.I-CUBE-ITTIADB.8.9.0
2025-06-20 13:27:38,959 [WARN] PackLoader:240 - Cannot read IP mode file for STMicroelectronics.X-CUBE-ST67W61.1.0.0
2025-06-20 13:27:38,979 [WARN] PackLoader:240 - Cannot read IP mode file for SEGGER.I-CUBE-embOS.1.3.1
2025-06-20 13:27:39,033 [WARN] PackLoader:240 - Cannot read IP mode file for STMicroelectronics.X-CUBE-ALGOBUILD.1.4.0
2025-06-20 13:27:39,080 [WARN] PackLoader:240 - Cannot read IP mode file for STMicroelectronics.X-CUBE-MEMS1.11.3.0
2025-06-20 13:27:39,249 [WARN] PackLoader:240 - Cannot read IP mode file for STMicroelectronics.X-CUBE-AZRTOS-F4.1.1.0
2025-06-20 13:27:39,254 [WARN] PackLoader:240 - Cannot read IP mode file for STMicroelectronics.X-CUBE-ISPU.2.1.0
2025-06-20 13:27:39,268 [WARN] PackLoader:240 - Cannot read IP mode file for STMicroelectronics.X-CUBE-AZRTOS-L5.2.0.0
2025-06-20 13:27:39,275 [WARN] PackLoader:240 - Cannot read IP mode file for STMicroelectronics.X-CUBE-NFC6.3.1.0
2025-06-20 13:27:39,293 [WARN] ConditionMgr:438 - getConditionDescription Invalid condition id : LAN8742 Phy interface Condition cause : null
2025-06-20 13:27:39,294 [WARN] PackLoader:240 - Cannot read IP mode file for STMicroelectronics.X-CUBE-AZRTOS-L4.2.0.0
2025-06-20 13:27:39,295 [WARN] ConditionMgr:1044 - genDependencies : Invalid condition id : LAN8742 Phy interface Condition cause : null
2025-06-20 13:27:39,295 [WARN] ConditionMgr:1044 - genDependencies : Invalid condition id : LAN8742 Phy interface Condition cause : null
2025-06-20 13:27:39,295 [WARN] ConditionMgr:1044 - genDependencies : Invalid condition id : LAN8742 Phy interface Condition cause : null
2025-06-20 13:27:39,301 [WARN] PackLoader:240 - Cannot read IP mode file for STMicroelectronics.X-CUBE-SFXS2LP1.4.0.0
2025-06-20 13:27:39,322 [WARN] PackLoader:240 - Cannot read IP mode file for STMicroelectronics.X-CUBE-AZRTOS-H7.3.3.0
2025-06-20 13:27:39,334 [WARN] ConditionMgr:438 - getConditionDescription Invalid condition id : UX DEVICE CLASS RTOS Condition cause : null
2025-06-20 13:27:39,335 [WARN] ConditionMgr:438 - getConditionDescription Invalid condition id : UX DEVICE CLASS RTOS Condition cause : null
2025-06-20 13:27:39,336 [WARN] PackLoader:240 - Cannot read IP mode file for STMicroelectronics.X-CUBE-AZRTOS-WB.2.0.0
2025-06-20 13:27:39,337 [WARN] ConditionMgr:1044 - genDependencies : Invalid condition id : UX DEVICE CLASS RTOS Condition cause : null
2025-06-20 13:27:39,337 [WARN] ConditionMgr:1044 - genDependencies : Invalid condition id : UX DEVICE CLASS RTOS Condition cause : null
2025-06-20 13:27:39,337 [WARN] ConditionMgr:1044 - genDependencies : Invalid condition id : UX DEVICE CLASS RTOS Condition cause : null
2025-06-20 13:27:39,337 [WARN] ConditionMgr:1044 - genDependencies : Invalid condition id : UX DEVICE CLASS RTOS Condition cause : null
2025-06-20 13:27:39,337 [WARN] ConditionMgr:1044 - genDependencies : Invalid condition id : UX DEVICE CLASS RTOS Condition cause : null
2025-06-20 13:27:39,342 [WARN] PackLoader:240 - Cannot read IP mode file for STMicroelectronics.X-CUBE-GNSS1.7.0.1
2025-06-20 13:27:39,348 [WARN] PackLoader:240 - Cannot read IP mode file for STMicroelectronics.FP-SNS-STBOX1.2.0.0
2025-06-20 13:27:39,355 [WARN] PackLoader:240 - Cannot read IP mode file for STMicroelectronics.X-CUBE-SUBG2.5.0.0
2025-06-20 13:27:39,370 [WARN] PackLoader:240 - Cannot read IP mode file for STMicroelectronics.X-CUBE-AZRTOS-H7RS.1.1.0
2025-06-20 13:27:39,375 [WARN] PackLoader:240 - Cannot read IP mode file for Cesanta.I-CUBE-Mongoose.7.13.0
2025-06-20 13:27:39,384 [WARN] PackLoader:240 - Cannot read IP mode file for STMicroelectronics.X-CUBE-AZRTOS-G4.2.0.0
2025-06-20 13:27:39,389 [WARN] PackLoader:240 - Cannot read IP mode file for wolfSSL.I-CUBE-wolfSSH.1.4.20
2025-06-20 13:27:39,399 [WARN] PackLoader:240 - Cannot read IP mode file for STMicroelectronics.X-CUBE-IPS.3.1.0
2025-06-20 13:27:39,405 [WARN] PackLoader:240 - Cannot read IP mode file for STMicroelectronics.X-CUBE-ALS.1.0.2
2025-06-20 13:27:39,410 [WARN] PackLoader:240 - Cannot read IP mode file for portGmbH.I-Cube-SoM-uGOAL.1.1.0
2025-06-20 13:27:39,411 [INFO] ThirdParty:978 - Integrity check success = true
2025-06-20 13:27:39,411 [INFO] IntegrityCheckThread:100 - exiting critical section [integrity check]
2025-06-20 13:27:39,411 [INFO] IntegrityCheckThread:103 - End integrity checks thread
2025-06-20 16:22:43,786 [INFO] WebApp:194 - Connection lost
2025-06-20 16:22:48,060 [INFO] WebApp:191 - Connection restablished
2025-06-20 16:22:49,880 [INFO] WebApp:194 - Connection lost
2025-06-20 16:22:50,641 [INFO] WebApp:191 - Connection restablished
2025-06-20 19:07:42,706 [INFO] WebApp:194 - Connection lost
2025-06-20 19:07:47,152 [INFO] WebApp:191 - Connection restablished
2025-06-20 19:07:48,947 [INFO] WebApp:194 - Connection lost
2025-06-20 19:07:49,970 [INFO] WebApp:403 - JxBrowser engine has been closed 
