2025-07-29 11:10:54,336 [INFO] Activator:176 - 


2025-07-29 11:10:54,336 [INFO] Activator:177 - !SESSION log4j initialized
2025-07-29 11:10:59,918 [INFO] LogOutputStream:77 - [STDOUT_REDIRECT] 
2025-07-29 11:11:00,904 [INFO] ApplicationProperties:184 - Using Application install path: C:\ST\STM32CubeIDE_1.18.1\STM32CubeIDE\plugins\com.st.stm32cube.common.mx_6.14.1.202504091515
2025-07-29 11:11:00,923 [INFO] DbMcusXml:78 - Set database path to: C:\ST\STM32CubeIDE_1.18.1\STM32CubeIDE\plugins\com.st.stm32cube.common.mx_6.14.1.202504091515\\db\/mcu/
2025-07-29 11:11:00,923 [INFO] ApiDb:274 - Set plugin database path to: C:\ST\STM32CubeIDE_1.18.1\STM32CubeIDE\plugins\com.st.stm32cube.common.mx_6.14.1.202504091515\\db\/plugins/boardmanager/
2025-07-29 11:11:00,923 [WARN] ApiDb:259 - Overriding images path with different value:  => C:\ST\STM32CubeIDE_1.18.1\STM32CubeIDE\plugins\com.st.stm32cube.common.mx_6.14.1.202504091515\\db\/plugins/mcufinder/images/
2025-07-29 11:11:00,935 [INFO] ApiDb:250 - Set database path to: C:\Users\Admin\.stmcufinder\plugins\mcufinder//mcu/
2025-07-29 11:11:00,936 [INFO] DbMcusAds:125 - Set database path to: C:\Users\Admin\.stmcufinder\plugins\mcufinder//mcu/
2025-07-29 11:11:00,938 [INFO] CrossReferenceDbSqlite:203 - Set database path to: C:\Users\Admin\.stmcufinder\plugins\mcufinder//mcu/cs/
2025-07-29 11:11:01,048 [INFO] RulesReader:64 - Compatibility file has been processed (302 Rules)
2025-07-29 11:11:01,129 [INFO] DbMcusXml:78 - Set database path to: C:\ST\STM32CubeIDE_1.18.1\STM32CubeIDE\plugins\com.st.stm32cube.common.mx_6.14.1.202504091515\\db\/mcu/
2025-07-29 11:11:01,129 [INFO] ApiDb:274 - Set plugin database path to: C:\ST\STM32CubeIDE_1.18.1\STM32CubeIDE\plugins\com.st.stm32cube.common.mx_6.14.1.202504091515\\db\/plugins/boardmanager/
2025-07-29 11:11:01,129 [INFO] ApiDb:261 - Set plugin images path to: C:\ST\STM32CubeIDE_1.18.1\STM32CubeIDE\plugins\com.st.stm32cube.common.mx_6.14.1.202504091515\\db\/plugins/mcufinder/images/
2025-07-29 11:11:01,129 [WARN] DbFile:41 - Overriding database path with different value: C:\Users\Admin\.stmcufinder\plugins\mcufinder/ => C:\Users\Admin\.stmcufinder\plugins\mcufinder
2025-07-29 11:11:01,129 [INFO] ApiDb:250 - Set database path to: C:\Users\Admin\.stmcufinder\plugins\mcufinder//mcu/
2025-07-29 11:11:01,129 [WARN] DbFile:41 - Overriding database path with different value: C:\Users\Admin\.stmcufinder\plugins\mcufinder/ => C:\Users\Admin\.stmcufinder\plugins\mcufinder
2025-07-29 11:11:01,129 [INFO] DbMcusAds:125 - Set database path to: C:\Users\Admin\.stmcufinder\plugins\mcufinder//mcu/
2025-07-29 11:11:01,129 [WARN] DbFile:41 - Overriding database path with different value: C:\Users\Admin\.stmcufinder\plugins\mcufinder/ => C:\Users\Admin\.stmcufinder\plugins\mcufinder
2025-07-29 11:11:01,129 [WARN] DbFile:41 - Overriding database path with different value: C:\Users\Admin\.stmcufinder\plugins\mcufinder/ => C:\Users\Admin\.stmcufinder\plugins\mcufinder
2025-07-29 11:11:01,130 [INFO] CrossReferenceDbSqlite:203 - Set database path to: C:\Users\Admin\.stmcufinder\plugins\mcufinder//mcu/cs/
2025-07-29 11:11:01,205 [INFO] MainPanel:272 - HeapMemory: 268435456
2025-07-29 11:11:01,330 [INFO] DbMcusXml:78 - Set database path to: C:\ST\STM32CubeIDE_1.18.1\STM32CubeIDE\plugins\com.st.stm32cube.common.mx_6.14.1.202504091515\\db\/mcu/
2025-07-29 11:11:01,330 [INFO] ApiDb:274 - Set plugin database path to: C:\ST\STM32CubeIDE_1.18.1\STM32CubeIDE\plugins\com.st.stm32cube.common.mx_6.14.1.202504091515\\db\/plugins/boardmanager/
2025-07-29 11:11:01,330 [INFO] ApiDb:261 - Set plugin images path to: C:\ST\STM32CubeIDE_1.18.1\STM32CubeIDE\plugins\com.st.stm32cube.common.mx_6.14.1.202504091515\\db\/plugins/mcufinder/images/
2025-07-29 11:11:01,330 [WARN] DbFile:41 - Overriding database path with different value: C:\Users\Admin\.stmcufinder\plugins\mcufinder/ => C:\Users\Admin\.stmcufinder\plugins\mcufinder
2025-07-29 11:11:01,330 [INFO] ApiDb:250 - Set database path to: C:\Users\Admin\.stmcufinder\plugins\mcufinder//mcu/
2025-07-29 11:11:01,330 [WARN] DbFile:41 - Overriding database path with different value: C:\Users\Admin\.stmcufinder\plugins\mcufinder/ => C:\Users\Admin\.stmcufinder\plugins\mcufinder
2025-07-29 11:11:01,331 [INFO] DbMcusAds:125 - Set database path to: C:\Users\Admin\.stmcufinder\plugins\mcufinder//mcu/
2025-07-29 11:11:01,331 [WARN] DbFile:41 - Overriding database path with different value: C:\Users\Admin\.stmcufinder\plugins\mcufinder/ => C:\Users\Admin\.stmcufinder\plugins\mcufinder
2025-07-29 11:11:01,331 [WARN] DbFile:41 - Overriding database path with different value: C:\Users\Admin\.stmcufinder\plugins\mcufinder/ => C:\Users\Admin\.stmcufinder\plugins\mcufinder
2025-07-29 11:11:01,331 [INFO] CrossReferenceDbSqlite:203 - Set database path to: C:\Users\Admin\.stmcufinder\plugins\mcufinder//mcu/cs/
2025-07-29 11:11:01,351 [INFO] ApplicationProperties:184 - Using Application install path: C:\ST\STM32CubeIDE_1.18.1\STM32CubeIDE\plugins\com.st.stm32cube.common.mx_6.14.1.202504091515
2025-07-29 11:11:01,352 [INFO] PluginManage:196 - Search for loadable plugins [exclusion list=, ]
2025-07-29 11:11:01,354 [INFO] PluginManage:310 - Check plugin analytics
2025-07-29 11:11:01,555 [INFO] AnalyticsPlugin:253 - Accepted Software Licenses: 
2025-07-29 11:11:01,555 [INFO] AnalyticsPlugin:255 - Accepted CMSIS Pack Licenses: 
2025-07-29 11:11:01,555 [INFO] AnalyticsPlugin:257 - Accepted Firmware Licenses: FW.F4.1.28.0,FW.WB.1.22.0
2025-07-29 11:11:01,558 [INFO] PluginManage:359 - Loaded plugin analytics (category:tool,tabindex:-1)
2025-07-29 11:11:01,558 [INFO] PluginManage:310 - Check plugin cadmodel
2025-07-29 11:11:01,565 [INFO] CADModel:105 - Init CAD model plugin
2025-07-29 11:11:01,565 [INFO] PluginManage:359 - Loaded plugin cadmodel (category:power,tabindex:5)
2025-07-29 11:11:01,565 [INFO] PluginManage:310 - Check plugin clock
2025-07-29 11:11:01,578 [INFO] PluginManage:359 - Loaded plugin clock (category:base,tabindex:2)
2025-07-29 11:11:01,578 [INFO] PluginManage:310 - Check plugin ddr
2025-07-29 11:11:01,582 [INFO] PluginManage:359 - Loaded plugin ddr (category:tool,tabindex:6)
2025-07-29 11:11:01,583 [INFO] PluginManage:310 - Check plugin filemanager
2025-07-29 11:11:01,775 [INFO] PluginManage:359 - Loaded plugin filemanager (category:base,tabindex:10)
2025-07-29 11:11:01,775 [INFO] PluginManage:310 - Check plugin ipmanager
2025-07-29 11:11:01,782 [INFO] PluginManage:359 - Loaded plugin ipmanager (category:base,tabindex:5)
2025-07-29 11:11:01,782 [INFO] PluginManage:310 - Check plugin lpbam
2025-07-29 11:11:01,791 [INFO] PluginManage:359 - Loaded plugin lpbam (category:base,tabindex:0)
2025-07-29 11:11:01,791 [INFO] PluginManage:310 - Check plugin memorymap
2025-07-29 11:11:01,808 [INFO] PluginManage:359 - Loaded plugin memorymap (category:base,tabindex:4)
2025-07-29 11:11:01,808 [INFO] PluginManage:310 - Check plugin pinoutandconfiguration
2025-07-29 11:11:01,824 [INFO] PluginManage:359 - Loaded plugin pinoutandconfiguration (category:base,tabindex:1)
2025-07-29 11:11:01,824 [INFO] PluginManage:310 - Check plugin pinoutconfig
2025-07-29 11:11:01,919 [WARN] SupportedApi:132 - Cannot load RTOS API schema: s4s-elt-must-match.1: The content of 'definitions' must match (annotation?, (simpleType | complexType)?, (unique | key | keyref)*)). A problem was found starting at: attribute.
2025-07-29 11:11:02,078 [INFO] PluginManage:359 - Loaded plugin pinoutconfig (category:base,tabindex:0)
2025-07-29 11:11:02,078 [INFO] PluginManage:310 - Check plugin power
2025-07-29 11:11:02,091 [INFO] PluginManage:359 - Loaded plugin power (category:power,tabindex:4)
2025-07-29 11:11:02,091 [INFO] PluginManage:310 - Check plugin projectmanager
2025-07-29 11:11:02,105 [INFO] PluginManage:359 - Loaded plugin projectmanager (category:projectmanager,tabindex:4)
2025-07-29 11:11:02,105 [INFO] PluginManage:310 - Check plugin rif
2025-07-29 11:11:02,114 [INFO] PluginManage:359 - Loaded plugin rif (category:base,tabindex:3)
2025-07-29 11:11:02,114 [INFO] PluginManage:310 - Check plugin thirdparty
2025-07-29 11:11:02,266 [INFO] PluginManage:359 - Loaded plugin thirdparty (category:base,tabindex:-1)
2025-07-29 11:11:02,266 [WARN] IntegrityCheckThread:84 - waiting for thirdparty lock release [integrity check]
2025-07-29 11:11:02,266 [INFO] PluginManage:310 - Check plugin tools
2025-07-29 11:11:02,266 [INFO] IntegrityCheckThread:86 - entering critical section [integrity check]
2025-07-29 11:11:02,267 [INFO] ThirdPartyUpdaterWithRetryManager:70 - Updater plugin not ready yet. [1/15]
2025-07-29 11:11:02,269 [INFO] PluginManage:359 - Loaded plugin tools (category:base,tabindex:7)
2025-07-29 11:11:02,269 [INFO] PluginManage:310 - Check plugin tutovideos
2025-07-29 11:11:02,479 [INFO] PluginManage:359 - Loaded plugin tutovideos (category:base,tabindex:-1)
2025-07-29 11:11:02,480 [INFO] PluginManage:310 - Check plugin updater
2025-07-29 11:11:02,502 [INFO] PluginManage:359 - Loaded plugin updater (category:base,tabindex:12)
2025-07-29 11:11:02,502 [INFO] PluginManage:310 - Check plugin userauth
2025-07-29 11:11:02,506 [INFO] UserAuth:118 - Init User Auth plugin
2025-07-29 11:11:02,507 [INFO] PluginManage:359 - Loaded plugin userauth (category:base,tabindex:14)
2025-07-29 11:11:02,507 [INFO] PluginManage:283 - PluginManage : Loaded plugins [18]
2025-07-29 11:11:02,702 [INFO] PinOutPanel:1589 - setPackage(No Configuration,No Configuration)
2025-07-29 11:11:02,779 [INFO] CADModel:165 - CPN selected for project level
2025-07-29 11:11:02,779 [INFO] CADModel:114 - Register for checkConnection events
2025-07-29 11:11:02,798 [INFO] IPUIPlugin:80 - create IPUIPlugin
2025-07-29 11:11:02,798 [INFO] PluginManager:220 - loadIPPluginJar : add adc
2025-07-29 11:11:02,802 [INFO] IPUIPlugin:80 - create IPUIPlugin
2025-07-29 11:11:02,802 [INFO] PluginManager:220 - loadIPPluginJar : add aes
2025-07-29 11:11:02,805 [INFO] IPUIPlugin:80 - create IPUIPlugin
2025-07-29 11:11:02,805 [INFO] PluginManager:220 - loadIPPluginJar : add can
2025-07-29 11:11:02,807 [INFO] IPUIPlugin:80 - create IPUIPlugin
2025-07-29 11:11:02,807 [INFO] PluginManager:220 - loadIPPluginJar : add comp
2025-07-29 11:11:02,810 [INFO] IPUIPlugin:80 - create IPUIPlugin
2025-07-29 11:11:02,810 [INFO] PluginManager:220 - loadIPPluginJar : add cryp
2025-07-29 11:11:02,814 [INFO] IPUIPlugin:80 - create IPUIPlugin
2025-07-29 11:11:02,814 [INFO] PluginManager:220 - loadIPPluginJar : add ddr_ctrl_phy
2025-07-29 11:11:02,817 [INFO] IPUIPlugin:80 - create IPUIPlugin
2025-07-29 11:11:02,817 [INFO] PluginManager:220 - loadIPPluginJar : add dfsdm
2025-07-29 11:11:02,824 [INFO] IPUIPlugin:80 - create IPUIPlugin
2025-07-29 11:11:02,824 [INFO] PluginManager:220 - loadIPPluginJar : add dma
2025-07-29 11:11:02,828 [INFO] IPUIPlugin:80 - create IPUIPlugin
2025-07-29 11:11:02,828 [INFO] PluginManager:220 - loadIPPluginJar : add dma3
2025-07-29 11:11:02,831 [INFO] IPUIPlugin:80 - create IPUIPlugin
2025-07-29 11:11:02,831 [INFO] PluginManager:220 - loadIPPluginJar : add extmemmanager
2025-07-29 11:11:02,834 [INFO] IPUIPlugin:80 - create IPUIPlugin
2025-07-29 11:11:02,834 [INFO] PluginManager:220 - loadIPPluginJar : add fatfs
2025-07-29 11:11:02,839 [INFO] IPUIPlugin:80 - create IPUIPlugin
2025-07-29 11:11:02,839 [INFO] PluginManager:220 - loadIPPluginJar : add fmc
2025-07-29 11:11:02,847 [INFO] IPUIPlugin:80 - create IPUIPlugin
2025-07-29 11:11:02,847 [INFO] PluginManager:220 - loadIPPluginJar : add freertos
2025-07-29 11:11:02,849 [INFO] IPUIPlugin:80 - create IPUIPlugin
2025-07-29 11:11:02,849 [INFO] PluginManager:220 - loadIPPluginJar : add genericplugin
2025-07-29 11:11:02,852 [INFO] IPUIPlugin:80 - create IPUIPlugin
2025-07-29 11:11:02,852 [INFO] PluginManager:220 - loadIPPluginJar : add gfxmmu
2025-07-29 11:11:02,857 [INFO] IPUIPlugin:80 - create IPUIPlugin
2025-07-29 11:11:02,857 [INFO] PluginManager:220 - loadIPPluginJar : add gic
2025-07-29 11:11:02,861 [INFO] IPUIPlugin:80 - create IPUIPlugin
2025-07-29 11:11:02,861 [INFO] PluginManager:220 - loadIPPluginJar : add gpio
2025-07-29 11:11:02,865 [INFO] IPUIPlugin:80 - create IPUIPlugin
2025-07-29 11:11:02,865 [INFO] PluginManager:220 - loadIPPluginJar : add gtzc
2025-07-29 11:11:02,868 [INFO] IPUIPlugin:80 - create IPUIPlugin
2025-07-29 11:11:02,868 [INFO] PluginManager:220 - loadIPPluginJar : add hash
2025-07-29 11:11:02,871 [INFO] IPUIPlugin:80 - create IPUIPlugin
2025-07-29 11:11:02,871 [INFO] PluginManager:220 - loadIPPluginJar : add i2c
2025-07-29 11:11:02,874 [INFO] IPUIPlugin:80 - create IPUIPlugin
2025-07-29 11:11:02,874 [INFO] PluginManager:220 - loadIPPluginJar : add i2s
2025-07-29 11:11:02,877 [INFO] IPUIPlugin:80 - create IPUIPlugin
2025-07-29 11:11:02,877 [INFO] PluginManager:220 - loadIPPluginJar : add i3c
2025-07-29 11:11:02,881 [INFO] IPUIPlugin:80 - create IPUIPlugin
2025-07-29 11:11:02,882 [INFO] PluginManager:220 - loadIPPluginJar : add ipddr
2025-07-29 11:11:02,889 [INFO] IPUIPlugin:80 - create IPUIPlugin
2025-07-29 11:11:02,889 [INFO] PluginManager:220 - loadIPPluginJar : add linkedlist
2025-07-29 11:11:02,892 [INFO] IPUIPlugin:80 - create IPUIPlugin
2025-07-29 11:11:02,893 [INFO] PluginManager:220 - loadIPPluginJar : add lorawan
2025-07-29 11:11:02,894 [INFO] IPUIPlugin:80 - create IPUIPlugin
2025-07-29 11:11:02,895 [INFO] PluginManager:220 - loadIPPluginJar : add ltdc
2025-07-29 11:11:02,900 [INFO] IPUIPlugin:80 - create IPUIPlugin
2025-07-29 11:11:02,900 [INFO] PluginManager:220 - loadIPPluginJar : add mdma
2025-07-29 11:11:02,904 [INFO] IPUIPlugin:80 - create IPUIPlugin
2025-07-29 11:11:02,905 [INFO] PluginManager:220 - loadIPPluginJar : add nvic
2025-07-29 11:11:02,908 [INFO] IPUIPlugin:80 - create IPUIPlugin
2025-07-29 11:11:02,908 [INFO] PluginManager:220 - loadIPPluginJar : add opamp
2025-07-29 11:11:02,912 [INFO] IPUIPlugin:80 - create IPUIPlugin
2025-07-29 11:11:02,912 [INFO] PluginManager:220 - loadIPPluginJar : add openamp
2025-07-29 11:11:02,916 [INFO] IPUIPlugin:80 - create IPUIPlugin
2025-07-29 11:11:02,916 [INFO] PluginManager:220 - loadIPPluginJar : add pdm2pcm
2025-07-29 11:11:02,922 [INFO] IPUIPlugin:80 - create IPUIPlugin
2025-07-29 11:11:02,925 [INFO] PluginManager:220 - loadIPPluginJar : add plateformsettings
2025-07-29 11:11:02,927 [INFO] IPUIPlugin:80 - create IPUIPlugin
2025-07-29 11:11:02,927 [INFO] PluginManager:220 - loadIPPluginJar : add quadspi
2025-07-29 11:11:02,929 [INFO] IPUIPlugin:80 - create IPUIPlugin
2025-07-29 11:11:02,930 [INFO] PluginManager:220 - loadIPPluginJar : add radio
2025-07-29 11:11:02,935 [INFO] IPUIPlugin:80 - create IPUIPlugin
2025-07-29 11:11:02,935 [INFO] PluginManager:220 - loadIPPluginJar : add resmgrutility
2025-07-29 11:11:02,939 [INFO] IPUIPlugin:80 - create IPUIPlugin
2025-07-29 11:11:02,939 [INFO] PluginManager:220 - loadIPPluginJar : add sai
2025-07-29 11:11:02,942 [INFO] IPUIPlugin:80 - create IPUIPlugin
2025-07-29 11:11:02,942 [INFO] PluginManager:220 - loadIPPluginJar : add spi
2025-07-29 11:11:02,948 [INFO] IPUIPlugin:80 - create IPUIPlugin
2025-07-29 11:11:02,948 [INFO] PluginManager:220 - loadIPPluginJar : add stm32_wpan
2025-07-29 11:11:02,950 [INFO] IPUIPlugin:80 - create IPUIPlugin
2025-07-29 11:11:02,951 [INFO] PluginManager:220 - loadIPPluginJar : add tim
2025-07-29 11:11:02,954 [INFO] IPUIPlugin:80 - create IPUIPlugin
2025-07-29 11:11:02,954 [INFO] PluginManager:220 - loadIPPluginJar : add touchsensing
2025-07-29 11:11:02,957 [INFO] IPUIPlugin:80 - create IPUIPlugin
2025-07-29 11:11:02,957 [INFO] PluginManager:220 - loadIPPluginJar : add tracer_emb
2025-07-29 11:11:02,960 [INFO] IPUIPlugin:80 - create IPUIPlugin
2025-07-29 11:11:02,960 [INFO] PluginManager:220 - loadIPPluginJar : add ts
2025-07-29 11:11:02,962 [INFO] IPUIPlugin:80 - create IPUIPlugin
2025-07-29 11:11:02,962 [INFO] PluginManager:220 - loadIPPluginJar : add tsc
2025-07-29 11:11:02,965 [INFO] IPUIPlugin:80 - create IPUIPlugin
2025-07-29 11:11:02,965 [INFO] PluginManager:220 - loadIPPluginJar : add ucpd
2025-07-29 11:11:02,968 [INFO] IPUIPlugin:80 - create IPUIPlugin
2025-07-29 11:11:02,968 [INFO] PluginManager:220 - loadIPPluginJar : add usart
2025-07-29 11:11:02,972 [INFO] IPUIPlugin:80 - create IPUIPlugin
2025-07-29 11:11:02,972 [INFO] PluginManager:220 - loadIPPluginJar : add usbx
2025-07-29 11:11:03,096 [FATAL] Updater:351 - Updater called before beeing initialized
2025-07-29 11:11:03,143 [INFO] RulesReader:64 - Compatibility file has been processed (302 Rules)
2025-07-29 11:11:03,154 [INFO] RulesReader:64 - Compatibility file has been processed (302 Rules)
2025-07-29 11:11:03,164 [INFO] CADModel:165 - CPN selected for project level
2025-07-29 11:11:03,164 [INFO] CADModel:114 - Register for checkConnection events
2025-07-29 11:11:03,164 [FATAL] Updater:351 - Updater called before beeing initialized
2025-07-29 11:11:03,164 [ERROR] CADModel:125 - Updater not yet initialized, retry later 
2025-07-29 11:11:03,299 [FATAL] Updater:351 - Updater called before beeing initialized
2025-07-29 11:11:03,301 [INFO] CADModel:165 - CPN selected for project level
2025-07-29 11:11:03,301 [INFO] CADModel:114 - Register for checkConnection events
2025-07-29 11:11:03,301 [FATAL] Updater:351 - Updater called before beeing initialized
2025-07-29 11:11:03,301 [ERROR] CADModel:125 - Updater not yet initialized, retry later 
2025-07-29 11:11:03,304 [FATAL] Updater:351 - Updater called before beeing initialized
2025-07-29 11:11:03,411 [FATAL] Updater:351 - Updater called before beeing initialized
2025-07-29 11:11:03,415 [INFO] DbMcusAds:53 - JSON generation date=Tue Jul 08 13:44:23 IST 2025 (1751962463562)
2025-07-29 11:11:03,415 [FATAL] Updater:351 - Updater called before beeing initialized
2025-07-29 11:11:03,453 [WARN] DetailPanel:346 - Failed to get advertising image, set to default
2025-07-29 11:11:03,699 [FATAL] Updater:351 - Updater called before beeing initialized
2025-07-29 11:11:03,701 [FATAL] Updater:351 - Updater called before beeing initialized
2025-07-29 11:11:03,701 [FATAL] Updater:351 - Updater called before beeing initialized
2025-07-29 11:11:03,701 [WARN] DetailPanel:346 - Failed to get advertising image, set to default
2025-07-29 11:11:03,702 [FATAL] Updater:351 - Updater called before beeing initialized
2025-07-29 11:11:03,760 [ERROR] Updater:1198 - MainUpdater not yet initialized. External WinMGr cannot be set.
2025-07-29 11:11:03,762 [INFO] Updater:1134 - Updater Version found : 6.14.1
2025-07-29 11:11:03,781 [INFO] ApplicationProperties:184 - Using Application install path: C:\ST\STM32CubeIDE_1.18.1\STM32CubeIDE\plugins\com.st.stm32cube.common.mx_6.14.1.202504091515
2025-07-29 11:11:05,269 [INFO] ThirdPartyUpdaterWithRetryManager:70 - Updater plugin not ready yet. [2/15]
2025-07-29 11:11:05,353 [ERROR] LogOutputStream:75 - [STDERR_REDIRECT] Jul 29, 2025 11:11:05 AM java.util.prefs.WindowsPreferences <init>
2025-07-29 11:11:05,354 [ERROR] LogOutputStream:75 - [STDERR_REDIRECT] WARNING: Could not open/create prefs root node Software\JavaSoft\Prefs at root 0xffffffff80000002. Windows RegCreateKeyEx(...) returned error code 5.
2025-07-29 11:11:05,355 [ERROR] LogOutputStream:75 - [STDERR_REDIRECT] 
2025-07-29 11:11:05,601 [INFO] MainUpdater:2872 - connection check result : 10
2025-07-29 11:11:05,602 [INFO] MainUpdater:289 - Updater Check For Update Now.
2025-07-29 11:11:05,602 [INFO] MicroXplorer:498 - Change Database Version : DB.6.0.141
2025-07-29 11:11:05,609 [INFO] McuFinderGlobals:63 - Set McuFinder mode to 2 (CubeIDE integrated)
2025-07-29 11:11:05,611 [INFO] UserAuth:484 - Internet connection configuration mode: 1
2025-07-29 11:11:05,643 [INFO] JxBrowserEngine:152 - Initiate JxBrowser Engine with user profile folder
2025-07-29 11:11:05,783 [INFO] CheckServerUpdateThread:120 - End of CheckServer Thread
2025-07-29 11:11:07,450 [INFO] WebApp:169 - Instantiating new browser for Auth
2025-07-29 11:11:08,319 [INFO] WebApp:463 - Apply proxy settings
2025-07-29 11:11:08,319 [INFO] WebApp:548 - Chromium requires no authentication
2025-07-29 11:11:08,338 [INFO] WebApp:491 - Direct internet connection detected
2025-07-29 11:11:08,384 [INFO] WebApp:894 - Register for checkConnection events
2025-07-29 11:11:08,385 [INFO] WebApp:463 - Apply proxy settings
2025-07-29 11:11:08,385 [INFO] WebApp:548 - Chromium requires no authentication
2025-07-29 11:11:08,385 [INFO] WebApp:491 - Direct internet connection detected
2025-07-29 11:11:08,570 [WARN] PackLoader:240 - Cannot read IP mode file for STMicroelectronics.FP-SNS-MOTENVWB1.1.4.0
2025-07-29 11:11:08,590 [WARN] PackLoader:240 - Cannot read IP mode file for STMicroelectronics.X-CUBE-SMBUS.2.1.0
2025-07-29 11:11:08,596 [WARN] PackLoader:240 - Cannot read IP mode file for STMicroelectronics.X-CUBE-ST60.1.0.0
2025-07-29 11:11:08,641 [WARN] PackLoader:240 - Cannot read IP mode file for STMicroelectronics.X-CUBE-AZRTOS-F7.1.1.0
2025-07-29 11:11:08,652 [INFO] WebApp:191 - Connection restablished
2025-07-29 11:11:08,692 [WARN] PackLoader:240 - Cannot read IP mode file for Infineon.AIROC-Wi-Fi-Bluetooth-STM32.1.7.0
2025-07-29 11:11:08,739 [WARN] PackLoader:240 - Cannot read IP mode file for STMicroelectronics.X-CUBE-AZRTOS-H7.3.4.0
2025-07-29 11:11:08,754 [WARN] PackLoader:240 - Cannot read IP mode file for STMicroelectronics.X-CUBE-DISPLAY.3.0.0
2025-07-29 11:11:08,772 [WARN] PackLoader:240 - Cannot read IP mode file for STMicroelectronics.X-CUBE-NFC10.1.0.0
2025-07-29 11:11:08,790 [WARN] PackLoader:240 - Cannot read IP mode file for STMicroelectronics.X-CUBE-BLEMGR.4.0.0
2025-07-29 11:11:08,827 [WARN] PackLoader:240 - Cannot read IP mode file for emotas.I-CUBE-CANOPEN.1.3.0
2025-07-29 11:11:08,835 [WARN] ConditionMgr:438 - getConditionDescription Invalid condition id : Cortex-A Device cause : null
2025-07-29 11:11:08,849 [INFO] WebApp:225 - Starting web application
2025-07-29 11:11:08,849 [INFO] WebApp:593 - Web application path used C:\ST\STM32CubeIDE_1.18.1\STM32CubeIDE\plugins\com.st.stm32cube.common.mx_6.14.1.202504091515\db\plugins\mcufinder\reactClient1\index.html
2025-07-29 11:11:08,851 [WARN] ConditionMgr:1044 - genDependencies : Invalid condition id : Cortex-A Device cause : null
2025-07-29 11:11:08,852 [WARN] ConditionMgr:1044 - genDependencies : Invalid condition id : Cortex-A Device cause : null
2025-07-29 11:11:08,852 [WARN] ConditionMgr:1044 - genDependencies : Invalid condition id : Cortex-A Device cause : null
2025-07-29 11:11:08,858 [WARN] PackLoader:240 - Cannot read IP mode file for STMicroelectronics.X-CUBE-AI.10.0.0
2025-07-29 11:11:08,865 [WARN] PackLoader:240 - Cannot read IP mode file for STMicroelectronics.FP-SNS-SMARTAG2.1.2.0
2025-07-29 11:11:08,879 [INFO] LogOutputStream:77 - [STDOUT_REDIRECT] 1 : Invalid condition id : UX_CORESTACK_Condition cause : null
2025-07-29 11:11:08,880 [INFO] LogOutputStream:77 - [STDOUT_REDIRECT] 1 : Invalid condition id : UX_CORESTACK_Condition cause : null
2025-07-29 11:11:08,882 [INFO] LogOutputStream:77 - [STDOUT_REDIRECT] 1 : Invalid condition id : UX_CORESTACK_Condition cause : null
2025-07-29 11:11:08,883 [INFO] LogOutputStream:77 - [STDOUT_REDIRECT] 1 : Invalid condition id : UX_CORESTACK_Condition cause : null
2025-07-29 11:11:08,885 [INFO] LogOutputStream:77 - [STDOUT_REDIRECT] 1 : Invalid condition id : UX_CORESTACK_Condition cause : null
2025-07-29 11:11:08,906 [WARN] PackLoader:240 - Cannot read IP mode file for STMicroelectronics.X-CUBE-AZRTOS-WL.2.0.0
2025-07-29 11:11:08,916 [WARN] PackLoader:240 - Cannot read IP mode file for STMicroelectronics.FP-SNS-MOTENV1.5.0.0
2025-07-29 11:11:08,928 [WARN] PackLoader:240 - Cannot read IP mode file for WES.I-CUBE-Cesium.1.3.0
2025-07-29 11:11:08,935 [WARN] PackLoader:240 - Cannot read IP mode file for STMicroelectronics.X-CUBE-BLE2.3.3.0
2025-07-29 11:11:08,945 [WARN] PackLoader:240 - Cannot read IP mode file for STMicroelectronics.X-CUBE-NFC9.1.0.0
2025-07-29 11:11:08,958 [WARN] PackLoader:240 - Cannot read IP mode file for wolfSSL.I-CUBE-wolfSSL.5.8.0
2025-07-29 11:11:08,963 [WARN] PackLoader:240 - Cannot read IP mode file for wolfSSL.I-CUBE-wolfMQTT.1.19.2
2025-07-29 11:11:08,971 [WARN] PackLoader:240 - Cannot read IP mode file for STMicroelectronics.X-CUBE-EEPRMA1.5.2.0
2025-07-29 11:11:08,988 [WARN] PackLoader:240 - Cannot read IP mode file for STMicroelectronics.X-CUBE-AI.10.1.0
2025-07-29 11:11:09,061 [WARN] PackLoader:240 - Cannot read IP mode file for STMicroelectronics.X-CUBE-MEMS1.11.2.0
2025-07-29 11:11:09,185 [INFO] UserAuth:484 - Internet connection configuration mode: 1
2025-07-29 11:11:09,326 [WARN] PackLoader:240 - Cannot read IP mode file for STMicroelectronics.X-CUBE-AZRTOS-G0.1.1.0
2025-07-29 11:11:09,336 [WARN] PackLoader:240 - Cannot read IP mode file for STMicroelectronics.X-CUBE-SAFEA1.1.2.2
2025-07-29 11:11:09,344 [WARN] PackLoader:240 - Cannot read IP mode file for STMicroelectronics.X-CUBE-NFC4.3.0.0
2025-07-29 11:11:09,368 [WARN] PackLoader:240 - Cannot read IP mode file for EmbeddedOffice.I-CUBE-FS-RTOS.1.0.1
2025-07-29 11:11:09,388 [WARN] PackLoader:240 - Cannot read IP mode file for STMicroelectronics.X-CUBE-WB05N.2.0.0
2025-07-29 11:11:09,393 [WARN] PackLoader:240 - Cannot read IP mode file for wolfSSL.I-CUBE-wolfTPM.3.8.0
2025-07-29 11:11:09,400 [WARN] PackLoader:240 - Cannot read IP mode file for STMicroelectronics.X-CUBE-TCPP.4.2.0
2025-07-29 11:11:09,405 [WARN] PackLoader:240 - Cannot read IP mode file for RealThread.X-CUBE-RT-Thread_Nano.4.1.1
2025-07-29 11:11:09,409 [WARN] PackLoader:240 - Cannot read IP mode file for STMicroelectronics.FP-ATR-SIGFOX1.3.2.0
2025-07-29 11:11:09,415 [WARN] PackLoader:240 - Cannot read IP mode file for STMicroelectronics.X-CUBE-EEPRMA1.5.1.0
2025-07-29 11:11:09,422 [WARN] PackLoader:240 - Cannot read IP mode file for ITTIA_DB.I-CUBE-ITTIADB.8.9.0
2025-07-29 11:11:09,429 [WARN] PackLoader:240 - Cannot read IP mode file for STMicroelectronics.X-CUBE-ST67W61.1.0.0
2025-07-29 11:11:09,458 [WARN] PackLoader:240 - Cannot read IP mode file for SEGGER.I-CUBE-embOS.1.3.1
2025-07-29 11:11:09,513 [WARN] PackLoader:240 - Cannot read IP mode file for STMicroelectronics.X-CUBE-ALGOBUILD.1.4.0
2025-07-29 11:11:09,565 [WARN] PackLoader:240 - Cannot read IP mode file for STMicroelectronics.X-CUBE-MEMS1.11.3.0
2025-07-29 11:11:09,662 [WARN] PackLoader:240 - Cannot read IP mode file for STMicroelectronics.X-CUBE-PM33A1.1.0.0
2025-07-29 11:11:09,700 [WARN] PackLoader:240 - Cannot read IP mode file for STMicroelectronics.X-CUBE-AZRTOS-F4.1.1.0
2025-07-29 11:11:09,709 [WARN] PackLoader:240 - Cannot read IP mode file for STMicroelectronics.X-CUBE-ISPU.2.1.0
2025-07-29 11:11:09,717 [WARN] PackLoader:240 - Cannot read IP mode file for STMicroelectronics.X-CUBE-NFC12.1.0.0
2025-07-29 11:11:09,741 [WARN] PackLoader:240 - Cannot read IP mode file for STMicroelectronics.X-CUBE-AZRTOS-L5.2.0.0
2025-07-29 11:11:09,753 [WARN] PackLoader:240 - Cannot read IP mode file for STMicroelectronics.X-CUBE-NFC6.3.1.0
2025-07-29 11:11:09,780 [WARN] PackLoader:240 - Cannot read IP mode file for STMicroelectronics.FP-SNS-STAIOTCFT.1.0.0
2025-07-29 11:11:09,802 [WARN] ConditionMgr:438 - getConditionDescription Invalid condition id : LAN8742 Phy interface Condition cause : null
2025-07-29 11:11:09,802 [WARN] PackLoader:240 - Cannot read IP mode file for STMicroelectronics.X-CUBE-AZRTOS-L4.2.0.0
2025-07-29 11:11:09,804 [WARN] ConditionMgr:1044 - genDependencies : Invalid condition id : LAN8742 Phy interface Condition cause : null
2025-07-29 11:11:09,804 [WARN] ConditionMgr:1044 - genDependencies : Invalid condition id : LAN8742 Phy interface Condition cause : null
2025-07-29 11:11:09,804 [WARN] ConditionMgr:1044 - genDependencies : Invalid condition id : LAN8742 Phy interface Condition cause : null
2025-07-29 11:11:09,815 [WARN] PackLoader:240 - Cannot read IP mode file for STMicroelectronics.X-CUBE-SFXS2LP1.4.0.0
2025-07-29 11:11:09,863 [WARN] PackLoader:240 - Cannot read IP mode file for STMicroelectronics.X-CUBE-AZRTOS-H7.3.3.0
2025-07-29 11:11:09,880 [WARN] PackLoader:240 - Cannot read IP mode file for STMicroelectronics.X-CUBE-BLEMGR.4.1.0
2025-07-29 11:11:09,899 [WARN] ConditionMgr:438 - getConditionDescription Invalid condition id : UX DEVICE CLASS RTOS Condition cause : null
2025-07-29 11:11:09,899 [WARN] ConditionMgr:438 - getConditionDescription Invalid condition id : UX DEVICE CLASS RTOS Condition cause : null
2025-07-29 11:11:09,902 [WARN] PackLoader:240 - Cannot read IP mode file for STMicroelectronics.X-CUBE-AZRTOS-WB.2.0.0
2025-07-29 11:11:09,903 [WARN] ConditionMgr:1044 - genDependencies : Invalid condition id : UX DEVICE CLASS RTOS Condition cause : null
2025-07-29 11:11:09,903 [WARN] ConditionMgr:1044 - genDependencies : Invalid condition id : UX DEVICE CLASS RTOS Condition cause : null
2025-07-29 11:11:09,903 [WARN] ConditionMgr:1044 - genDependencies : Invalid condition id : UX DEVICE CLASS RTOS Condition cause : null
2025-07-29 11:11:09,903 [WARN] ConditionMgr:1044 - genDependencies : Invalid condition id : UX DEVICE CLASS RTOS Condition cause : null
2025-07-29 11:11:09,903 [WARN] ConditionMgr:1044 - genDependencies : Invalid condition id : UX DEVICE CLASS RTOS Condition cause : null
2025-07-29 11:11:09,909 [WARN] PackLoader:240 - Cannot read IP mode file for STMicroelectronics.X-CUBE-GNSS1.7.0.1
2025-07-29 11:11:09,916 [WARN] PackLoader:240 - Cannot read IP mode file for STMicroelectronics.FP-SNS-STBOX1.2.0.0
2025-07-29 11:11:09,928 [WARN] PackLoader:240 - Cannot read IP mode file for STMicroelectronics.X-CUBE-SUBG2.5.0.0
2025-07-29 11:11:09,964 [WARN] PackLoader:240 - Cannot read IP mode file for STMicroelectronics.X-CUBE-AZRTOS-H7RS.1.1.0
2025-07-29 11:11:09,970 [WARN] PackLoader:240 - Cannot read IP mode file for Cesanta.I-CUBE-Mongoose.7.13.0
2025-07-29 11:11:09,982 [WARN] PackLoader:240 - Cannot read IP mode file for STMicroelectronics.X-CUBE-AZRTOS-G4.2.0.0
2025-07-29 11:11:09,988 [WARN] PackLoader:240 - Cannot read IP mode file for wolfSSL.I-CUBE-wolfSSH.1.4.20
2025-07-29 11:11:09,997 [WARN] PackLoader:240 - Cannot read IP mode file for STMicroelectronics.X-CUBE-IPS.3.1.0
2025-07-29 11:11:10,004 [WARN] PackLoader:240 - Cannot read IP mode file for STMicroelectronics.X-CUBE-ALS.1.0.2
2025-07-29 11:11:10,009 [WARN] PackLoader:240 - Cannot read IP mode file for portGmbH.I-Cube-SoM-uGOAL.1.1.0
2025-07-29 11:11:10,010 [INFO] ThirdParty:978 - Integrity check success = true
2025-07-29 11:11:10,010 [INFO] IntegrityCheckThread:100 - exiting critical section [integrity check]
2025-07-29 11:11:10,010 [INFO] IntegrityCheckThread:103 - End integrity checks thread
2025-07-29 11:29:52,910 [INFO] WebApp:194 - Connection lost
2025-07-29 12:33:56,530 [INFO] Activator:176 - 


2025-07-29 12:33:56,530 [INFO] Activator:177 - !SESSION log4j initialized
2025-07-29 12:34:02,114 [INFO] LogOutputStream:77 - [STDOUT_REDIRECT] 
2025-07-29 12:34:03,088 [INFO] ApplicationProperties:184 - Using Application install path: C:\ST\STM32CubeIDE_1.18.1\STM32CubeIDE\plugins\com.st.stm32cube.common.mx_6.14.1.202504091515
2025-07-29 12:34:03,107 [INFO] DbMcusXml:78 - Set database path to: C:\ST\STM32CubeIDE_1.18.1\STM32CubeIDE\plugins\com.st.stm32cube.common.mx_6.14.1.202504091515\\db\/mcu/
2025-07-29 12:34:03,107 [INFO] ApiDb:274 - Set plugin database path to: C:\ST\STM32CubeIDE_1.18.1\STM32CubeIDE\plugins\com.st.stm32cube.common.mx_6.14.1.202504091515\\db\/plugins/boardmanager/
2025-07-29 12:34:03,108 [WARN] ApiDb:259 - Overriding images path with different value:  => C:\ST\STM32CubeIDE_1.18.1\STM32CubeIDE\plugins\com.st.stm32cube.common.mx_6.14.1.202504091515\\db\/plugins/mcufinder/images/
2025-07-29 12:34:03,118 [INFO] ApiDb:250 - Set database path to: C:\Users\Admin\.stmcufinder\plugins\mcufinder//mcu/
2025-07-29 12:34:03,119 [INFO] DbMcusAds:125 - Set database path to: C:\Users\Admin\.stmcufinder\plugins\mcufinder//mcu/
2025-07-29 12:34:03,121 [INFO] CrossReferenceDbSqlite:203 - Set database path to: C:\Users\Admin\.stmcufinder\plugins\mcufinder//mcu/cs/
2025-07-29 12:34:03,239 [INFO] RulesReader:64 - Compatibility file has been processed (302 Rules)
2025-07-29 12:34:03,338 [INFO] DbMcusXml:78 - Set database path to: C:\ST\STM32CubeIDE_1.18.1\STM32CubeIDE\plugins\com.st.stm32cube.common.mx_6.14.1.202504091515\\db\/mcu/
2025-07-29 12:34:03,338 [INFO] ApiDb:274 - Set plugin database path to: C:\ST\STM32CubeIDE_1.18.1\STM32CubeIDE\plugins\com.st.stm32cube.common.mx_6.14.1.202504091515\\db\/plugins/boardmanager/
2025-07-29 12:34:03,339 [INFO] ApiDb:261 - Set plugin images path to: C:\ST\STM32CubeIDE_1.18.1\STM32CubeIDE\plugins\com.st.stm32cube.common.mx_6.14.1.202504091515\\db\/plugins/mcufinder/images/
2025-07-29 12:34:03,339 [WARN] DbFile:41 - Overriding database path with different value: C:\Users\Admin\.stmcufinder\plugins\mcufinder/ => C:\Users\Admin\.stmcufinder\plugins\mcufinder
2025-07-29 12:34:03,339 [INFO] ApiDb:250 - Set database path to: C:\Users\Admin\.stmcufinder\plugins\mcufinder//mcu/
2025-07-29 12:34:03,339 [WARN] DbFile:41 - Overriding database path with different value: C:\Users\Admin\.stmcufinder\plugins\mcufinder/ => C:\Users\Admin\.stmcufinder\plugins\mcufinder
2025-07-29 12:34:03,339 [INFO] DbMcusAds:125 - Set database path to: C:\Users\Admin\.stmcufinder\plugins\mcufinder//mcu/
2025-07-29 12:34:03,339 [WARN] DbFile:41 - Overriding database path with different value: C:\Users\Admin\.stmcufinder\plugins\mcufinder/ => C:\Users\Admin\.stmcufinder\plugins\mcufinder
2025-07-29 12:34:03,339 [WARN] DbFile:41 - Overriding database path with different value: C:\Users\Admin\.stmcufinder\plugins\mcufinder/ => C:\Users\Admin\.stmcufinder\plugins\mcufinder
2025-07-29 12:34:03,339 [INFO] CrossReferenceDbSqlite:203 - Set database path to: C:\Users\Admin\.stmcufinder\plugins\mcufinder//mcu/cs/
2025-07-29 12:34:03,424 [INFO] MainPanel:272 - HeapMemory: 268435456
2025-07-29 12:34:03,538 [INFO] DbMcusXml:78 - Set database path to: C:\ST\STM32CubeIDE_1.18.1\STM32CubeIDE\plugins\com.st.stm32cube.common.mx_6.14.1.202504091515\\db\/mcu/
2025-07-29 12:34:03,539 [INFO] ApiDb:274 - Set plugin database path to: C:\ST\STM32CubeIDE_1.18.1\STM32CubeIDE\plugins\com.st.stm32cube.common.mx_6.14.1.202504091515\\db\/plugins/boardmanager/
2025-07-29 12:34:03,539 [INFO] ApiDb:261 - Set plugin images path to: C:\ST\STM32CubeIDE_1.18.1\STM32CubeIDE\plugins\com.st.stm32cube.common.mx_6.14.1.202504091515\\db\/plugins/mcufinder/images/
2025-07-29 12:34:03,539 [WARN] DbFile:41 - Overriding database path with different value: C:\Users\Admin\.stmcufinder\plugins\mcufinder/ => C:\Users\Admin\.stmcufinder\plugins\mcufinder
2025-07-29 12:34:03,539 [INFO] ApiDb:250 - Set database path to: C:\Users\Admin\.stmcufinder\plugins\mcufinder//mcu/
2025-07-29 12:34:03,539 [WARN] DbFile:41 - Overriding database path with different value: C:\Users\Admin\.stmcufinder\plugins\mcufinder/ => C:\Users\Admin\.stmcufinder\plugins\mcufinder
2025-07-29 12:34:03,539 [INFO] DbMcusAds:125 - Set database path to: C:\Users\Admin\.stmcufinder\plugins\mcufinder//mcu/
2025-07-29 12:34:03,539 [WARN] DbFile:41 - Overriding database path with different value: C:\Users\Admin\.stmcufinder\plugins\mcufinder/ => C:\Users\Admin\.stmcufinder\plugins\mcufinder
2025-07-29 12:34:03,540 [WARN] DbFile:41 - Overriding database path with different value: C:\Users\Admin\.stmcufinder\plugins\mcufinder/ => C:\Users\Admin\.stmcufinder\plugins\mcufinder
2025-07-29 12:34:03,540 [INFO] CrossReferenceDbSqlite:203 - Set database path to: C:\Users\Admin\.stmcufinder\plugins\mcufinder//mcu/cs/
2025-07-29 12:34:03,558 [INFO] ApplicationProperties:184 - Using Application install path: C:\ST\STM32CubeIDE_1.18.1\STM32CubeIDE\plugins\com.st.stm32cube.common.mx_6.14.1.202504091515
2025-07-29 12:34:03,559 [INFO] PluginManage:196 - Search for loadable plugins [exclusion list=, ]
2025-07-29 12:34:03,560 [INFO] PluginManage:310 - Check plugin analytics
2025-07-29 12:34:03,761 [INFO] AnalyticsPlugin:253 - Accepted Software Licenses: 
2025-07-29 12:34:03,761 [INFO] AnalyticsPlugin:255 - Accepted CMSIS Pack Licenses: 
2025-07-29 12:34:03,761 [INFO] AnalyticsPlugin:257 - Accepted Firmware Licenses: FW.F4.1.28.0,FW.WB.1.22.0
2025-07-29 12:34:03,764 [INFO] PluginManage:359 - Loaded plugin analytics (category:tool,tabindex:-1)
2025-07-29 12:34:03,764 [INFO] PluginManage:310 - Check plugin cadmodel
2025-07-29 12:34:03,771 [INFO] CADModel:105 - Init CAD model plugin
2025-07-29 12:34:03,771 [INFO] PluginManage:359 - Loaded plugin cadmodel (category:power,tabindex:5)
2025-07-29 12:34:03,771 [INFO] PluginManage:310 - Check plugin clock
2025-07-29 12:34:03,784 [INFO] PluginManage:359 - Loaded plugin clock (category:base,tabindex:2)
2025-07-29 12:34:03,784 [INFO] PluginManage:310 - Check plugin ddr
2025-07-29 12:34:03,787 [INFO] PluginManage:359 - Loaded plugin ddr (category:tool,tabindex:6)
2025-07-29 12:34:03,787 [INFO] PluginManage:310 - Check plugin filemanager
2025-07-29 12:34:03,935 [INFO] PluginManage:359 - Loaded plugin filemanager (category:base,tabindex:10)
2025-07-29 12:34:03,935 [INFO] PluginManage:310 - Check plugin ipmanager
2025-07-29 12:34:03,942 [INFO] PluginManage:359 - Loaded plugin ipmanager (category:base,tabindex:5)
2025-07-29 12:34:03,942 [INFO] PluginManage:310 - Check plugin lpbam
2025-07-29 12:34:03,950 [INFO] PluginManage:359 - Loaded plugin lpbam (category:base,tabindex:0)
2025-07-29 12:34:03,950 [INFO] PluginManage:310 - Check plugin memorymap
2025-07-29 12:34:03,983 [INFO] PluginManage:359 - Loaded plugin memorymap (category:base,tabindex:4)
2025-07-29 12:34:03,984 [INFO] PluginManage:310 - Check plugin pinoutandconfiguration
2025-07-29 12:34:03,994 [INFO] PluginManage:359 - Loaded plugin pinoutandconfiguration (category:base,tabindex:1)
2025-07-29 12:34:03,994 [INFO] PluginManage:310 - Check plugin pinoutconfig
2025-07-29 12:34:04,085 [WARN] SupportedApi:132 - Cannot load RTOS API schema: s4s-elt-must-match.1: The content of 'definitions' must match (annotation?, (simpleType | complexType)?, (unique | key | keyref)*)). A problem was found starting at: attribute.
2025-07-29 12:34:04,231 [INFO] PluginManage:359 - Loaded plugin pinoutconfig (category:base,tabindex:0)
2025-07-29 12:34:04,232 [INFO] PluginManage:310 - Check plugin power
2025-07-29 12:34:04,244 [INFO] PluginManage:359 - Loaded plugin power (category:power,tabindex:4)
2025-07-29 12:34:04,244 [INFO] PluginManage:310 - Check plugin projectmanager
2025-07-29 12:34:04,261 [INFO] PluginManage:359 - Loaded plugin projectmanager (category:projectmanager,tabindex:4)
2025-07-29 12:34:04,262 [INFO] PluginManage:310 - Check plugin rif
2025-07-29 12:34:04,272 [INFO] PluginManage:359 - Loaded plugin rif (category:base,tabindex:3)
2025-07-29 12:34:04,272 [INFO] PluginManage:310 - Check plugin thirdparty
2025-07-29 12:34:04,419 [WARN] IntegrityCheckThread:84 - waiting for thirdparty lock release [integrity check]
2025-07-29 12:34:04,420 [INFO] IntegrityCheckThread:86 - entering critical section [integrity check]
2025-07-29 12:34:04,420 [INFO] PluginManage:359 - Loaded plugin thirdparty (category:base,tabindex:-1)
2025-07-29 12:34:04,420 [INFO] PluginManage:310 - Check plugin tools
2025-07-29 12:34:04,420 [INFO] ThirdPartyUpdaterWithRetryManager:70 - Updater plugin not ready yet. [1/15]
2025-07-29 12:34:04,424 [INFO] PluginManage:359 - Loaded plugin tools (category:base,tabindex:7)
2025-07-29 12:34:04,424 [INFO] PluginManage:310 - Check plugin tutovideos
2025-07-29 12:34:04,595 [INFO] PluginManage:359 - Loaded plugin tutovideos (category:base,tabindex:-1)
2025-07-29 12:34:04,595 [INFO] PluginManage:310 - Check plugin updater
2025-07-29 12:34:04,616 [INFO] PluginManage:359 - Loaded plugin updater (category:base,tabindex:12)
2025-07-29 12:34:04,616 [INFO] PluginManage:310 - Check plugin userauth
2025-07-29 12:34:04,620 [INFO] UserAuth:118 - Init User Auth plugin
2025-07-29 12:34:04,621 [INFO] PluginManage:359 - Loaded plugin userauth (category:base,tabindex:14)
2025-07-29 12:34:04,621 [INFO] PluginManage:283 - PluginManage : Loaded plugins [18]
2025-07-29 12:34:04,811 [INFO] PinOutPanel:1589 - setPackage(No Configuration,No Configuration)
2025-07-29 12:34:04,887 [INFO] CADModel:165 - CPN selected for project level
2025-07-29 12:34:04,888 [INFO] CADModel:114 - Register for checkConnection events
2025-07-29 12:34:04,911 [INFO] IPUIPlugin:80 - create IPUIPlugin
2025-07-29 12:34:04,911 [INFO] PluginManager:220 - loadIPPluginJar : add adc
2025-07-29 12:34:04,914 [INFO] IPUIPlugin:80 - create IPUIPlugin
2025-07-29 12:34:04,915 [INFO] PluginManager:220 - loadIPPluginJar : add aes
2025-07-29 12:34:04,917 [INFO] IPUIPlugin:80 - create IPUIPlugin
2025-07-29 12:34:04,918 [INFO] PluginManager:220 - loadIPPluginJar : add can
2025-07-29 12:34:04,919 [INFO] IPUIPlugin:80 - create IPUIPlugin
2025-07-29 12:34:04,920 [INFO] PluginManager:220 - loadIPPluginJar : add comp
2025-07-29 12:34:04,923 [INFO] IPUIPlugin:80 - create IPUIPlugin
2025-07-29 12:34:04,923 [INFO] PluginManager:220 - loadIPPluginJar : add cryp
2025-07-29 12:34:04,927 [INFO] IPUIPlugin:80 - create IPUIPlugin
2025-07-29 12:34:04,927 [INFO] PluginManager:220 - loadIPPluginJar : add ddr_ctrl_phy
2025-07-29 12:34:04,929 [INFO] IPUIPlugin:80 - create IPUIPlugin
2025-07-29 12:34:04,929 [INFO] PluginManager:220 - loadIPPluginJar : add dfsdm
2025-07-29 12:34:04,935 [INFO] IPUIPlugin:80 - create IPUIPlugin
2025-07-29 12:34:04,936 [INFO] PluginManager:220 - loadIPPluginJar : add dma
2025-07-29 12:34:04,939 [INFO] IPUIPlugin:80 - create IPUIPlugin
2025-07-29 12:34:04,939 [INFO] PluginManager:220 - loadIPPluginJar : add dma3
2025-07-29 12:34:04,943 [INFO] IPUIPlugin:80 - create IPUIPlugin
2025-07-29 12:34:04,943 [INFO] PluginManager:220 - loadIPPluginJar : add extmemmanager
2025-07-29 12:34:04,945 [INFO] IPUIPlugin:80 - create IPUIPlugin
2025-07-29 12:34:04,945 [INFO] PluginManager:220 - loadIPPluginJar : add fatfs
2025-07-29 12:34:04,950 [INFO] IPUIPlugin:80 - create IPUIPlugin
2025-07-29 12:34:04,951 [INFO] PluginManager:220 - loadIPPluginJar : add fmc
2025-07-29 12:34:04,958 [INFO] IPUIPlugin:80 - create IPUIPlugin
2025-07-29 12:34:04,959 [INFO] PluginManager:220 - loadIPPluginJar : add freertos
2025-07-29 12:34:04,960 [INFO] IPUIPlugin:80 - create IPUIPlugin
2025-07-29 12:34:04,961 [INFO] PluginManager:220 - loadIPPluginJar : add genericplugin
2025-07-29 12:34:04,963 [INFO] IPUIPlugin:80 - create IPUIPlugin
2025-07-29 12:34:04,964 [INFO] PluginManager:220 - loadIPPluginJar : add gfxmmu
2025-07-29 12:34:04,968 [INFO] IPUIPlugin:80 - create IPUIPlugin
2025-07-29 12:34:04,969 [INFO] PluginManager:220 - loadIPPluginJar : add gic
2025-07-29 12:34:04,973 [INFO] IPUIPlugin:80 - create IPUIPlugin
2025-07-29 12:34:04,973 [INFO] PluginManager:220 - loadIPPluginJar : add gpio
2025-07-29 12:34:04,977 [INFO] IPUIPlugin:80 - create IPUIPlugin
2025-07-29 12:34:04,977 [INFO] PluginManager:220 - loadIPPluginJar : add gtzc
2025-07-29 12:34:04,980 [INFO] IPUIPlugin:80 - create IPUIPlugin
2025-07-29 12:34:04,980 [INFO] PluginManager:220 - loadIPPluginJar : add hash
2025-07-29 12:34:04,983 [INFO] IPUIPlugin:80 - create IPUIPlugin
2025-07-29 12:34:04,984 [INFO] PluginManager:220 - loadIPPluginJar : add i2c
2025-07-29 12:34:04,986 [INFO] IPUIPlugin:80 - create IPUIPlugin
2025-07-29 12:34:04,986 [INFO] PluginManager:220 - loadIPPluginJar : add i2s
2025-07-29 12:34:04,990 [INFO] IPUIPlugin:80 - create IPUIPlugin
2025-07-29 12:34:04,990 [INFO] PluginManager:220 - loadIPPluginJar : add i3c
2025-07-29 12:34:04,994 [INFO] IPUIPlugin:80 - create IPUIPlugin
2025-07-29 12:34:04,994 [INFO] PluginManager:220 - loadIPPluginJar : add ipddr
2025-07-29 12:34:05,002 [INFO] IPUIPlugin:80 - create IPUIPlugin
2025-07-29 12:34:05,002 [INFO] PluginManager:220 - loadIPPluginJar : add linkedlist
2025-07-29 12:34:05,005 [INFO] IPUIPlugin:80 - create IPUIPlugin
2025-07-29 12:34:05,005 [INFO] PluginManager:220 - loadIPPluginJar : add lorawan
2025-07-29 12:34:05,008 [INFO] IPUIPlugin:80 - create IPUIPlugin
2025-07-29 12:34:05,008 [INFO] PluginManager:220 - loadIPPluginJar : add ltdc
2025-07-29 12:34:05,014 [INFO] IPUIPlugin:80 - create IPUIPlugin
2025-07-29 12:34:05,014 [INFO] PluginManager:220 - loadIPPluginJar : add mdma
2025-07-29 12:34:05,018 [INFO] IPUIPlugin:80 - create IPUIPlugin
2025-07-29 12:34:05,019 [INFO] PluginManager:220 - loadIPPluginJar : add nvic
2025-07-29 12:34:05,022 [INFO] IPUIPlugin:80 - create IPUIPlugin
2025-07-29 12:34:05,022 [INFO] PluginManager:220 - loadIPPluginJar : add opamp
2025-07-29 12:34:05,027 [INFO] IPUIPlugin:80 - create IPUIPlugin
2025-07-29 12:34:05,027 [INFO] PluginManager:220 - loadIPPluginJar : add openamp
2025-07-29 12:34:05,031 [INFO] IPUIPlugin:80 - create IPUIPlugin
2025-07-29 12:34:05,032 [INFO] PluginManager:220 - loadIPPluginJar : add pdm2pcm
2025-07-29 12:34:05,038 [INFO] IPUIPlugin:80 - create IPUIPlugin
2025-07-29 12:34:05,041 [INFO] PluginManager:220 - loadIPPluginJar : add plateformsettings
2025-07-29 12:34:05,043 [INFO] IPUIPlugin:80 - create IPUIPlugin
2025-07-29 12:34:05,043 [INFO] PluginManager:220 - loadIPPluginJar : add quadspi
2025-07-29 12:34:05,046 [INFO] IPUIPlugin:80 - create IPUIPlugin
2025-07-29 12:34:05,047 [INFO] PluginManager:220 - loadIPPluginJar : add radio
2025-07-29 12:34:05,051 [INFO] IPUIPlugin:80 - create IPUIPlugin
2025-07-29 12:34:05,051 [INFO] PluginManager:220 - loadIPPluginJar : add resmgrutility
2025-07-29 12:34:05,055 [INFO] IPUIPlugin:80 - create IPUIPlugin
2025-07-29 12:34:05,055 [INFO] PluginManager:220 - loadIPPluginJar : add sai
2025-07-29 12:34:05,058 [INFO] IPUIPlugin:80 - create IPUIPlugin
2025-07-29 12:34:05,058 [INFO] PluginManager:220 - loadIPPluginJar : add spi
2025-07-29 12:34:05,065 [INFO] IPUIPlugin:80 - create IPUIPlugin
2025-07-29 12:34:05,065 [INFO] PluginManager:220 - loadIPPluginJar : add stm32_wpan
2025-07-29 12:34:05,067 [INFO] IPUIPlugin:80 - create IPUIPlugin
2025-07-29 12:34:05,067 [INFO] PluginManager:220 - loadIPPluginJar : add tim
2025-07-29 12:34:05,070 [INFO] IPUIPlugin:80 - create IPUIPlugin
2025-07-29 12:34:05,070 [INFO] PluginManager:220 - loadIPPluginJar : add touchsensing
2025-07-29 12:34:05,073 [INFO] IPUIPlugin:80 - create IPUIPlugin
2025-07-29 12:34:05,074 [INFO] PluginManager:220 - loadIPPluginJar : add tracer_emb
2025-07-29 12:34:05,076 [INFO] IPUIPlugin:80 - create IPUIPlugin
2025-07-29 12:34:05,076 [INFO] PluginManager:220 - loadIPPluginJar : add ts
2025-07-29 12:34:05,079 [INFO] IPUIPlugin:80 - create IPUIPlugin
2025-07-29 12:34:05,079 [INFO] PluginManager:220 - loadIPPluginJar : add tsc
2025-07-29 12:34:05,081 [INFO] IPUIPlugin:80 - create IPUIPlugin
2025-07-29 12:34:05,081 [INFO] PluginManager:220 - loadIPPluginJar : add ucpd
2025-07-29 12:34:05,084 [INFO] IPUIPlugin:80 - create IPUIPlugin
2025-07-29 12:34:05,084 [INFO] PluginManager:220 - loadIPPluginJar : add usart
2025-07-29 12:34:05,087 [INFO] IPUIPlugin:80 - create IPUIPlugin
2025-07-29 12:34:05,087 [INFO] PluginManager:220 - loadIPPluginJar : add usbx
2025-07-29 12:34:05,209 [FATAL] Updater:351 - Updater called before beeing initialized
2025-07-29 12:34:05,233 [INFO] RulesReader:64 - Compatibility file has been processed (302 Rules)
2025-07-29 12:34:05,242 [INFO] RulesReader:64 - Compatibility file has been processed (302 Rules)
2025-07-29 12:34:05,252 [INFO] CADModel:165 - CPN selected for project level
2025-07-29 12:34:05,252 [INFO] CADModel:114 - Register for checkConnection events
2025-07-29 12:34:05,252 [FATAL] Updater:351 - Updater called before beeing initialized
2025-07-29 12:34:05,252 [ERROR] CADModel:125 - Updater not yet initialized, retry later 
2025-07-29 12:34:05,402 [FATAL] Updater:351 - Updater called before beeing initialized
2025-07-29 12:34:05,404 [INFO] CADModel:165 - CPN selected for project level
2025-07-29 12:34:05,404 [INFO] CADModel:114 - Register for checkConnection events
2025-07-29 12:34:05,404 [FATAL] Updater:351 - Updater called before beeing initialized
2025-07-29 12:34:05,404 [ERROR] CADModel:125 - Updater not yet initialized, retry later 
2025-07-29 12:34:05,408 [FATAL] Updater:351 - Updater called before beeing initialized
2025-07-29 12:34:05,513 [FATAL] Updater:351 - Updater called before beeing initialized
2025-07-29 12:34:05,517 [INFO] DbMcusAds:53 - JSON generation date=Tue Jul 08 13:44:23 IST 2025 (1751962463562)
2025-07-29 12:34:05,517 [FATAL] Updater:351 - Updater called before beeing initialized
2025-07-29 12:34:05,555 [WARN] DetailPanel:346 - Failed to get advertising image, set to default
2025-07-29 12:34:05,778 [FATAL] Updater:351 - Updater called before beeing initialized
2025-07-29 12:34:05,781 [FATAL] Updater:351 - Updater called before beeing initialized
2025-07-29 12:34:05,782 [FATAL] Updater:351 - Updater called before beeing initialized
2025-07-29 12:34:05,782 [WARN] DetailPanel:346 - Failed to get advertising image, set to default
2025-07-29 12:34:05,782 [FATAL] Updater:351 - Updater called before beeing initialized
2025-07-29 12:34:05,825 [ERROR] Updater:1198 - MainUpdater not yet initialized. External WinMGr cannot be set.
2025-07-29 12:34:05,827 [INFO] Updater:1134 - Updater Version found : 6.14.1
2025-07-29 12:34:05,848 [INFO] ApplicationProperties:184 - Using Application install path: C:\ST\STM32CubeIDE_1.18.1\STM32CubeIDE\plugins\com.st.stm32cube.common.mx_6.14.1.202504091515
2025-07-29 12:34:07,415 [ERROR] LogOutputStream:75 - [STDERR_REDIRECT] Jul 29, 2025 12:34:07 PM java.util.prefs.WindowsPreferences <init>
2025-07-29 12:34:07,417 [ERROR] LogOutputStream:75 - [STDERR_REDIRECT] WARNING: Could not open/create prefs root node Software\JavaSoft\Prefs at root 0xffffffff80000002. Windows RegCreateKeyEx(...) returned error code 5.
2025-07-29 12:34:07,417 [ERROR] LogOutputStream:75 - [STDERR_REDIRECT] 
2025-07-29 12:34:07,422 [INFO] ThirdPartyUpdaterWithRetryManager:70 - Updater plugin not ready yet. [2/15]
2025-07-29 12:34:07,672 [INFO] MainUpdater:2872 - connection check result : 10
2025-07-29 12:34:07,673 [INFO] MainUpdater:289 - Updater Check For Update Now.
2025-07-29 12:34:07,673 [INFO] MicroXplorer:498 - Change Database Version : DB.6.0.141
2025-07-29 12:34:07,679 [INFO] McuFinderGlobals:63 - Set McuFinder mode to 2 (CubeIDE integrated)
2025-07-29 12:34:07,681 [INFO] UserAuth:484 - Internet connection configuration mode: 1
2025-07-29 12:34:07,710 [INFO] JxBrowserEngine:152 - Initiate JxBrowser Engine with user profile folder
2025-07-29 12:34:07,864 [INFO] CheckServerUpdateThread:120 - End of CheckServer Thread
2025-07-29 12:34:09,299 [INFO] WebApp:169 - Instantiating new browser for Auth
2025-07-29 12:34:10,129 [INFO] WebApp:463 - Apply proxy settings
2025-07-29 12:34:10,129 [INFO] WebApp:548 - Chromium requires no authentication
2025-07-29 12:34:10,143 [INFO] WebApp:491 - Direct internet connection detected
2025-07-29 12:34:10,186 [INFO] WebApp:894 - Register for checkConnection events
2025-07-29 12:34:10,186 [INFO] WebApp:463 - Apply proxy settings
2025-07-29 12:34:10,186 [INFO] WebApp:548 - Chromium requires no authentication
2025-07-29 12:34:10,186 [INFO] WebApp:491 - Direct internet connection detected
2025-07-29 12:34:10,396 [INFO] WebApp:225 - Starting web application
2025-07-29 12:34:10,396 [INFO] WebApp:593 - Web application path used C:\ST\STM32CubeIDE_1.18.1\STM32CubeIDE\plugins\com.st.stm32cube.common.mx_6.14.1.202504091515\db\plugins\mcufinder\reactClient1\index.html
2025-07-29 12:34:10,431 [INFO] WebApp:191 - Connection restablished
2025-07-29 12:34:10,655 [INFO] UserAuth:484 - Internet connection configuration mode: 1
2025-07-29 12:34:10,752 [WARN] PackLoader:240 - Cannot read IP mode file for STMicroelectronics.FP-SNS-MOTENVWB1.1.4.0
2025-07-29 12:34:10,775 [WARN] PackLoader:240 - Cannot read IP mode file for STMicroelectronics.X-CUBE-SMBUS.2.1.0
2025-07-29 12:34:10,791 [WARN] PackLoader:240 - Cannot read IP mode file for STMicroelectronics.X-CUBE-ST60.1.0.0
2025-07-29 12:34:10,833 [WARN] PackLoader:240 - Cannot read IP mode file for STMicroelectronics.X-CUBE-AZRTOS-F7.1.1.0
2025-07-29 12:34:10,890 [WARN] PackLoader:240 - Cannot read IP mode file for Infineon.AIROC-Wi-Fi-Bluetooth-STM32.1.7.0
2025-07-29 12:34:10,936 [WARN] PackLoader:240 - Cannot read IP mode file for STMicroelectronics.X-CUBE-AZRTOS-H7.3.4.0
2025-07-29 12:34:10,952 [WARN] PackLoader:240 - Cannot read IP mode file for STMicroelectronics.X-CUBE-DISPLAY.3.0.0
2025-07-29 12:34:10,998 [WARN] PackLoader:240 - Cannot read IP mode file for STMicroelectronics.X-CUBE-NFC10.1.0.0
2025-07-29 12:34:11,022 [WARN] PackLoader:240 - Cannot read IP mode file for STMicroelectronics.X-CUBE-BLEMGR.4.0.0
2025-07-29 12:34:11,033 [WARN] PackLoader:240 - Cannot read IP mode file for emotas.I-CUBE-CANOPEN.1.3.0
2025-07-29 12:34:11,043 [WARN] ConditionMgr:438 - getConditionDescription Invalid condition id : Cortex-A Device cause : null
2025-07-29 12:34:11,072 [WARN] ConditionMgr:1044 - genDependencies : Invalid condition id : Cortex-A Device cause : null
2025-07-29 12:34:11,072 [WARN] ConditionMgr:1044 - genDependencies : Invalid condition id : Cortex-A Device cause : null
2025-07-29 12:34:11,072 [WARN] ConditionMgr:1044 - genDependencies : Invalid condition id : Cortex-A Device cause : null
2025-07-29 12:34:11,081 [WARN] PackLoader:240 - Cannot read IP mode file for STMicroelectronics.X-CUBE-AI.10.0.0
2025-07-29 12:34:11,088 [WARN] PackLoader:240 - Cannot read IP mode file for STMicroelectronics.FP-SNS-SMARTAG2.1.2.0
2025-07-29 12:34:11,102 [INFO] LogOutputStream:77 - [STDOUT_REDIRECT] 1 : Invalid condition id : UX_CORESTACK_Condition cause : null
2025-07-29 12:34:11,103 [INFO] LogOutputStream:77 - [STDOUT_REDIRECT] 1 : Invalid condition id : UX_CORESTACK_Condition cause : null
2025-07-29 12:34:11,105 [INFO] LogOutputStream:77 - [STDOUT_REDIRECT] 1 : Invalid condition id : UX_CORESTACK_Condition cause : null
2025-07-29 12:34:11,106 [INFO] LogOutputStream:77 - [STDOUT_REDIRECT] 1 : Invalid condition id : UX_CORESTACK_Condition cause : null
2025-07-29 12:34:11,108 [INFO] LogOutputStream:77 - [STDOUT_REDIRECT] 1 : Invalid condition id : UX_CORESTACK_Condition cause : null
2025-07-29 12:34:11,113 [WARN] PackLoader:240 - Cannot read IP mode file for STMicroelectronics.X-CUBE-AZRTOS-WL.2.0.0
2025-07-29 12:34:11,120 [WARN] PackLoader:240 - Cannot read IP mode file for STMicroelectronics.FP-SNS-MOTENV1.5.0.0
2025-07-29 12:34:11,145 [WARN] PackLoader:240 - Cannot read IP mode file for WES.I-CUBE-Cesium.1.3.0
2025-07-29 12:34:11,153 [WARN] PackLoader:240 - Cannot read IP mode file for STMicroelectronics.X-CUBE-BLE2.3.3.0
2025-07-29 12:34:11,162 [WARN] PackLoader:240 - Cannot read IP mode file for STMicroelectronics.X-CUBE-NFC9.1.0.0
2025-07-29 12:34:11,170 [WARN] PackLoader:240 - Cannot read IP mode file for wolfSSL.I-CUBE-wolfSSL.5.8.0
2025-07-29 12:34:11,174 [WARN] PackLoader:240 - Cannot read IP mode file for wolfSSL.I-CUBE-wolfMQTT.1.19.2
2025-07-29 12:34:11,179 [WARN] PackLoader:240 - Cannot read IP mode file for STMicroelectronics.X-CUBE-EEPRMA1.5.2.0
2025-07-29 12:34:11,184 [WARN] PackLoader:240 - Cannot read IP mode file for STMicroelectronics.X-CUBE-AI.10.1.0
2025-07-29 12:34:11,229 [WARN] PackLoader:240 - Cannot read IP mode file for STMicroelectronics.X-CUBE-MEMS1.11.2.0
2025-07-29 12:34:11,685 [WARN] PackLoader:240 - Cannot read IP mode file for STMicroelectronics.X-CUBE-AZRTOS-G0.1.1.0
2025-07-29 12:34:11,694 [WARN] PackLoader:240 - Cannot read IP mode file for STMicroelectronics.X-CUBE-SAFEA1.1.2.2
2025-07-29 12:34:11,701 [WARN] PackLoader:240 - Cannot read IP mode file for STMicroelectronics.X-CUBE-NFC4.3.0.0
2025-07-29 12:34:11,711 [WARN] PackLoader:240 - Cannot read IP mode file for EmbeddedOffice.I-CUBE-FS-RTOS.1.0.1
2025-07-29 12:34:11,718 [WARN] PackLoader:240 - Cannot read IP mode file for STMicroelectronics.X-CUBE-WB05N.2.0.0
2025-07-29 12:34:11,724 [WARN] PackLoader:240 - Cannot read IP mode file for wolfSSL.I-CUBE-wolfTPM.3.8.0
2025-07-29 12:34:11,731 [WARN] PackLoader:240 - Cannot read IP mode file for STMicroelectronics.X-CUBE-TCPP.4.2.0
2025-07-29 12:34:11,739 [WARN] PackLoader:240 - Cannot read IP mode file for RealThread.X-CUBE-RT-Thread_Nano.4.1.1
2025-07-29 12:34:11,744 [WARN] PackLoader:240 - Cannot read IP mode file for STMicroelectronics.FP-ATR-SIGFOX1.3.2.0
2025-07-29 12:34:11,749 [WARN] PackLoader:240 - Cannot read IP mode file for STMicroelectronics.X-CUBE-EEPRMA1.5.1.0
2025-07-29 12:34:11,756 [WARN] PackLoader:240 - Cannot read IP mode file for ITTIA_DB.I-CUBE-ITTIADB.8.9.0
2025-07-29 12:34:11,762 [WARN] PackLoader:240 - Cannot read IP mode file for STMicroelectronics.X-CUBE-ST67W61.1.0.0
2025-07-29 12:34:11,793 [WARN] PackLoader:240 - Cannot read IP mode file for SEGGER.I-CUBE-embOS.1.3.1
2025-07-29 12:34:11,839 [WARN] PackLoader:240 - Cannot read IP mode file for STMicroelectronics.X-CUBE-ALGOBUILD.1.4.0
2025-07-29 12:34:11,887 [WARN] PackLoader:240 - Cannot read IP mode file for STMicroelectronics.X-CUBE-MEMS1.11.3.0
2025-07-29 12:34:11,997 [WARN] PackLoader:240 - Cannot read IP mode file for STMicroelectronics.X-CUBE-PM33A1.1.0.0
2025-07-29 12:34:12,014 [WARN] PackLoader:240 - Cannot read IP mode file for STMicroelectronics.X-CUBE-AZRTOS-F4.1.1.0
2025-07-29 12:34:12,023 [WARN] PackLoader:240 - Cannot read IP mode file for STMicroelectronics.X-CUBE-ISPU.2.1.0
2025-07-29 12:34:12,031 [WARN] PackLoader:240 - Cannot read IP mode file for STMicroelectronics.X-CUBE-NFC12.1.0.0
2025-07-29 12:34:12,050 [WARN] PackLoader:240 - Cannot read IP mode file for STMicroelectronics.X-CUBE-AZRTOS-L5.2.0.0
2025-07-29 12:34:12,062 [WARN] PackLoader:240 - Cannot read IP mode file for STMicroelectronics.X-CUBE-NFC6.3.1.0
2025-07-29 12:34:12,070 [WARN] PackLoader:240 - Cannot read IP mode file for STMicroelectronics.FP-SNS-STAIOTCFT.1.0.0
2025-07-29 12:34:12,090 [WARN] ConditionMgr:438 - getConditionDescription Invalid condition id : LAN8742 Phy interface Condition cause : null
2025-07-29 12:34:12,091 [WARN] PackLoader:240 - Cannot read IP mode file for STMicroelectronics.X-CUBE-AZRTOS-L4.2.0.0
2025-07-29 12:34:12,092 [WARN] ConditionMgr:1044 - genDependencies : Invalid condition id : LAN8742 Phy interface Condition cause : null
2025-07-29 12:34:12,093 [WARN] ConditionMgr:1044 - genDependencies : Invalid condition id : LAN8742 Phy interface Condition cause : null
2025-07-29 12:34:12,093 [WARN] ConditionMgr:1044 - genDependencies : Invalid condition id : LAN8742 Phy interface Condition cause : null
2025-07-29 12:34:12,100 [WARN] PackLoader:240 - Cannot read IP mode file for STMicroelectronics.X-CUBE-SFXS2LP1.4.0.0
2025-07-29 12:34:12,125 [WARN] PackLoader:240 - Cannot read IP mode file for STMicroelectronics.X-CUBE-AZRTOS-H7.3.3.0
2025-07-29 12:34:12,161 [WARN] PackLoader:240 - Cannot read IP mode file for STMicroelectronics.X-CUBE-BLEMGR.4.1.0
2025-07-29 12:34:12,181 [WARN] ConditionMgr:438 - getConditionDescription Invalid condition id : UX DEVICE CLASS RTOS Condition cause : null
2025-07-29 12:34:12,182 [WARN] ConditionMgr:438 - getConditionDescription Invalid condition id : UX DEVICE CLASS RTOS Condition cause : null
2025-07-29 12:34:12,184 [WARN] PackLoader:240 - Cannot read IP mode file for STMicroelectronics.X-CUBE-AZRTOS-WB.2.0.0
2025-07-29 12:34:12,185 [WARN] ConditionMgr:1044 - genDependencies : Invalid condition id : UX DEVICE CLASS RTOS Condition cause : null
2025-07-29 12:34:12,185 [WARN] ConditionMgr:1044 - genDependencies : Invalid condition id : UX DEVICE CLASS RTOS Condition cause : null
2025-07-29 12:34:12,186 [WARN] ConditionMgr:1044 - genDependencies : Invalid condition id : UX DEVICE CLASS RTOS Condition cause : null
2025-07-29 12:34:12,186 [WARN] ConditionMgr:1044 - genDependencies : Invalid condition id : UX DEVICE CLASS RTOS Condition cause : null
2025-07-29 12:34:12,186 [WARN] ConditionMgr:1044 - genDependencies : Invalid condition id : UX DEVICE CLASS RTOS Condition cause : null
2025-07-29 12:34:12,193 [WARN] PackLoader:240 - Cannot read IP mode file for STMicroelectronics.X-CUBE-GNSS1.7.0.1
2025-07-29 12:34:12,201 [WARN] PackLoader:240 - Cannot read IP mode file for STMicroelectronics.FP-SNS-STBOX1.2.0.0
2025-07-29 12:34:12,215 [WARN] PackLoader:240 - Cannot read IP mode file for STMicroelectronics.X-CUBE-SUBG2.5.0.0
2025-07-29 12:34:12,240 [WARN] PackLoader:240 - Cannot read IP mode file for STMicroelectronics.X-CUBE-AZRTOS-H7RS.1.1.0
2025-07-29 12:34:12,247 [WARN] PackLoader:240 - Cannot read IP mode file for Cesanta.I-CUBE-Mongoose.7.13.0
2025-07-29 12:34:12,261 [WARN] PackLoader:240 - Cannot read IP mode file for STMicroelectronics.X-CUBE-AZRTOS-G4.2.0.0
2025-07-29 12:34:12,267 [WARN] PackLoader:240 - Cannot read IP mode file for wolfSSL.I-CUBE-wolfSSH.1.4.20
2025-07-29 12:34:12,280 [WARN] PackLoader:240 - Cannot read IP mode file for STMicroelectronics.X-CUBE-IPS.3.1.0
2025-07-29 12:34:12,290 [WARN] PackLoader:240 - Cannot read IP mode file for STMicroelectronics.X-CUBE-ALS.1.0.2
2025-07-29 12:34:12,301 [WARN] PackLoader:240 - Cannot read IP mode file for portGmbH.I-Cube-SoM-uGOAL.1.1.0
2025-07-29 12:34:12,303 [INFO] ThirdParty:978 - Integrity check success = true
2025-07-29 12:34:12,303 [INFO] IntegrityCheckThread:100 - exiting critical section [integrity check]
2025-07-29 12:34:12,303 [INFO] IntegrityCheckThread:103 - End integrity checks thread
2025-07-29 13:07:18,534 [INFO] WebApp:194 - Connection lost
2025-07-29 13:07:18,727 [INFO] WebApp:191 - Connection restablished
2025-07-29 13:07:20,926 [INFO] WebApp:194 - Connection lost
2025-07-29 13:07:21,093 [INFO] WebApp:191 - Connection restablished
2025-07-29 13:08:00,141 [INFO] WebApp:194 - Connection lost
2025-07-29 13:08:14,259 [INFO] WebApp:191 - Connection restablished
2025-07-29 14:53:29,040 [INFO] WebApp:194 - Connection lost
2025-07-29 14:53:31,745 [INFO] WebApp:191 - Connection restablished
2025-07-29 14:53:32,072 [INFO] WebApp:194 - Connection lost
2025-07-29 14:53:32,241 [INFO] WebApp:191 - Connection restablished
2025-07-29 14:53:35,156 [INFO] WebApp:194 - Connection lost
2025-07-29 14:53:35,342 [INFO] WebApp:191 - Connection restablished
2025-07-29 14:53:38,171 [INFO] WebApp:194 - Connection lost
2025-07-29 14:54:07,223 [INFO] WebApp:191 - Connection restablished
2025-07-29 16:50:16,704 [INFO] WebApp:194 - Connection lost
